18.6278 	INFO 	Loaded monitor calibration from ['2025_08_12 09:33']
18.6581 	WARNING 	User requested fullscreen with size [1024  768], but screen is actually [1920, 1200]. Using actual size
18.9327 	INFO 	Using renderer 'AMD Radeon(TM) Graphics' for graphics
18.9327 	INFO 	OpenGL version supported by driver is 4..
18.9865 	EXP 	Created window1 = Window(allowGUI=False, allowStencil=False, autoLog=True, backendConf=UNKNOWN, backgroundFit=<method-wrapper '__getattribute__' of attributeSetter object at 0x0000022DC5D06FE0>, backgroundImage=<method-wrapper '__getattribute__' of attributeSetter object at 0x0000022DC5D07040>, bitsMode=UNKNOWN, blendMode='avg', bpc=(8, 8, 8), color=array([0, 0, 0]), colorSpace='rgb', depthBits=8, fullscr=True, gamma=None, gammaErrorPolicy='raise', infoMsg=UNKNOWN, lms=UNKNOWN, monitor=<psychopy.monitors.calibTools.Monitor object at 0x0000022DC5DF7070>, multiSample=False, name='window1', numSamples=2, pos=[np.float64(0.0), np.float64(0.0)], screen=0, size=array([1920, 1200]), stencilBits=0, stereo=False, title='PsychoPy', units='height', useFBO=True, useRetina=False, viewOri=0.0, viewPos=None, viewScale=None, waitBlanking=True, winType='pyglet')
18.9867 	EXP 	window1: backgroundImage = ''
18.9867 	EXP 	window1: backgroundFit = 'none'
19.6567 	EXP 	window1: Attempting to measure frame rate of screen (0) ...
19.6567 	EXP 	window1: recordFrameIntervals = False
19.9199 	EXP 	window1: recordFrameIntervals = True
20.1038 	EXP 	Screen (0) actual frame rate measured at 60.02Hz
20.1038 	EXP 	window1: recordFrameIntervals = False
20.1890 	INFO 	keyboard.Keyboard is using ptb backend.
20.1892 	INFO 	keyboard.Keyboard is using ptb backend.
20.1893 	EXP 	untitled: status = STARTED
20.1934 	EXP 	Created fixation = ShapeStim(__class__=<class 'psychopy.visual.shape.ShapeStim'>, anchor=('center', 'center'), autoDraw=False, autoLog=True, closeShape=True, color=method-wrapper(...), colorSpace='rgb', contrast=None, depth=0.0, draggable=False, fillColor=array([1, 1, 1]), fillColorSpace='rgb', fillRGB=array([1, 1, 1]), interpolate=True, lineColor=array([1., 1., 1.]), lineColorSpace='rgb', lineRGB=array([1, 1, 1]), lineWidth=1.0, name='fixation', opacity=1, ori=0.0, pos=array([0., 0.]), size=array([0.05, 0.05]), units='height', vertices=ndarray(...), win=Window(...), windingRule=None)
20.2439 	EXP 	Created text = TextStim(__class__=<class 'psychopy.visual.text.TextStim'>, alignHoriz=method-wrapper(...), alignText='center', alignVert=method-wrapper(...), anchorHoriz='center', anchorVert='center', antialias=True, autoDraw=False, autoLog=True, bold=False, color=array([1., 1., 1.]), colorSpace='rgb', contrast=1.0, depth=-1.0, draggable=False, flipHoriz=False, flipVert=False, font='Arial', fontFiles=[], height=0.05, italic=False, languageStyle='LTR', name='text', opacity=1, ori=0.0, pos=array([0., 0.]), rgb=UNKNOWN, text='', units='height', win=Window(...), wrapWidth=1)
0.0117 	EXP 	Imported discounting.csv as conditions, 7 conditions, 3 params
0.0127 	EXP 	New trial (rep=0, index=0): <Trial 0 (0 in rep 0) data={'reward_today': np.int64(27), 'future_reward': np.int64(50), 'delay': np.int64(21), 'thisN': 0, 'thisTrialN': 0, 'thisRepN': 0}>
0.0973 	EXP 	text: height = np.float64(0.05)
0.0973 	EXP 	text: height = np.float64(0.05)
0.0973 	EXP 	text: height = np.float64(0.05)
0.0973 	EXP 	text: text = 'GBP 27 today or GBP 50 after 21 days'
0.0973 	EXP 	fixation: autoDraw = True
1.0134 	INFO 	Keyboard events cleared
1.0132 	EXP 	text: autoDraw = True
1.1115 	EXP 	fixation: autoDraw = False
3.0368 	EXP 	Device response: <KeyPress from None: t=3.021823899820447, value=l, duration=None>
3.0371 	EXP 	New trial (rep=0, index=1): <Trial 1 (1 in rep 0) data={'reward_today': np.int64(40), 'future_reward': np.int64(55), 'delay': np.int64(62), 'thisN': 1, 'thisTrialN': 1, 'thisRepN': 0}>
3.0462 	DATA 	Keypress: l
3.0503 	EXP 	fixation: autoDraw = False
3.0503 	EXP 	text: autoDraw = False
3.0503 	EXP 	text: height = np.float64(0.05)
3.0503 	EXP 	text: height = np.float64(0.05)
3.0503 	EXP 	text: height = np.float64(0.05)
3.0503 	EXP 	text: text = 'GBP 40 today or GBP 55 after 62 days'
3.0503 	EXP 	fixation: autoDraw = True
3.1970 	EXP 	Device response: <KeyPress from None: t=3.021823899820447, value=l, duration=0.16118490020744503>
4.0493 	INFO 	Keyboard events cleared
4.0491 	EXP 	text: autoDraw = True
4.0657 	EXP 	fixation: autoDraw = False
5.2522 	EXP 	Device response: <KeyPress from None: t=5.238313599955291, value=t, duration=None>
5.2525 	EXP 	New trial (rep=0, index=2): <Trial 2 (2 in rep 0) data={'reward_today': np.int64(78), 'future_reward': np.int64(80), 'delay': np.int64(162), 'thisN': 2, 'thisTrialN': 2, 'thisRepN': 0}>
5.2589 	DATA 	Keypress: t
5.2648 	EXP 	fixation: autoDraw = False
5.2648 	EXP 	text: autoDraw = False
5.2648 	EXP 	text: height = np.float64(0.05)
5.2648 	EXP 	text: height = np.float64(0.05)
5.2648 	EXP 	text: height = np.float64(0.05)
5.2648 	EXP 	text: text = 'GBP 78 today or GBP 80 after 162 days'
5.2648 	EXP 	fixation: autoDraw = True
5.4023 	EXP 	Device response: <KeyPress from None: t=5.238313599955291, value=t, duration=0.16260390006937087>
6.2522 	INFO 	Keyboard events cleared
6.2520 	EXP 	text: autoDraw = True
6.2668 	EXP 	fixation: autoDraw = False
6.8539 	EXP 	Device response: <KeyPress from None: t=6.842437200015411, value=t, duration=None>
6.8543 	EXP 	New trial (rep=0, index=3): <Trial 3 (3 in rep 0) data={'reward_today': np.int64(15), 'future_reward': np.int64(35), 'delay': np.int64(13), 'thisN': 3, 'thisTrialN': 3, 'thisRepN': 0}>
6.8610 	DATA 	Keypress: t
6.8666 	EXP 	fixation: autoDraw = False
6.8666 	EXP 	text: autoDraw = False
6.8666 	EXP 	text: height = np.float64(0.05)
6.8666 	EXP 	text: height = np.float64(0.05)
6.8666 	EXP 	text: height = np.float64(0.05)
6.8666 	EXP 	text: text = 'GBP 15 today or GBP 35 after 13 days'
6.8666 	EXP 	fixation: autoDraw = True
7.0364 	EXP 	Device response: <KeyPress from None: t=6.842437200015411, value=t, duration=0.1829071999527514>
7.8549 	INFO 	Keyboard events cleared
7.8547 	EXP 	text: autoDraw = True
7.8693 	EXP 	fixation: autoDraw = False
8.5880 	EXP 	Device response: <KeyPress from None: t=8.585864400025457, value=l, duration=None>
8.5884 	EXP 	New trial (rep=0, index=4): <Trial 4 (4 in rep 0) data={'reward_today': np.int64(67), 'future_reward': np.int64(75), 'delay': np.int64(119), 'thisN': 4, 'thisTrialN': 4, 'thisRepN': 0}>
8.5973 	DATA 	Keypress: l
8.6015 	EXP 	fixation: autoDraw = False
8.6015 	EXP 	text: autoDraw = False
8.6015 	EXP 	text: height = np.float64(0.05)
8.6015 	EXP 	text: height = np.float64(0.05)
8.6015 	EXP 	text: height = np.float64(0.05)
8.6015 	EXP 	text: text = 'GBP 67 today or GBP 75 after 119 days'
8.6015 	EXP 	fixation: autoDraw = True
8.7197 	EXP 	Device response: <KeyPress from None: t=8.585864400025457, value=l, duration=0.1257797998841852>
9.6037 	INFO 	Keyboard events cleared
9.6036 	EXP 	fixation: autoDraw = False
9.6036 	EXP 	text: autoDraw = True
10.1212 	EXP 	Device response: <KeyPress from None: t=10.106209499994293, value=t, duration=None>
10.1216 	EXP 	New trial (rep=0, index=5): <Trial 5 (5 in rep 0) data={'reward_today': np.int64(49), 'future_reward': np.int64(60), 'delay': np.int64(89), 'thisN': 5, 'thisTrialN': 5, 'thisRepN': 0}>
10.1273 	DATA 	Keypress: t
10.1385 	EXP 	fixation: autoDraw = False
10.1385 	EXP 	text: autoDraw = False
10.1385 	EXP 	text: height = np.float64(0.05)
10.1385 	EXP 	text: height = np.float64(0.05)
10.1385 	EXP 	text: height = np.float64(0.05)
10.1385 	EXP 	text: text = 'GBP 49 today or GBP 60 after 89 days'
10.1385 	EXP 	fixation: autoDraw = True
10.3208 	EXP 	Device response: <KeyPress from None: t=10.106209499994293, value=t, duration=0.20293889986351132>
11.1235 	INFO 	Keyboard events cleared
11.1233 	EXP 	text: autoDraw = True
11.1411 	EXP 	fixation: autoDraw = False
11.8896 	EXP 	Device response: <KeyPress from None: t=11.881399599835277, value=t, duration=None>
11.8899 	EXP 	New trial (rep=0, index=6): <Trial 6 (6 in rep 0) data={'reward_today': np.int64(11), 'future_reward': np.int64(30), 'delay': np.int64(7), 'thisN': 6, 'thisTrialN': 6, 'thisRepN': 0}>
11.8956 	DATA 	Keypress: t
11.9066 	EXP 	fixation: autoDraw = False
11.9066 	EXP 	text: autoDraw = False
11.9066 	EXP 	text: height = np.float64(0.05)
11.9066 	EXP 	text: height = np.float64(0.05)
11.9066 	EXP 	text: height = np.float64(0.05)
11.9066 	EXP 	text: text = 'GBP 11 today or GBP 30 after 7 days'
11.9066 	EXP 	fixation: autoDraw = True
12.0745 	EXP 	Device response: <KeyPress from None: t=11.881399599835277, value=t, duration=0.1910231001675129>
12.8919 	INFO 	Keyboard events cleared
12.8917 	EXP 	text: autoDraw = True
12.9085 	EXP 	fixation: autoDraw = False
13.6266 	EXP 	Device response: <KeyPress from None: t=13.6256076998543, value=l, duration=None>
13.6269 	EXP 	New trial (rep=1, index=0): <Trial 7 (0 in rep 1) data={'reward_today': np.int64(15), 'future_reward': np.int64(35), 'delay': np.int64(13), 'thisN': 7, 'thisTrialN': 0, 'thisRepN': 1}>
13.6310 	DATA 	Keypress: l
13.6432 	EXP 	fixation: autoDraw = False
13.6432 	EXP 	text: autoDraw = False
13.6432 	EXP 	text: height = np.float64(0.05)
13.6432 	EXP 	text: height = np.float64(0.05)
13.6432 	EXP 	text: height = np.float64(0.05)
13.6432 	EXP 	text: text = 'GBP 15 today or GBP 35 after 13 days'
13.6432 	EXP 	fixation: autoDraw = True
13.8274 	EXP 	Device response: <KeyPress from None: t=13.6256076998543, value=l, duration=0.1858457000926137>
14.6267 	INFO 	Keyboard events cleared
14.6265 	EXP 	text: autoDraw = True
14.6441 	EXP 	fixation: autoDraw = False
16.7964 	EXP 	Device response: <KeyPress from None: t=16.782887100009248, value=l, duration=None>
16.7968 	EXP 	New trial (rep=1, index=1): <Trial 8 (1 in rep 1) data={'reward_today': np.int64(78), 'future_reward': np.int64(80), 'delay': np.int64(162), 'thisN': 8, 'thisTrialN': 1, 'thisRepN': 1}>
16.8021 	DATA 	Keypress: l
16.8109 	EXP 	fixation: autoDraw = False
16.8109 	EXP 	text: autoDraw = False
16.8109 	EXP 	text: height = np.float64(0.05)
16.8109 	EXP 	text: height = np.float64(0.05)
16.8109 	EXP 	text: height = np.float64(0.05)
16.8109 	EXP 	text: text = 'GBP 78 today or GBP 80 after 162 days'
16.8109 	EXP 	fixation: autoDraw = True
16.9454 	EXP 	Device response: <KeyPress from None: t=16.782887100009248, value=l, duration=0.15353409992530942>
17.7968 	INFO 	Keyboard events cleared
17.7966 	EXP 	text: autoDraw = True
17.8146 	EXP 	fixation: autoDraw = False
18.4997 	EXP 	Device response: <KeyPress from None: t=18.494889199966565, value=t, duration=None>
18.5000 	EXP 	New trial (rep=1, index=2): <Trial 9 (2 in rep 1) data={'reward_today': np.int64(11), 'future_reward': np.int64(30), 'delay': np.int64(7), 'thisN': 9, 'thisTrialN': 2, 'thisRepN': 1}>
18.5046 	DATA 	Keypress: t
18.5131 	EXP 	fixation: autoDraw = False
18.5131 	EXP 	text: autoDraw = False
18.5131 	EXP 	text: height = np.float64(0.05)
18.5131 	EXP 	text: height = np.float64(0.05)
18.5131 	EXP 	text: height = np.float64(0.05)
18.5131 	EXP 	text: text = 'GBP 11 today or GBP 30 after 7 days'
18.5131 	EXP 	fixation: autoDraw = True
18.6495 	EXP 	Device response: <KeyPress from None: t=18.494889199966565, value=t, duration=0.14642889983952045>
19.5002 	INFO 	Keyboard events cleared
19.5000 	EXP 	text: autoDraw = True
19.5165 	EXP 	fixation: autoDraw = False
20.4320 	EXP 	Device response: <KeyPress from None: t=20.424330199835822, value=l, duration=None>
20.4322 	EXP 	New trial (rep=1, index=3): <Trial 10 (3 in rep 1) data={'reward_today': np.int64(49), 'future_reward': np.int64(60), 'delay': np.int64(89), 'thisN': 10, 'thisTrialN': 3, 'thisRepN': 1}>
20.4374 	DATA 	Keypress: l
20.4501 	EXP 	fixation: autoDraw = False
20.4501 	EXP 	text: autoDraw = False
20.4501 	EXP 	text: height = np.float64(0.05)
20.4501 	EXP 	text: height = np.float64(0.05)
20.4501 	EXP 	text: height = np.float64(0.05)
20.4501 	EXP 	text: text = 'GBP 49 today or GBP 60 after 89 days'
20.4501 	EXP 	fixation: autoDraw = True
20.5514 	EXP 	Device response: <KeyPress from None: t=20.424330199835822, value=l, duration=0.12274370016530156>
21.4356 	INFO 	Keyboard events cleared
21.4354 	EXP 	text: autoDraw = True
21.4524 	EXP 	fixation: autoDraw = False
22.1343 	EXP 	Device response: <KeyPress from None: t=22.118656999897212, value=t, duration=None>
22.1346 	EXP 	New trial (rep=1, index=4): <Trial 11 (4 in rep 1) data={'reward_today': np.int64(40), 'future_reward': np.int64(55), 'delay': np.int64(62), 'thisN': 11, 'thisTrialN': 4, 'thisRepN': 1}>
22.1386 	DATA 	Keypress: t
22.1519 	EXP 	fixation: autoDraw = False
22.1519 	EXP 	text: autoDraw = False
22.1519 	EXP 	text: height = np.float64(0.05)
22.1519 	EXP 	text: height = np.float64(0.05)
22.1519 	EXP 	text: height = np.float64(0.05)
22.1519 	EXP 	text: text = 'GBP 40 today or GBP 55 after 62 days'
22.1519 	EXP 	fixation: autoDraw = True
22.2677 	EXP 	Device response: <KeyPress from None: t=22.118656999897212, value=t, duration=0.14303790009580553>
23.1371 	INFO 	Keyboard events cleared
23.1369 	EXP 	text: autoDraw = True
23.1539 	EXP 	fixation: autoDraw = False
23.6035 	EXP 	Device response: <KeyPress from None: t=23.592754299985245, value=t, duration=None>
23.6038 	EXP 	New trial (rep=1, index=5): <Trial 12 (5 in rep 1) data={'reward_today': np.int64(67), 'future_reward': np.int64(75), 'delay': np.int64(119), 'thisN': 12, 'thisTrialN': 5, 'thisRepN': 1}>
23.6097 	DATA 	Keypress: t
23.6193 	EXP 	fixation: autoDraw = False
23.6193 	EXP 	text: autoDraw = False
23.6193 	EXP 	text: height = np.float64(0.05)
23.6193 	EXP 	text: height = np.float64(0.05)
23.6193 	EXP 	text: height = np.float64(0.05)
23.6193 	EXP 	text: text = 'GBP 67 today or GBP 75 after 119 days'
23.6193 	EXP 	fixation: autoDraw = True
23.7530 	EXP 	Device response: <KeyPress from None: t=23.592754299985245, value=t, duration=0.15637959982268512>
24.6049 	INFO 	Keyboard events cleared
24.6047 	EXP 	text: autoDraw = True
24.6229 	EXP 	fixation: autoDraw = False
25.6727 	EXP 	Device response: <KeyPress from None: t=25.659066600026563, value=t, duration=None>
25.6731 	EXP 	New trial (rep=1, index=6): <Trial 13 (6 in rep 1) data={'reward_today': np.int64(27), 'future_reward': np.int64(50), 'delay': np.int64(21), 'thisN': 13, 'thisTrialN': 6, 'thisRepN': 1}>
25.6776 	DATA 	Keypress: t
25.6891 	EXP 	fixation: autoDraw = False
25.6891 	EXP 	text: autoDraw = False
25.6891 	EXP 	text: height = np.float64(0.05)
25.6891 	EXP 	text: height = np.float64(0.05)
25.6891 	EXP 	text: height = np.float64(0.05)
25.6891 	EXP 	text: text = 'GBP 27 today or GBP 50 after 21 days'
25.6891 	EXP 	fixation: autoDraw = True
25.8730 	EXP 	Device response: <KeyPress from None: t=25.659066600026563, value=t, duration=0.19711019983515143>
26.6723 	INFO 	Keyboard events cleared
26.6722 	EXP 	text: autoDraw = True
26.6890 	EXP 	fixation: autoDraw = False
29.4601 	EXP 	Device response: <KeyPress from None: t=29.45056919986382, value=l, duration=None>
29.4605 	EXP 	New trial (rep=2, index=0): <Trial 14 (0 in rep 2) data={'reward_today': np.int64(67), 'future_reward': np.int64(75), 'delay': np.int64(119), 'thisN': 14, 'thisTrialN': 0, 'thisRepN': 2}>
29.4670 	DATA 	Keypress: l
29.4760 	EXP 	fixation: autoDraw = False
29.4760 	EXP 	text: autoDraw = False
29.4760 	EXP 	text: height = np.float64(0.05)
29.4760 	EXP 	text: height = np.float64(0.05)
29.4760 	EXP 	text: height = np.float64(0.05)
29.4760 	EXP 	text: text = 'GBP 67 today or GBP 75 after 119 days'
29.4760 	EXP 	fixation: autoDraw = True
29.6432 	EXP 	Device response: <KeyPress from None: t=29.45056919986382, value=l, duration=0.17719310009852052>
30.4618 	INFO 	Keyboard events cleared
30.4616 	EXP 	text: autoDraw = True
30.4788 	EXP 	fixation: autoDraw = False
30.9316 	EXP 	Device response: <KeyPress from None: t=30.92516989982687, value=t, duration=None>
30.9320 	EXP 	New trial (rep=2, index=1): <Trial 15 (1 in rep 2) data={'reward_today': np.int64(40), 'future_reward': np.int64(55), 'delay': np.int64(62), 'thisN': 15, 'thisTrialN': 1, 'thisRepN': 2}>
30.9366 	DATA 	Keypress: t
30.9439 	EXP 	fixation: autoDraw = False
30.9439 	EXP 	text: autoDraw = False
30.9439 	EXP 	text: height = np.float64(0.05)
30.9439 	EXP 	text: height = np.float64(0.05)
30.9439 	EXP 	text: height = np.float64(0.05)
30.9439 	EXP 	text: text = 'GBP 40 today or GBP 55 after 62 days'
30.9439 	EXP 	fixation: autoDraw = True
31.1608 	EXP 	Device response: <KeyPress from None: t=30.92516989982687, value=t, duration=0.22115450003184378>
31.9473 	INFO 	Keyboard events cleared
31.9472 	EXP 	fixation: autoDraw = False
31.9472 	EXP 	text: autoDraw = True
33.0983 	DATA 	Keypress: t
33.1142 	EXP 	Device response: <KeyPress from None: t=33.0970724998042, value=t, duration=None>
33.1145 	EXP 	New trial (rep=2, index=2): <Trial 16 (2 in rep 2) data={'reward_today': np.int64(78), 'future_reward': np.int64(80), 'delay': np.int64(162), 'thisN': 16, 'thisTrialN': 2, 'thisRepN': 2}>
33.1306 	EXP 	fixation: autoDraw = False
33.1306 	EXP 	text: autoDraw = False
33.1306 	EXP 	text: height = np.float64(0.05)
33.1306 	EXP 	text: height = np.float64(0.05)
33.1306 	EXP 	text: height = np.float64(0.05)
33.1306 	EXP 	text: text = 'GBP 78 today or GBP 80 after 162 days'
33.1306 	EXP 	fixation: autoDraw = True
33.2967 	EXP 	Device response: <KeyPress from None: t=33.0970724998042, value=t, duration=0.18975970009341836>
34.1149 	INFO 	Keyboard events cleared
34.1147 	EXP 	text: autoDraw = True
34.1319 	EXP 	fixation: autoDraw = False
34.7500 	EXP 	Device response: <KeyPress from None: t=34.74190659984015, value=t, duration=None>
34.7504 	EXP 	New trial (rep=2, index=3): <Trial 17 (3 in rep 2) data={'reward_today': np.int64(11), 'future_reward': np.int64(30), 'delay': np.int64(7), 'thisN': 17, 'thisTrialN': 3, 'thisRepN': 2}>
34.7546 	DATA 	Keypress: t
34.7660 	EXP 	fixation: autoDraw = False
34.7660 	EXP 	text: autoDraw = False
34.7660 	EXP 	text: height = np.float64(0.05)
34.7660 	EXP 	text: height = np.float64(0.05)
34.7660 	EXP 	text: height = np.float64(0.05)
34.7660 	EXP 	text: text = 'GBP 11 today or GBP 30 after 7 days'
34.7660 	EXP 	fixation: autoDraw = True
34.9346 	EXP 	Device response: <KeyPress from None: t=34.74190659984015, value=t, duration=0.19185449997894466>
35.7503 	INFO 	Keyboard events cleared
35.7501 	EXP 	text: autoDraw = True
35.7671 	EXP 	fixation: autoDraw = False
36.3503 	EXP 	Device response: <KeyPress from None: t=36.342619200004265, value=l, duration=None>
36.3509 	EXP 	New trial (rep=2, index=4): <Trial 18 (4 in rep 2) data={'reward_today': np.int64(27), 'future_reward': np.int64(50), 'delay': np.int64(21), 'thisN': 18, 'thisTrialN': 4, 'thisRepN': 2}>
36.3560 	DATA 	Keypress: l
36.3658 	EXP 	fixation: autoDraw = False
36.3658 	EXP 	text: autoDraw = False
36.3658 	EXP 	text: height = np.float64(0.05)
36.3658 	EXP 	text: height = np.float64(0.05)
36.3658 	EXP 	text: height = np.float64(0.05)
36.3658 	EXP 	text: text = 'GBP 27 today or GBP 50 after 21 days'
36.3658 	EXP 	fixation: autoDraw = True
36.5500 	EXP 	Device response: <KeyPress from None: t=36.342619200004265, value=l, duration=0.19430109998211265>
37.3520 	INFO 	Keyboard events cleared
37.3518 	EXP 	text: autoDraw = True
37.3696 	EXP 	fixation: autoDraw = False
38.1536 	EXP 	Device response: <KeyPress from None: t=38.13895389996469, value=l, duration=None>
38.1539 	EXP 	New trial (rep=2, index=5): <Trial 19 (5 in rep 2) data={'reward_today': np.int64(15), 'future_reward': np.int64(35), 'delay': np.int64(13), 'thisN': 19, 'thisTrialN': 5, 'thisRepN': 2}>
38.1582 	DATA 	Keypress: l
38.1703 	EXP 	fixation: autoDraw = False
38.1703 	EXP 	text: autoDraw = False
38.1703 	EXP 	text: height = np.float64(0.05)
38.1703 	EXP 	text: height = np.float64(0.05)
38.1703 	EXP 	text: height = np.float64(0.05)
38.1703 	EXP 	text: text = 'GBP 15 today or GBP 35 after 13 days'
38.1703 	EXP 	fixation: autoDraw = True
38.2855 	EXP 	Device response: <KeyPress from None: t=38.13895389996469, value=l, duration=0.1432232998777181>
39.1536 	INFO 	Keyboard events cleared
39.1535 	EXP 	text: autoDraw = True
39.1702 	EXP 	fixation: autoDraw = False
39.5740 	DATA 	Keypress: l
39.5862 	EXP 	Device response: <KeyPress from None: t=39.573353399988264, value=l, duration=None>
39.5865 	EXP 	New trial (rep=2, index=6): <Trial 20 (6 in rep 2) data={'reward_today': np.int64(49), 'future_reward': np.int64(60), 'delay': np.int64(89), 'thisN': 20, 'thisTrialN': 6, 'thisRepN': 2}>
39.6029 	EXP 	fixation: autoDraw = False
39.6029 	EXP 	text: autoDraw = False
39.6029 	EXP 	text: height = np.float64(0.05)
39.6029 	EXP 	text: height = np.float64(0.05)
39.6029 	EXP 	text: height = np.float64(0.05)
39.6029 	EXP 	text: text = 'GBP 49 today or GBP 60 after 89 days'
39.6029 	EXP 	fixation: autoDraw = True
39.7707 	EXP 	Device response: <KeyPress from None: t=39.573353399988264, value=l, duration=0.1813169999513775>
40.5899 	INFO 	Keyboard events cleared
40.5897 	EXP 	text: autoDraw = True
40.6042 	EXP 	fixation: autoDraw = False
41.1397 	EXP 	Device response: <KeyPress from None: t=41.126516399905086, value=t, duration=None>
41.1401 	EXP 	New trial (rep=3, index=0): <Trial 21 (0 in rep 3) data={'reward_today': np.int64(11), 'future_reward': np.int64(30), 'delay': np.int64(7), 'thisN': 21, 'thisTrialN': 0, 'thisRepN': 3}>
41.1453 	DATA 	Keypress: t
41.1557 	EXP 	fixation: autoDraw = False
41.1557 	EXP 	text: autoDraw = False
41.1557 	EXP 	text: height = np.float64(0.05)
41.1557 	EXP 	text: height = np.float64(0.05)
41.1557 	EXP 	text: height = np.float64(0.05)
41.1557 	EXP 	text: text = 'GBP 11 today or GBP 30 after 7 days'
41.1557 	EXP 	fixation: autoDraw = True
41.2721 	EXP 	Device response: <KeyPress from None: t=41.126516399905086, value=t, duration=0.14050809992477298>
42.1402 	INFO 	Keyboard events cleared
42.1401 	EXP 	text: autoDraw = True
42.1570 	EXP 	fixation: autoDraw = False
42.7253 	EXP 	Device response: <KeyPress from None: t=42.717952999984846, value=l, duration=None>
42.7256 	EXP 	New trial (rep=3, index=1): <Trial 22 (1 in rep 3) data={'reward_today': np.int64(67), 'future_reward': np.int64(75), 'delay': np.int64(119), 'thisN': 22, 'thisTrialN': 1, 'thisRepN': 3}>
42.7320 	DATA 	Keypress: l
42.7412 	EXP 	fixation: autoDraw = False
42.7412 	EXP 	text: autoDraw = False
42.7412 	EXP 	text: height = np.float64(0.05)
42.7412 	EXP 	text: height = np.float64(0.05)
42.7412 	EXP 	text: height = np.float64(0.05)
42.7412 	EXP 	text: text = 'GBP 67 today or GBP 75 after 119 days'
42.7412 	EXP 	fixation: autoDraw = True
42.8570 	EXP 	Device response: <KeyPress from None: t=42.717952999984846, value=l, duration=0.13691939995624125>
43.7240 	INFO 	Keyboard events cleared
43.7240 	EXP 	text: autoDraw = True
43.7434 	EXP 	fixation: autoDraw = False
44.2584 	EXP 	Device response: <KeyPress from None: t=44.246590700000525, value=t, duration=None>
44.2588 	EXP 	New trial (rep=3, index=2): <Trial 23 (2 in rep 3) data={'reward_today': np.int64(15), 'future_reward': np.int64(35), 'delay': np.int64(13), 'thisN': 23, 'thisTrialN': 2, 'thisRepN': 3}>
44.2649 	DATA 	Keypress: t
44.2744 	EXP 	fixation: autoDraw = False
44.2744 	EXP 	text: autoDraw = False
44.2744 	EXP 	text: height = np.float64(0.05)
44.2744 	EXP 	text: height = np.float64(0.05)
44.2744 	EXP 	text: height = np.float64(0.05)
44.2744 	EXP 	text: text = 'GBP 15 today or GBP 35 after 13 days'
44.2744 	EXP 	fixation: autoDraw = True
44.4084 	EXP 	Device response: <KeyPress from None: t=44.246590700000525, value=t, duration=0.15977519983425736>
45.2607 	INFO 	Keyboard events cleared
45.2605 	EXP 	text: autoDraw = True
45.2775 	EXP 	fixation: autoDraw = False
45.8108 	EXP 	Device response: <KeyPress from None: t=45.7994003999047, value=t, duration=None>
45.8111 	EXP 	New trial (rep=3, index=3): <Trial 24 (3 in rep 3) data={'reward_today': np.int64(78), 'future_reward': np.int64(80), 'delay': np.int64(162), 'thisN': 24, 'thisTrialN': 3, 'thisRepN': 3}>
45.8165 	DATA 	Keypress: t
45.8281 	EXP 	fixation: autoDraw = False
45.8281 	EXP 	text: autoDraw = False
45.8281 	EXP 	text: height = np.float64(0.05)
45.8281 	EXP 	text: height = np.float64(0.05)
45.8281 	EXP 	text: height = np.float64(0.05)
45.8281 	EXP 	text: text = 'GBP 78 today or GBP 80 after 162 days'
45.8281 	EXP 	fixation: autoDraw = True
46.0781 	EXP 	Device response: <KeyPress from None: t=45.7994003999047, value=t, duration=0.2649980999995023>
46.8135 	INFO 	Keyboard events cleared
46.8134 	EXP 	text: autoDraw = True
46.8289 	EXP 	fixation: autoDraw = False
47.5950 	EXP 	Device response: <KeyPress from None: t=47.584705099929124, value=t, duration=None>
47.5953 	EXP 	New trial (rep=3, index=4): <Trial 25 (4 in rep 3) data={'reward_today': np.int64(27), 'future_reward': np.int64(50), 'delay': np.int64(21), 'thisN': 25, 'thisTrialN': 4, 'thisRepN': 3}>
47.5996 	DATA 	Keypress: t
47.6126 	EXP 	fixation: autoDraw = False
47.6126 	EXP 	text: autoDraw = False
47.6126 	EXP 	text: height = np.float64(0.05)
47.6126 	EXP 	text: height = np.float64(0.05)
47.6126 	EXP 	text: height = np.float64(0.05)
47.6126 	EXP 	text: text = 'GBP 27 today or GBP 50 after 21 days'
47.6126 	EXP 	fixation: autoDraw = True
47.7790 	EXP 	Device response: <KeyPress from None: t=47.584705099929124, value=t, duration=0.1898775000590831>
48.5984 	INFO 	Keyboard events cleared
48.5983 	EXP 	text: autoDraw = True
48.6160 	EXP 	fixation: autoDraw = False
49.2653 	EXP 	Device response: <KeyPress from None: t=49.25116979982704, value=l, duration=None>
49.2658 	EXP 	New trial (rep=3, index=5): <Trial 26 (5 in rep 3) data={'reward_today': np.int64(49), 'future_reward': np.int64(60), 'delay': np.int64(89), 'thisN': 26, 'thisTrialN': 5, 'thisRepN': 3}>
49.2711 	DATA 	Keypress: l
49.2823 	EXP 	fixation: autoDraw = False
49.2823 	EXP 	text: autoDraw = False
49.2823 	EXP 	text: height = np.float64(0.05)
49.2823 	EXP 	text: height = np.float64(0.05)
49.2823 	EXP 	text: height = np.float64(0.05)
49.2823 	EXP 	text: text = 'GBP 49 today or GBP 60 after 89 days'
49.2823 	EXP 	fixation: autoDraw = True
49.4320 	EXP 	Device response: <KeyPress from None: t=49.25116979982704, value=l, duration=0.1764301999937743>
50.2675 	INFO 	Keyboard events cleared
50.2673 	EXP 	text: autoDraw = True
50.2825 	EXP 	fixation: autoDraw = False
51.0185 	EXP 	Device response: <KeyPress from None: t=51.00571189983748, value=t, duration=None>
51.0189 	EXP 	New trial (rep=3, index=6): <Trial 27 (6 in rep 3) data={'reward_today': np.int64(40), 'future_reward': np.int64(55), 'delay': np.int64(62), 'thisN': 27, 'thisTrialN': 6, 'thisRepN': 3}>
51.0241 	DATA 	Keypress: t
51.0345 	EXP 	fixation: autoDraw = False
51.0345 	EXP 	text: autoDraw = False
51.0345 	EXP 	text: height = np.float64(0.05)
51.0345 	EXP 	text: height = np.float64(0.05)
51.0345 	EXP 	text: height = np.float64(0.05)
51.0345 	EXP 	text: text = 'GBP 40 today or GBP 55 after 62 days'
51.0345 	EXP 	fixation: autoDraw = True
51.1848 	EXP 	Device response: <KeyPress from None: t=51.00571189983748, value=t, duration=0.16323280008509755>
52.0347 	INFO 	Keyboard events cleared
52.0345 	EXP 	fixation: autoDraw = False
52.0345 	EXP 	text: autoDraw = True
53.2866 	EXP 	Device response: <KeyPress from None: t=53.28030400001444, value=t, duration=None>
53.2869 	EXP 	New trial (rep=4, index=0): <Trial 28 (0 in rep 4) data={'reward_today': np.int64(78), 'future_reward': np.int64(80), 'delay': np.int64(162), 'thisN': 28, 'thisTrialN': 0, 'thisRepN': 4}>
53.2913 	DATA 	Keypress: t
53.3026 	EXP 	fixation: autoDraw = False
53.3026 	EXP 	text: autoDraw = False
53.3026 	EXP 	text: height = np.float64(0.05)
53.3026 	EXP 	text: height = np.float64(0.05)
53.3026 	EXP 	text: height = np.float64(0.05)
53.3026 	EXP 	text: text = 'GBP 78 today or GBP 80 after 162 days'
53.3026 	EXP 	fixation: autoDraw = True
53.4867 	EXP 	Device response: <KeyPress from None: t=53.28030400001444, value=t, duration=0.19314959994517267>
54.2871 	INFO 	Keyboard events cleared
54.2870 	EXP 	text: autoDraw = True
54.3042 	EXP 	fixation: autoDraw = False
54.7365 	EXP 	Device response: <KeyPress from None: t=54.72541689989157, value=t, duration=None>
54.7368 	EXP 	New trial (rep=4, index=1): <Trial 29 (1 in rep 4) data={'reward_today': np.int64(15), 'future_reward': np.int64(35), 'delay': np.int64(13), 'thisN': 29, 'thisTrialN': 1, 'thisRepN': 4}>
54.7411 	DATA 	Keypress: t
54.7527 	EXP 	fixation: autoDraw = False
54.7527 	EXP 	text: autoDraw = False
54.7527 	EXP 	text: height = np.float64(0.05)
54.7527 	EXP 	text: height = np.float64(0.05)
54.7527 	EXP 	text: height = np.float64(0.05)
54.7527 	EXP 	text: text = 'GBP 15 today or GBP 35 after 13 days'
54.7527 	EXP 	fixation: autoDraw = True
54.9221 	EXP 	Device response: <KeyPress from None: t=54.72541689989157, value=t, duration=0.1819698999170214>
55.7410 	INFO 	Keyboard events cleared
55.7409 	EXP 	text: autoDraw = True
55.7553 	EXP 	fixation: autoDraw = False
56.2056 	EXP 	Device response: <KeyPress from None: t=56.19268739991821, value=l, duration=None>
56.2060 	EXP 	New trial (rep=4, index=2): <Trial 30 (2 in rep 4) data={'reward_today': np.int64(49), 'future_reward': np.int64(60), 'delay': np.int64(89), 'thisN': 30, 'thisTrialN': 2, 'thisRepN': 4}>
56.2114 	DATA 	Keypress: l
56.2227 	EXP 	fixation: autoDraw = False
56.2227 	EXP 	text: autoDraw = False
56.2227 	EXP 	text: height = np.float64(0.05)
56.2227 	EXP 	text: height = np.float64(0.05)
56.2227 	EXP 	text: height = np.float64(0.05)
56.2227 	EXP 	text: text = 'GBP 49 today or GBP 60 after 89 days'
56.2227 	EXP 	fixation: autoDraw = True
56.3564 	EXP 	Device response: <KeyPress from None: t=56.19268739991821, value=l, duration=0.15187619999051094>
57.2072 	INFO 	Keyboard events cleared
57.2070 	EXP 	text: autoDraw = True
57.2241 	EXP 	fixation: autoDraw = False
57.7755 	EXP 	Device response: <KeyPress from None: t=57.769687899854034, value=t, duration=None>
57.7759 	EXP 	New trial (rep=4, index=3): <Trial 31 (3 in rep 4) data={'reward_today': np.int64(11), 'future_reward': np.int64(30), 'delay': np.int64(7), 'thisN': 31, 'thisTrialN': 3, 'thisRepN': 4}>
57.7817 	DATA 	Keypress: t
57.7887 	EXP 	fixation: autoDraw = False
57.7887 	EXP 	text: autoDraw = False
57.7887 	EXP 	text: height = np.float64(0.05)
57.7887 	EXP 	text: height = np.float64(0.05)
57.7887 	EXP 	text: height = np.float64(0.05)
57.7887 	EXP 	text: text = 'GBP 11 today or GBP 30 after 7 days'
57.7887 	EXP 	fixation: autoDraw = True
57.9571 	EXP 	Device response: <KeyPress from None: t=57.769687899854034, value=t, duration=0.17575950012542307>
58.7753 	INFO 	Keyboard events cleared
58.7752 	EXP 	text: autoDraw = True
58.7908 	EXP 	fixation: autoDraw = False
59.2771 	EXP 	Device response: <KeyPress from None: t=59.270134299993515, value=l, duration=None>
59.2775 	EXP 	New trial (rep=4, index=4): <Trial 32 (4 in rep 4) data={'reward_today': np.int64(67), 'future_reward': np.int64(75), 'delay': np.int64(119), 'thisN': 32, 'thisTrialN': 4, 'thisRepN': 4}>
59.2825 	DATA 	Keypress: l
59.2907 	EXP 	fixation: autoDraw = False
59.2907 	EXP 	text: autoDraw = False
59.2907 	EXP 	text: height = np.float64(0.05)
59.2907 	EXP 	text: height = np.float64(0.05)
59.2907 	EXP 	text: height = np.float64(0.05)
59.2907 	EXP 	text: text = 'GBP 67 today or GBP 75 after 119 days'
59.2907 	EXP 	fixation: autoDraw = True
59.4434 	EXP 	Device response: <KeyPress from None: t=59.270134299993515, value=l, duration=0.15661159995943308>
60.2950 	INFO 	Keyboard events cleared
60.2948 	EXP 	fixation: autoDraw = False
60.2948 	EXP 	text: autoDraw = True
60.7784 	EXP 	Device response: <KeyPress from None: t=60.762795199872926, value=t, duration=None>
60.7788 	EXP 	New trial (rep=4, index=5): <Trial 33 (5 in rep 4) data={'reward_today': np.int64(40), 'future_reward': np.int64(55), 'delay': np.int64(62), 'thisN': 33, 'thisTrialN': 5, 'thisRepN': 4}>
60.7844 	DATA 	Keypress: t
60.7944 	EXP 	fixation: autoDraw = False
60.7944 	EXP 	text: autoDraw = False
60.7944 	EXP 	text: height = np.float64(0.05)
60.7944 	EXP 	text: height = np.float64(0.05)
60.7944 	EXP 	text: height = np.float64(0.05)
60.7944 	EXP 	text: text = 'GBP 40 today or GBP 55 after 62 days'
60.7944 	EXP 	fixation: autoDraw = True
60.9434 	EXP 	Device response: <KeyPress from None: t=60.762795199872926, value=t, duration=0.17936490010470152>
61.7783 	INFO 	Keyboard events cleared
61.7782 	EXP 	text: autoDraw = True
61.7939 	EXP 	fixation: autoDraw = False
62.5300 	EXP 	Device response: <KeyPress from None: t=62.52025259984657, value=t, duration=None>
62.5304 	EXP 	New trial (rep=4, index=6): <Trial 34 (6 in rep 4) data={'reward_today': np.int64(27), 'future_reward': np.int64(50), 'delay': np.int64(21), 'thisN': 34, 'thisTrialN': 6, 'thisRepN': 4}>
62.5362 	DATA 	Keypress: t
62.5452 	EXP 	fixation: autoDraw = False
62.5452 	EXP 	text: autoDraw = False
62.5452 	EXP 	text: height = np.float64(0.05)
62.5452 	EXP 	text: height = np.float64(0.05)
62.5452 	EXP 	text: height = np.float64(0.05)
62.5452 	EXP 	text: text = 'GBP 27 today or GBP 50 after 21 days'
62.5452 	EXP 	fixation: autoDraw = True
62.7622 	EXP 	Device response: <KeyPress from None: t=62.52025259984657, value=t, duration=0.22634080005809665>
63.5309 	INFO 	Keyboard events cleared
63.5308 	EXP 	text: autoDraw = True
63.5480 	EXP 	fixation: autoDraw = False
64.1816 	DATA 	Keypress: l
64.1968 	EXP 	Device response: <KeyPress from None: t=64.17983949999325, value=l, duration=None>
64.1972 	EXP 	New trial (rep=5, index=0): <Trial 35 (0 in rep 5) data={'reward_today': np.int64(40), 'future_reward': np.int64(55), 'delay': np.int64(62), 'thisN': 35, 'thisTrialN': 0, 'thisRepN': 5}>
64.2143 	EXP 	fixation: autoDraw = False
64.2143 	EXP 	text: autoDraw = False
64.2143 	EXP 	text: height = np.float64(0.05)
64.2143 	EXP 	text: height = np.float64(0.05)
64.2143 	EXP 	text: height = np.float64(0.05)
64.2143 	EXP 	text: text = 'GBP 40 today or GBP 55 after 62 days'
64.2143 	EXP 	fixation: autoDraw = True
64.3300 	EXP 	Device response: <KeyPress from None: t=64.17983949999325, value=l, duration=0.13869909988716245>
65.1994 	INFO 	Keyboard events cleared
65.1991 	EXP 	text: autoDraw = True
65.2172 	EXP 	fixation: autoDraw = False
65.8187 	EXP 	Device response: <KeyPress from None: t=65.8120510999579, value=t, duration=None>
65.8190 	EXP 	New trial (rep=5, index=1): <Trial 36 (1 in rep 5) data={'reward_today': np.int64(11), 'future_reward': np.int64(30), 'delay': np.int64(7), 'thisN': 36, 'thisTrialN': 1, 'thisRepN': 5}>
65.8253 	DATA 	Keypress: t
65.8311 	EXP 	fixation: autoDraw = False
65.8311 	EXP 	text: autoDraw = False
65.8311 	EXP 	text: height = np.float64(0.05)
65.8311 	EXP 	text: height = np.float64(0.05)
65.8311 	EXP 	text: height = np.float64(0.05)
65.8311 	EXP 	text: text = 'GBP 11 today or GBP 30 after 7 days'
65.8311 	EXP 	fixation: autoDraw = True
66.0002 	EXP 	Device response: <KeyPress from None: t=65.8120510999579, value=t, duration=0.18009459995664656>
66.8360 	INFO 	Keyboard events cleared
66.8358 	EXP 	fixation: autoDraw = False
66.8358 	EXP 	text: autoDraw = True
67.4357 	DATA 	Keypress: l
67.4526 	EXP 	Device response: <KeyPress from None: t=67.43508939980529, value=l, duration=None>
67.4529 	EXP 	New trial (rep=5, index=2): <Trial 37 (2 in rep 5) data={'reward_today': np.int64(67), 'future_reward': np.int64(75), 'delay': np.int64(119), 'thisN': 37, 'thisTrialN': 2, 'thisRepN': 5}>
67.4692 	EXP 	fixation: autoDraw = False
67.4692 	EXP 	text: autoDraw = False
67.4692 	EXP 	text: height = np.float64(0.05)
67.4692 	EXP 	text: height = np.float64(0.05)
67.4692 	EXP 	text: height = np.float64(0.05)
67.4692 	EXP 	text: text = 'GBP 67 today or GBP 75 after 119 days'
67.4692 	EXP 	fixation: autoDraw = True
67.6516 	EXP 	Device response: <KeyPress from None: t=67.43508939980529, value=l, duration=0.20847579999826849>
68.4518 	INFO 	Keyboard events cleared
68.4517 	EXP 	text: autoDraw = True
68.4697 	EXP 	fixation: autoDraw = False
68.8720 	DATA 	Keypress: t
68.8860 	EXP 	Device response: <KeyPress from None: t=68.8706949998159, value=t, duration=None>
68.8863 	EXP 	New trial (rep=5, index=3): <Trial 38 (3 in rep 5) data={'reward_today': np.int64(78), 'future_reward': np.int64(80), 'delay': np.int64(162), 'thisN': 38, 'thisTrialN': 3, 'thisRepN': 5}>
68.9019 	EXP 	fixation: autoDraw = False
68.9019 	EXP 	text: autoDraw = False
68.9019 	EXP 	text: height = np.float64(0.05)
68.9019 	EXP 	text: height = np.float64(0.05)
68.9019 	EXP 	text: height = np.float64(0.05)
68.9019 	EXP 	text: text = 'GBP 78 today or GBP 80 after 162 days'
68.9019 	EXP 	fixation: autoDraw = True
69.0715 	EXP 	Device response: <KeyPress from None: t=68.8706949998159, value=t, duration=0.18915410013869405>
69.8866 	INFO 	Keyboard events cleared
69.8864 	EXP 	text: autoDraw = True
69.9051 	EXP 	fixation: autoDraw = False
70.3036 	EXP 	Device response: <KeyPress from None: t=70.28953139996156, value=t, duration=None>
70.3038 	EXP 	New trial (rep=5, index=4): <Trial 39 (4 in rep 5) data={'reward_today': np.int64(15), 'future_reward': np.int64(35), 'delay': np.int64(13), 'thisN': 39, 'thisTrialN': 4, 'thisRepN': 5}>
70.3090 	DATA 	Keypress: t
70.3214 	EXP 	fixation: autoDraw = False
70.3214 	EXP 	text: autoDraw = False
70.3214 	EXP 	text: height = np.float64(0.05)
70.3214 	EXP 	text: height = np.float64(0.05)
70.3214 	EXP 	text: height = np.float64(0.05)
70.3214 	EXP 	text: text = 'GBP 15 today or GBP 35 after 13 days'
70.3214 	EXP 	fixation: autoDraw = True
70.4738 	EXP 	Device response: <KeyPress from None: t=70.28953139996156, value=t, duration=0.1834670000243932>
71.3073 	INFO 	Keyboard events cleared
71.3071 	EXP 	text: autoDraw = True
71.3227 	EXP 	fixation: autoDraw = False
72.0061 	EXP 	Device response: <KeyPress from None: t=71.99384329980239, value=l, duration=None>
72.0063 	EXP 	New trial (rep=5, index=5): <Trial 40 (5 in rep 5) data={'reward_today': np.int64(27), 'future_reward': np.int64(50), 'delay': np.int64(21), 'thisN': 40, 'thisTrialN': 5, 'thisRepN': 5}>
72.0108 	DATA 	Keypress: l
72.0236 	EXP 	fixation: autoDraw = False
72.0236 	EXP 	text: autoDraw = False
72.0236 	EXP 	text: height = np.float64(0.05)
72.0236 	EXP 	text: height = np.float64(0.05)
72.0236 	EXP 	text: height = np.float64(0.05)
72.0236 	EXP 	text: text = 'GBP 27 today or GBP 50 after 21 days'
72.0236 	EXP 	fixation: autoDraw = True
72.2581 	EXP 	Device response: <KeyPress from None: t=71.99384329980239, value=l, duration=0.25480870017781854>
73.0064 	INFO 	Keyboard events cleared
73.0063 	EXP 	text: autoDraw = True
73.0233 	EXP 	fixation: autoDraw = False
73.7256 	EXP 	Device response: <KeyPress from None: t=73.71018679998815, value=l, duration=None>
73.7259 	EXP 	New trial (rep=5, index=6): <Trial 41 (6 in rep 5) data={'reward_today': np.int64(49), 'future_reward': np.int64(60), 'delay': np.int64(89), 'thisN': 41, 'thisTrialN': 6, 'thisRepN': 5}>
73.7307 	DATA 	Keypress: l
73.7418 	EXP 	fixation: autoDraw = False
73.7418 	EXP 	text: autoDraw = False
73.7418 	EXP 	text: height = np.float64(0.05)
73.7418 	EXP 	text: height = np.float64(0.05)
73.7418 	EXP 	text: height = np.float64(0.05)
73.7418 	EXP 	text: text = 'GBP 49 today or GBP 60 after 89 days'
73.7418 	EXP 	fixation: autoDraw = True
73.9252 	EXP 	Device response: <KeyPress from None: t=73.71018679998815, value=l, duration=0.2048798999749124>
74.7271 	INFO 	Keyboard events cleared
74.7269 	EXP 	text: autoDraw = True
74.7447 	EXP 	fixation: autoDraw = False
75.4615 	EXP 	Device response: <KeyPress from None: t=75.45466509996913, value=t, duration=None>
75.4618 	EXP 	New trial (rep=6, index=0): <Trial 42 (0 in rep 6) data={'reward_today': np.int64(11), 'future_reward': np.int64(30), 'delay': np.int64(7), 'thisN': 42, 'thisTrialN': 0, 'thisRepN': 6}>
75.4669 	DATA 	Keypress: t
75.4772 	EXP 	fixation: autoDraw = False
75.4772 	EXP 	text: autoDraw = False
75.4772 	EXP 	text: height = np.float64(0.05)
75.4772 	EXP 	text: height = np.float64(0.05)
75.4772 	EXP 	text: height = np.float64(0.05)
75.4772 	EXP 	text: text = 'GBP 11 today or GBP 30 after 7 days'
75.4772 	EXP 	fixation: autoDraw = True
75.6089 	EXP 	Device response: <KeyPress from None: t=75.45466509996913, value=t, duration=0.14986720005981624>
76.4778 	INFO 	Keyboard events cleared
76.4777 	EXP 	fixation: autoDraw = False
76.4777 	EXP 	text: autoDraw = True
77.2625 	EXP 	Device response: <KeyPress from None: t=77.25909819989465, value=l, duration=None>
77.2629 	EXP 	New trial (rep=6, index=1): <Trial 43 (1 in rep 6) data={'reward_today': np.int64(15), 'future_reward': np.int64(35), 'delay': np.int64(13), 'thisN': 43, 'thisTrialN': 1, 'thisRepN': 6}>
77.2684 	DATA 	Keypress: l
77.2781 	EXP 	fixation: autoDraw = False
77.2781 	EXP 	text: autoDraw = False
77.2781 	EXP 	text: height = np.float64(0.05)
77.2781 	EXP 	text: height = np.float64(0.05)
77.2781 	EXP 	text: height = np.float64(0.05)
77.2781 	EXP 	text: text = 'GBP 15 today or GBP 35 after 13 days'
77.2781 	EXP 	fixation: autoDraw = True
77.4459 	EXP 	Device response: <KeyPress from None: t=77.25909819989465, value=l, duration=0.17814430012367666>
78.2636 	INFO 	Keyboard events cleared
78.2634 	EXP 	text: autoDraw = True
78.2793 	EXP 	fixation: autoDraw = False
78.9142 	EXP 	Device response: <KeyPress from None: t=78.89988099993207, value=l, duration=None>
78.9145 	EXP 	New trial (rep=6, index=2): <Trial 44 (2 in rep 6) data={'reward_today': np.int64(27), 'future_reward': np.int64(50), 'delay': np.int64(21), 'thisN': 44, 'thisTrialN': 2, 'thisRepN': 6}>
78.9200 	DATA 	Keypress: l
78.9310 	EXP 	fixation: autoDraw = False
78.9310 	EXP 	text: autoDraw = False
78.9310 	EXP 	text: height = np.float64(0.05)
78.9310 	EXP 	text: height = np.float64(0.05)
78.9310 	EXP 	text: height = np.float64(0.05)
78.9310 	EXP 	text: text = 'GBP 27 today or GBP 50 after 21 days'
78.9310 	EXP 	fixation: autoDraw = True
79.0978 	EXP 	Device response: <KeyPress from None: t=78.89988099993207, value=l, duration=0.19014810002408922>
79.9148 	INFO 	Keyboard events cleared
79.9146 	EXP 	text: autoDraw = True
79.9307 	EXP 	fixation: autoDraw = False
80.5666 	EXP 	Device response: <KeyPress from None: t=80.55736629990861, value=l, duration=None>
80.5671 	EXP 	New trial (rep=6, index=3): <Trial 45 (3 in rep 6) data={'reward_today': np.int64(78), 'future_reward': np.int64(80), 'delay': np.int64(162), 'thisN': 45, 'thisTrialN': 3, 'thisRepN': 6}>
80.5729 	DATA 	Keypress: l
80.5821 	EXP 	fixation: autoDraw = False
80.5821 	EXP 	text: autoDraw = False
80.5821 	EXP 	text: height = np.float64(0.05)
80.5821 	EXP 	text: height = np.float64(0.05)
80.5821 	EXP 	text: height = np.float64(0.05)
80.5821 	EXP 	text: text = 'GBP 78 today or GBP 80 after 162 days'
80.5821 	EXP 	fixation: autoDraw = True
80.7660 	EXP 	Device response: <KeyPress from None: t=80.55736629990861, value=l, duration=0.19667700002901256>
81.5672 	INFO 	Keyboard events cleared
81.5670 	EXP 	text: autoDraw = True
81.5843 	EXP 	fixation: autoDraw = False
82.1681 	EXP 	Device response: <KeyPress from None: t=82.16230029985309, value=t, duration=None>
82.1684 	EXP 	New trial (rep=6, index=4): <Trial 46 (4 in rep 6) data={'reward_today': np.int64(40), 'future_reward': np.int64(55), 'delay': np.int64(62), 'thisN': 46, 'thisTrialN': 4, 'thisRepN': 6}>
82.1731 	DATA 	Keypress: t
82.1838 	EXP 	fixation: autoDraw = False
82.1838 	EXP 	text: autoDraw = False
82.1838 	EXP 	text: height = np.float64(0.05)
82.1838 	EXP 	text: height = np.float64(0.05)
82.1838 	EXP 	text: height = np.float64(0.05)
82.1838 	EXP 	text: text = 'GBP 40 today or GBP 55 after 62 days'
82.1838 	EXP 	fixation: autoDraw = True
82.3500 	EXP 	Device response: <KeyPress from None: t=82.16230029985309, value=t, duration=0.17662429995834827>
83.1690 	INFO 	Keyboard events cleared
83.1688 	EXP 	text: autoDraw = True
83.1864 	EXP 	fixation: autoDraw = False
83.7687 	EXP 	Device response: <KeyPress from None: t=83.7635385999456, value=t, duration=None>
83.7691 	EXP 	New trial (rep=6, index=5): <Trial 47 (5 in rep 6) data={'reward_today': np.int64(67), 'future_reward': np.int64(75), 'delay': np.int64(119), 'thisN': 47, 'thisTrialN': 5, 'thisRepN': 6}>
83.7736 	DATA 	Keypress: t
83.7847 	EXP 	fixation: autoDraw = False
83.7847 	EXP 	text: autoDraw = False
83.7847 	EXP 	text: height = np.float64(0.05)
83.7847 	EXP 	text: height = np.float64(0.05)
83.7847 	EXP 	text: height = np.float64(0.05)
83.7847 	EXP 	text: text = 'GBP 67 today or GBP 75 after 119 days'
83.7847 	EXP 	fixation: autoDraw = True
83.9514 	EXP 	Device response: <KeyPress from None: t=83.7635385999456, value=t, duration=0.175741899991408>
84.7710 	INFO 	Keyboard events cleared
84.7707 	EXP 	text: autoDraw = True
84.7884 	EXP 	fixation: autoDraw = False
85.2367 	EXP 	Device response: <KeyPress from None: t=85.2337081998121, value=t, duration=None>
85.2371 	EXP 	New trial (rep=6, index=6): <Trial 48 (6 in rep 6) data={'reward_today': np.int64(49), 'future_reward': np.int64(60), 'delay': np.int64(89), 'thisN': 48, 'thisTrialN': 6, 'thisRepN': 6}>
85.2440 	DATA 	Keypress: t
85.2527 	EXP 	fixation: autoDraw = False
85.2527 	EXP 	text: autoDraw = False
85.2527 	EXP 	text: height = np.float64(0.05)
85.2527 	EXP 	text: height = np.float64(0.05)
85.2527 	EXP 	text: height = np.float64(0.05)
85.2527 	EXP 	text: text = 'GBP 49 today or GBP 60 after 89 days'
85.2527 	EXP 	fixation: autoDraw = True
85.4542 	EXP 	Device response: <KeyPress from None: t=85.2337081998121, value=t, duration=0.21813450008630753>
86.2401 	INFO 	Keyboard events cleared
86.2399 	EXP 	text: autoDraw = True
86.2568 	EXP 	fixation: autoDraw = False
87.2894 	EXP 	Device response: <KeyPress from None: t=87.28080479986966, value=t, duration=None>
87.2897 	EXP 	New trial (rep=7, index=0): <Trial 49 (0 in rep 7) data={'reward_today': np.int64(27), 'future_reward': np.int64(50), 'delay': np.int64(21), 'thisN': 49, 'thisTrialN': 0, 'thisRepN': 7}>
87.2961 	DATA 	Keypress: t
87.3057 	EXP 	fixation: autoDraw = False
87.3057 	EXP 	text: autoDraw = False
87.3057 	EXP 	text: height = np.float64(0.05)
87.3057 	EXP 	text: height = np.float64(0.05)
87.3057 	EXP 	text: height = np.float64(0.05)
87.3057 	EXP 	text: text = 'GBP 27 today or GBP 50 after 21 days'
87.3057 	EXP 	fixation: autoDraw = True
87.4225 	EXP 	Device response: <KeyPress from None: t=87.28080479986966, value=t, duration=0.1263532000593841>
88.2922 	INFO 	Keyboard events cleared
88.2920 	EXP 	text: autoDraw = True
88.3070 	EXP 	fixation: autoDraw = False
88.8578 	EXP 	Device response: <KeyPress from None: t=88.85612170002423, value=l, duration=None>
88.8581 	EXP 	New trial (rep=7, index=1): <Trial 50 (1 in rep 7) data={'reward_today': np.int64(11), 'future_reward': np.int64(30), 'delay': np.int64(7), 'thisN': 50, 'thisTrialN': 1, 'thisRepN': 7}>
88.8638 	DATA 	Keypress: l
88.8753 	EXP 	fixation: autoDraw = False
88.8753 	EXP 	text: autoDraw = False
88.8753 	EXP 	text: height = np.float64(0.05)
88.8753 	EXP 	text: height = np.float64(0.05)
88.8753 	EXP 	text: height = np.float64(0.05)
88.8753 	EXP 	text: text = 'GBP 11 today or GBP 30 after 7 days'
88.8753 	EXP 	fixation: autoDraw = True
89.0756 	EXP 	Device response: <KeyPress from None: t=88.85612170002423, value=l, duration=0.21662469999864697>
89.8604 	INFO 	Keyboard events cleared
89.8602 	EXP 	text: autoDraw = True
89.8770 	EXP 	fixation: autoDraw = False
90.3767 	EXP 	Device response: <KeyPress from None: t=90.37460609991103, value=l, duration=None>
90.3771 	EXP 	New trial (rep=7, index=2): <Trial 51 (2 in rep 7) data={'reward_today': np.int64(15), 'future_reward': np.int64(35), 'delay': np.int64(13), 'thisN': 51, 'thisTrialN': 2, 'thisRepN': 7}>
90.3816 	DATA 	Keypress: l
90.3928 	EXP 	fixation: autoDraw = False
90.3928 	EXP 	text: autoDraw = False
90.3928 	EXP 	text: height = np.float64(0.05)
90.3928 	EXP 	text: height = np.float64(0.05)
90.3928 	EXP 	text: height = np.float64(0.05)
90.3928 	EXP 	text: text = 'GBP 15 today or GBP 35 after 13 days'
90.3928 	EXP 	fixation: autoDraw = True
90.5598 	EXP 	Device response: <KeyPress from None: t=90.37460609991103, value=l, duration=0.18055119994096458>
91.3776 	INFO 	Keyboard events cleared
91.3775 	EXP 	text: autoDraw = True
91.3939 	EXP 	fixation: autoDraw = False
91.8449 	EXP 	Device response: <KeyPress from None: t=91.84401599992998, value=l, duration=None>
91.8452 	EXP 	New trial (rep=7, index=3): <Trial 52 (3 in rep 7) data={'reward_today': np.int64(40), 'future_reward': np.int64(55), 'delay': np.int64(62), 'thisN': 52, 'thisTrialN': 3, 'thisRepN': 7}>
91.8503 	DATA 	Keypress: l
91.8603 	EXP 	fixation: autoDraw = False
91.8603 	EXP 	text: autoDraw = False
91.8603 	EXP 	text: height = np.float64(0.05)
91.8603 	EXP 	text: height = np.float64(0.05)
91.8603 	EXP 	text: height = np.float64(0.05)
91.8603 	EXP 	text: text = 'GBP 40 today or GBP 55 after 62 days'
91.8603 	EXP 	fixation: autoDraw = True
92.0771 	EXP 	Device response: <KeyPress from None: t=91.84401599992998, value=l, duration=0.23030570009723306>
92.8458 	INFO 	Keyboard events cleared
92.8457 	EXP 	text: autoDraw = True
92.8635 	EXP 	fixation: autoDraw = False
93.4820 	DATA 	Keypress: t
93.4988 	EXP 	Device response: <KeyPress from None: t=93.48036019993015, value=t, duration=None>
93.4992 	EXP 	New trial (rep=7, index=4): <Trial 53 (4 in rep 7) data={'reward_today': np.int64(67), 'future_reward': np.int64(75), 'delay': np.int64(119), 'thisN': 53, 'thisTrialN': 4, 'thisRepN': 7}>
93.5114 	EXP 	fixation: autoDraw = False
93.5114 	EXP 	text: autoDraw = False
93.5114 	EXP 	text: height = np.float64(0.05)
93.5114 	EXP 	text: height = np.float64(0.05)
93.5114 	EXP 	text: height = np.float64(0.05)
93.5114 	EXP 	text: text = 'GBP 67 today or GBP 75 after 119 days'
93.5114 	EXP 	fixation: autoDraw = True
93.6962 	EXP 	Device response: <KeyPress from None: t=93.48036019993015, value=t, duration=0.20646369992755353>
94.5149 	INFO 	Keyboard events cleared
94.5148 	EXP 	fixation: autoDraw = False
94.5148 	EXP 	text: autoDraw = True
94.9663 	EXP 	Device response: <KeyPress from None: t=94.96059909998439, value=t, duration=None>
94.9667 	EXP 	New trial (rep=7, index=5): <Trial 54 (5 in rep 7) data={'reward_today': np.int64(78), 'future_reward': np.int64(80), 'delay': np.int64(162), 'thisN': 54, 'thisTrialN': 5, 'thisRepN': 7}>
94.9711 	DATA 	Keypress: t
94.9800 	EXP 	fixation: autoDraw = False
94.9800 	EXP 	text: autoDraw = False
94.9800 	EXP 	text: height = np.float64(0.05)
94.9800 	EXP 	text: height = np.float64(0.05)
94.9800 	EXP 	text: height = np.float64(0.05)
94.9800 	EXP 	text: text = 'GBP 78 today or GBP 80 after 162 days'
94.9800 	EXP 	fixation: autoDraw = True
95.1654 	EXP 	Device response: <KeyPress from None: t=94.96059909998439, value=t, duration=0.19088039989583194>
95.9824 	INFO 	Keyboard events cleared
95.9822 	EXP 	fixation: autoDraw = False
95.9822 	EXP 	text: autoDraw = True
96.3991 	EXP 	Device response: <KeyPress from None: t=96.39184479997493, value=t, duration=None>
96.3994 	EXP 	New trial (rep=7, index=6): <Trial 55 (6 in rep 7) data={'reward_today': np.int64(49), 'future_reward': np.int64(60), 'delay': np.int64(89), 'thisN': 55, 'thisTrialN': 6, 'thisRepN': 7}>
96.4042 	DATA 	Keypress: t
96.4156 	EXP 	fixation: autoDraw = False
96.4156 	EXP 	text: autoDraw = False
96.4156 	EXP 	text: height = np.float64(0.05)
96.4156 	EXP 	text: height = np.float64(0.05)
96.4156 	EXP 	text: height = np.float64(0.05)
96.4156 	EXP 	text: text = 'GBP 49 today or GBP 60 after 89 days'
96.4156 	EXP 	fixation: autoDraw = True
96.6000 	EXP 	Device response: <KeyPress from None: t=96.39184479997493, value=t, duration=0.19449969986453652>
97.4002 	INFO 	Keyboard events cleared
97.4001 	EXP 	text: autoDraw = True
97.4184 	EXP 	fixation: autoDraw = False
98.0342 	EXP 	Device response: <KeyPress from None: t=98.03100149985403, value=t, duration=None>
98.0345 	EXP 	New trial (rep=8, index=0): <Trial 56 (0 in rep 8) data={'reward_today': np.int64(49), 'future_reward': np.int64(60), 'delay': np.int64(89), 'thisN': 56, 'thisTrialN': 0, 'thisRepN': 8}>
98.0355 	DATA 	Keypress: t
98.0506 	EXP 	fixation: autoDraw = False
98.0506 	EXP 	text: autoDraw = False
98.0506 	EXP 	text: text = 'GBP 49 today or GBP 60 after 89 days'
98.0506 	EXP 	fixation: autoDraw = True
98.2513 	EXP 	Device response: <KeyPress from None: t=98.03100149985403, value=t, duration=0.21961100003682077>
99.0354 	INFO 	Keyboard events cleared
99.0352 	EXP 	text: autoDraw = True
99.0518 	EXP 	fixation: autoDraw = False
99.7885 	EXP 	Device response: <KeyPress from None: t=99.78358289995231, value=t, duration=None>
99.7888 	EXP 	New trial (rep=8, index=1): <Trial 57 (1 in rep 8) data={'reward_today': np.int64(27), 'future_reward': np.int64(50), 'delay': np.int64(21), 'thisN': 57, 'thisTrialN': 1, 'thisRepN': 8}>
99.7932 	DATA 	Keypress: t
99.8020 	EXP 	fixation: autoDraw = False
99.8020 	EXP 	text: autoDraw = False
99.8020 	EXP 	text: height = np.float64(0.05)
99.8020 	EXP 	text: height = np.float64(0.05)
99.8020 	EXP 	text: height = np.float64(0.05)
99.8020 	EXP 	text: text = 'GBP 27 today or GBP 50 after 21 days'
99.8020 	EXP 	fixation: autoDraw = True
99.9713 	EXP 	Device response: <KeyPress from None: t=99.78358289995231, value=t, duration=0.17219730000942945>
100.7875 	INFO 	Keyboard events cleared
100.7873 	EXP 	text: autoDraw = True
100.8051 	EXP 	fixation: autoDraw = False
101.5057 	EXP 	Device response: <KeyPress from None: t=101.49825419997796, value=l, duration=None>
101.5061 	EXP 	New trial (rep=8, index=2): <Trial 58 (2 in rep 8) data={'reward_today': np.int64(78), 'future_reward': np.int64(80), 'delay': np.int64(162), 'thisN': 58, 'thisTrialN': 2, 'thisRepN': 8}>
101.5108 	DATA 	Keypress: l
101.5213 	EXP 	fixation: autoDraw = False
101.5213 	EXP 	text: autoDraw = False
101.5213 	EXP 	text: height = np.float64(0.05)
101.5213 	EXP 	text: height = np.float64(0.05)
101.5213 	EXP 	text: height = np.float64(0.05)
101.5213 	EXP 	text: text = 'GBP 78 today or GBP 80 after 162 days'
101.5213 	EXP 	fixation: autoDraw = True
101.7565 	EXP 	Device response: <KeyPress from None: t=101.49825419997796, value=l, duration=0.2552896998822689>
102.5083 	INFO 	Keyboard events cleared
102.5081 	EXP 	text: autoDraw = True
102.5229 	EXP 	fixation: autoDraw = False
103.0730 	EXP 	Device response: <KeyPress from None: t=103.06349770002998, value=t, duration=None>
103.0732 	EXP 	New trial (rep=8, index=3): <Trial 59 (3 in rep 8) data={'reward_today': np.int64(40), 'future_reward': np.int64(55), 'delay': np.int64(62), 'thisN': 59, 'thisTrialN': 3, 'thisRepN': 8}>
103.0777 	DATA 	Keypress: t
103.0890 	EXP 	fixation: autoDraw = False
103.0890 	EXP 	text: autoDraw = False
103.0890 	EXP 	text: height = np.float64(0.05)
103.0890 	EXP 	text: height = np.float64(0.05)
103.0890 	EXP 	text: height = np.float64(0.05)
103.0890 	EXP 	text: text = 'GBP 40 today or GBP 55 after 62 days'
103.0890 	EXP 	fixation: autoDraw = True
103.2412 	EXP 	Device response: <KeyPress from None: t=103.06349770002998, value=t, duration=0.17543229996226728>
104.0753 	INFO 	Keyboard events cleared
104.0751 	EXP 	text: autoDraw = True
104.0930 	EXP 	fixation: autoDraw = False
104.6751 	EXP 	Device response: <KeyPress from None: t=104.66377919982187, value=t, duration=None>
104.6755 	EXP 	New trial (rep=8, index=4): <Trial 60 (4 in rep 8) data={'reward_today': np.int64(11), 'future_reward': np.int64(30), 'delay': np.int64(7), 'thisN': 60, 'thisTrialN': 4, 'thisRepN': 8}>
104.6807 	DATA 	Keypress: t
104.6923 	EXP 	fixation: autoDraw = False
104.6923 	EXP 	text: autoDraw = False
104.6923 	EXP 	text: height = np.float64(0.05)
104.6923 	EXP 	text: height = np.float64(0.05)
104.6923 	EXP 	text: height = np.float64(0.05)
104.6923 	EXP 	text: text = 'GBP 11 today or GBP 30 after 7 days'
104.6923 	EXP 	fixation: autoDraw = True
104.8418 	EXP 	Device response: <KeyPress from None: t=104.66377919982187, value=t, duration=0.16631380002945662>
105.6767 	INFO 	Keyboard events cleared
105.6765 	EXP 	text: autoDraw = True
105.6937 	EXP 	fixation: autoDraw = False
106.2958 	EXP 	Device response: <KeyPress from None: t=106.28816739981994, value=l, duration=None>
106.2964 	EXP 	New trial (rep=8, index=5): <Trial 61 (5 in rep 8) data={'reward_today': np.int64(15), 'future_reward': np.int64(35), 'delay': np.int64(13), 'thisN': 61, 'thisTrialN': 5, 'thisRepN': 8}>
106.3010 	DATA 	Keypress: l
106.3090 	EXP 	fixation: autoDraw = False
106.3090 	EXP 	text: autoDraw = False
106.3090 	EXP 	text: height = np.float64(0.05)
106.3090 	EXP 	text: height = np.float64(0.05)
106.3090 	EXP 	text: height = np.float64(0.05)
106.3090 	EXP 	text: text = 'GBP 15 today or GBP 35 after 13 days'
106.3090 	EXP 	fixation: autoDraw = True
106.4941 	EXP 	Device response: <KeyPress from None: t=106.28816739981994, value=l, duration=0.1970017000567168>
107.2972 	INFO 	Keyboard events cleared
107.2970 	EXP 	text: autoDraw = True
107.3105 	EXP 	fixation: autoDraw = False
107.8471 	EXP 	Device response: <KeyPress from None: t=107.83314249990508, value=l, duration=None>
107.8474 	EXP 	New trial (rep=8, index=6): <Trial 62 (6 in rep 8) data={'reward_today': np.int64(67), 'future_reward': np.int64(75), 'delay': np.int64(119), 'thisN': 62, 'thisTrialN': 6, 'thisRepN': 8}>
107.8523 	DATA 	Keypress: l
107.8622 	EXP 	fixation: autoDraw = False
107.8622 	EXP 	text: autoDraw = False
107.8622 	EXP 	text: height = np.float64(0.05)
107.8622 	EXP 	text: height = np.float64(0.05)
107.8622 	EXP 	text: height = np.float64(0.05)
107.8622 	EXP 	text: text = 'GBP 67 today or GBP 75 after 119 days'
107.8622 	EXP 	fixation: autoDraw = True
108.0790 	EXP 	Device response: <KeyPress from None: t=107.83314249990508, value=l, duration=0.22954529989510775>
108.8470 	INFO 	Keyboard events cleared
108.8468 	EXP 	text: autoDraw = True
108.8627 	EXP 	fixation: autoDraw = False
109.3657 	DATA 	Keypress: t
109.3808 	EXP 	Device response: <KeyPress from None: t=109.36524099996313, value=t, duration=None>
109.3812 	EXP 	New trial (rep=9, index=0): <Trial 63 (0 in rep 9) data={'reward_today': np.int64(40), 'future_reward': np.int64(55), 'delay': np.int64(62), 'thisN': 63, 'thisTrialN': 0, 'thisRepN': 9}>
109.3960 	EXP 	fixation: autoDraw = False
109.3960 	EXP 	text: autoDraw = False
109.3960 	EXP 	text: height = np.float64(0.05)
109.3960 	EXP 	text: height = np.float64(0.05)
109.3960 	EXP 	text: height = np.float64(0.05)
109.3960 	EXP 	text: text = 'GBP 40 today or GBP 55 after 62 days'
109.3960 	EXP 	fixation: autoDraw = True
109.5631 	EXP 	Device response: <KeyPress from None: t=109.36524099996313, value=t, duration=0.18398209987208247>
110.3819 	INFO 	Keyboard events cleared
110.3817 	EXP 	text: autoDraw = True
110.3978 	EXP 	fixation: autoDraw = False
111.0350 	EXP 	Device response: <KeyPress from None: t=111.02742840000428, value=t, duration=None>
111.0353 	EXP 	New trial (rep=9, index=1): <Trial 64 (1 in rep 9) data={'reward_today': np.int64(78), 'future_reward': np.int64(80), 'delay': np.int64(162), 'thisN': 64, 'thisTrialN': 1, 'thisRepN': 9}>
111.0396 	DATA 	Keypress: t
111.0495 	EXP 	fixation: autoDraw = False
111.0495 	EXP 	text: autoDraw = False
111.0495 	EXP 	text: height = np.float64(0.05)
111.0495 	EXP 	text: height = np.float64(0.05)
111.0495 	EXP 	text: height = np.float64(0.05)
111.0495 	EXP 	text: text = 'GBP 78 today or GBP 80 after 162 days'
111.0495 	EXP 	fixation: autoDraw = True
111.2170 	EXP 	Device response: <KeyPress from None: t=111.02742840000428, value=t, duration=0.18497930001467466>
112.0318 	INFO 	Keyboard events cleared
112.0317 	EXP 	text: autoDraw = True
112.0658 	EXP 	fixation: autoDraw = False
112.6024 	EXP 	Device response: <KeyPress from None: t=112.59015790000558, value=t, duration=None>
112.6027 	EXP 	New trial (rep=9, index=2): <Trial 65 (2 in rep 9) data={'reward_today': np.int64(27), 'future_reward': np.int64(50), 'delay': np.int64(21), 'thisN': 65, 'thisTrialN': 2, 'thisRepN': 9}>
112.6083 	DATA 	Keypress: t
112.6174 	EXP 	fixation: autoDraw = False
112.6174 	EXP 	text: autoDraw = False
112.6174 	EXP 	text: height = np.float64(0.05)
112.6174 	EXP 	text: height = np.float64(0.05)
112.6174 	EXP 	text: height = np.float64(0.05)
112.6174 	EXP 	text: text = 'GBP 27 today or GBP 50 after 21 days'
112.6174 	EXP 	fixation: autoDraw = True
112.7678 	EXP 	Device response: <KeyPress from None: t=112.59015790000558, value=t, duration=0.16697799996472895>
113.6030 	INFO 	Keyboard events cleared
113.6028 	EXP 	text: autoDraw = True
113.6200 	EXP 	fixation: autoDraw = False
114.0872 	EXP 	Device response: <KeyPress from None: t=114.07701329980046, value=l, duration=None>
114.0876 	EXP 	New trial (rep=9, index=3): <Trial 66 (3 in rep 9) data={'reward_today': np.int64(15), 'future_reward': np.int64(35), 'delay': np.int64(13), 'thisN': 66, 'thisTrialN': 3, 'thisRepN': 9}>
114.0938 	DATA 	Keypress: l
114.1010 	EXP 	fixation: autoDraw = False
114.1010 	EXP 	text: autoDraw = False
114.1010 	EXP 	text: height = np.float64(0.05)
114.1010 	EXP 	text: height = np.float64(0.05)
114.1010 	EXP 	text: height = np.float64(0.05)
114.1010 	EXP 	text: text = 'GBP 15 today or GBP 35 after 13 days'
114.1010 	EXP 	fixation: autoDraw = True
114.2869 	EXP 	Device response: <KeyPress from None: t=114.07701329980046, value=l, duration=0.19560270011425018>
115.0881 	INFO 	Keyboard events cleared
115.0879 	EXP 	text: autoDraw = True
115.1019 	EXP 	fixation: autoDraw = False
115.6714 	EXP 	Device response: <KeyPress from None: t=115.65780859999359, value=l, duration=None>
115.6718 	EXP 	New trial (rep=9, index=4): <Trial 67 (4 in rep 9) data={'reward_today': np.int64(67), 'future_reward': np.int64(75), 'delay': np.int64(119), 'thisN': 67, 'thisTrialN': 4, 'thisRepN': 9}>
115.6774 	DATA 	Keypress: l
115.6883 	EXP 	fixation: autoDraw = False
115.6883 	EXP 	text: autoDraw = False
115.6883 	EXP 	text: height = np.float64(0.05)
115.6883 	EXP 	text: height = np.float64(0.05)
115.6883 	EXP 	text: height = np.float64(0.05)
115.6883 	EXP 	text: text = 'GBP 67 today or GBP 75 after 119 days'
115.6883 	EXP 	fixation: autoDraw = True
115.8873 	EXP 	Device response: <KeyPress from None: t=115.65780859999359, value=l, duration=0.21583849983289838>
116.6717 	INFO 	Keyboard events cleared
116.6714 	EXP 	text: autoDraw = True
116.6876 	EXP 	fixation: autoDraw = False
117.2744 	EXP 	Device response: <KeyPress from None: t=117.25822869990952, value=t, duration=None>
117.2747 	EXP 	New trial (rep=9, index=5): <Trial 68 (5 in rep 9) data={'reward_today': np.int64(11), 'future_reward': np.int64(30), 'delay': np.int64(7), 'thisN': 68, 'thisTrialN': 5, 'thisRepN': 9}>
117.2792 	DATA 	Keypress: t
117.2891 	EXP 	fixation: autoDraw = False
117.2891 	EXP 	text: autoDraw = False
117.2891 	EXP 	text: height = np.float64(0.05)
117.2891 	EXP 	text: height = np.float64(0.05)
117.2891 	EXP 	text: height = np.float64(0.05)
117.2891 	EXP 	text: text = 'GBP 11 today or GBP 30 after 7 days'
117.2891 	EXP 	fixation: autoDraw = True
117.4402 	EXP 	Device response: <KeyPress from None: t=117.25822869990952, value=t, duration=0.16741429991088808>
118.2922 	INFO 	Keyboard events cleared
118.2921 	EXP 	fixation: autoDraw = False
118.2921 	EXP 	text: autoDraw = True
118.9766 	DATA 	Keypress: l
118.9913 	EXP 	Device response: <KeyPress from None: t=118.97546539991163, value=l, duration=None>
118.9916 	EXP 	New trial (rep=9, index=6): <Trial 69 (6 in rep 9) data={'reward_today': np.int64(49), 'future_reward': np.int64(60), 'delay': np.int64(89), 'thisN': 69, 'thisTrialN': 6, 'thisRepN': 9}>
119.0085 	EXP 	fixation: autoDraw = False
119.0085 	EXP 	text: autoDraw = False
119.0085 	EXP 	text: height = np.float64(0.05)
119.0085 	EXP 	text: height = np.float64(0.05)
119.0085 	EXP 	text: height = np.float64(0.05)
119.0085 	EXP 	text: text = 'GBP 49 today or GBP 60 after 89 days'
119.0085 	EXP 	fixation: autoDraw = True
119.1417 	EXP 	Device response: <KeyPress from None: t=118.97546539991163, value=l, duration=0.1651252000592649>
119.9934 	INFO 	Keyboard events cleared
119.9932 	EXP 	text: autoDraw = True
120.0102 	EXP 	fixation: autoDraw = False
120.9090 	EXP 	Device response: <KeyPress from None: t=120.89702169992961, value=t, duration=None>
120.9094 	EXP 	New trial (rep=10, index=0): <Trial 70 (0 in rep 10) data={'reward_today': np.int64(40), 'future_reward': np.int64(55), 'delay': np.int64(62), 'thisN': 70, 'thisTrialN': 0, 'thisRepN': 10}>
120.9139 	DATA 	Keypress: t
120.9258 	EXP 	fixation: autoDraw = False
120.9258 	EXP 	text: autoDraw = False
120.9258 	EXP 	text: height = np.float64(0.05)
120.9258 	EXP 	text: height = np.float64(0.05)
120.9258 	EXP 	text: height = np.float64(0.05)
120.9258 	EXP 	text: text = 'GBP 40 today or GBP 55 after 62 days'
120.9258 	EXP 	fixation: autoDraw = True
121.1282 	EXP 	Device response: <KeyPress from None: t=120.89702169992961, value=t, duration=0.22071880009025335>
121.9123 	INFO 	Keyboard events cleared
121.9122 	EXP 	text: autoDraw = True
121.9277 	EXP 	fixation: autoDraw = False
122.3620 	EXP 	Device response: <KeyPress from None: t=122.34639830002561, value=t, duration=None>
122.3623 	EXP 	New trial (rep=10, index=1): <Trial 71 (1 in rep 10) data={'reward_today': np.int64(67), 'future_reward': np.int64(75), 'delay': np.int64(119), 'thisN': 71, 'thisTrialN': 1, 'thisRepN': 10}>
122.3680 	DATA 	Keypress: t
122.3780 	EXP 	fixation: autoDraw = False
122.3780 	EXP 	text: autoDraw = False
122.3780 	EXP 	text: height = np.float64(0.05)
122.3780 	EXP 	text: height = np.float64(0.05)
122.3780 	EXP 	text: height = np.float64(0.05)
122.3780 	EXP 	text: text = 'GBP 67 today or GBP 75 after 119 days'
122.3780 	EXP 	fixation: autoDraw = True
122.5431 	EXP 	Device response: <KeyPress from None: t=122.34639830002561, value=t, duration=0.19320049998350441>
123.3620 	INFO 	Keyboard events cleared
123.3619 	EXP 	text: autoDraw = True
123.3792 	EXP 	fixation: autoDraw = False
123.9972 	EXP 	Device response: <KeyPress from None: t=123.99502759985626, value=t, duration=None>
123.9976 	EXP 	New trial (rep=10, index=2): <Trial 72 (2 in rep 10) data={'reward_today': np.int64(78), 'future_reward': np.int64(80), 'delay': np.int64(162), 'thisN': 72, 'thisTrialN': 2, 'thisRepN': 10}>
124.0016 	DATA 	Keypress: t
124.0138 	EXP 	fixation: autoDraw = False
124.0138 	EXP 	text: autoDraw = False
124.0138 	EXP 	text: height = np.float64(0.05)
124.0138 	EXP 	text: height = np.float64(0.05)
124.0138 	EXP 	text: height = np.float64(0.05)
124.0138 	EXP 	text: text = 'GBP 78 today or GBP 80 after 162 days'
124.0138 	EXP 	fixation: autoDraw = True
124.1804 	EXP 	Device response: <KeyPress from None: t=123.99502759985626, value=t, duration=0.17661880003288388>
124.9992 	INFO 	Keyboard events cleared
124.9990 	EXP 	text: autoDraw = True
125.0162 	EXP 	fixation: autoDraw = False
125.8317 	EXP 	Device response: <KeyPress from None: t=125.82981749996543, value=t, duration=None>
125.8321 	EXP 	New trial (rep=10, index=3): <Trial 73 (3 in rep 10) data={'reward_today': np.int64(15), 'future_reward': np.int64(35), 'delay': np.int64(13), 'thisN': 73, 'thisTrialN': 3, 'thisRepN': 10}>
125.8363 	DATA 	Keypress: t
125.8480 	EXP 	fixation: autoDraw = False
125.8480 	EXP 	text: autoDraw = False
125.8480 	EXP 	text: height = np.float64(0.05)
125.8480 	EXP 	text: height = np.float64(0.05)
125.8480 	EXP 	text: height = np.float64(0.05)
125.8480 	EXP 	text: text = 'GBP 15 today or GBP 35 after 13 days'
125.8480 	EXP 	fixation: autoDraw = True
126.0326 	EXP 	Device response: <KeyPress from None: t=125.82981749996543, value=t, duration=0.196019500028342>
126.8340 	INFO 	Keyboard events cleared
126.8338 	EXP 	text: autoDraw = True
126.8510 	EXP 	fixation: autoDraw = False
127.5164 	EXP 	Device response: <KeyPress from None: t=127.50306040002033, value=l, duration=None>
127.5168 	EXP 	New trial (rep=10, index=4): <Trial 74 (4 in rep 10) data={'reward_today': np.int64(27), 'future_reward': np.int64(50), 'delay': np.int64(21), 'thisN': 74, 'thisTrialN': 4, 'thisRepN': 10}>
127.5206 	DATA 	Keypress: l
127.5337 	EXP 	fixation: autoDraw = False
127.5337 	EXP 	text: autoDraw = False
127.5337 	EXP 	text: height = np.float64(0.05)
127.5337 	EXP 	text: height = np.float64(0.05)
127.5337 	EXP 	text: height = np.float64(0.05)
127.5337 	EXP 	text: text = 'GBP 27 today or GBP 50 after 21 days'
127.5337 	EXP 	fixation: autoDraw = True
127.7018 	EXP 	Device response: <KeyPress from None: t=127.50306040002033, value=l, duration=0.19264279981143773>
128.5171 	INFO 	Keyboard events cleared
128.5170 	EXP 	text: autoDraw = True
128.5355 	EXP 	fixation: autoDraw = False
129.1690 	EXP 	Device response: <KeyPress from None: t=129.1617822998669, value=l, duration=None>
129.1693 	EXP 	New trial (rep=10, index=5): <Trial 75 (5 in rep 10) data={'reward_today': np.int64(49), 'future_reward': np.int64(60), 'delay': np.int64(89), 'thisN': 75, 'thisTrialN': 5, 'thisRepN': 10}>
129.1740 	DATA 	Keypress: l
129.1842 	EXP 	fixation: autoDraw = False
129.1842 	EXP 	text: autoDraw = False
129.1842 	EXP 	text: height = np.float64(0.05)
129.1842 	EXP 	text: height = np.float64(0.05)
129.1842 	EXP 	text: height = np.float64(0.05)
129.1842 	EXP 	text: text = 'GBP 49 today or GBP 60 after 89 days'
129.1842 	EXP 	fixation: autoDraw = True
129.3851 	EXP 	Device response: <KeyPress from None: t=129.1617822998669, value=l, duration=0.22146259993314743>
130.1707 	INFO 	Keyboard events cleared
130.1705 	EXP 	text: autoDraw = True
130.1876 	EXP 	fixation: autoDraw = False
131.0221 	DATA 	Keypress: t
131.0371 	EXP 	Device response: <KeyPress from None: t=131.0208651998546, value=t, duration=None>
131.0374 	EXP 	New trial (rep=10, index=6): <Trial 76 (6 in rep 10) data={'reward_today': np.int64(11), 'future_reward': np.int64(30), 'delay': np.int64(7), 'thisN': 76, 'thisTrialN': 6, 'thisRepN': 10}>
131.0534 	EXP 	fixation: autoDraw = False
131.0534 	EXP 	text: autoDraw = False
131.0534 	EXP 	text: height = np.float64(0.05)
131.0534 	EXP 	text: height = np.float64(0.05)
131.0534 	EXP 	text: height = np.float64(0.05)
131.0534 	EXP 	text: text = 'GBP 11 today or GBP 30 after 7 days'
131.0534 	EXP 	fixation: autoDraw = True
131.2559 	EXP 	Device response: <KeyPress from None: t=131.0208651998546, value=t, duration=0.21778249996714294>
132.0396 	INFO 	Keyboard events cleared
132.0395 	EXP 	text: autoDraw = True
132.0574 	EXP 	fixation: autoDraw = False
132.6086 	DATA 	Keypress: l
132.6215 	EXP 	Device response: <KeyPress from None: t=132.60748679982498, value=l, duration=None>
132.6217 	EXP 	New trial (rep=11, index=0): <Trial 77 (0 in rep 11) data={'reward_today': np.int64(49), 'future_reward': np.int64(60), 'delay': np.int64(89), 'thisN': 77, 'thisTrialN': 0, 'thisRepN': 11}>
132.6387 	EXP 	fixation: autoDraw = False
132.6387 	EXP 	text: autoDraw = False
132.6387 	EXP 	text: height = np.float64(0.05)
132.6387 	EXP 	text: height = np.float64(0.05)
132.6387 	EXP 	text: height = np.float64(0.05)
132.6387 	EXP 	text: text = 'GBP 49 today or GBP 60 after 89 days'
132.6387 	EXP 	fixation: autoDraw = True
132.8233 	EXP 	Device response: <KeyPress from None: t=132.60748679982498, value=l, duration=0.20517840003594756>
133.6252 	INFO 	Keyboard events cleared
133.6250 	EXP 	text: autoDraw = True
133.6391 	EXP 	fixation: autoDraw = False
134.1579 	EXP 	Device response: <KeyPress from None: t=134.15073039988056, value=t, duration=None>
134.1583 	EXP 	New trial (rep=11, index=1): <Trial 78 (1 in rep 11) data={'reward_today': np.int64(15), 'future_reward': np.int64(35), 'delay': np.int64(13), 'thisN': 78, 'thisTrialN': 1, 'thisRepN': 11}>
134.1625 	DATA 	Keypress: t
134.1745 	EXP 	fixation: autoDraw = False
134.1745 	EXP 	text: autoDraw = False
134.1745 	EXP 	text: height = np.float64(0.05)
134.1745 	EXP 	text: height = np.float64(0.05)
134.1745 	EXP 	text: height = np.float64(0.05)
134.1745 	EXP 	text: text = 'GBP 15 today or GBP 35 after 13 days'
134.1745 	EXP 	fixation: autoDraw = True
134.3581 	EXP 	Device response: <KeyPress from None: t=134.15073039988056, value=t, duration=0.204983799951151>
135.1597 	INFO 	Keyboard events cleared
135.1595 	EXP 	text: autoDraw = True
135.1764 	EXP 	fixation: autoDraw = False
135.9951 	EXP 	Device response: <KeyPress from None: t=135.9808728999924, value=l, duration=None>
135.9955 	EXP 	New trial (rep=11, index=2): <Trial 79 (2 in rep 11) data={'reward_today': np.int64(67), 'future_reward': np.int64(75), 'delay': np.int64(119), 'thisN': 79, 'thisTrialN': 2, 'thisRepN': 11}>
136.0003 	DATA 	Keypress: l
136.0080 	EXP 	fixation: autoDraw = False
136.0080 	EXP 	text: autoDraw = False
136.0080 	EXP 	text: height = np.float64(0.05)
136.0080 	EXP 	text: height = np.float64(0.05)
136.0080 	EXP 	text: height = np.float64(0.05)
136.0080 	EXP 	text: text = 'GBP 67 today or GBP 75 after 119 days'
136.0080 	EXP 	fixation: autoDraw = True
136.1770 	EXP 	Device response: <KeyPress from None: t=135.9808728999924, value=l, duration=0.17900959984399378>
136.9971 	INFO 	Keyboard events cleared
136.9969 	EXP 	text: autoDraw = True
137.0115 	EXP 	fixation: autoDraw = False
137.5134 	EXP 	Device response: <KeyPress from None: t=137.50052919983864, value=t, duration=None>
137.5137 	EXP 	New trial (rep=11, index=3): <Trial 80 (3 in rep 11) data={'reward_today': np.int64(11), 'future_reward': np.int64(30), 'delay': np.int64(7), 'thisN': 80, 'thisTrialN': 3, 'thisRepN': 11}>
137.5185 	DATA 	Keypress: t
137.5266 	EXP 	fixation: autoDraw = False
137.5266 	EXP 	text: autoDraw = False
137.5266 	EXP 	text: height = np.float64(0.05)
137.5266 	EXP 	text: height = np.float64(0.05)
137.5266 	EXP 	text: height = np.float64(0.05)
137.5266 	EXP 	text: text = 'GBP 11 today or GBP 30 after 7 days'
137.5266 	EXP 	fixation: autoDraw = True
137.7121 	EXP 	Device response: <KeyPress from None: t=137.50052919983864, value=t, duration=0.20845789997838438>
138.5110 	INFO 	Keyboard events cleared
138.5109 	EXP 	text: autoDraw = True
138.5286 	EXP 	fixation: autoDraw = False
139.2652 	EXP 	Device response: <KeyPress from None: t=139.25960629992187, value=l, duration=None>
139.2656 	EXP 	New trial (rep=11, index=4): <Trial 81 (4 in rep 11) data={'reward_today': np.int64(40), 'future_reward': np.int64(55), 'delay': np.int64(62), 'thisN': 81, 'thisTrialN': 4, 'thisRepN': 11}>
139.2707 	DATA 	Keypress: l
139.2787 	EXP 	fixation: autoDraw = False
139.2787 	EXP 	text: autoDraw = False
139.2787 	EXP 	text: height = np.float64(0.05)
139.2787 	EXP 	text: height = np.float64(0.05)
139.2787 	EXP 	text: height = np.float64(0.05)
139.2787 	EXP 	text: text = 'GBP 40 today or GBP 55 after 62 days'
139.2787 	EXP 	fixation: autoDraw = True
139.4501 	EXP 	Device response: <KeyPress from None: t=139.25960629992187, value=l, duration=0.17526679998263717>
140.2823 	INFO 	Keyboard events cleared
140.2822 	EXP 	fixation: autoDraw = False
140.2822 	EXP 	text: autoDraw = True
141.0318 	EXP 	Device response: <KeyPress from None: t=141.0284833998885, value=t, duration=None>
141.0321 	EXP 	New trial (rep=11, index=5): <Trial 82 (5 in rep 11) data={'reward_today': np.int64(78), 'future_reward': np.int64(80), 'delay': np.int64(162), 'thisN': 82, 'thisTrialN': 5, 'thisRepN': 11}>
141.0362 	DATA 	Keypress: t
141.0483 	EXP 	fixation: autoDraw = False
141.0483 	EXP 	text: autoDraw = False
141.0483 	EXP 	text: height = np.float64(0.05)
141.0483 	EXP 	text: height = np.float64(0.05)
141.0483 	EXP 	text: height = np.float64(0.05)
141.0483 	EXP 	text: text = 'GBP 78 today or GBP 80 after 162 days'
141.0483 	EXP 	fixation: autoDraw = True
141.2488 	EXP 	Device response: <KeyPress from None: t=141.0284833998885, value=t, duration=0.21667200000956655>
142.0327 	INFO 	Keyboard events cleared
142.0325 	EXP 	text: autoDraw = True
142.0497 	EXP 	fixation: autoDraw = False
142.7674 	EXP 	Device response: <KeyPress from None: t=142.7574789999053, value=t, duration=None>
142.7677 	EXP 	New trial (rep=11, index=6): <Trial 83 (6 in rep 11) data={'reward_today': np.int64(27), 'future_reward': np.int64(50), 'delay': np.int64(21), 'thisN': 83, 'thisTrialN': 6, 'thisRepN': 11}>
142.7716 	DATA 	Keypress: t
142.7845 	EXP 	fixation: autoDraw = False
142.7845 	EXP 	text: autoDraw = False
142.7845 	EXP 	text: height = np.float64(0.05)
142.7845 	EXP 	text: height = np.float64(0.05)
142.7845 	EXP 	text: height = np.float64(0.05)
142.7845 	EXP 	text: text = 'GBP 27 today or GBP 50 after 21 days'
142.7845 	EXP 	fixation: autoDraw = True
142.9683 	EXP 	Device response: <KeyPress from None: t=142.7574789999053, value=t, duration=0.20159030007198453>
143.7669 	INFO 	Keyboard events cleared
143.7668 	EXP 	text: autoDraw = True
143.8011 	EXP 	fixation: autoDraw = False
144.4514 	EXP 	Device response: <KeyPress from None: t=144.45059109991416, value=l, duration=None>
144.4517 	EXP 	New trial (rep=12, index=0): <Trial 84 (0 in rep 12) data={'reward_today': np.int64(27), 'future_reward': np.int64(50), 'delay': np.int64(21), 'thisN': 84, 'thisTrialN': 0, 'thisRepN': 12}>
144.4525 	DATA 	Keypress: l
144.4693 	EXP 	fixation: autoDraw = False
144.4693 	EXP 	text: autoDraw = False
144.4693 	EXP 	text: text = 'GBP 27 today or GBP 50 after 21 days'
144.4693 	EXP 	fixation: autoDraw = True
144.7043 	EXP 	Device response: <KeyPress from None: t=144.45059109991416, value=l, duration=0.24340460007078946>
145.4536 	INFO 	Keyboard events cleared
145.4534 	EXP 	text: autoDraw = True
145.4706 	EXP 	fixation: autoDraw = False
147.2229 	EXP 	Device response: <KeyPress from None: t=147.20746039994992, value=l, duration=None>
147.2233 	EXP 	New trial (rep=12, index=1): <Trial 85 (1 in rep 12) data={'reward_today': np.int64(11), 'future_reward': np.int64(30), 'delay': np.int64(7), 'thisN': 85, 'thisTrialN': 1, 'thisRepN': 12}>
147.2286 	DATA 	Keypress: l
147.2391 	EXP 	fixation: autoDraw = False
147.2391 	EXP 	text: autoDraw = False
147.2391 	EXP 	text: height = np.float64(0.05)
147.2391 	EXP 	text: height = np.float64(0.05)
147.2391 	EXP 	text: height = np.float64(0.05)
147.2391 	EXP 	text: text = 'GBP 11 today or GBP 30 after 7 days'
147.2391 	EXP 	fixation: autoDraw = True
147.4049 	EXP 	Device response: <KeyPress from None: t=147.20746039994992, value=l, duration=0.19089629990048707>
148.2238 	INFO 	Keyboard events cleared
148.2236 	EXP 	text: autoDraw = True
148.2404 	EXP 	fixation: autoDraw = False
148.9749 	EXP 	Device response: <KeyPress from None: t=148.97337449993938, value=l, duration=None>
148.9752 	EXP 	New trial (rep=12, index=2): <Trial 86 (2 in rep 12) data={'reward_today': np.int64(40), 'future_reward': np.int64(55), 'delay': np.int64(62), 'thisN': 86, 'thisTrialN': 2, 'thisRepN': 12}>
148.9794 	DATA 	Keypress: l
148.9907 	EXP 	fixation: autoDraw = False
148.9907 	EXP 	text: autoDraw = False
148.9907 	EXP 	text: height = np.float64(0.05)
148.9907 	EXP 	text: height = np.float64(0.05)
148.9907 	EXP 	text: height = np.float64(0.05)
148.9907 	EXP 	text: text = 'GBP 40 today or GBP 55 after 62 days'
148.9907 	EXP 	fixation: autoDraw = True
149.1922 	EXP 	Device response: <KeyPress from None: t=148.97337449993938, value=l, duration=0.2052603999618441>
149.9762 	INFO 	Keyboard events cleared
149.9760 	EXP 	text: autoDraw = True
149.9935 	EXP 	fixation: autoDraw = False
150.6745 	EXP 	Device response: <KeyPress from None: t=150.66373809985816, value=t, duration=None>
150.6748 	EXP 	New trial (rep=12, index=3): <Trial 87 (3 in rep 12) data={'reward_today': np.int64(78), 'future_reward': np.int64(80), 'delay': np.int64(162), 'thisN': 87, 'thisTrialN': 3, 'thisRepN': 12}>
150.6791 	DATA 	Keypress: t
150.6936 	EXP 	fixation: autoDraw = False
150.6936 	EXP 	text: autoDraw = False
150.6936 	EXP 	text: height = np.float64(0.05)
150.6936 	EXP 	text: height = np.float64(0.05)
150.6936 	EXP 	text: height = np.float64(0.05)
150.6936 	EXP 	text: text = 'GBP 78 today or GBP 80 after 162 days'
150.6936 	EXP 	fixation: autoDraw = True
150.8446 	EXP 	Device response: <KeyPress from None: t=150.66373809985816, value=t, duration=0.18015819997526705>
151.6767 	INFO 	Keyboard events cleared
151.6765 	EXP 	text: autoDraw = True
151.6939 	EXP 	fixation: autoDraw = False
152.2125 	EXP 	Device response: <KeyPress from None: t=152.20889170002192, value=t, duration=None>
152.2128 	EXP 	New trial (rep=12, index=4): <Trial 88 (4 in rep 12) data={'reward_today': np.int64(15), 'future_reward': np.int64(35), 'delay': np.int64(13), 'thisN': 88, 'thisTrialN': 4, 'thisRepN': 12}>
152.2170 	DATA 	Keypress: t
152.2260 	EXP 	fixation: autoDraw = False
152.2260 	EXP 	text: autoDraw = False
152.2260 	EXP 	text: height = np.float64(0.05)
152.2260 	EXP 	text: height = np.float64(0.05)
152.2260 	EXP 	text: height = np.float64(0.05)
152.2260 	EXP 	text: text = 'GBP 15 today or GBP 35 after 13 days'
152.2260 	EXP 	fixation: autoDraw = True
152.4626 	EXP 	Device response: <KeyPress from None: t=152.20889170002192, value=t, duration=0.24950719997286797>
153.2120 	INFO 	Keyboard events cleared
153.2119 	EXP 	text: autoDraw = True
153.2294 	EXP 	fixation: autoDraw = False
154.4981 	EXP 	Device response: <KeyPress from None: t=154.4921219998505, value=l, duration=None>
154.4984 	EXP 	New trial (rep=12, index=5): <Trial 89 (5 in rep 12) data={'reward_today': np.int64(67), 'future_reward': np.int64(75), 'delay': np.int64(119), 'thisN': 89, 'thisTrialN': 5, 'thisRepN': 12}>
154.5037 	DATA 	Keypress: l
154.5128 	EXP 	fixation: autoDraw = False
154.5128 	EXP 	text: autoDraw = False
154.5128 	EXP 	text: height = np.float64(0.05)
154.5128 	EXP 	text: height = np.float64(0.05)
154.5128 	EXP 	text: height = np.float64(0.05)
154.5128 	EXP 	text: text = 'GBP 67 today or GBP 75 after 119 days'
154.5128 	EXP 	fixation: autoDraw = True
154.7626 	EXP 	Device response: <KeyPress from None: t=154.4921219998505, value=l, duration=0.2645998999942094>
155.4960 	INFO 	Keyboard events cleared
155.4959 	EXP 	text: autoDraw = True
155.5141 	EXP 	fixation: autoDraw = False
156.1982 	EXP 	Device response: <KeyPress from None: t=156.1867488999851, value=t, duration=None>
156.1984 	EXP 	New trial (rep=12, index=6): <Trial 90 (6 in rep 12) data={'reward_today': np.int64(49), 'future_reward': np.int64(60), 'delay': np.int64(89), 'thisN': 90, 'thisTrialN': 6, 'thisRepN': 12}>
156.2032 	DATA 	Keypress: t
156.2146 	EXP 	fixation: autoDraw = False
156.2146 	EXP 	text: autoDraw = False
156.2146 	EXP 	text: height = np.float64(0.05)
156.2146 	EXP 	text: height = np.float64(0.05)
156.2146 	EXP 	text: height = np.float64(0.05)
156.2146 	EXP 	text: text = 'GBP 49 today or GBP 60 after 89 days'
156.2146 	EXP 	fixation: autoDraw = True
156.3976 	EXP 	Device response: <KeyPress from None: t=156.1867488999851, value=t, duration=0.20935939997434616>
157.1984 	INFO 	Keyboard events cleared
157.1983 	EXP 	text: autoDraw = True
157.2163 	EXP 	fixation: autoDraw = False
158.1693 	EXP 	Device response: <KeyPress from None: t=158.15510769980028, value=t, duration=None>
158.1697 	EXP 	New trial (rep=13, index=0): <Trial 91 (0 in rep 13) data={'reward_today': np.int64(40), 'future_reward': np.int64(55), 'delay': np.int64(62), 'thisN': 91, 'thisTrialN': 0, 'thisRepN': 13}>
158.1740 	DATA 	Keypress: t
158.1824 	EXP 	fixation: autoDraw = False
158.1824 	EXP 	text: autoDraw = False
158.1824 	EXP 	text: height = np.float64(0.05)
158.1824 	EXP 	text: height = np.float64(0.05)
158.1824 	EXP 	text: height = np.float64(0.05)
158.1824 	EXP 	text: text = 'GBP 40 today or GBP 55 after 62 days'
158.1824 	EXP 	fixation: autoDraw = True
158.3670 	EXP 	Device response: <KeyPress from None: t=158.15510769980028, value=t, duration=0.19512940011918545>
159.1865 	INFO 	Keyboard events cleared
159.1863 	EXP 	fixation: autoDraw = False
159.1863 	EXP 	text: autoDraw = True
160.4697 	EXP 	Device response: <KeyPress from None: t=160.4676790998783, value=t, duration=None>
160.4700 	EXP 	New trial (rep=13, index=1): <Trial 92 (1 in rep 13) data={'reward_today': np.int64(67), 'future_reward': np.int64(75), 'delay': np.int64(119), 'thisN': 92, 'thisTrialN': 1, 'thisRepN': 13}>
160.4742 	DATA 	Keypress: t
160.4873 	EXP 	fixation: autoDraw = False
160.4873 	EXP 	text: autoDraw = False
160.4873 	EXP 	text: height = np.float64(0.05)
160.4873 	EXP 	text: height = np.float64(0.05)
160.4873 	EXP 	text: height = np.float64(0.05)
160.4873 	EXP 	text: text = 'GBP 67 today or GBP 75 after 119 days'
160.4873 	EXP 	fixation: autoDraw = True
160.6521 	EXP 	Device response: <KeyPress from None: t=160.4676790998783, value=t, duration=0.18210879992693663>
161.4714 	INFO 	Keyboard events cleared
161.4712 	EXP 	text: autoDraw = True
161.4883 	EXP 	fixation: autoDraw = False
161.9561 	EXP 	Device response: <KeyPress from None: t=161.94841969991103, value=t, duration=None>
161.9564 	EXP 	New trial (rep=13, index=2): <Trial 93 (2 in rep 13) data={'reward_today': np.int64(49), 'future_reward': np.int64(60), 'delay': np.int64(89), 'thisN': 93, 'thisTrialN': 2, 'thisRepN': 13}>
161.9615 	DATA 	Keypress: t
161.9719 	EXP 	fixation: autoDraw = False
161.9719 	EXP 	text: autoDraw = False
161.9719 	EXP 	text: height = np.float64(0.05)
161.9719 	EXP 	text: height = np.float64(0.05)
161.9719 	EXP 	text: height = np.float64(0.05)
161.9719 	EXP 	text: text = 'GBP 49 today or GBP 60 after 89 days'
161.9719 	EXP 	fixation: autoDraw = True
162.1716 	EXP 	Device response: <KeyPress from None: t=161.94841969991103, value=t, duration=0.2177726998925209>
162.9549 	INFO 	Keyboard events cleared
162.9548 	EXP 	text: autoDraw = True
162.9705 	EXP 	fixation: autoDraw = False
163.4751 	EXP 	Device response: <KeyPress from None: t=163.46607119985856, value=t, duration=None>
163.4755 	EXP 	New trial (rep=13, index=3): <Trial 94 (3 in rep 13) data={'reward_today': np.int64(11), 'future_reward': np.int64(30), 'delay': np.int64(7), 'thisN': 94, 'thisTrialN': 3, 'thisRepN': 13}>
163.4808 	DATA 	Keypress: t
163.4884 	EXP 	fixation: autoDraw = False
163.4884 	EXP 	text: autoDraw = False
163.4884 	EXP 	text: height = np.float64(0.05)
163.4884 	EXP 	text: height = np.float64(0.05)
163.4884 	EXP 	text: height = np.float64(0.05)
163.4884 	EXP 	text: text = 'GBP 11 today or GBP 30 after 7 days'
163.4884 	EXP 	fixation: autoDraw = True
163.7223 	EXP 	Device response: <KeyPress from None: t=163.46607119985856, value=t, duration=0.24270129995420575>
164.4771 	INFO 	Keyboard events cleared
164.4769 	EXP 	text: autoDraw = True
164.4909 	EXP 	fixation: autoDraw = False
165.1442 	EXP 	Device response: <KeyPress from None: t=165.14337329985574, value=l, duration=None>
165.1446 	EXP 	New trial (rep=13, index=4): <Trial 95 (4 in rep 13) data={'reward_today': np.int64(15), 'future_reward': np.int64(35), 'delay': np.int64(13), 'thisN': 95, 'thisTrialN': 4, 'thisRepN': 13}>
165.1500 	DATA 	Keypress: l
165.1569 	EXP 	fixation: autoDraw = False
165.1569 	EXP 	text: autoDraw = False
165.1569 	EXP 	text: height = np.float64(0.05)
165.1569 	EXP 	text: height = np.float64(0.05)
165.1569 	EXP 	text: height = np.float64(0.05)
165.1569 	EXP 	text: text = 'GBP 15 today or GBP 35 after 13 days'
165.1569 	EXP 	fixation: autoDraw = True
165.3085 	EXP 	Device response: <KeyPress from None: t=165.14337329985574, value=l, duration=0.1638754999730736>
166.1443 	INFO 	Keyboard events cleared
166.1441 	EXP 	text: autoDraw = True
166.1609 	EXP 	fixation: autoDraw = False
166.7254 	EXP 	Device response: <KeyPress from None: t=166.72060619993135, value=l, duration=None>
166.7257 	EXP 	New trial (rep=13, index=5): <Trial 96 (5 in rep 13) data={'reward_today': np.int64(78), 'future_reward': np.int64(80), 'delay': np.int64(162), 'thisN': 96, 'thisTrialN': 5, 'thisRepN': 13}>
166.7295 	DATA 	Keypress: l
166.7437 	EXP 	fixation: autoDraw = False
166.7437 	EXP 	text: autoDraw = False
166.7437 	EXP 	text: height = np.float64(0.05)
166.7437 	EXP 	text: height = np.float64(0.05)
166.7437 	EXP 	text: height = np.float64(0.05)
166.7437 	EXP 	text: text = 'GBP 78 today or GBP 80 after 162 days'
166.7437 	EXP 	fixation: autoDraw = True
166.9259 	EXP 	Device response: <KeyPress from None: t=166.72060619993135, value=l, duration=0.1939765999559313>
167.7294 	INFO 	Keyboard events cleared
167.7292 	EXP 	text: autoDraw = True
167.7453 	EXP 	fixation: autoDraw = False
168.2641 	DATA 	Keypress: t
168.2821 	EXP 	Device response: <KeyPress from None: t=168.26265679998323, value=t, duration=None>
168.2824 	EXP 	New trial (rep=13, index=6): <Trial 97 (6 in rep 13) data={'reward_today': np.int64(27), 'future_reward': np.int64(50), 'delay': np.int64(21), 'thisN': 97, 'thisTrialN': 6, 'thisRepN': 13}>
168.2936 	EXP 	fixation: autoDraw = False
168.2936 	EXP 	text: autoDraw = False
168.2936 	EXP 	text: height = np.float64(0.05)
168.2936 	EXP 	text: height = np.float64(0.05)
168.2936 	EXP 	text: height = np.float64(0.05)
168.2936 	EXP 	text: text = 'GBP 27 today or GBP 50 after 21 days'
168.2936 	EXP 	fixation: autoDraw = True
168.4631 	EXP 	Device response: <KeyPress from None: t=168.26265679998323, value=t, duration=0.19411489996127784>
169.2972 	INFO 	Keyboard events cleared
169.2971 	EXP 	fixation: autoDraw = False
169.2971 	EXP 	text: autoDraw = True
169.9472 	EXP 	Device response: <KeyPress from None: t=169.933150799945, value=l, duration=None>
169.9476 	EXP 	New trial (rep=14, index=0): <Trial 98 (0 in rep 14) data={'reward_today': np.int64(15), 'future_reward': np.int64(35), 'delay': np.int64(13), 'thisN': 98, 'thisTrialN': 0, 'thisRepN': 14}>
169.9531 	DATA 	Keypress: l
169.9650 	EXP 	fixation: autoDraw = False
169.9650 	EXP 	text: autoDraw = False
169.9650 	EXP 	text: height = np.float64(0.05)
169.9650 	EXP 	text: height = np.float64(0.05)
169.9650 	EXP 	text: height = np.float64(0.05)
169.9650 	EXP 	text: text = 'GBP 15 today or GBP 35 after 13 days'
169.9650 	EXP 	fixation: autoDraw = True
170.1299 	EXP 	Device response: <KeyPress from None: t=169.933150799945, value=l, duration=0.1830688000191003>
170.9491 	INFO 	Keyboard events cleared
170.9489 	EXP 	text: autoDraw = True
170.9655 	EXP 	fixation: autoDraw = False
171.8979 	EXP 	Device response: <KeyPress from None: t=171.89737070002593, value=l, duration=None>
171.8983 	EXP 	New trial (rep=14, index=1): <Trial 99 (1 in rep 14) data={'reward_today': np.int64(78), 'future_reward': np.int64(80), 'delay': np.int64(162), 'thisN': 99, 'thisTrialN': 1, 'thisRepN': 14}>
171.9037 	DATA 	Keypress: l
171.9148 	EXP 	fixation: autoDraw = False
171.9148 	EXP 	text: autoDraw = False
171.9148 	EXP 	text: height = np.float64(0.05)
171.9148 	EXP 	text: height = np.float64(0.05)
171.9148 	EXP 	text: height = np.float64(0.05)
171.9148 	EXP 	text: text = 'GBP 78 today or GBP 80 after 162 days'
171.9148 	EXP 	fixation: autoDraw = True
172.0503 	EXP 	Device response: <KeyPress from None: t=171.89737070002593, value=l, duration=0.13891759980469942>
172.9002 	INFO 	Keyboard events cleared
172.9000 	EXP 	text: autoDraw = True
172.9176 	EXP 	fixation: autoDraw = False
173.3667 	EXP 	Device response: <KeyPress from None: t=173.36524929990992, value=t, duration=None>
173.3670 	EXP 	New trial (rep=14, index=2): <Trial 100 (2 in rep 14) data={'reward_today': np.int64(49), 'future_reward': np.int64(60), 'delay': np.int64(89), 'thisN': 100, 'thisTrialN': 2, 'thisRepN': 14}>
173.3725 	DATA 	Keypress: t
173.3828 	EXP 	fixation: autoDraw = False
173.3828 	EXP 	text: autoDraw = False
173.3828 	EXP 	text: height = np.float64(0.05)
173.3828 	EXP 	text: height = np.float64(0.05)
173.3828 	EXP 	text: height = np.float64(0.05)
173.3828 	EXP 	text: text = 'GBP 49 today or GBP 60 after 89 days'
173.3828 	EXP 	fixation: autoDraw = True
173.5666 	EXP 	Device response: <KeyPress from None: t=173.36524929990992, value=t, duration=0.18851729994639754>
174.3701 	INFO 	Keyboard events cleared
174.3699 	EXP 	text: autoDraw = True
174.3838 	EXP 	fixation: autoDraw = False
174.9183 	EXP 	Device response: <KeyPress from None: t=174.9134360998869, value=t, duration=None>
174.9186 	EXP 	New trial (rep=14, index=3): <Trial 101 (3 in rep 14) data={'reward_today': np.int64(67), 'future_reward': np.int64(75), 'delay': np.int64(119), 'thisN': 101, 'thisTrialN': 3, 'thisRepN': 14}>
174.9231 	DATA 	Keypress: t
174.9351 	EXP 	fixation: autoDraw = False
174.9351 	EXP 	text: autoDraw = False
174.9351 	EXP 	text: height = np.float64(0.05)
174.9351 	EXP 	text: height = np.float64(0.05)
174.9351 	EXP 	text: height = np.float64(0.05)
174.9351 	EXP 	text: text = 'GBP 67 today or GBP 75 after 119 days'
174.9351 	EXP 	fixation: autoDraw = True
175.1023 	EXP 	Device response: <KeyPress from None: t=174.9134360998869, value=t, duration=0.18570420006290078>
175.9214 	INFO 	Keyboard events cleared
175.9212 	EXP 	text: autoDraw = True
175.9354 	EXP 	fixation: autoDraw = False
176.3864 	EXP 	Device response: <KeyPress from None: t=176.37605289998464, value=t, duration=None>
176.3868 	EXP 	New trial (rep=14, index=4): <Trial 102 (4 in rep 14) data={'reward_today': np.int64(11), 'future_reward': np.int64(30), 'delay': np.int64(7), 'thisN': 102, 'thisTrialN': 4, 'thisRepN': 14}>
176.3911 	DATA 	Keypress: t
176.4030 	EXP 	fixation: autoDraw = False
176.4030 	EXP 	text: autoDraw = False
176.4030 	EXP 	text: height = np.float64(0.05)
176.4030 	EXP 	text: height = np.float64(0.05)
176.4030 	EXP 	text: height = np.float64(0.05)
176.4030 	EXP 	text: text = 'GBP 11 today or GBP 30 after 7 days'
176.4030 	EXP 	fixation: autoDraw = True
176.5878 	EXP 	Device response: <KeyPress from None: t=176.37605289998464, value=t, duration=0.1962967999279499>
177.3897 	INFO 	Keyboard events cleared
177.3895 	EXP 	text: autoDraw = True
177.4053 	EXP 	fixation: autoDraw = False
177.9596 	DATA 	Keypress: l
177.9713 	EXP 	Device response: <KeyPress from None: t=177.95734059996903, value=l, duration=None>
177.9716 	EXP 	New trial (rep=14, index=5): <Trial 103 (5 in rep 14) data={'reward_today': np.int64(27), 'future_reward': np.int64(50), 'delay': np.int64(21), 'thisN': 103, 'thisTrialN': 5, 'thisRepN': 14}>
177.9900 	EXP 	fixation: autoDraw = False
177.9900 	EXP 	text: autoDraw = False
177.9900 	EXP 	text: height = np.float64(0.05)
177.9900 	EXP 	text: height = np.float64(0.05)
177.9900 	EXP 	text: height = np.float64(0.05)
177.9900 	EXP 	text: text = 'GBP 27 today or GBP 50 after 21 days'
177.9900 	EXP 	fixation: autoDraw = True
178.1235 	EXP 	Device response: <KeyPress from None: t=177.95734059996903, value=l, duration=0.15323939989320934>
178.9737 	INFO 	Keyboard events cleared
178.9736 	EXP 	text: autoDraw = True
178.9900 	EXP 	fixation: autoDraw = False
179.6900 	EXP 	Device response: <KeyPress from None: t=179.67802220000885, value=l, duration=None>
179.6903 	EXP 	New trial (rep=14, index=6): <Trial 104 (6 in rep 14) data={'reward_today': np.int64(40), 'future_reward': np.int64(55), 'delay': np.int64(62), 'thisN': 104, 'thisTrialN': 6, 'thisRepN': 14}>
179.6949 	DATA 	Keypress: l
179.7075 	EXP 	fixation: autoDraw = False
179.7075 	EXP 	text: autoDraw = False
179.7075 	EXP 	text: height = np.float64(0.05)
179.7075 	EXP 	text: height = np.float64(0.05)
179.7075 	EXP 	text: height = np.float64(0.05)
179.7075 	EXP 	text: text = 'GBP 40 today or GBP 55 after 62 days'
179.7075 	EXP 	fixation: autoDraw = True
179.8912 	EXP 	Device response: <KeyPress from None: t=179.67802220000885, value=l, duration=0.19827039982192218>
180.6904 	INFO 	Keyboard events cleared
180.6904 	EXP 	text: autoDraw = True
180.7079 	EXP 	fixation: autoDraw = False
181.2425 	EXP 	Device response: <KeyPress from None: t=181.2414816999808, value=t, duration=None>
181.2435 	DATA 	Keypress: t
181.2584 	EXP 	fixation: autoDraw = False
181.2584 	EXP 	text: autoDraw = False
181.2586 	EXP 	untitled: status = STOPPED
181.3020 	INFO 	saved data to 'C:\\Users\\nupur\\OneDrive\\Desktop\\LAB IN PSY\\PSY lab tutorial 6- Delayed discounting\\data\\Subject 04_untitled_2025-11-07_15h50.59.902.csv'
181.3052 	INFO 	saved data to C:\Users\nupur\OneDrive\Desktop\LAB IN PSY\PSY lab tutorial 6- Delayed discounting\data\Subject 04_untitled_2025-11-07_15h50.59.902.psydat
181.9060 	WARNING 	Stopping key buffers but this could be dangerous ifother keyboards rely on the same.
181.9642 	WARNING 	Stopping key buffers but this could be dangerous ifother keyboards rely on the same.
