188.0590 	INFO 	Loaded monitor calibration from ['2025_08_12 09:33']
188.0869 	WARNING 	User requested fullscreen with size [1280  800], but screen is actually [1920, 1200]. Using actual size
188.4410 	INFO 	Using renderer 'AMD Radeon(TM) Graphics' for graphics
188.4410 	INFO 	OpenGL version supported by driver is 4..
188.5487 	EXP 	Created window1 = Window(allowGUI=True, allowStencil=True, autoLog=True, backendConf=UNKNOWN, backgroundFit=<method-wrapper '__getattribute__' of attributeSetter object at 0x0000024C3F04B4F0>, backgroundImage=<method-wrapper '__getattribute__' of attributeSetter object at 0x0000024C3F04B550>, bitsMode=UNKNOWN, blendMode='avg', bpc=(8, 8, 8), color=array([0, 0, 0]), colorSpace='rgb', depthBits=8, fullscr=True, gamma=None, gammaErrorPolicy='raise', infoMsg=UNKNOWN, lms=UNKNOWN, monitor=<psychopy.monitors.calibTools.Monitor object at 0x0000024C3F1428F0>, multiSample=False, name='window1', numSamples=2, pos=[np.float64(0.0), np.float64(0.0)], screen=0, size=array([1920, 1200]), stencilBits=8, stereo=False, title='PsychoPy', units='height', useFBO=True, useRetina=False, viewOri=0.0, viewPos=None, viewScale=None, waitBlanking=True, winType='pyglet')
188.5488 	EXP 	window1: backgroundImage = ''
188.5488 	EXP 	window1: backgroundFit = 'none'
189.2121 	EXP 	window1: Attempting to measure frame rate of screen (0) ...
189.2121 	EXP 	window1: recordFrameIntervals = False
189.4857 	EXP 	window1: recordFrameIntervals = True
189.6683 	EXP 	Screen (0) actual frame rate measured at 60.03Hz
189.6683 	EXP 	window1: recordFrameIntervals = False
189.7461 	INFO 	keyboard.Keyboard is using ptb backend.
189.7462 	EXP 	word_priming: status = STARTED
189.8073 	EXP 	Created StudyText = TextStim(__class__=<class 'psychopy.visual.text.TextStim'>, alignHoriz=method-wrapper(...), alignText='center', alignVert=method-wrapper(...), anchorHoriz='center', anchorVert='center', antialias=True, autoDraw=False, autoLog=True, bold=False, color=array([1., 1., 1.]), colorSpace='rgb', contrast=1.0, depth=0.0, draggable=False, flipHoriz=False, flipVert=False, font='Arial', fontFiles=[], height=0.05, italic=False, languageStyle='LTR', name='StudyText', opacity=1, ori=0.0, pos=array([0., 0.]), rgb=UNKNOWN, text='', units='height', win=Window(...), wrapWidth=1)
189.9676 	EXP 	Created Studyslider = Slider(__class__=<class 'psychopy.visual.slider.Slider'>, autoDraw=False, autoLog=True, borderColor=None, color=None, colorSpace='rgb', depth=-1, fillColor=None, flip=False, font='Noto Sans', granularity=0.0, labelColor=None, labelHeight=np.float64(0.05), labelWrapWidth=None, labels=['Familiar', 'Unfamiliar'], lineColor=None, markerColor=None, name='Studyslider', opacity=None, ori=0.0, pos=array([ 0. , -0.3]), readOnly=False, self=UNKNOWN, size=array([1. , 0.1]), startValue=None, style='rating', styleTweaks=[], ticks=array([1, 2, 3, 4, 5]), units='height', win=Window(...))
189.9688 	EXP 	Created Testtext = TextStim(__class__=<class 'psychopy.visual.text.TextStim'>, alignHoriz=method-wrapper(...), alignText='center', alignVert=method-wrapper(...), anchorHoriz='center', anchorVert='center', antialias=True, autoDraw=False, autoLog=True, bold=False, color=array([1., 1., 1.]), colorSpace='rgb', contrast=1.0, depth=0.0, draggable=False, flipHoriz=False, flipVert=False, font='Arial', fontFiles=[], height=0.05, italic=False, languageStyle='LTR', name='Testtext', opacity=1, ori=0.0, pos=array([0. , 0.3]), rgb=UNKNOWN, text='', units='height', win=Window(...), wrapWidth=1)
190.1141 	EXP 	Created text = TextStim(__class__=<class 'psychopy.visual.text.TextStim'>, alignHoriz=method-wrapper(...), alignText='center', alignVert=method-wrapper(...), anchorHoriz='center', anchorVert='center', antialias=True, autoDraw=False, autoLog=True, bold=False, color=array([1., 1., 1.]), colorSpace='rgb', contrast=1.0, depth=-2.0, draggable=False, flipHoriz=False, flipVert=False, font='Arial', fontFiles=[], height=np.float64(0.05), italic=False, languageStyle='LTR', name='text', opacity=1, ori=0.0, pos=array([ 0. , -0.3]), rgb=UNKNOWN, text='click to submit', units='height', win=Window(...), wrapWidth=1)
0.0042 	EXP 	Studyslider: autoLog = True
0.0042 	EXP 	Studyslider: styleTweaks = []
0.0042 	EXP 	Studyslider: styleTweaks = []
0.0042 	EXP 	Studyslider: styleTweaks = []
0.0042 	EXP 	Studyslider: styleTweaks = []
0.0042 	EXP 	Studyslider: contrast = 1.0
0.0042 	EXP 	Studyslider: markerPos = None
0.0042 	EXP 	Studyslider: autoLog = True
0.0042 	EXP 	test_textbox: autoLog = True
0.0166 	EXP 	Imported Book1.csv as conditions, 15 conditions, 1 params
0.0177 	EXP 	New trial (rep=0, index=0): <Trial 0 (0 in rep 0) data={'study_word': 'police', 'thisN': 0, 'thisTrialN': 0, 'thisRepN': 0}>
0.0444 	EXP 	StudyText: height = np.float64(0.05)
0.0444 	EXP 	StudyText: height = np.float64(0.05)
0.0444 	EXP 	StudyText: height = np.float64(0.05)
0.0444 	EXP 	StudyText: text = 'police'
0.0444 	EXP 	Studyslider: markerPos = None
0.0444 	EXP 	Studyslider: markerPos = None
0.0444 	EXP 	StudyText: autoDraw = True
0.0444 	EXP 	Studyslider: autoDraw = True
3.8611 	DATA 	Mouse: Left button down, pos=(355,250)
3.8813 	EXP 	Studyslider: markerPos = np.float64(0.9833333333333334)
3.8906 	EXP 	Studyslider: markerPos = np.float64(0.9833333333333334)
3.9081 	EXP 	Studyslider: markerPos = np.float64(0.9833333333333334)
3.9263 	EXP 	Studyslider: markerPos = np.float64(0.9833333333333334)
3.9414 	EXP 	Studyslider: markerPos = np.float64(0.9833333333333334)
3.9581 	EXP 	Studyslider: markerPos = np.float64(0.9833333333333334)
3.9750 	EXP 	Studyslider: markerPos = np.float64(0.9833333333333334)
3.9913 	EXP 	Studyslider: markerPos = np.float64(0.9833333333333334)
4.0087 	EXP 	Studyslider: markerPos = np.float64(0.9833333333333334)
4.0251 	EXP 	Studyslider: markerPos = np.float64(0.9833333333333334)
4.0419 	EXP 	Studyslider: markerPos = np.float64(0.9833333333333334)
4.0585 	EXP 	Studyslider: markerPos = np.float64(0.9833333333333334)
4.0743 	EXP 	Studyslider: markerPos = np.float64(0.9833333333333334)
4.0754 	DATA 	Mouse:  Left button up, pos=(355,250)
4.0930 	EXP 	Studyslider: markerPos = np.int64(1)
4.0942 	EXP 	New trial (rep=0, index=1): <Trial 1 (1 in rep 0) data={'study_word': 'chart', 'thisN': 1, 'thisTrialN': 1, 'thisRepN': 0}>
4.1079 	EXP 	StudyText: autoDraw = False
4.1079 	EXP 	Studyslider: autoDraw = False
4.1079 	EXP 	StudyText: height = np.float64(0.05)
4.1079 	EXP 	StudyText: height = np.float64(0.05)
4.1079 	EXP 	StudyText: height = np.float64(0.05)
4.1079 	EXP 	StudyText: text = 'chart'
4.1079 	EXP 	Studyslider: markerPos = None
4.1079 	EXP 	Studyslider: markerPos = None
4.1079 	EXP 	StudyText: autoDraw = True
4.1079 	EXP 	Studyslider: autoDraw = True
5.6653 	DATA 	Mouse: Left button down, pos=(362,250)
5.6931 	EXP 	Studyslider: markerPos = np.float64(1.0066666666666666)
5.7109 	EXP 	Studyslider: markerPos = np.float64(1.0066666666666666)
5.7267 	EXP 	Studyslider: markerPos = np.float64(1.0066666666666666)
5.7442 	EXP 	Studyslider: markerPos = np.float64(1.0066666666666666)
5.7595 	EXP 	Studyslider: markerPos = np.float64(1.0066666666666666)
5.7780 	EXP 	Studyslider: markerPos = np.float64(1.0066666666666666)
5.7932 	EXP 	Studyslider: markerPos = np.float64(1.0066666666666666)
5.8128 	EXP 	Studyslider: markerPos = np.float64(1.0066666666666666)
5.8269 	EXP 	Studyslider: markerPos = np.float64(1.0066666666666666)
5.8443 	EXP 	Studyslider: markerPos = np.float64(1.0066666666666666)
5.8620 	EXP 	Studyslider: markerPos = np.float64(1.0066666666666666)
5.8768 	EXP 	Studyslider: markerPos = np.float64(1.0066666666666666)
5.8941 	EXP 	Studyslider: markerPos = np.float64(1.0066666666666666)
5.8952 	DATA 	Mouse:  Left button up, pos=(362,250)
5.9103 	EXP 	Studyslider: markerPos = np.float64(1.0066666666666666)
5.9113 	EXP 	New trial (rep=0, index=2): <Trial 2 (2 in rep 0) data={'study_word': 'keys', 'thisN': 2, 'thisTrialN': 2, 'thisRepN': 0}>
5.9261 	EXP 	StudyText: autoDraw = False
5.9261 	EXP 	Studyslider: autoDraw = False
5.9261 	EXP 	StudyText: height = np.float64(0.05)
5.9261 	EXP 	StudyText: height = np.float64(0.05)
5.9261 	EXP 	StudyText: height = np.float64(0.05)
5.9261 	EXP 	StudyText: text = 'keys'
5.9261 	EXP 	Studyslider: markerPos = None
5.9261 	EXP 	Studyslider: markerPos = None
5.9261 	EXP 	StudyText: autoDraw = True
5.9261 	EXP 	Studyslider: autoDraw = True
6.5512 	DATA 	Mouse: Left button down, pos=(362,250)
6.5778 	EXP 	Studyslider: markerPos = np.float64(1.0066666666666666)
6.5939 	EXP 	Studyslider: markerPos = np.float64(1.0066666666666666)
6.6122 	EXP 	Studyslider: markerPos = np.float64(1.0066666666666666)
6.6274 	EXP 	Studyslider: markerPos = np.float64(1.0066666666666666)
6.6458 	EXP 	Studyslider: markerPos = np.float64(1.0066666666666666)
6.6607 	EXP 	Studyslider: markerPos = np.float64(1.0066666666666666)
6.6785 	EXP 	Studyslider: markerPos = np.float64(1.0066666666666666)
6.6944 	EXP 	Studyslider: markerPos = np.float64(1.0066666666666666)
6.7109 	EXP 	Studyslider: markerPos = np.float64(1.0066666666666666)
6.7278 	EXP 	Studyslider: markerPos = np.float64(1.0066666666666666)
6.7445 	EXP 	Studyslider: markerPos = np.float64(1.0066666666666666)
6.7614 	EXP 	Studyslider: markerPos = np.float64(1.0066666666666666)
6.7689 	DATA 	Mouse:  Left button up, pos=(362,250)
6.7779 	EXP 	Studyslider: markerPos = np.float64(1.0066666666666666)
6.7943 	EXP 	Studyslider: markerPos = np.float64(1.0066666666666666)
6.7953 	EXP 	New trial (rep=0, index=3): <Trial 3 (3 in rep 0) data={'study_word': 'cushion', 'thisN': 3, 'thisTrialN': 3, 'thisRepN': 0}>
6.8110 	EXP 	StudyText: autoDraw = False
6.8110 	EXP 	Studyslider: autoDraw = False
6.8110 	EXP 	StudyText: height = np.float64(0.05)
6.8110 	EXP 	StudyText: height = np.float64(0.05)
6.8110 	EXP 	StudyText: height = np.float64(0.05)
6.8110 	EXP 	StudyText: text = 'cushion'
6.8110 	EXP 	Studyslider: markerPos = None
6.8110 	EXP 	Studyslider: markerPos = None
6.8110 	EXP 	StudyText: autoDraw = True
6.8110 	EXP 	Studyslider: autoDraw = True
7.8631 	DATA 	Mouse: Left button down, pos=(362,250)
7.8795 	EXP 	Studyslider: markerPos = np.float64(1.0066666666666666)
7.8970 	EXP 	Studyslider: markerPos = np.float64(1.0066666666666666)
7.9138 	EXP 	Studyslider: markerPos = np.float64(1.0066666666666666)
7.9291 	EXP 	Studyslider: markerPos = np.float64(1.0066666666666666)
7.9486 	EXP 	Studyslider: markerPos = np.float64(1.0066666666666666)
7.9626 	EXP 	Studyslider: markerPos = np.float64(1.0066666666666666)
7.9819 	EXP 	Studyslider: markerPos = np.float64(1.0066666666666666)
7.9955 	EXP 	Studyslider: markerPos = np.float64(1.0066666666666666)
8.0135 	EXP 	Studyslider: markerPos = np.float64(1.0066666666666666)
8.0290 	EXP 	Studyslider: markerPos = np.float64(1.0066666666666666)
8.0457 	EXP 	Studyslider: markerPos = np.float64(1.0066666666666666)
8.0639 	EXP 	Studyslider: markerPos = np.float64(1.0066666666666666)
8.0802 	EXP 	Studyslider: markerPos = np.float64(1.0066666666666666)
8.0820 	DATA 	Mouse:  Left button up, pos=(362,250)
8.0960 	EXP 	Studyslider: markerPos = np.float64(1.0066666666666666)
8.0971 	EXP 	New trial (rep=0, index=4): <Trial 4 (4 in rep 0) data={'study_word': 'poster', 'thisN': 4, 'thisTrialN': 4, 'thisRepN': 0}>
8.1125 	EXP 	StudyText: autoDraw = False
8.1125 	EXP 	Studyslider: autoDraw = False
8.1125 	EXP 	StudyText: height = np.float64(0.05)
8.1125 	EXP 	StudyText: height = np.float64(0.05)
8.1125 	EXP 	StudyText: height = np.float64(0.05)
8.1125 	EXP 	StudyText: text = 'poster'
8.1125 	EXP 	Studyslider: markerPos = None
8.1125 	EXP 	Studyslider: markerPos = None
8.1125 	EXP 	StudyText: autoDraw = True
8.1125 	EXP 	Studyslider: autoDraw = True
8.8488 	DATA 	Mouse: Left button down, pos=(362,250)
8.8629 	EXP 	Studyslider: markerPos = np.float64(1.0066666666666666)
8.8814 	EXP 	Studyslider: markerPos = np.float64(1.0066666666666666)
8.8968 	EXP 	Studyslider: markerPos = np.float64(1.0066666666666666)
8.9147 	EXP 	Studyslider: markerPos = np.float64(1.0066666666666666)
8.9301 	EXP 	Studyslider: markerPos = np.float64(1.0066666666666666)
8.9484 	EXP 	Studyslider: markerPos = np.float64(1.0066666666666666)
8.9637 	EXP 	Studyslider: markerPos = np.float64(1.0066666666666666)
8.9822 	EXP 	Studyslider: markerPos = np.float64(1.0066666666666666)
8.9969 	EXP 	Studyslider: markerPos = np.float64(1.0066666666666666)
9.0145 	EXP 	Studyslider: markerPos = np.float64(1.0066666666666666)
9.0306 	EXP 	Studyslider: markerPos = np.float64(1.0066666666666666)
9.0473 	EXP 	Studyslider: markerPos = np.float64(1.0066666666666666)
9.0643 	EXP 	Studyslider: markerPos = np.float64(1.0066666666666666)
9.0804 	EXP 	Studyslider: markerPos = np.float64(1.0066666666666666)
9.0816 	DATA 	Mouse:  Left button up, pos=(362,250)
9.0967 	EXP 	Studyslider: markerPos = np.float64(1.0066666666666666)
9.0978 	EXP 	New trial (rep=0, index=5): <Trial 5 (5 in rep 0) data={'study_word': 'pastry', 'thisN': 5, 'thisTrialN': 5, 'thisRepN': 0}>
9.1132 	EXP 	StudyText: autoDraw = False
9.1132 	EXP 	Studyslider: autoDraw = False
9.1132 	EXP 	StudyText: height = np.float64(0.05)
9.1132 	EXP 	StudyText: height = np.float64(0.05)
9.1132 	EXP 	StudyText: height = np.float64(0.05)
9.1132 	EXP 	StudyText: text = 'pastry'
9.1132 	EXP 	Studyslider: markerPos = None
9.1132 	EXP 	Studyslider: markerPos = None
9.1132 	EXP 	StudyText: autoDraw = True
9.1132 	EXP 	Studyslider: autoDraw = True
10.5495 	DATA 	Mouse: Left button down, pos=(362,250)
10.5654 	EXP 	Studyslider: markerPos = np.float64(1.0066666666666666)
10.5837 	EXP 	Studyslider: markerPos = np.float64(1.0066666666666666)
10.5990 	EXP 	Studyslider: markerPos = np.float64(1.0066666666666666)
10.6150 	EXP 	Studyslider: markerPos = np.float64(1.0066666666666666)
10.6332 	EXP 	Studyslider: markerPos = np.float64(1.0066666666666666)
10.6483 	EXP 	Studyslider: markerPos = np.float64(1.0066666666666666)
10.6659 	EXP 	Studyslider: markerPos = np.float64(1.0066666666666666)
10.6820 	EXP 	Studyslider: markerPos = np.float64(1.0066666666666666)
10.6992 	EXP 	Studyslider: markerPos = np.float64(1.0066666666666666)
10.7153 	EXP 	Studyslider: markerPos = np.float64(1.0066666666666666)
10.7329 	EXP 	Studyslider: markerPos = np.float64(1.0066666666666666)
10.7490 	EXP 	Studyslider: markerPos = np.float64(1.0066666666666666)
10.7648 	EXP 	Studyslider: markerPos = np.float64(1.0066666666666666)
10.7657 	DATA 	Mouse:  Left button up, pos=(362,250)
10.7827 	EXP 	Studyslider: markerPos = np.float64(1.0066666666666666)
10.7837 	EXP 	New trial (rep=0, index=6): <Trial 6 (6 in rep 0) data={'study_word': 't-shirt', 'thisN': 6, 'thisTrialN': 6, 'thisRepN': 0}>
10.7983 	EXP 	StudyText: autoDraw = False
10.7983 	EXP 	Studyslider: autoDraw = False
10.7983 	EXP 	StudyText: height = np.float64(0.05)
10.7983 	EXP 	StudyText: height = np.float64(0.05)
10.7983 	EXP 	StudyText: height = np.float64(0.05)
10.7983 	EXP 	StudyText: text = 't-shirt'
10.7983 	EXP 	Studyslider: markerPos = None
10.7983 	EXP 	Studyslider: markerPos = None
10.7983 	EXP 	StudyText: autoDraw = True
10.7983 	EXP 	Studyslider: autoDraw = True
11.5238 	DATA 	Mouse: Left button down, pos=(362,250)
11.5509 	EXP 	Studyslider: markerPos = np.float64(1.0066666666666666)
11.5664 	EXP 	Studyslider: markerPos = np.float64(1.0066666666666666)
11.5849 	EXP 	Studyslider: markerPos = np.float64(1.0066666666666666)
11.6000 	EXP 	Studyslider: markerPos = np.float64(1.0066666666666666)
11.6168 	EXP 	Studyslider: markerPos = np.float64(1.0066666666666666)
11.6336 	EXP 	Studyslider: markerPos = np.float64(1.0066666666666666)
11.6498 	EXP 	Studyslider: markerPos = np.float64(1.0066666666666666)
11.6677 	EXP 	Studyslider: markerPos = np.float64(1.0066666666666666)
11.6828 	EXP 	Studyslider: markerPos = np.float64(1.0066666666666666)
11.7005 	EXP 	Studyslider: markerPos = np.float64(1.0066666666666666)
11.7166 	EXP 	Studyslider: markerPos = np.float64(1.0066666666666666)
11.7352 	EXP 	Studyslider: markerPos = np.float64(1.0066666666666666)
11.7501 	EXP 	Studyslider: markerPos = np.float64(1.0066666666666666)
11.7511 	DATA 	Mouse:  Left button up, pos=(362,250)
11.7667 	EXP 	Studyslider: markerPos = np.float64(1.0066666666666666)
11.7676 	EXP 	New trial (rep=0, index=7): <Trial 7 (7 in rep 0) data={'study_word': 'phone', 'thisN': 7, 'thisTrialN': 7, 'thisRepN': 0}>
11.7834 	EXP 	StudyText: autoDraw = False
11.7834 	EXP 	Studyslider: autoDraw = False
11.7834 	EXP 	StudyText: height = np.float64(0.05)
11.7834 	EXP 	StudyText: height = np.float64(0.05)
11.7834 	EXP 	StudyText: height = np.float64(0.05)
11.7834 	EXP 	StudyText: text = 'phone'
11.7834 	EXP 	Studyslider: markerPos = None
11.7834 	EXP 	Studyslider: markerPos = None
11.7834 	EXP 	StudyText: autoDraw = True
11.7834 	EXP 	Studyslider: autoDraw = True
12.5183 	DATA 	Mouse: Left button down, pos=(362,250)
12.5340 	EXP 	Studyslider: markerPos = np.float64(1.0066666666666666)
12.5535 	EXP 	Studyslider: markerPos = np.float64(1.0066666666666666)
12.5671 	EXP 	Studyslider: markerPos = np.float64(1.0066666666666666)
12.5854 	EXP 	Studyslider: markerPos = np.float64(1.0066666666666666)
12.6022 	EXP 	Studyslider: markerPos = np.float64(1.0066666666666666)
12.6174 	EXP 	Studyslider: markerPos = np.float64(1.0066666666666666)
12.6348 	EXP 	Studyslider: markerPos = np.float64(1.0066666666666666)
12.6514 	EXP 	Studyslider: markerPos = np.float64(1.0066666666666666)
12.6681 	EXP 	Studyslider: markerPos = np.float64(1.0066666666666666)
12.6856 	EXP 	Studyslider: markerPos = np.float64(1.0066666666666666)
12.7020 	EXP 	Studyslider: markerPos = np.float64(1.0066666666666666)
12.7174 	EXP 	Studyslider: markerPos = np.float64(1.0066666666666666)
12.7355 	EXP 	Studyslider: markerPos = np.float64(1.0066666666666666)
12.7367 	DATA 	Mouse:  Left button up, pos=(362,250)
12.7511 	EXP 	Studyslider: markerPos = np.float64(1.0066666666666666)
12.7524 	EXP 	New trial (rep=0, index=8): <Trial 8 (8 in rep 0) data={'study_word': 'mouse', 'thisN': 8, 'thisTrialN': 8, 'thisRepN': 0}>
12.7677 	EXP 	StudyText: autoDraw = False
12.7677 	EXP 	Studyslider: autoDraw = False
12.7677 	EXP 	StudyText: height = np.float64(0.05)
12.7677 	EXP 	StudyText: height = np.float64(0.05)
12.7677 	EXP 	StudyText: height = np.float64(0.05)
12.7677 	EXP 	StudyText: text = 'mouse'
12.7677 	EXP 	Studyslider: markerPos = None
12.7677 	EXP 	Studyslider: markerPos = None
12.7677 	EXP 	StudyText: autoDraw = True
12.7677 	EXP 	Studyslider: autoDraw = True
13.6200 	DATA 	Mouse: Left button down, pos=(362,250)
13.6353 	EXP 	Studyslider: markerPos = np.float64(1.0066666666666666)
13.6521 	EXP 	Studyslider: markerPos = np.float64(1.0066666666666666)
13.6702 	EXP 	Studyslider: markerPos = np.float64(1.0066666666666666)
13.6849 	EXP 	Studyslider: markerPos = np.float64(1.0066666666666666)
13.7029 	EXP 	Studyslider: markerPos = np.float64(1.0066666666666666)
13.7194 	EXP 	Studyslider: markerPos = np.float64(1.0066666666666666)
13.7361 	EXP 	Studyslider: markerPos = np.float64(1.0066666666666666)
13.7519 	EXP 	Studyslider: markerPos = np.float64(1.0066666666666666)
13.7702 	EXP 	Studyslider: markerPos = np.float64(1.0066666666666666)
13.7864 	EXP 	Studyslider: markerPos = np.float64(1.0066666666666666)
13.8019 	EXP 	Studyslider: markerPos = np.float64(1.0066666666666666)
13.8192 	EXP 	Studyslider: markerPos = np.float64(1.0066666666666666)
13.8357 	EXP 	Studyslider: markerPos = np.float64(1.0066666666666666)
13.8455 	DATA 	Mouse:  Left button up, pos=(362,250)
13.8520 	EXP 	Studyslider: markerPos = np.float64(1.0066666666666666)
13.8685 	EXP 	Studyslider: markerPos = np.float64(1.0066666666666666)
13.8694 	EXP 	New trial (rep=0, index=9): <Trial 9 (9 in rep 0) data={'study_word': 'laptop', 'thisN': 9, 'thisTrialN': 9, 'thisRepN': 0}>
13.8851 	EXP 	StudyText: autoDraw = False
13.8851 	EXP 	Studyslider: autoDraw = False
13.8851 	EXP 	StudyText: height = np.float64(0.05)
13.8851 	EXP 	StudyText: height = np.float64(0.05)
13.8851 	EXP 	StudyText: height = np.float64(0.05)
13.8851 	EXP 	StudyText: text = 'laptop'
13.8851 	EXP 	Studyslider: markerPos = None
13.8851 	EXP 	Studyslider: markerPos = None
13.8851 	EXP 	StudyText: autoDraw = True
13.8851 	EXP 	Studyslider: autoDraw = True
15.1047 	DATA 	Mouse: Left button down, pos=(362,250)
15.1203 	EXP 	Studyslider: markerPos = np.float64(1.0066666666666666)
15.1380 	EXP 	Studyslider: markerPos = np.float64(1.0066666666666666)
15.1538 	EXP 	Studyslider: markerPos = np.float64(1.0066666666666666)
15.1719 	EXP 	Studyslider: markerPos = np.float64(1.0066666666666666)
15.1898 	EXP 	Studyslider: markerPos = np.float64(1.0066666666666666)
15.2041 	EXP 	Studyslider: markerPos = np.float64(1.0066666666666666)
15.2224 	EXP 	Studyslider: markerPos = np.float64(1.0066666666666666)
15.2375 	EXP 	Studyslider: markerPos = np.float64(1.0066666666666666)
15.2536 	EXP 	Studyslider: markerPos = np.float64(1.0066666666666666)
15.2721 	EXP 	Studyslider: markerPos = np.float64(1.0066666666666666)
15.2880 	EXP 	Studyslider: markerPos = np.float64(1.0066666666666666)
15.3039 	EXP 	Studyslider: markerPos = np.float64(1.0066666666666666)
15.3202 	EXP 	Studyslider: markerPos = np.float64(1.0066666666666666)
15.3215 	DATA 	Mouse:  Left button up, pos=(362,250)
15.3390 	EXP 	Studyslider: markerPos = np.float64(1.0066666666666666)
15.3400 	EXP 	New trial (rep=0, index=10): <Trial 10 (10 in rep 0) data={'study_word': 'marble', 'thisN': 10, 'thisTrialN': 10, 'thisRepN': 0}>
15.3538 	EXP 	StudyText: autoDraw = False
15.3538 	EXP 	Studyslider: autoDraw = False
15.3538 	EXP 	StudyText: height = np.float64(0.05)
15.3538 	EXP 	StudyText: height = np.float64(0.05)
15.3538 	EXP 	StudyText: height = np.float64(0.05)
15.3538 	EXP 	StudyText: text = 'marble'
15.3538 	EXP 	Studyslider: markerPos = None
15.3538 	EXP 	Studyslider: markerPos = None
15.3538 	EXP 	StudyText: autoDraw = True
15.3538 	EXP 	Studyslider: autoDraw = True
16.0558 	DATA 	Mouse: Left button down, pos=(362,250)
16.0714 	EXP 	Studyslider: markerPos = np.float64(1.0066666666666666)
16.0882 	EXP 	Studyslider: markerPos = np.float64(1.0066666666666666)
16.1042 	EXP 	Studyslider: markerPos = np.float64(1.0066666666666666)
16.1223 	EXP 	Studyslider: markerPos = np.float64(1.0066666666666666)
16.1376 	EXP 	Studyslider: markerPos = np.float64(1.0066666666666666)
16.1554 	EXP 	Studyslider: markerPos = np.float64(1.0066666666666666)
16.1715 	EXP 	Studyslider: markerPos = np.float64(1.0066666666666666)
16.1898 	EXP 	Studyslider: markerPos = np.float64(1.0066666666666666)
16.2046 	EXP 	Studyslider: markerPos = np.float64(1.0066666666666666)
16.2218 	EXP 	Studyslider: markerPos = np.float64(1.0066666666666666)
16.2381 	EXP 	Studyslider: markerPos = np.float64(1.0066666666666666)
16.2549 	EXP 	Studyslider: markerPos = np.float64(1.0066666666666666)
16.2716 	EXP 	Studyslider: markerPos = np.float64(1.0066666666666666)
16.2728 	DATA 	Mouse:  Left button up, pos=(362,250)
16.2877 	EXP 	Studyslider: markerPos = np.float64(1.0066666666666666)
16.2889 	EXP 	New trial (rep=0, index=11): <Trial 11 (11 in rep 0) data={'study_word': 'case', 'thisN': 11, 'thisTrialN': 11, 'thisRepN': 0}>
16.3044 	EXP 	StudyText: autoDraw = False
16.3044 	EXP 	Studyslider: autoDraw = False
16.3044 	EXP 	StudyText: height = np.float64(0.05)
16.3044 	EXP 	StudyText: height = np.float64(0.05)
16.3044 	EXP 	StudyText: height = np.float64(0.05)
16.3044 	EXP 	StudyText: text = 'case'
16.3044 	EXP 	Studyslider: markerPos = None
16.3044 	EXP 	Studyslider: markerPos = None
16.3044 	EXP 	StudyText: autoDraw = True
16.3044 	EXP 	Studyslider: autoDraw = True
17.0787 	DATA 	Mouse: Left button down, pos=(362,250)
17.1059 	EXP 	Studyslider: markerPos = np.float64(1.0066666666666666)
17.1227 	EXP 	Studyslider: markerPos = np.float64(1.0066666666666666)
17.1405 	EXP 	Studyslider: markerPos = np.float64(1.0066666666666666)
17.1565 	EXP 	Studyslider: markerPos = np.float64(1.0066666666666666)
17.1734 	EXP 	Studyslider: markerPos = np.float64(1.0066666666666666)
17.1891 	EXP 	Studyslider: markerPos = np.float64(1.0066666666666666)
17.2067 	EXP 	Studyslider: markerPos = np.float64(1.0066666666666666)
17.2225 	EXP 	Studyslider: markerPos = np.float64(1.0066666666666666)
17.2411 	EXP 	Studyslider: markerPos = np.float64(1.0066666666666666)
17.2571 	EXP 	Studyslider: markerPos = np.float64(1.0066666666666666)
17.2728 	EXP 	Studyslider: markerPos = np.float64(1.0066666666666666)
17.2917 	EXP 	Studyslider: markerPos = np.float64(1.0066666666666666)
17.3060 	EXP 	Studyslider: markerPos = np.float64(1.0066666666666666)
17.3136 	DATA 	Mouse:  Left button up, pos=(362,250)
17.3246 	EXP 	Studyslider: markerPos = np.float64(1.0066666666666666)
17.3390 	EXP 	Studyslider: markerPos = np.float64(1.0066666666666666)
17.3398 	EXP 	New trial (rep=0, index=12): <Trial 12 (12 in rep 0) data={'study_word': 'cruise', 'thisN': 12, 'thisTrialN': 12, 'thisRepN': 0}>
17.3568 	EXP 	StudyText: autoDraw = False
17.3568 	EXP 	Studyslider: autoDraw = False
17.3568 	EXP 	StudyText: height = np.float64(0.05)
17.3568 	EXP 	StudyText: height = np.float64(0.05)
17.3568 	EXP 	StudyText: height = np.float64(0.05)
17.3568 	EXP 	StudyText: text = 'cruise'
17.3568 	EXP 	Studyslider: markerPos = None
17.3568 	EXP 	Studyslider: markerPos = None
17.3568 	EXP 	StudyText: autoDraw = True
17.3568 	EXP 	Studyslider: autoDraw = True
18.2254 	DATA 	Mouse: Left button down, pos=(362,250)
18.2400 	EXP 	Studyslider: markerPos = np.float64(1.0066666666666666)
18.2568 	EXP 	Studyslider: markerPos = np.float64(1.0066666666666666)
18.2746 	EXP 	Studyslider: markerPos = np.float64(1.0066666666666666)
18.2925 	EXP 	Studyslider: markerPos = np.float64(1.0066666666666666)
18.3072 	EXP 	Studyslider: markerPos = np.float64(1.0066666666666666)
18.3259 	EXP 	Studyslider: markerPos = np.float64(1.0066666666666666)
18.3406 	EXP 	Studyslider: markerPos = np.float64(1.0066666666666666)
18.3579 	EXP 	Studyslider: markerPos = np.float64(1.0066666666666666)
18.3743 	EXP 	Studyslider: markerPos = np.float64(1.0066666666666666)
18.3917 	EXP 	Studyslider: markerPos = np.float64(1.0066666666666666)
18.4080 	EXP 	Studyslider: markerPos = np.float64(1.0066666666666666)
18.4239 	EXP 	Studyslider: markerPos = np.float64(1.0066666666666666)
18.4421 	EXP 	Studyslider: markerPos = np.float64(1.0066666666666666)
18.4435 	DATA 	Mouse:  Left button up, pos=(362,250)
18.4571 	EXP 	Studyslider: markerPos = np.float64(1.0066666666666666)
18.4581 	EXP 	New trial (rep=0, index=13): <Trial 13 (13 in rep 0) data={'study_word': 'board', 'thisN': 13, 'thisTrialN': 13, 'thisRepN': 0}>
18.4739 	EXP 	StudyText: autoDraw = False
18.4739 	EXP 	Studyslider: autoDraw = False
18.4739 	EXP 	StudyText: height = np.float64(0.05)
18.4739 	EXP 	StudyText: height = np.float64(0.05)
18.4739 	EXP 	StudyText: height = np.float64(0.05)
18.4739 	EXP 	StudyText: text = 'board'
18.4739 	EXP 	Studyslider: markerPos = None
18.4739 	EXP 	Studyslider: markerPos = None
18.4739 	EXP 	StudyText: autoDraw = True
18.4739 	EXP 	Studyslider: autoDraw = True
19.0262 	DATA 	Mouse: Left button down, pos=(362,250)
19.0415 	EXP 	Studyslider: markerPos = np.float64(1.0066666666666666)
19.0575 	EXP 	Studyslider: markerPos = np.float64(1.0066666666666666)
19.0764 	EXP 	Studyslider: markerPos = np.float64(1.0066666666666666)
19.0913 	EXP 	Studyslider: markerPos = np.float64(1.0066666666666666)
19.1076 	EXP 	Studyslider: markerPos = np.float64(1.0066666666666666)
19.1250 	EXP 	Studyslider: markerPos = np.float64(1.0066666666666666)
19.1411 	EXP 	Studyslider: markerPos = np.float64(1.0066666666666666)
19.1586 	EXP 	Studyslider: markerPos = np.float64(1.0066666666666666)
19.1748 	EXP 	Studyslider: markerPos = np.float64(1.0066666666666666)
19.1932 	EXP 	Studyslider: markerPos = np.float64(1.0066666666666666)
19.2087 	EXP 	Studyslider: markerPos = np.float64(1.0066666666666666)
19.2255 	EXP 	Studyslider: markerPos = np.float64(1.0066666666666666)
19.2447 	EXP 	Studyslider: markerPos = np.float64(1.0066666666666666)
19.2511 	DATA 	Mouse:  Left button up, pos=(362,250)
19.2577 	EXP 	Studyslider: markerPos = np.float64(1.0066666666666666)
19.2766 	EXP 	Studyslider: markerPos = np.float64(1.0066666666666666)
19.2775 	EXP 	New trial (rep=0, index=14): <Trial 14 (14 in rep 0) data={'study_word': 'book', 'thisN': 14, 'thisTrialN': 14, 'thisRepN': 0}>
19.2912 	EXP 	StudyText: autoDraw = False
19.2912 	EXP 	Studyslider: autoDraw = False
19.2912 	EXP 	StudyText: height = np.float64(0.05)
19.2912 	EXP 	StudyText: height = np.float64(0.05)
19.2912 	EXP 	StudyText: height = np.float64(0.05)
19.2912 	EXP 	StudyText: text = 'book'
19.2912 	EXP 	Studyslider: markerPos = None
19.2912 	EXP 	Studyslider: markerPos = None
19.2912 	EXP 	StudyText: autoDraw = True
19.2912 	EXP 	Studyslider: autoDraw = True
20.3640 	DATA 	Mouse: Left button down, pos=(362,250)
20.3764 	EXP 	Studyslider: markerPos = np.float64(1.0066666666666666)
20.3928 	EXP 	Studyslider: markerPos = np.float64(1.0066666666666666)
20.4103 	EXP 	Studyslider: markerPos = np.float64(1.0066666666666666)
20.4256 	EXP 	Studyslider: markerPos = np.float64(1.0066666666666666)
20.4438 	EXP 	Studyslider: markerPos = np.float64(1.0066666666666666)
20.4600 	EXP 	Studyslider: markerPos = np.float64(1.0066666666666666)
20.4756 	EXP 	Studyslider: markerPos = np.float64(1.0066666666666666)
20.4928 	EXP 	Studyslider: markerPos = np.float64(1.0066666666666666)
20.5126 	EXP 	Studyslider: markerPos = np.float64(1.0066666666666666)
20.5261 	EXP 	Studyslider: markerPos = np.float64(1.0066666666666666)
20.5433 	EXP 	Studyslider: markerPos = np.float64(1.0066666666666666)
20.5597 	EXP 	Studyslider: markerPos = np.float64(1.0066666666666666)
20.5680 	DATA 	Mouse:  Left button up, pos=(362,250)
20.5769 	EXP 	Studyslider: markerPos = np.float64(1.0066666666666666)
20.5934 	EXP 	Studyslider: markerPos = np.float64(1.0066666666666666)
20.5987 	EXP 	Imported test_words.csv as conditions, 20 conditions, 3 params
20.5990 	EXP 	New trial (rep=0, index=0): <Trial 0 (0 in rep 0) data={'test_words': 'p_nc_l', 'reference': 'pencil', 'old_new': 'new', 'thisN': 0, 'thisTrialN': 0, 'thisRepN': 0}>
20.6114 	EXP 	StudyText: autoDraw = False
20.6114 	EXP 	Studyslider: autoDraw = False
20.6114 	EXP 	Testtext: height = np.float64(0.05)
20.6114 	EXP 	Testtext: height = np.float64(0.05)
20.6114 	EXP 	Testtext: height = np.float64(0.05)
20.6114 	EXP 	Testtext: text = 'p_nc_l'
20.6114 	EXP 	Testtext: autoDraw = True
20.6114 	EXP 	test_textbox: autoDraw = True
20.6114 	EXP 	text: autoDraw = True
26.5746 	DATA 	Keypress: r
26.6014 	EXP 	Device response: <KeyPress from None: t=26.571858000010252, value=r, duration=None>
26.8000 	EXP 	Device response: <KeyPress from None: t=26.571858000010252, value=r, duration=0.21734339999966323>
27.8894 	DATA 	Keypress: backspace
27.9021 	EXP 	Device response: <KeyPress from None: t=27.8867912000278, value=backspace, duration=None>
28.0189 	EXP 	Device response: <KeyPress from None: t=27.8867912000278, value=backspace, duration=0.12779699999373406>
28.6230 	DATA 	Keypress: p
28.6374 	EXP 	Device response: <KeyPress from None: t=28.62218370003393, value=p, duration=None>
28.8038 	EXP 	Device response: <KeyPress from None: t=28.62218370003393, value=p, duration=0.17757289996370673>
28.9062 	DATA 	Keypress: e
28.9076 	EXP 	Device response: <KeyPress from None: t=28.90528110001469, value=e, duration=None>
29.0880 	DATA 	Keypress: n
29.0928 	EXP 	Device response: <KeyPress from None: t=28.90528110001469, value=e, duration=0.1701438999734819>
29.0929 	EXP 	Device response: <KeyPress from None: t=29.086992700002156, value=n, duration=None>
29.2397 	EXP 	Device response: <KeyPress from None: t=29.086992700002156, value=n, duration=0.15139399998588488>
29.2872 	DATA 	Keypress: v
29.2924 	EXP 	Device response: <KeyPress from None: t=29.27867139998125, value=v, duration=None>
29.4046 	DATA 	Keypress: i
29.4082 	EXP 	Device response: <KeyPress from None: t=29.40165050001815, value=i, duration=None>
29.4376 	EXP 	Device response: <KeyPress from None: t=29.27867139998125, value=v, duration=0.14476950000971556>
29.5217 	EXP 	Device response: <KeyPress from None: t=29.40165050001815, value=i, duration=0.11566219996893778>
30.1889 	DATA 	Keypress: backspace
30.1906 	EXP 	Device response: <KeyPress from None: t=30.18337290000636, value=backspace, duration=None>
30.2554 	EXP 	Device response: <KeyPress from None: t=30.18337290000636, value=backspace, duration=0.056688299984671175>
30.3409 	DATA 	Keypress: backspace
30.3561 	EXP 	Device response: <KeyPress from None: t=30.340482600033283, value=backspace, duration=None>
30.4399 	EXP 	Device response: <KeyPress from None: t=30.340482600033283, value=backspace, duration=0.08802609995473176>
30.5555 	DATA 	Keypress: c
30.5603 	EXP 	Device response: <KeyPress from None: t=30.551382799982093, value=c, duration=None>
30.6234 	EXP 	Testtext: autoDraw = False
30.7748 	EXP 	Device response: <KeyPress from None: t=30.551382799982093, value=c, duration=0.22068480000598356>
30.9406 	DATA 	Keypress: i
30.9423 	EXP 	Device response: <KeyPress from None: t=30.930033100012224, value=i, duration=None>
31.0736 	EXP 	Device response: <KeyPress from None: t=30.930033100012224, value=i, duration=0.13554950000252575>
31.2398 	DATA 	Keypress: l
31.2450 	EXP 	Device response: <KeyPress from None: t=31.226627000025474, value=l, duration=None>
31.4088 	EXP 	Device response: <KeyPress from None: t=31.226627000025474, value=l, duration=0.168484499969054>
33.0250 	DATA 	Keypress: return
33.0267 	EXP 	Device response: <KeyPress from None: t=33.01977800001623, value=return, duration=None>
33.2080 	EXP 	Device response: <KeyPress from None: t=33.01977800001623, value=return, duration=0.17581869999412447>
34.0114 	DATA 	Mouse: Left button down, pos=(1064,258)
34.0136 	EXP 	New trial (rep=0, index=1): <Trial 1 (1 in rep 0) data={'test_words': 'bo_t_e', 'reference': 'bottle', 'old_new': 'new', 'thisN': 1, 'thisTrialN': 1, 'thisRepN': 0}>
34.0308 	EXP 	Testtext: autoDraw = False
34.0308 	EXP 	test_textbox: autoDraw = False
34.0308 	EXP 	text: autoDraw = False
34.0308 	EXP 	Testtext: height = np.float64(0.05)
34.0308 	EXP 	Testtext: height = np.float64(0.05)
34.0308 	EXP 	Testtext: height = np.float64(0.05)
34.0308 	EXP 	Testtext: text = 'bo_t_e'
34.0308 	EXP 	Testtext: autoDraw = True
34.0308 	EXP 	test_textbox: autoDraw = True
34.0308 	EXP 	text: autoDraw = True
34.2455 	DATA 	Mouse:  Left button up, pos=(1064,258)
35.6267 	DATA 	Keypress: b
35.6315 	EXP 	Device response: <KeyPress from None: t=35.623839600011706, value=b, duration=None>
35.7449 	EXP 	Device response: <KeyPress from None: t=35.623839600011706, value=b, duration=0.11056840000674129>
35.8942 	DATA 	Keypress: o
35.8987 	EXP 	Device response: <KeyPress from None: t=35.89024720003363, value=o, duration=None>
36.0634 	EXP 	Device response: <KeyPress from None: t=35.89024720003363, value=o, duration=0.17089969996595755>
36.2137 	DATA 	Keypress: t
36.2189 	EXP 	Device response: <KeyPress from None: t=36.20132270001341, value=t, duration=None>
36.2796 	EXP 	Device response: <KeyPress from None: t=36.20132270001341, value=t, duration=0.06485309998970479>
36.3479 	DATA 	Keypress: t
36.3613 	EXP 	Device response: <KeyPress from None: t=36.34752260003006, value=t, duration=None>
36.4956 	EXP 	Device response: <KeyPress from None: t=36.34752260003006, value=t, duration=0.14464879996376112>
37.0157 	DATA 	Keypress: l
37.0282 	EXP 	Device response: <KeyPress from None: t=37.01342720002867, value=l, duration=None>
37.1165 	DATA 	Keypress: e
37.1283 	EXP 	Device response: <KeyPress from None: t=37.114528900012374, value=e, duration=None>
37.1459 	EXP 	Device response: <KeyPress from None: t=37.01342720002867, value=l, duration=0.1307441999670118>
37.3321 	EXP 	Device response: <KeyPress from None: t=37.114528900012374, value=e, duration=0.20333970000501722>
38.4985 	DATA 	Mouse: Left button down, pos=(1023,244)
38.4996 	EXP 	New trial (rep=0, index=2): <Trial 2 (2 in rep 0) data={'test_words': 'k_y_', 'reference': 'keys', 'old_new': 'old ', 'thisN': 2, 'thisTrialN': 2, 'thisRepN': 0}>
38.5137 	EXP 	Testtext: autoDraw = False
38.5137 	EXP 	test_textbox: autoDraw = False
38.5137 	EXP 	text: autoDraw = False
38.5137 	EXP 	Testtext: height = np.float64(0.05)
38.5137 	EXP 	Testtext: height = np.float64(0.05)
38.5137 	EXP 	Testtext: height = np.float64(0.05)
38.5137 	EXP 	Testtext: text = 'k_y_'
38.5137 	EXP 	Testtext: autoDraw = True
38.5137 	EXP 	test_textbox: autoDraw = True
38.5137 	EXP 	text: autoDraw = True
38.7194 	DATA 	Mouse:  Left button up, pos=(1023,244)
40.7660 	DATA 	Keypress: k
40.7715 	EXP 	Device response: <KeyPress from None: t=40.762651500001084, value=k, duration=None>
40.9515 	EXP 	Device response: <KeyPress from None: t=40.762651500001084, value=k, duration=0.1879979000077583>
44.5711 	DATA 	Keypress: i
44.5723 	EXP 	Device response: <KeyPress from None: t=44.56952449999517, value=i, duration=None>
44.6877 	EXP 	Device response: <KeyPress from None: t=44.56952449999517, value=i, duration=0.10506610001903027>
45.1935 	DATA 	Keypress: y
45.2053 	EXP 	Device response: <KeyPress from None: t=45.1908090999932, value=y, duration=None>
45.3382 	DATA 	Keypress: l
45.3395 	EXP 	Device response: <KeyPress from None: t=45.33176959998673, value=l, duration=None>
45.3548 	EXP 	Device response: <KeyPress from None: t=45.1908090999932, value=y, duration=0.1527442000224255>
45.5052 	EXP 	Device response: <KeyPress from None: t=45.33176959998673, value=l, duration=0.16196150000905618>
46.5927 	DATA 	Mouse: Left button down, pos=(961,255)
46.6067 	EXP 	New trial (rep=0, index=3): <Trial 3 (3 in rep 0) data={'test_words': '_a_bl_', 'reference': 'marble', 'old_new': 'old ', 'thisN': 3, 'thisTrialN': 3, 'thisRepN': 0}>
46.6224 	EXP 	Testtext: autoDraw = False
46.6224 	EXP 	test_textbox: autoDraw = False
46.6224 	EXP 	text: autoDraw = False
46.6224 	EXP 	Testtext: height = np.float64(0.05)
46.6224 	EXP 	Testtext: height = np.float64(0.05)
46.6224 	EXP 	Testtext: height = np.float64(0.05)
46.6224 	EXP 	Testtext: text = '_a_bl_'
46.6224 	EXP 	Testtext: autoDraw = True
46.6224 	EXP 	test_textbox: autoDraw = True
46.6224 	EXP 	text: autoDraw = True
46.8140 	DATA 	Mouse:  Left button up, pos=(961,255)
48.4957 	DATA 	Keypress: m
48.5080 	EXP 	Device response: <KeyPress from None: t=48.491653300006874, value=m, duration=None>
48.6750 	EXP 	Device response: <KeyPress from None: t=48.491653300006874, value=m, duration=0.16917280002962798>
49.5108 	DATA 	Keypress: a
49.5165 	EXP 	Device response: <KeyPress from None: t=49.500792300037574, value=a, duration=None>
49.6622 	EXP 	Device response: <KeyPress from None: t=49.500792300037574, value=a, duration=0.16014009999344125>
49.8637 	DATA 	Keypress: r
49.8767 	EXP 	Device response: <KeyPress from None: t=49.86117089999607, value=r, duration=None>
50.0282 	EXP 	Device response: <KeyPress from None: t=49.86117089999607, value=r, duration=0.1620165000203997>
50.4452 	DATA 	Keypress: b
50.4468 	EXP 	Device response: <KeyPress from None: t=50.44458970002597, value=b, duration=None>
50.5604 	DATA 	Keypress: l
50.5618 	EXP 	Device response: <KeyPress from None: t=50.555168999999296, value=l, duration=None>
50.5778 	EXP 	Device response: <KeyPress from None: t=50.44458970002597, value=b, duration=0.12350789998890832>
50.7118 	DATA 	Keypress: e
50.7130 	EXP 	Device response: <KeyPress from None: t=50.705509299994446, value=e, duration=None>
50.7291 	EXP 	Device response: <KeyPress from None: t=50.555168999999296, value=l, duration=0.16069460002472624>
50.9131 	EXP 	Device response: <KeyPress from None: t=50.705509299994446, value=e, duration=0.19366630003787577>
52.3133 	DATA 	Mouse: Left button down, pos=(961,261)
52.3145 	EXP 	New trial (rep=0, index=4): <Trial 4 (4 in rep 0) data={'test_words': '_oo_', 'reference': 'book', 'old_new': 'old ', 'thisN': 4, 'thisTrialN': 4, 'thisRepN': 0}>
52.3295 	EXP 	Testtext: autoDraw = False
52.3295 	EXP 	test_textbox: autoDraw = False
52.3295 	EXP 	text: autoDraw = False
52.3295 	EXP 	Testtext: height = np.float64(0.05)
52.3295 	EXP 	Testtext: height = np.float64(0.05)
52.3295 	EXP 	Testtext: height = np.float64(0.05)
52.3295 	EXP 	Testtext: text = '_oo_'
52.3295 	EXP 	Testtext: autoDraw = True
52.3295 	EXP 	test_textbox: autoDraw = True
52.3295 	EXP 	text: autoDraw = True
52.5353 	DATA 	Mouse:  Left button up, pos=(961,261)
55.4559 	DATA 	Keypress: r
55.4649 	EXP 	Device response: <KeyPress from None: t=55.45541290001711, value=r, duration=None>
55.5677 	DATA 	Keypress: o
55.5686 	EXP 	Device response: <KeyPress from None: t=55.567350600031205, value=o, duration=None>
55.5993 	EXP 	Device response: <KeyPress from None: t=55.45541290001711, value=r, duration=0.131056800018996>
55.6675 	EXP 	Device response: <KeyPress from None: t=55.567350600031205, value=o, duration=0.08746809995500371>
55.7162 	DATA 	Keypress: o
55.7176 	EXP 	Device response: <KeyPress from None: t=55.71312249999028, value=o, duration=None>
55.8362 	DATA 	Keypress: t
55.8514 	EXP 	Device response: <KeyPress from None: t=55.835628400032874, value=t, duration=None>
55.8515 	EXP 	Device response: <KeyPress from None: t=55.71312249999028, value=o, duration=0.13711140002124012>
56.0176 	EXP 	Device response: <KeyPress from None: t=55.835628400032874, value=t, duration=0.17677049996564165>
57.7036 	DATA 	Mouse: Left button down, pos=(979,239)
57.7047 	EXP 	New trial (rep=0, index=5): <Trial 5 (5 in rep 0) data={'test_words': '_ho_e', 'reference': 'phone', 'old_new': 'old ', 'thisN': 5, 'thisTrialN': 5, 'thisRepN': 0}>
57.7189 	EXP 	Testtext: autoDraw = False
57.7189 	EXP 	test_textbox: autoDraw = False
57.7189 	EXP 	text: autoDraw = False
57.7189 	EXP 	Testtext: height = np.float64(0.05)
57.7189 	EXP 	Testtext: height = np.float64(0.05)
57.7189 	EXP 	Testtext: height = np.float64(0.05)
57.7189 	EXP 	Testtext: text = '_ho_e'
57.7189 	EXP 	Testtext: autoDraw = True
57.7189 	EXP 	test_textbox: autoDraw = True
57.7189 	EXP 	text: autoDraw = True
57.9233 	DATA 	Mouse:  Left button up, pos=(979,239)
65.1828 	DATA 	Keypress: t
65.1925 	EXP 	Device response: <KeyPress from None: t=65.18210849998286, value=t, duration=None>
65.3275 	EXP 	Device response: <KeyPress from None: t=65.18210849998286, value=t, duration=0.13370400003623217>
65.4773 	DATA 	Keypress: h
65.4784 	EXP 	Device response: <KeyPress from None: t=65.47579549998045, value=h, duration=None>
65.6137 	EXP 	Device response: <KeyPress from None: t=65.47579549998045, value=h, duration=0.13652170001296327>
65.7807 	DATA 	Keypress: r
65.7936 	EXP 	Device response: <KeyPress from None: t=65.77885270002298, value=r, duration=None>
65.9111 	EXP 	Device response: <KeyPress from None: t=65.77885270002298, value=r, duration=0.1298757999902591>
66.8294 	DATA 	Keypress: backspace
66.8311 	EXP 	Device response: <KeyPress from None: t=66.82630740001332, value=backspace, duration=None>
66.9456 	EXP 	Device response: <KeyPress from None: t=66.82630740001332, value=backspace, duration=0.10741060000145808>
67.2616 	DATA 	Keypress: o
67.2629 	EXP 	Device response: <KeyPress from None: t=67.25194129999727, value=o, duration=None>
67.3793 	EXP 	Device response: <KeyPress from None: t=67.25194129999727, value=o, duration=0.12362460000440478>
67.7289 	EXP 	Testtext: autoDraw = False
69.7488 	DATA 	Mouse: Left button down, pos=(989,251)
69.7498 	EXP 	New trial (rep=0, index=6): <Trial 6 (6 in rep 0) data={'test_words': '_o_rd', 'reference': 'board', 'old_new': 'old ', 'thisN': 6, 'thisTrialN': 6, 'thisRepN': 0}>
69.7645 	EXP 	Testtext: autoDraw = False
69.7645 	EXP 	test_textbox: autoDraw = False
69.7645 	EXP 	text: autoDraw = False
69.7645 	EXP 	Testtext: height = np.float64(0.05)
69.7645 	EXP 	Testtext: height = np.float64(0.05)
69.7645 	EXP 	Testtext: height = np.float64(0.05)
69.7645 	EXP 	Testtext: text = '_o_rd'
69.7645 	EXP 	Testtext: autoDraw = True
69.7645 	EXP 	test_textbox: autoDraw = True
69.7645 	EXP 	text: autoDraw = True
69.9651 	DATA 	Mouse:  Left button up, pos=(989,251)
79.7752 	EXP 	Testtext: autoDraw = False
79.9808 	DATA 	Keypress: s
79.9926 	EXP 	Device response: <KeyPress from None: t=79.97747799998615, value=s, duration=None>
80.2098 	EXP 	Device response: <KeyPress from None: t=79.97747799998615, value=s, duration=0.22446300002047792>
81.0109 	DATA 	Keypress: o
81.0122 	EXP 	Device response: <KeyPress from None: t=81.00811090000207, value=o, duration=None>
81.2774 	EXP 	Device response: <KeyPress from None: t=81.00811090000207, value=o, duration=0.25289830000838265>
81.8776 	DATA 	Keypress: w
81.8839 	EXP 	Device response: <KeyPress from None: t=81.87400920002256, value=w, duration=None>
82.0621 	EXP 	Device response: <KeyPress from None: t=81.87400920002256, value=w, duration=0.172413999971468>
82.2122 	DATA 	Keypress: r
82.2135 	EXP 	Device response: <KeyPress from None: t=82.2047603999963, value=r, duration=None>
82.3624 	EXP 	Device response: <KeyPress from None: t=82.2047603999963, value=r, duration=0.15317880001384765>
82.4310 	DATA 	Keypress: d
82.4455 	EXP 	Device response: <KeyPress from None: t=82.42961890000151, value=d, duration=None>
82.6111 	EXP 	Device response: <KeyPress from None: t=82.42961890000151, value=d, duration=0.16736419999506325>
85.1153 	DATA 	Mouse: Left button down, pos=(944,278)
85.3325 	DATA 	Mouse:  Left button up, pos=(944,278)
86.1004 	DATA 	Mouse: Left button down, pos=(954,246)
86.1017 	EXP 	New trial (rep=0, index=7): <Trial 7 (7 in rep 0) data={'test_words': '_ou_e', 'reference': 'mouse', 'old_new': 'old ', 'thisN': 7, 'thisTrialN': 7, 'thisRepN': 0}>
86.1190 	EXP 	Testtext: autoDraw = False
86.1190 	EXP 	test_textbox: autoDraw = False
86.1190 	EXP 	text: autoDraw = False
86.1190 	EXP 	Testtext: height = np.float64(0.05)
86.1190 	EXP 	Testtext: height = np.float64(0.05)
86.1190 	EXP 	Testtext: height = np.float64(0.05)
86.1190 	EXP 	Testtext: text = '_ou_e'
86.1190 	EXP 	Testtext: autoDraw = True
86.1190 	EXP 	test_textbox: autoDraw = True
86.1190 	EXP 	text: autoDraw = True
86.3054 	DATA 	Mouse:  Left button up, pos=(954,246)
87.2178 	DATA 	Keypress: m
87.2188 	EXP 	Device response: <KeyPress from None: t=87.21687440003734, value=m, duration=None>
87.3347 	EXP 	Device response: <KeyPress from None: t=87.21687440003734, value=m, duration=0.11474109999835491>
87.4171 	DATA 	Keypress: o
87.4183 	EXP 	Device response: <KeyPress from None: t=87.40984390000813, value=o, duration=None>
87.5513 	EXP 	Device response: <KeyPress from None: t=87.40984390000813, value=o, duration=0.13095060002524406>
87.6512 	DATA 	Keypress: u
87.6659 	EXP 	Device response: <KeyPress from None: t=87.64664890000131, value=u, duration=None>
87.7547 	DATA 	Keypress: s
87.7685 	EXP 	Device response: <KeyPress from None: t=87.752128800028, value=s, duration=None>
87.7686 	EXP 	Device response: <KeyPress from None: t=87.64664890000131, value=u, duration=0.11795230000279844>
87.8851 	EXP 	Device response: <KeyPress from None: t=87.752128800028, value=s, duration=0.12051759997848421>
87.9516 	DATA 	Keypress: e
87.9529 	EXP 	Device response: <KeyPress from None: t=87.95115460001398, value=e, duration=None>
88.1185 	EXP 	Device response: <KeyPress from None: t=87.95115460001398, value=e, duration=0.15467119996901602>
89.3036 	DATA 	Mouse: Left button down, pos=(991,226)
89.3047 	EXP 	New trial (rep=0, index=8): <Trial 8 (8 in rep 0) data={'test_words': 'c_s_', 'reference': 'case', 'old_new': 'old ', 'thisN': 8, 'thisTrialN': 8, 'thisRepN': 0}>
89.3198 	EXP 	Testtext: autoDraw = False
89.3198 	EXP 	test_textbox: autoDraw = False
89.3198 	EXP 	text: autoDraw = False
89.3198 	EXP 	Testtext: height = np.float64(0.05)
89.3198 	EXP 	Testtext: height = np.float64(0.05)
89.3198 	EXP 	Testtext: height = np.float64(0.05)
89.3198 	EXP 	Testtext: text = 'c_s_'
89.3198 	EXP 	Testtext: autoDraw = True
89.3198 	EXP 	test_textbox: autoDraw = True
89.3198 	EXP 	text: autoDraw = True
89.5266 	DATA 	Mouse:  Left button up, pos=(991,226)
90.6048 	DATA 	Keypress: c
90.6058 	EXP 	Device response: <KeyPress from None: t=90.59349340002518, value=c, duration=None>
90.7578 	DATA 	Keypress: a
90.7710 	EXP 	Device response: <KeyPress from None: t=90.75657239998691, value=a, duration=None>
90.7876 	EXP 	Device response: <KeyPress from None: t=90.59349340002518, value=c, duration=0.1801835999940522>
90.9381 	DATA 	Keypress: s
90.9398 	EXP 	Device response: <KeyPress from None: t=90.93165420001606, value=s, duration=None>
91.0051 	EXP 	Device response: <KeyPress from None: t=90.75657239998691, value=a, duration=0.23581830004695803>
91.0716 	EXP 	Device response: <KeyPress from None: t=90.93165420001606, value=s, duration=0.13880800001788884>
91.1551 	DATA 	Keypress: e
91.1562 	EXP 	Device response: <KeyPress from None: t=91.14857210003538, value=e, duration=None>
91.3061 	EXP 	Device response: <KeyPress from None: t=91.14857210003538, value=e, duration=0.14774599997326732>
93.0250 	DATA 	Mouse: Left button down, pos=(939,271)
93.0261 	EXP 	New trial (rep=0, index=9): <Trial 9 (9 in rep 0) data={'test_words': 'p_st_r', 'reference': 'poster', 'old_new': 'old ', 'thisN': 9, 'thisTrialN': 9, 'thisRepN': 0}>
93.0400 	EXP 	Testtext: autoDraw = False
93.0400 	EXP 	test_textbox: autoDraw = False
93.0400 	EXP 	text: autoDraw = False
93.0400 	EXP 	Testtext: height = np.float64(0.05)
93.0400 	EXP 	Testtext: height = np.float64(0.05)
93.0400 	EXP 	Testtext: height = np.float64(0.05)
93.0400 	EXP 	Testtext: text = 'p_st_r'
93.0400 	EXP 	Testtext: autoDraw = True
93.0400 	EXP 	test_textbox: autoDraw = True
93.0400 	EXP 	text: autoDraw = True
93.2457 	DATA 	Mouse:  Left button up, pos=(939,271)
94.0471 	DATA 	Keypress: p
94.0588 	EXP 	Device response: <KeyPress from None: t=94.0467732999823, value=p, duration=None>
94.1749 	EXP 	Device response: <KeyPress from None: t=94.0467732999823, value=p, duration=0.12487180001335219>
94.2762 	DATA 	Keypress: o
94.2778 	EXP 	Device response: <KeyPress from None: t=94.26343170000473, value=o, duration=None>
94.3585 	EXP 	Device response: <KeyPress from None: t=94.26343170000473, value=o, duration=0.09291379997739568>
94.4084 	DATA 	Keypress: s
94.4096 	EXP 	Device response: <KeyPress from None: t=94.39987259998452, value=s, duration=None>
94.5754 	EXP 	Device response: <KeyPress from None: t=94.39987259998452, value=s, duration=0.16428250004537404>
94.6092 	DATA 	Keypress: t
94.6103 	EXP 	Device response: <KeyPress from None: t=94.60715330002131, value=t, duration=None>
94.7088 	EXP 	Device response: <KeyPress from None: t=94.60715330002131, value=t, duration=0.09854759997688234>
94.7131 	DATA 	Keypress: e
94.7249 	EXP 	Device response: <KeyPress from None: t=94.71140690002358, value=e, duration=None>
94.8093 	DATA 	Keypress: r
94.8107 	EXP 	Device response: <KeyPress from None: t=94.8010661000153, value=r, duration=None>
94.8588 	EXP 	Device response: <KeyPress from None: t=94.71140690002358, value=e, duration=0.14133839996065944>
94.9594 	EXP 	Device response: <KeyPress from None: t=94.8010661000153, value=r, duration=0.14518950000638142>
96.0941 	DATA 	Mouse: Left button down, pos=(955,258)
96.0952 	EXP 	New trial (rep=0, index=10): <Trial 10 (10 in rep 0) data={'test_words': 'c_m_ra', 'reference': 'camera', 'old_new': 'new', 'thisN': 10, 'thisTrialN': 10, 'thisRepN': 0}>
96.1096 	EXP 	Testtext: autoDraw = False
96.1096 	EXP 	test_textbox: autoDraw = False
96.1096 	EXP 	text: autoDraw = False
96.1096 	EXP 	Testtext: height = np.float64(0.05)
96.1096 	EXP 	Testtext: height = np.float64(0.05)
96.1096 	EXP 	Testtext: height = np.float64(0.05)
96.1096 	EXP 	Testtext: text = 'c_m_ra'
96.1096 	EXP 	Testtext: autoDraw = True
96.1096 	EXP 	test_textbox: autoDraw = True
96.1096 	EXP 	text: autoDraw = True
96.3150 	DATA 	Mouse:  Left button up, pos=(955,258)
96.8503 	DATA 	Keypress: c
96.8611 	EXP 	Device response: <KeyPress from None: t=96.84990050003398, value=c, duration=None>
97.0446 	DATA 	Keypress: a
97.0455 	EXP 	Device response: <KeyPress from None: t=96.84990050003398, value=c, duration=0.1799483999493532>
97.0456 	EXP 	Device response: <KeyPress from None: t=97.03676550003001, value=a, duration=None>
97.1620 	EXP 	Device response: <KeyPress from None: t=97.03676550003001, value=a, duration=0.12327019998338073>
97.2450 	DATA 	Keypress: m
97.2462 	EXP 	Device response: <KeyPress from None: t=97.24180309998337, value=m, duration=None>
97.3785 	EXP 	Device response: <KeyPress from None: t=97.24180309998337, value=m, duration=0.1356132000219077>
97.4617 	DATA 	Keypress: t
97.4627 	EXP 	Device response: <KeyPress from None: t=97.45005109999329, value=t, duration=None>
97.5949 	EXP 	Device response: <KeyPress from None: t=97.45005109999329, value=t, duration=0.1301190000376664>
98.3467 	DATA 	Keypress: backspace
98.3480 	EXP 	Device response: <KeyPress from None: t=98.33815389999654, value=backspace, duration=None>
98.4308 	EXP 	Device response: <KeyPress from None: t=98.33815389999654, value=backspace, duration=0.09150139999110252>
98.4494 	DATA 	Keypress: r
98.4625 	EXP 	Device response: <KeyPress from None: t=98.44689479999943, value=r, duration=None>
98.5635 	DATA 	Keypress: t
98.5650 	EXP 	Device response: <KeyPress from None: t=98.5531750000082, value=t, duration=None>
98.6628 	EXP 	Device response: <KeyPress from None: t=98.44689479999943, value=r, duration=0.2028528000228107>
98.7137 	EXP 	Device response: <KeyPress from None: t=98.5531750000082, value=t, duration=0.15748759999405593>
99.0303 	DATA 	Keypress: a
99.0312 	EXP 	Device response: <KeyPress from None: t=99.01837469998281, value=a, duration=None>
99.1306 	EXP 	Device response: <KeyPress from None: t=99.01837469998281, value=a, duration=0.11108010000316426>
99.4146 	DATA 	Keypress: backspace
99.4163 	EXP 	Device response: <KeyPress from None: t=99.40148210001644, value=backspace, duration=None>
99.5141 	EXP 	Device response: <KeyPress from None: t=99.40148210001644, value=backspace, duration=0.1027794000110589>
99.5981 	DATA 	Keypress: backspace
99.5994 	EXP 	Device response: <KeyPress from None: t=99.58412310003769, value=backspace, duration=None>
99.6974 	EXP 	Device response: <KeyPress from None: t=99.58412310003769, value=backspace, duration=0.09701849997509271>
99.7475 	DATA 	Keypress: backspace
99.7485 	EXP 	Device response: <KeyPress from None: t=99.74441400001524, value=backspace, duration=None>
99.8310 	EXP 	Device response: <KeyPress from None: t=99.74441400001524, value=backspace, duration=0.07802800001809373>
99.9645 	DATA 	Keypress: e
99.9655 	EXP 	Device response: <KeyPress from None: t=99.95190879999427, value=e, duration=None>
100.0814 	DATA 	Keypress: r
100.0827 	EXP 	Device response: <KeyPress from None: t=100.07215550000547, value=r, duration=None>
100.1480 	EXP 	Device response: <KeyPress from None: t=99.95190879999427, value=e, duration=0.17989190004300326>
100.2490 	EXP 	Device response: <KeyPress from None: t=100.07215550000547, value=r, duration=0.16629159997683018>
100.3311 	DATA 	Keypress: a
100.3324 	EXP 	Device response: <KeyPress from None: t=100.32917460001772, value=a, duration=None>
100.5819 	EXP 	Device response: <KeyPress from None: t=100.32917460001772, value=a, duration=0.2409091999870725>
101.6510 	DATA 	Mouse: Left button down, pos=(978,240)
101.6521 	EXP 	New trial (rep=0, index=11): <Trial 11 (11 in rep 0) data={'test_words': 'p_s_ry', 'reference': 'pastry', 'old_new': 'old ', 'thisN': 11, 'thisTrialN': 11, 'thisRepN': 0}>
101.6658 	EXP 	Testtext: autoDraw = False
101.6658 	EXP 	test_textbox: autoDraw = False
101.6658 	EXP 	text: autoDraw = False
101.6658 	EXP 	Testtext: height = np.float64(0.05)
101.6658 	EXP 	Testtext: height = np.float64(0.05)
101.6658 	EXP 	Testtext: height = np.float64(0.05)
101.6658 	EXP 	Testtext: text = 'p_s_ry'
101.6658 	EXP 	Testtext: autoDraw = True
101.6658 	EXP 	test_textbox: autoDraw = True
101.6658 	EXP 	text: autoDraw = True
101.8734 	DATA 	Mouse:  Left button up, pos=(978,240)
102.6681 	DATA 	Keypress: p
102.6692 	EXP 	Device response: <KeyPress from None: t=102.65955400001258, value=p, duration=None>
102.7841 	DATA 	Keypress: a
102.7851 	EXP 	Device response: <KeyPress from None: t=102.65955400001258, value=p, duration=0.10884629999054596>
102.7851 	EXP 	Device response: <KeyPress from None: t=102.7736418999848, value=a, duration=None>
102.8512 	DATA 	Keypress: s
102.8522 	EXP 	Device response: <KeyPress from None: t=102.84249790001195, value=s, duration=None>
102.9863 	EXP 	Device response: <KeyPress from None: t=102.7736418999848, value=a, duration=0.2003506000037305>
103.0678 	EXP 	Device response: <KeyPress from None: t=102.84249790001195, value=s, duration=0.21367329999338835>
103.1516 	DATA 	Keypress: t
103.1532 	EXP 	Device response: <KeyPress from None: t=103.14986040000804, value=t, duration=None>
103.2355 	EXP 	Device response: <KeyPress from None: t=103.14986040000804, value=t, duration=0.08156339998822659>
103.2683 	DATA 	Keypress: r
103.2697 	EXP 	Device response: <KeyPress from None: t=103.26482540002326, value=r, duration=None>
103.3888 	DATA 	Keypress: y
103.4014 	EXP 	Device response: <KeyPress from None: t=103.38568649999797, value=y, duration=None>
103.4191 	EXP 	Device response: <KeyPress from None: t=103.26482540002326, value=r, duration=0.1505481000058353>
103.4855 	EXP 	Device response: <KeyPress from None: t=103.38568649999797, value=y, duration=0.09264220000477508>
104.7877 	DATA 	Mouse: Left button down, pos=(969,235)
104.7889 	EXP 	New trial (rep=0, index=12): <Trial 12 (12 in rep 0) data={'test_words': 'l_pt_p', 'reference': 'laptop', 'old_new': 'old ', 'thisN': 12, 'thisTrialN': 12, 'thisRepN': 0}>
104.8027 	EXP 	Testtext: autoDraw = False
104.8027 	EXP 	test_textbox: autoDraw = False
104.8027 	EXP 	text: autoDraw = False
104.8027 	EXP 	Testtext: height = np.float64(0.05)
104.8027 	EXP 	Testtext: height = np.float64(0.05)
104.8027 	EXP 	Testtext: height = np.float64(0.05)
104.8027 	EXP 	Testtext: text = 'l_pt_p'
104.8027 	EXP 	Testtext: autoDraw = True
104.8027 	EXP 	test_textbox: autoDraw = True
104.8027 	EXP 	text: autoDraw = True
105.0202 	DATA 	Mouse:  Left button up, pos=(969,235)
105.9926 	DATA 	Keypress: l
106.0043 	EXP 	Device response: <KeyPress from None: t=105.98799450002844, value=l, duration=None>
106.0884 	DATA 	Keypress: a
106.0897 	EXP 	Device response: <KeyPress from None: t=106.07998350000707, value=a, duration=None>
106.1210 	EXP 	Device response: <KeyPress from None: t=105.98799450002844, value=l, duration=0.1171747999615036>
106.2383 	EXP 	Device response: <KeyPress from None: t=106.07998350000707, value=a, duration=0.15748260001419112>
106.2880 	DATA 	Keypress: p
106.2891 	EXP 	Device response: <KeyPress from None: t=106.2785356999957, value=p, duration=None>
106.4213 	EXP 	Device response: <KeyPress from None: t=106.2785356999957, value=p, duration=0.12808390002464876>
106.5546 	DATA 	Keypress: t
106.5556 	EXP 	Device response: <KeyPress from None: t=106.54834009998012, value=t, duration=None>
106.6584 	DATA 	Keypress: o
106.6719 	EXP 	Device response: <KeyPress from None: t=106.65770129999146, value=o, duration=None>
106.6885 	EXP 	Device response: <KeyPress from None: t=106.54834009998012, value=t, duration=0.12477860000217333>
106.7381 	EXP 	Device response: <KeyPress from None: t=106.65770129999146, value=o, duration=0.06653579999692738>
106.8223 	DATA 	Keypress: p
106.8234 	EXP 	Device response: <KeyPress from None: t=106.81348559999606, value=p, duration=None>
106.9222 	EXP 	Device response: <KeyPress from None: t=106.81348559999606, value=p, duration=0.09828830003971234>
108.1236 	DATA 	Mouse: Left button down, pos=(942,228)
108.1246 	EXP 	New trial (rep=0, index=13): <Trial 13 (13 in rep 0) data={'test_words': '_ru_se', 'reference': 'cruise', 'old_new': 'old ', 'thisN': 13, 'thisTrialN': 13, 'thisRepN': 0}>
108.1394 	EXP 	Testtext: autoDraw = False
108.1394 	EXP 	test_textbox: autoDraw = False
108.1394 	EXP 	text: autoDraw = False
108.1394 	EXP 	Testtext: height = np.float64(0.05)
108.1394 	EXP 	Testtext: height = np.float64(0.05)
108.1394 	EXP 	Testtext: height = np.float64(0.05)
108.1394 	EXP 	Testtext: text = '_ru_se'
108.1394 	EXP 	Testtext: autoDraw = True
108.1394 	EXP 	test_textbox: autoDraw = True
108.1394 	EXP 	text: autoDraw = True
108.3404 	DATA 	Mouse:  Left button up, pos=(942,228)
109.7086 	DATA 	Keypress: c
109.7097 	EXP 	Device response: <KeyPress from None: t=109.70348189998185, value=c, duration=None>
109.8587 	EXP 	Device response: <KeyPress from None: t=109.70348189998185, value=c, duration=0.15250940003897995>
110.0252 	DATA 	Keypress: r
110.0261 	EXP 	Device response: <KeyPress from None: t=110.01881360000698, value=r, duration=None>
110.1919 	EXP 	Device response: <KeyPress from None: t=110.01881360000698, value=r, duration=0.1584214000031352>
110.2261 	DATA 	Keypress: u
110.2275 	EXP 	Device response: <KeyPress from None: t=110.21579420001945, value=u, duration=None>
110.3102 	EXP 	Device response: <KeyPress from None: t=110.21579420001945, value=u, duration=0.08043129998259246>
110.3926 	DATA 	Keypress: i
110.3938 	EXP 	Device response: <KeyPress from None: t=110.38925110001583, value=i, duration=None>
110.5099 	DATA 	Keypress: s
110.5109 	EXP 	Device response: <KeyPress from None: t=110.38925110001583, value=i, duration=0.1076302999863401>
110.5110 	EXP 	Device response: <KeyPress from None: t=110.50382199999876, value=s, duration=None>
110.6106 	EXP 	Device response: <KeyPress from None: t=110.50382199999876, value=s, duration=0.09449019999010488>
110.6765 	DATA 	Keypress: e
110.6779 	EXP 	Device response: <KeyPress from None: t=110.66607269999804, value=e, duration=None>
110.8111 	EXP 	Device response: <KeyPress from None: t=110.66607269999804, value=e, duration=0.13707970001269132>
111.8281 	DATA 	Mouse: Left button down, pos=(963,257)
111.8294 	EXP 	New trial (rep=0, index=14): <Trial 14 (14 in rep 0) data={'test_words': 't_hi_t', 'reference': 'tshirt', 'old_new': 'old ', 'thisN': 14, 'thisTrialN': 14, 'thisRepN': 0}>
111.8448 	EXP 	Testtext: autoDraw = False
111.8448 	EXP 	test_textbox: autoDraw = False
111.8448 	EXP 	text: autoDraw = False
111.8448 	EXP 	Testtext: height = np.float64(0.05)
111.8448 	EXP 	Testtext: height = np.float64(0.05)
111.8448 	EXP 	Testtext: height = np.float64(0.05)
111.8448 	EXP 	Testtext: text = 't_hi_t'
111.8448 	EXP 	Testtext: autoDraw = True
111.8448 	EXP 	test_textbox: autoDraw = True
111.8448 	EXP 	text: autoDraw = True
112.0456 	DATA 	Mouse:  Left button up, pos=(963,257)
116.6179 	DATA 	Keypress: t
116.6190 	EXP 	Device response: <KeyPress from None: t=116.6140810000361, value=t, duration=None>
116.7678 	EXP 	Device response: <KeyPress from None: t=116.6140810000361, value=t, duration=0.138273999968078>
116.8839 	DATA 	Keypress: r
116.8854 	EXP 	Device response: <KeyPress from None: t=116.88148700003512, value=r, duration=None>
117.0670 	EXP 	Device response: <KeyPress from None: t=116.88148700003512, value=r, duration=0.17122989997733384>
117.3880 	DATA 	Keypress: h
117.4006 	EXP 	Device response: <KeyPress from None: t=117.38701900001615, value=h, duration=None>
117.6000 	EXP 	Device response: <KeyPress from None: t=117.38701900001615, value=h, duration=0.19839899998623878>
117.7541 	DATA 	Keypress: i
117.7669 	EXP 	Device response: <KeyPress from None: t=117.75227619998623, value=i, duration=None>
118.0009 	DATA 	Keypress: t
118.0024 	EXP 	Device response: <KeyPress from None: t=117.75227619998623, value=i, duration=0.23306680005043745>
118.0024 	EXP 	Device response: <KeyPress from None: t=117.99208190001082, value=t, duration=None>
118.2185 	EXP 	Device response: <KeyPress from None: t=117.99208190001082, value=t, duration=0.22050459997262806>
119.2871 	DATA 	Keypress: backspace
119.2889 	EXP 	Device response: <KeyPress from None: t=119.27636980003444, value=backspace, duration=None>
119.4713 	EXP 	Device response: <KeyPress from None: t=119.27636980003444, value=backspace, duration=0.19173459999728948>
119.5528 	DATA 	Keypress: backspace
119.5539 	EXP 	Device response: <KeyPress from None: t=119.543446900032, value=backspace, duration=None>
119.7520 	EXP 	Device response: <KeyPress from None: t=119.543446900032, value=backspace, duration=0.1963846999569796>
119.8037 	DATA 	Keypress: backspace
119.8052 	EXP 	Device response: <KeyPress from None: t=119.80178620002698, value=backspace, duration=None>
119.9699 	EXP 	Device response: <KeyPress from None: t=119.80178620002698, value=backspace, duration=0.15670029999455437>
120.0371 	DATA 	Keypress: backspace
120.0384 	EXP 	Device response: <KeyPress from None: t=120.03669410001021, value=backspace, duration=None>
120.2205 	EXP 	Device response: <KeyPress from None: t=120.03669410001021, value=backspace, duration=0.17284100002143532>
121.8545 	EXP 	Testtext: autoDraw = False
122.4784 	DATA 	Mouse: Left button down, pos=(920,253)
122.4908 	EXP 	New trial (rep=0, index=15): <Trial 15 (15 in rep 0) data={'test_words': '_ha_t', 'reference': 'chart', 'old_new': 'old ', 'thisN': 15, 'thisTrialN': 15, 'thisRepN': 0}>
122.5054 	EXP 	Testtext: autoDraw = False
122.5054 	EXP 	test_textbox: autoDraw = False
122.5054 	EXP 	text: autoDraw = False
122.5054 	EXP 	Testtext: height = np.float64(0.05)
122.5054 	EXP 	Testtext: height = np.float64(0.05)
122.5054 	EXP 	Testtext: height = np.float64(0.05)
122.5054 	EXP 	Testtext: text = '_ha_t'
122.5054 	EXP 	Testtext: autoDraw = True
122.5054 	EXP 	test_textbox: autoDraw = True
122.5054 	EXP 	text: autoDraw = True
122.7066 	DATA 	Mouse:  Left button up, pos=(920,253)
129.2805 	DATA 	Keypress: c
129.2812 	EXP 	Device response: <KeyPress from None: t=129.26900020003086, value=c, duration=None>
129.4471 	DATA 	Keypress: h
129.4481 	EXP 	Device response: <KeyPress from None: t=129.44628010003362, value=h, duration=None>
129.4970 	EXP 	Device response: <KeyPress from None: t=129.26900020003086, value=c, duration=0.21735439996700734>
129.6314 	EXP 	Device response: <KeyPress from None: t=129.44628010003362, value=h, duration=0.18171409994829446>
129.8155 	DATA 	Keypress: a
129.8167 	EXP 	Device response: <KeyPress from None: t=129.80468499998096, value=a, duration=None>
129.9163 	EXP 	Device response: <KeyPress from None: t=129.80468499998096, value=a, duration=0.09546200005570427>
129.9987 	DATA 	Keypress: a
130.0001 	EXP 	Device response: <KeyPress from None: t=129.99762999999803, value=a, duration=None>
130.0978 	DATA 	Keypress: t
130.0992 	EXP 	Device response: <KeyPress from None: t=130.08639710000716, value=t, duration=None>
130.1307 	EXP 	Device response: <KeyPress from None: t=129.99762999999803, value=a, duration=0.11818220000714064>
130.2140 	EXP 	Device response: <KeyPress from None: t=130.08639710000716, value=t, duration=0.11371599999256432>
131.6845 	DATA 	Mouse: Left button down, pos=(943,233)
131.6852 	EXP 	New trial (rep=0, index=16): <Trial 16 (16 in rep 0) data={'test_words': 'P_li_e', 'reference': 'police', 'old_new': 'old ', 'thisN': 16, 'thisTrialN': 16, 'thisRepN': 0}>
131.6994 	EXP 	Testtext: autoDraw = False
131.6994 	EXP 	test_textbox: autoDraw = False
131.6994 	EXP 	text: autoDraw = False
131.6994 	EXP 	Testtext: height = np.float64(0.05)
131.6994 	EXP 	Testtext: height = np.float64(0.05)
131.6994 	EXP 	Testtext: height = np.float64(0.05)
131.6994 	EXP 	Testtext: text = 'P_li_e'
131.6994 	EXP 	Testtext: autoDraw = True
131.6994 	EXP 	test_textbox: autoDraw = True
131.6994 	EXP 	text: autoDraw = True
131.9055 	DATA 	Mouse:  Left button up, pos=(943,233)
132.7059 	DATA 	Keypress: p
132.7171 	EXP 	Device response: <KeyPress from None: t=132.7055613999837, value=p, duration=None>
132.8869 	EXP 	Device response: <KeyPress from None: t=132.7055613999837, value=p, duration=0.16969030001200736>
133.3021 	DATA 	Keypress: o
133.3031 	EXP 	Device response: <KeyPress from None: t=133.287019099982, value=o, duration=None>
133.4354 	EXP 	Device response: <KeyPress from None: t=133.287019099982, value=o, duration=0.13259200000902638>
133.5580 	DATA 	Keypress: l
133.5675 	EXP 	Device response: <KeyPress from None: t=133.55625600001076, value=l, duration=None>
133.6857 	EXP 	Device response: <KeyPress from None: t=133.55625600001076, value=l, duration=0.11524720001034439>
133.8702 	DATA 	Keypress: i
133.8715 	EXP 	Device response: <KeyPress from None: t=133.86340660002315, value=i, duration=None>
133.9540 	DATA 	Keypress: c
133.9557 	EXP 	Device response: <KeyPress from None: t=133.95301150000887, value=c, duration=None>
133.9857 	EXP 	Device response: <KeyPress from None: t=133.86340660002315, value=i, duration=0.10663140000542626>
134.1198 	EXP 	Device response: <KeyPress from None: t=133.95301150000887, value=c, duration=0.1507269999710843>
134.1879 	DATA 	Keypress: r
134.1892 	EXP 	Device response: <KeyPress from None: t=134.17862810002407, value=r, duration=None>
134.3213 	EXP 	Device response: <KeyPress from None: t=134.17862810002407, value=r, duration=0.13971029996173456>
135.3871 	DATA 	Keypress: backspace
135.3883 	EXP 	Device response: <KeyPress from None: t=135.38269100000616, value=backspace, duration=None>
135.5044 	EXP 	Device response: <KeyPress from None: t=135.38269100000616, value=backspace, duration=0.11596409999765456>
135.6365 	DATA 	Keypress: e
135.6376 	EXP 	Device response: <KeyPress from None: t=135.62595319998218, value=e, duration=None>
135.7537 	EXP 	Device response: <KeyPress from None: t=135.62595319998218, value=e, duration=0.11290400003781542>
137.8101 	DATA 	Mouse: Left button down, pos=(992,237)
137.8240 	EXP 	New trial (rep=0, index=17): <Trial 17 (17 in rep 0) data={'test_words': 'ta_l_', 'reference': 'table', 'old_new': 'new', 'thisN': 17, 'thisTrialN': 17, 'thisRepN': 0}>
137.8394 	EXP 	Testtext: autoDraw = False
137.8394 	EXP 	test_textbox: autoDraw = False
137.8394 	EXP 	text: autoDraw = False
137.8394 	EXP 	Testtext: height = np.float64(0.05)
137.8394 	EXP 	Testtext: height = np.float64(0.05)
137.8394 	EXP 	Testtext: height = np.float64(0.05)
137.8394 	EXP 	Testtext: text = 'ta_l_'
137.8394 	EXP 	Testtext: autoDraw = True
137.8394 	EXP 	test_textbox: autoDraw = True
137.8394 	EXP 	text: autoDraw = True
138.0431 	DATA 	Mouse:  Left button up, pos=(992,237)
139.0986 	DATA 	Keypress: t
139.1091 	EXP 	Device response: <KeyPress from None: t=139.09534230001736, value=t, duration=None>
139.1934 	EXP 	Device response: <KeyPress from None: t=139.09534230001736, value=t, duration=0.08684399997582659>
139.6134 	DATA 	Keypress: a
139.6241 	EXP 	Device response: <KeyPress from None: t=139.6108481999836, value=a, duration=None>
139.8432 	EXP 	Device response: <KeyPress from None: t=139.6108481999836, value=a, duration=0.220445400045719>
140.5441 	DATA 	Keypress: i
140.5454 	EXP 	Device response: <KeyPress from None: t=140.5392928000074, value=i, duration=None>
140.6270 	EXP 	Device response: <KeyPress from None: t=140.5392928000074, value=i, duration=0.0859315000125207>
140.7471 	DATA 	Keypress: l
140.7591 	EXP 	Device response: <KeyPress from None: t=140.74662029999308, value=l, duration=None>
140.8446 	EXP 	Device response: <KeyPress from None: t=140.74662029999308, value=l, duration=0.08915449999039993>
140.8482 	DATA 	Keypress: s
140.8589 	EXP 	Device response: <KeyPress from None: t=140.846632700006, value=s, duration=None>
140.9765 	EXP 	Device response: <KeyPress from None: t=140.846632700006, value=s, duration=0.11588090000441298>
141.9809 	DATA 	Mouse: Left button down, pos=(979,231)
141.9950 	EXP 	New trial (rep=0, index=18): <Trial 18 (18 in rep 0) data={'test_words': 'v_s_', 'reference': 'vase', 'old_new': 'new', 'thisN': 18, 'thisTrialN': 18, 'thisRepN': 0}>
142.0095 	EXP 	Testtext: autoDraw = False
142.0095 	EXP 	test_textbox: autoDraw = False
142.0095 	EXP 	text: autoDraw = False
142.0095 	EXP 	Testtext: height = np.float64(0.05)
142.0095 	EXP 	Testtext: height = np.float64(0.05)
142.0095 	EXP 	Testtext: height = np.float64(0.05)
142.0095 	EXP 	Testtext: text = 'v_s_'
142.0095 	EXP 	Testtext: autoDraw = True
142.0095 	EXP 	test_textbox: autoDraw = True
142.0095 	EXP 	text: autoDraw = True
142.2124 	DATA 	Mouse:  Left button up, pos=(979,231)
143.2957 	DATA 	Keypress: v
143.2969 	EXP 	Device response: <KeyPress from None: t=143.2873028999893, value=v, duration=None>
143.4633 	DATA 	Keypress: a
143.4648 	EXP 	Device response: <KeyPress from None: t=143.2873028999893, value=v, duration=0.16267799999332055>
143.4648 	EXP 	Device response: <KeyPress from None: t=143.45548679999774, value=a, duration=None>
143.6329 	DATA 	Keypress: d
143.6454 	EXP 	Device response: <KeyPress from None: t=143.63118740002392, value=d, duration=None>
143.6964 	EXP 	Device response: <KeyPress from None: t=143.45548679999774, value=a, duration=0.2385632999939844>
143.7968 	EXP 	Device response: <KeyPress from None: t=143.63118740002392, value=d, duration=0.1614543999894522>
144.3627 	DATA 	Keypress: backspace
144.3635 	EXP 	Device response: <KeyPress from None: t=144.35246040002676, value=backspace, duration=None>
144.4151 	EXP 	Device response: <KeyPress from None: t=144.35246040002676, value=backspace, duration=0.05103410000447184>
144.4301 	DATA 	Keypress: s
144.4309 	EXP 	Device response: <KeyPress from None: t=144.4275767999934, value=s, duration=None>
144.5800 	EXP 	Device response: <KeyPress from None: t=144.4275767999934, value=s, duration=0.14162020001094788>
144.6466 	DATA 	Keypress: e
144.6478 	EXP 	Device response: <KeyPress from None: t=144.63712750002742, value=e, duration=None>
144.8141 	EXP 	Device response: <KeyPress from None: t=144.63712750002742, value=e, duration=0.16235209995647892>
145.8352 	DATA 	Mouse: Left button down, pos=(969,229)
145.8488 	EXP 	New trial (rep=0, index=19): <Trial 19 (19 in rep 0) data={'test_words': 'c_s_io_', 'reference': 'cushion', 'old_new': 'old ', 'thisN': 19, 'thisTrialN': 19, 'thisRepN': 0}>
145.8645 	EXP 	Testtext: autoDraw = False
145.8645 	EXP 	test_textbox: autoDraw = False
145.8645 	EXP 	text: autoDraw = False
145.8645 	EXP 	Testtext: height = np.float64(0.05)
145.8645 	EXP 	Testtext: height = np.float64(0.05)
145.8645 	EXP 	Testtext: height = np.float64(0.05)
145.8645 	EXP 	Testtext: text = 'c_s_io_'
145.8645 	EXP 	Testtext: autoDraw = True
145.8645 	EXP 	test_textbox: autoDraw = True
145.8645 	EXP 	text: autoDraw = True
146.0541 	DATA 	Mouse:  Left button up, pos=(969,229)
147.2167 	DATA 	Keypress: c
147.2178 	EXP 	Device response: <KeyPress from None: t=147.20854600000894, value=c, duration=None>
147.3500 	DATA 	Keypress: a
147.3512 	EXP 	Device response: <KeyPress from None: t=147.34358640003484, value=a, duration=None>
147.3837 	EXP 	Device response: <KeyPress from None: t=147.20854600000894, value=c, duration=0.16839090001303703>
147.5164 	DATA 	Keypress: s
147.5173 	EXP 	Device response: <KeyPress from None: t=147.51546080003027, value=s, duration=None>
147.6189 	EXP 	Device response: <KeyPress from None: t=147.34358640003484, value=a, duration=0.2697781999595463>
147.7841 	EXP 	Device response: <KeyPress from None: t=147.51546080003027, value=s, duration=0.25914659997215495>
152.2269 	DATA 	Keypress: backspace
152.2395 	EXP 	Device response: <KeyPress from None: t=152.22393300000113, value=backspace, duration=None>
152.3239 	EXP 	Device response: <KeyPress from None: t=152.22393300000113, value=backspace, duration=0.09641180001199245>
152.4228 	DATA 	Keypress: backspace
152.4238 	EXP 	Device response: <KeyPress from None: t=152.41991789999884, value=backspace, duration=None>
152.5067 	EXP 	Device response: <KeyPress from None: t=152.41991789999884, value=backspace, duration=0.07847840001340955>
153.0900 	DATA 	Keypress: u
153.0910 	EXP 	Device response: <KeyPress from None: t=153.0788083000225, value=u, duration=None>
153.1896 	EXP 	Device response: <KeyPress from None: t=153.0788083000225, value=u, duration=0.09583579999161884>
153.2063 	DATA 	Keypress: s
153.2073 	EXP 	Device response: <KeyPress from None: t=153.2039555000374, value=s, duration=None>
153.2393 	DATA 	Keypress: h
153.2403 	EXP 	Device response: <KeyPress from None: t=153.23431219998747, value=h, duration=None>
153.3416 	EXP 	Device response: <KeyPress from None: t=153.2039555000374, value=s, duration=0.1265616999589838>
153.3416 	EXP 	Device response: <KeyPress from None: t=153.23431219998747, value=h, duration=0.10637510003289208>
153.4397 	DATA 	Keypress: i
153.4408 	EXP 	Device response: <KeyPress from None: t=153.4305029999814, value=i, duration=None>
153.5232 	EXP 	Device response: <KeyPress from None: t=153.4305029999814, value=i, duration=0.07827150000957772>
153.6249 	DATA 	Keypress: o
153.6259 	EXP 	Device response: <KeyPress from None: t=153.62457939999877, value=o, duration=None>
153.7076 	EXP 	Device response: <KeyPress from None: t=153.62457939999877, value=o, duration=0.08072159998118877>
154.0919 	DATA 	Keypress: n
154.0928 	EXP 	Device response: <KeyPress from None: t=154.0876368000172, value=n, duration=None>
154.1914 	EXP 	Device response: <KeyPress from None: t=154.0876368000172, value=n, duration=0.0977209999691695>
155.2777 	DATA 	Mouse: Left button down, pos=(907,233)
155.2918 	EXP 	Testtext: autoDraw = False
155.2918 	EXP 	test_textbox: autoDraw = False
155.2918 	EXP 	text: autoDraw = False
155.2919 	EXP 	word_priming: status = STOPPED
155.3645 	INFO 	saved data to 'C:\\Users\\nupur\\OneDrive\\Desktop\\LAB IN PSY\\PSY lab tutorial 5- Word Priming Task\\data\\Subject03_word_priming_2025-10-19_16h27.29.454.csv'
155.4070 	INFO 	saved data to C:\Users\nupur\OneDrive\Desktop\LAB IN PSY\PSY lab tutorial 5- Word Priming Task\data\Subject03_word_priming_2025-10-19_16h27.29.454.psydat
159.1751 	WARNING 	Stopping key buffers but this could be dangerous ifother keyboards rely on the same.
