68.1822 	INFO 	Loaded monitor calibration from ['2025_08_12 09:33']
68.2685 	WARNING 	User requested fullscreen with size [1024  768], but screen is actually [1920, 1200]. Using actual size
70.0951 	INFO 	Using renderer 'AMD Radeon(TM) Graphics' for graphics
70.0951 	INFO 	OpenGL version supported by driver is 4..
70.1385 	EXP 	Created window1 = Window(allowGUI=False, allowStencil=False, autoLog=True, backendConf=UNKNOWN, backgroundFit=<method-wrapper '__getattribute__' of attributeSetter object at 0x00000180E4636FE0>, backgroundImage=<method-wrapper '__getattribute__' of attributeSetter object at 0x00000180E4637040>, bitsMode=UNKNOWN, blendMode='avg', bpc=(8, 8, 8), color=array([0, 0, 0]), colorSpace='rgb', depthBits=8, fullscr=True, gamma=None, gammaErrorPolicy='raise', infoMsg=UNKNOWN, lms=UNKNOWN, monitor=<psychopy.monitors.calibTools.Monitor object at 0x00000180E4727070>, multiSample=False, name='window1', numSamples=2, pos=[np.float64(0.0), np.float64(0.0)], screen=0, size=array([1920, 1200]), stencilBits=0, stereo=False, title='PsychoPy', units='height', useFBO=True, useRetina=False, viewOri=0.0, viewPos=None, viewScale=None, waitBlanking=True, winType='pyglet')
70.1385 	EXP 	window1: backgroundImage = ''
70.1386 	EXP 	window1: backgroundFit = 'none'
70.8104 	EXP 	window1: Attempting to measure frame rate of screen (0) ...
70.8105 	EXP 	window1: recordFrameIntervals = False
71.1225 	EXP 	window1: recordFrameIntervals = True
71.3064 	EXP 	Screen (0) actual frame rate measured at 59.93Hz
71.3064 	EXP 	window1: recordFrameIntervals = False
71.3773 	INFO 	keyboard.Keyboard is using ptb backend.
71.3775 	INFO 	keyboard.Keyboard is using ptb backend.
71.3776 	EXP 	untitled: status = STARTED
71.3975 	EXP 	Created fixation = ShapeStim(__class__=<class 'psychopy.visual.shape.ShapeStim'>, anchor=('center', 'center'), autoDraw=False, autoLog=True, closeShape=True, color=method-wrapper(...), colorSpace='rgb', contrast=None, depth=0.0, draggable=False, fillColor=array([1, 1, 1]), fillColorSpace='rgb', fillRGB=array([1, 1, 1]), interpolate=True, lineColor=array([1., 1., 1.]), lineColorSpace='rgb', lineRGB=array([1, 1, 1]), lineWidth=1.0, name='fixation', opacity=1, ori=0.0, pos=array([0., 0.]), size=array([0.05, 0.05]), units='height', vertices=ndarray(...), win=Window(...), windingRule=None)
71.6355 	EXP 	Created text = TextStim(__class__=<class 'psychopy.visual.text.TextStim'>, alignHoriz=method-wrapper(...), alignText='center', alignVert=method-wrapper(...), anchorHoriz='center', anchorVert='center', antialias=True, autoDraw=False, autoLog=True, bold=False, color=array([1., 1., 1.]), colorSpace='rgb', contrast=1.0, depth=-1.0, draggable=False, flipHoriz=False, flipVert=False, font='Arial', fontFiles=[], height=0.05, italic=False, languageStyle='LTR', name='text', opacity=1, ori=0.0, pos=array([0., 0.]), rgb=UNKNOWN, text='', units='height', win=Window(...), wrapWidth=1)
0.0274 	EXP 	Imported discounting.csv as conditions, 7 conditions, 3 params
0.0283 	EXP 	New trial (rep=0, index=0): <Trial 0 (0 in rep 0) data={'reward_today': np.int64(67), 'future_reward': np.int64(75), 'delay': np.int64(119), 'thisN': 0, 'thisTrialN': 0, 'thisRepN': 0}>
0.5082 	EXP 	text: height = np.float64(0.05)
0.5082 	EXP 	text: height = np.float64(0.05)
0.5082 	EXP 	text: height = np.float64(0.05)
0.5082 	EXP 	text: text = 'GBP 67 today or GBP 75 after 119 days'
0.5082 	EXP 	fixation: autoDraw = True
1.0070 	INFO 	Keyboard events cleared
1.0069 	EXP 	text: autoDraw = True
1.5228 	EXP 	fixation: autoDraw = False
6.8874 	EXP 	Device response: <KeyPress from None: t=6.69165900000371, value=t, duration=None>
6.8876 	EXP 	Device response: <KeyPress from None: t=6.69165900000371, value=t, duration=0.1300935000181198>
6.8879 	EXP 	New trial (rep=0, index=1): <Trial 1 (1 in rep 0) data={'reward_today': np.int64(78), 'future_reward': np.int64(80), 'delay': np.int64(162), 'thisN': 1, 'thisTrialN': 1, 'thisRepN': 0}>
6.8966 	DATA 	Keypress: t
6.9006 	EXP 	fixation: autoDraw = False
6.9006 	EXP 	text: autoDraw = False
6.9006 	EXP 	text: height = np.float64(0.05)
6.9006 	EXP 	text: height = np.float64(0.05)
6.9006 	EXP 	text: height = np.float64(0.05)
6.9006 	EXP 	text: text = 'GBP 78 today or GBP 80 after 162 days'
6.9006 	EXP 	fixation: autoDraw = True
7.8973 	INFO 	Keyboard events cleared
7.8971 	EXP 	text: autoDraw = True
7.9137 	EXP 	fixation: autoDraw = False
9.6012 	DATA 	Keypress: t
9.6165 	EXP 	Device response: <KeyPress from None: t=9.599727799883112, value=t, duration=None>
9.6168 	EXP 	New trial (rep=0, index=2): <Trial 2 (2 in rep 0) data={'reward_today': np.int64(11), 'future_reward': np.int64(30), 'delay': np.int64(7), 'thisN': 2, 'thisTrialN': 2, 'thisRepN': 0}>
9.6314 	EXP 	fixation: autoDraw = False
9.6314 	EXP 	text: autoDraw = False
9.6314 	EXP 	text: height = np.float64(0.05)
9.6314 	EXP 	text: height = np.float64(0.05)
9.6314 	EXP 	text: height = np.float64(0.05)
9.6314 	EXP 	text: text = 'GBP 11 today or GBP 30 after 7 days'
9.6314 	EXP 	fixation: autoDraw = True
9.6662 	EXP 	Device response: <KeyPress from None: t=9.599727799883112, value=t, duration=0.05183380004018545>
10.6174 	INFO 	Keyboard events cleared
10.6172 	EXP 	text: autoDraw = True
10.6338 	EXP 	fixation: autoDraw = False
12.4360 	EXP 	Device response: <KeyPress from None: t=12.432807700010017, value=l, duration=None>
12.4363 	EXP 	New trial (rep=0, index=3): <Trial 3 (3 in rep 0) data={'reward_today': np.int64(27), 'future_reward': np.int64(50), 'delay': np.int64(21), 'thisN': 3, 'thisTrialN': 3, 'thisRepN': 0}>
12.4420 	DATA 	Keypress: l
12.4516 	EXP 	fixation: autoDraw = False
12.4516 	EXP 	text: autoDraw = False
12.4516 	EXP 	text: height = np.float64(0.05)
12.4516 	EXP 	text: height = np.float64(0.05)
12.4516 	EXP 	text: height = np.float64(0.05)
12.4516 	EXP 	text: text = 'GBP 27 today or GBP 50 after 21 days'
12.4516 	EXP 	fixation: autoDraw = True
12.5356 	EXP 	Device response: <KeyPress from None: t=12.432807700010017, value=l, duration=0.08709109993651509>
13.4355 	INFO 	Keyboard events cleared
13.4354 	EXP 	text: autoDraw = True
13.4521 	EXP 	fixation: autoDraw = False
15.6401 	EXP 	Device response: <KeyPress from None: t=15.628461899934337, value=l, duration=None>
15.6404 	EXP 	New trial (rep=0, index=4): <Trial 4 (4 in rep 0) data={'reward_today': np.int64(49), 'future_reward': np.int64(60), 'delay': np.int64(89), 'thisN': 4, 'thisTrialN': 4, 'thisRepN': 0}>
15.6478 	DATA 	Keypress: l
15.6546 	EXP 	fixation: autoDraw = False
15.6546 	EXP 	text: autoDraw = False
15.6546 	EXP 	text: height = np.float64(0.05)
15.6546 	EXP 	text: height = np.float64(0.05)
15.6546 	EXP 	text: height = np.float64(0.05)
15.6546 	EXP 	text: text = 'GBP 49 today or GBP 60 after 89 days'
15.6546 	EXP 	fixation: autoDraw = True
15.7057 	EXP 	Device response: <KeyPress from None: t=15.628461899934337, value=l, duration=0.07663329993374646>
16.6407 	INFO 	Keyboard events cleared
16.6405 	EXP 	text: autoDraw = True
16.6573 	EXP 	fixation: autoDraw = False
18.9099 	EXP 	Device response: <KeyPress from None: t=18.89803699986078, value=l, duration=None>
18.9103 	EXP 	New trial (rep=0, index=5): <Trial 5 (5 in rep 0) data={'reward_today': np.int64(40), 'future_reward': np.int64(55), 'delay': np.int64(62), 'thisN': 5, 'thisTrialN': 5, 'thisRepN': 0}>
18.9165 	DATA 	Keypress: l
18.9254 	EXP 	fixation: autoDraw = False
18.9254 	EXP 	text: autoDraw = False
18.9254 	EXP 	text: height = np.float64(0.05)
18.9254 	EXP 	text: height = np.float64(0.05)
18.9254 	EXP 	text: height = np.float64(0.05)
18.9254 	EXP 	text: text = 'GBP 40 today or GBP 55 after 62 days'
18.9254 	EXP 	fixation: autoDraw = True
18.9594 	EXP 	Device response: <KeyPress from None: t=18.89803699986078, value=l, duration=0.05696210009045899>
19.9107 	INFO 	Keyboard events cleared
19.9106 	EXP 	text: autoDraw = True
19.9267 	EXP 	fixation: autoDraw = False
24.9659 	EXP 	Device response: <KeyPress from None: t=24.957003199961036, value=t, duration=None>
24.9662 	EXP 	New trial (rep=0, index=6): <Trial 6 (6 in rep 0) data={'reward_today': np.int64(15), 'future_reward': np.int64(35), 'delay': np.int64(13), 'thisN': 6, 'thisTrialN': 6, 'thisRepN': 0}>
24.9710 	DATA 	Keypress: t
24.9819 	EXP 	fixation: autoDraw = False
24.9819 	EXP 	text: autoDraw = False
24.9819 	EXP 	text: height = np.float64(0.05)
24.9819 	EXP 	text: height = np.float64(0.05)
24.9819 	EXP 	text: height = np.float64(0.05)
24.9819 	EXP 	text: text = 'GBP 15 today or GBP 35 after 13 days'
24.9819 	EXP 	fixation: autoDraw = True
25.1330 	EXP 	Device response: <KeyPress from None: t=24.957003199961036, value=t, duration=0.1646322999149561>
25.9674 	INFO 	Keyboard events cleared
25.9672 	EXP 	text: autoDraw = True
25.9841 	EXP 	fixation: autoDraw = False
26.6347 	EXP 	Device response: <KeyPress from None: t=26.631956399884075, value=l, duration=None>
26.6350 	EXP 	New trial (rep=1, index=0): <Trial 7 (0 in rep 1) data={'reward_today': np.int64(27), 'future_reward': np.int64(50), 'delay': np.int64(21), 'thisN': 7, 'thisTrialN': 0, 'thisRepN': 1}>
26.6397 	DATA 	Keypress: l
26.6505 	EXP 	fixation: autoDraw = False
26.6505 	EXP 	text: autoDraw = False
26.6505 	EXP 	text: height = np.float64(0.05)
26.6505 	EXP 	text: height = np.float64(0.05)
26.6505 	EXP 	text: height = np.float64(0.05)
26.6505 	EXP 	text: text = 'GBP 27 today or GBP 50 after 21 days'
26.6505 	EXP 	fixation: autoDraw = True
26.7687 	EXP 	Device response: <KeyPress from None: t=26.631956399884075, value=l, duration=0.12525200005620718>
27.6353 	INFO 	Keyboard events cleared
27.6351 	EXP 	text: autoDraw = True
27.6518 	EXP 	fixation: autoDraw = False
28.5535 	EXP 	Device response: <KeyPress from None: t=28.550251899985597, value=l, duration=None>
28.5538 	EXP 	New trial (rep=1, index=1): <Trial 8 (1 in rep 1) data={'reward_today': np.int64(40), 'future_reward': np.int64(55), 'delay': np.int64(62), 'thisN': 8, 'thisTrialN': 1, 'thisRepN': 1}>
28.5586 	DATA 	Keypress: l
28.5698 	EXP 	fixation: autoDraw = False
28.5698 	EXP 	text: autoDraw = False
28.5698 	EXP 	text: height = np.float64(0.05)
28.5698 	EXP 	text: height = np.float64(0.05)
28.5698 	EXP 	text: height = np.float64(0.05)
28.5698 	EXP 	text: text = 'GBP 40 today or GBP 55 after 62 days'
28.5698 	EXP 	fixation: autoDraw = True
28.6872 	EXP 	Device response: <KeyPress from None: t=28.550251899985597, value=l, duration=0.12512009986676276>
29.5534 	INFO 	Keyboard events cleared
29.5533 	EXP 	text: autoDraw = True
29.5703 	EXP 	fixation: autoDraw = False
34.8275 	EXP 	Device response: <KeyPress from None: t=34.8270188998431, value=t, duration=None>
34.8278 	EXP 	New trial (rep=1, index=2): <Trial 9 (2 in rep 1) data={'reward_today': np.int64(11), 'future_reward': np.int64(30), 'delay': np.int64(7), 'thisN': 9, 'thisTrialN': 2, 'thisRepN': 1}>
34.8324 	DATA 	Keypress: t
34.8435 	EXP 	fixation: autoDraw = False
34.8435 	EXP 	text: autoDraw = False
34.8435 	EXP 	text: height = np.float64(0.05)
34.8435 	EXP 	text: height = np.float64(0.05)
34.8435 	EXP 	text: height = np.float64(0.05)
34.8435 	EXP 	text: text = 'GBP 11 today or GBP 30 after 7 days'
34.8435 	EXP 	fixation: autoDraw = True
35.0605 	EXP 	Device response: <KeyPress from None: t=34.8270188998431, value=t, duration=0.23112240014597774>
35.8274 	INFO 	Keyboard events cleared
35.8273 	EXP 	text: autoDraw = True
35.8450 	EXP 	fixation: autoDraw = False
36.5123 	EXP 	Device response: <KeyPress from None: t=36.50560919987038, value=l, duration=None>
36.5126 	EXP 	New trial (rep=1, index=3): <Trial 10 (3 in rep 1) data={'reward_today': np.int64(49), 'future_reward': np.int64(60), 'delay': np.int64(89), 'thisN': 10, 'thisTrialN': 3, 'thisRepN': 1}>
36.5169 	DATA 	Keypress: l
36.5281 	EXP 	fixation: autoDraw = False
36.5281 	EXP 	text: autoDraw = False
36.5281 	EXP 	text: height = np.float64(0.05)
36.5281 	EXP 	text: height = np.float64(0.05)
36.5281 	EXP 	text: height = np.float64(0.05)
36.5281 	EXP 	text: text = 'GBP 49 today or GBP 60 after 89 days'
36.5281 	EXP 	fixation: autoDraw = True
36.6623 	EXP 	Device response: <KeyPress from None: t=36.50560919987038, value=l, duration=0.15281510003842413>
37.5128 	INFO 	Keyboard events cleared
37.5126 	EXP 	text: autoDraw = True
37.5292 	EXP 	fixation: autoDraw = False
40.3498 	EXP 	Device response: <KeyPress from None: t=40.342977199936286, value=l, duration=None>
40.3502 	EXP 	New trial (rep=1, index=4): <Trial 11 (4 in rep 1) data={'reward_today': np.int64(15), 'future_reward': np.int64(35), 'delay': np.int64(13), 'thisN': 11, 'thisTrialN': 4, 'thisRepN': 1}>
40.3554 	DATA 	Keypress: l
40.3653 	EXP 	fixation: autoDraw = False
40.3653 	EXP 	text: autoDraw = False
40.3653 	EXP 	text: height = np.float64(0.05)
40.3653 	EXP 	text: height = np.float64(0.05)
40.3653 	EXP 	text: height = np.float64(0.05)
40.3653 	EXP 	text: text = 'GBP 15 today or GBP 35 after 13 days'
40.3653 	EXP 	fixation: autoDraw = True
40.5338 	EXP 	Device response: <KeyPress from None: t=40.342977199936286, value=l, duration=0.1830945999827236>
41.3508 	INFO 	Keyboard events cleared
41.3506 	EXP 	text: autoDraw = True
41.3675 	EXP 	fixation: autoDraw = False
44.0912 	EXP 	Device response: <KeyPress from None: t=44.086331099970266, value=l, duration=None>
44.0915 	EXP 	New trial (rep=1, index=5): <Trial 12 (5 in rep 1) data={'reward_today': np.int64(67), 'future_reward': np.int64(75), 'delay': np.int64(119), 'thisN': 12, 'thisTrialN': 5, 'thisRepN': 1}>
44.0968 	DATA 	Keypress: l
44.1034 	EXP 	fixation: autoDraw = False
44.1034 	EXP 	text: autoDraw = False
44.1034 	EXP 	text: height = np.float64(0.05)
44.1034 	EXP 	text: height = np.float64(0.05)
44.1034 	EXP 	text: height = np.float64(0.05)
44.1034 	EXP 	text: text = 'GBP 67 today or GBP 75 after 119 days'
44.1034 	EXP 	fixation: autoDraw = True
44.2205 	EXP 	Device response: <KeyPress from None: t=44.086331099970266, value=l, duration=0.12182060000486672>
45.1039 	INFO 	Keyboard events cleared
45.1038 	EXP 	fixation: autoDraw = False
45.1038 	EXP 	text: autoDraw = True
47.0242 	EXP 	Device response: <KeyPress from None: t=47.01233059982769, value=t, duration=None>
47.0246 	EXP 	New trial (rep=1, index=6): <Trial 13 (6 in rep 1) data={'reward_today': np.int64(78), 'future_reward': np.int64(80), 'delay': np.int64(162), 'thisN': 13, 'thisTrialN': 6, 'thisRepN': 1}>
47.0284 	DATA 	Keypress: t
47.0399 	EXP 	fixation: autoDraw = False
47.0399 	EXP 	text: autoDraw = False
47.0399 	EXP 	text: height = np.float64(0.05)
47.0399 	EXP 	text: height = np.float64(0.05)
47.0399 	EXP 	text: height = np.float64(0.05)
47.0399 	EXP 	text: text = 'GBP 78 today or GBP 80 after 162 days'
47.0399 	EXP 	fixation: autoDraw = True
47.2406 	EXP 	Device response: <KeyPress from None: t=47.01233059982769, value=t, duration=0.2145911999978125>
48.0240 	INFO 	Keyboard events cleared
48.0239 	EXP 	text: autoDraw = True
48.0405 	EXP 	fixation: autoDraw = False
49.3269 	DATA 	Keypress: t
49.3424 	EXP 	Device response: <KeyPress from None: t=49.32566189998761, value=t, duration=None>
49.3427 	EXP 	New trial (rep=2, index=0): <Trial 14 (0 in rep 2) data={'reward_today': np.int64(11), 'future_reward': np.int64(30), 'delay': np.int64(7), 'thisN': 14, 'thisTrialN': 0, 'thisRepN': 2}>
49.3589 	EXP 	fixation: autoDraw = False
49.3589 	EXP 	text: autoDraw = False
49.3589 	EXP 	text: height = np.float64(0.05)
49.3589 	EXP 	text: height = np.float64(0.05)
49.3589 	EXP 	text: height = np.float64(0.05)
49.3589 	EXP 	text: text = 'GBP 11 today or GBP 30 after 7 days'
49.3589 	EXP 	fixation: autoDraw = True
49.5092 	EXP 	Device response: <KeyPress from None: t=49.32566189998761, value=t, duration=0.17351899994537234>
50.3428 	INFO 	Keyboard events cleared
50.3426 	EXP 	text: autoDraw = True
50.3590 	EXP 	fixation: autoDraw = False
51.7637 	DATA 	Keypress: l
51.7784 	EXP 	Device response: <KeyPress from None: t=51.76273509999737, value=l, duration=None>
51.7787 	EXP 	New trial (rep=2, index=1): <Trial 15 (1 in rep 2) data={'reward_today': np.int64(49), 'future_reward': np.int64(60), 'delay': np.int64(89), 'thisN': 15, 'thisTrialN': 1, 'thisRepN': 2}>
51.7946 	EXP 	fixation: autoDraw = False
51.7946 	EXP 	text: autoDraw = False
51.7946 	EXP 	text: height = np.float64(0.05)
51.7946 	EXP 	text: height = np.float64(0.05)
51.7946 	EXP 	text: height = np.float64(0.05)
51.7946 	EXP 	text: text = 'GBP 49 today or GBP 60 after 89 days'
51.7946 	EXP 	fixation: autoDraw = True
51.9455 	EXP 	Device response: <KeyPress from None: t=51.76273509999737, value=l, duration=0.16928619984537363>
52.7797 	INFO 	Keyboard events cleared
52.7795 	EXP 	text: autoDraw = True
52.7956 	EXP 	fixation: autoDraw = False
59.4371 	EXP 	Device response: <KeyPress from None: t=59.43260149983689, value=t, duration=None>
59.4375 	EXP 	New trial (rep=2, index=2): <Trial 16 (2 in rep 2) data={'reward_today': np.int64(67), 'future_reward': np.int64(75), 'delay': np.int64(119), 'thisN': 16, 'thisTrialN': 2, 'thisRepN': 2}>
59.4426 	DATA 	Keypress: t
59.4529 	EXP 	fixation: autoDraw = False
59.4529 	EXP 	text: autoDraw = False
59.4529 	EXP 	text: height = np.float64(0.05)
59.4529 	EXP 	text: height = np.float64(0.05)
59.4529 	EXP 	text: height = np.float64(0.05)
59.4529 	EXP 	text: text = 'GBP 67 today or GBP 75 after 119 days'
59.4529 	EXP 	fixation: autoDraw = True
59.6706 	EXP 	Device response: <KeyPress from None: t=59.43260149983689, value=t, duration=0.22402670001611114>
60.4382 	INFO 	Keyboard events cleared
60.4380 	EXP 	text: autoDraw = True
60.4547 	EXP 	fixation: autoDraw = False
63.4261 	EXP 	Device response: <KeyPress from None: t=63.423905099974945, value=t, duration=None>
63.4266 	EXP 	New trial (rep=2, index=3): <Trial 17 (3 in rep 2) data={'reward_today': np.int64(27), 'future_reward': np.int64(50), 'delay': np.int64(21), 'thisN': 17, 'thisTrialN': 3, 'thisRepN': 2}>
63.4313 	DATA 	Keypress: t
63.4414 	EXP 	fixation: autoDraw = False
63.4414 	EXP 	text: autoDraw = False
63.4414 	EXP 	text: height = np.float64(0.05)
63.4414 	EXP 	text: height = np.float64(0.05)
63.4414 	EXP 	text: height = np.float64(0.05)
63.4414 	EXP 	text: text = 'GBP 27 today or GBP 50 after 21 days'
63.4414 	EXP 	fixation: autoDraw = True
63.6583 	EXP 	Device response: <KeyPress from None: t=63.423905099974945, value=t, duration=0.2296283000614494>
64.4272 	INFO 	Keyboard events cleared
64.4270 	EXP 	text: autoDraw = True
64.4433 	EXP 	fixation: autoDraw = False
66.5281 	EXP 	Device response: <KeyPress from None: t=66.51821729983203, value=l, duration=None>
66.5284 	EXP 	New trial (rep=2, index=4): <Trial 18 (4 in rep 2) data={'reward_today': np.int64(15), 'future_reward': np.int64(35), 'delay': np.int64(13), 'thisN': 18, 'thisTrialN': 4, 'thisRepN': 2}>
66.5339 	DATA 	Keypress: l
66.5446 	EXP 	fixation: autoDraw = False
66.5446 	EXP 	text: autoDraw = False
66.5446 	EXP 	text: height = np.float64(0.05)
66.5446 	EXP 	text: height = np.float64(0.05)
66.5446 	EXP 	text: height = np.float64(0.05)
66.5446 	EXP 	text: text = 'GBP 15 today or GBP 35 after 13 days'
66.5446 	EXP 	fixation: autoDraw = True
66.7955 	EXP 	Device response: <KeyPress from None: t=66.51821729983203, value=l, duration=0.2715730001218617>
67.5293 	INFO 	Keyboard events cleared
67.5291 	EXP 	text: autoDraw = True
67.5455 	EXP 	fixation: autoDraw = False
69.4480 	EXP 	Device response: <KeyPress from None: t=69.4438177999109, value=l, duration=None>
69.4483 	EXP 	New trial (rep=2, index=5): <Trial 19 (5 in rep 2) data={'reward_today': np.int64(40), 'future_reward': np.int64(55), 'delay': np.int64(62), 'thisN': 19, 'thisTrialN': 5, 'thisRepN': 2}>
69.4531 	DATA 	Keypress: l
69.4641 	EXP 	fixation: autoDraw = False
69.4641 	EXP 	text: autoDraw = False
69.4641 	EXP 	text: height = np.float64(0.05)
69.4641 	EXP 	text: height = np.float64(0.05)
69.4641 	EXP 	text: height = np.float64(0.05)
69.4641 	EXP 	text: text = 'GBP 40 today or GBP 55 after 62 days'
69.4641 	EXP 	fixation: autoDraw = True
69.6322 	EXP 	Device response: <KeyPress from None: t=69.4438177999109, value=l, duration=0.17234129994176328>
70.4489 	INFO 	Keyboard events cleared
70.4489 	EXP 	text: autoDraw = True
70.4662 	EXP 	fixation: autoDraw = False
78.8089 	EXP 	Device response: <KeyPress from None: t=78.80601609987207, value=l, duration=None>
78.8093 	EXP 	New trial (rep=2, index=6): <Trial 20 (6 in rep 2) data={'reward_today': np.int64(78), 'future_reward': np.int64(80), 'delay': np.int64(162), 'thisN': 20, 'thisTrialN': 6, 'thisRepN': 2}>
78.8151 	DATA 	Keypress: l
78.8244 	EXP 	fixation: autoDraw = False
78.8244 	EXP 	text: autoDraw = False
78.8244 	EXP 	text: height = np.float64(0.05)
78.8244 	EXP 	text: height = np.float64(0.05)
78.8244 	EXP 	text: height = np.float64(0.05)
78.8244 	EXP 	text: text = 'GBP 78 today or GBP 80 after 162 days'
78.8244 	EXP 	fixation: autoDraw = True
79.0079 	EXP 	Device response: <KeyPress from None: t=78.80601609987207, value=l, duration=0.19908940000459552>
79.8095 	INFO 	Keyboard events cleared
79.8093 	EXP 	text: autoDraw = True
79.8257 	EXP 	fixation: autoDraw = False
81.5280 	EXP 	Device response: <KeyPress from None: t=81.52005659998395, value=t, duration=None>
81.5284 	EXP 	New trial (rep=3, index=0): <Trial 21 (0 in rep 3) data={'reward_today': np.int64(40), 'future_reward': np.int64(55), 'delay': np.int64(62), 'thisN': 21, 'thisTrialN': 0, 'thisRepN': 3}>
81.5337 	DATA 	Keypress: t
81.5441 	EXP 	fixation: autoDraw = False
81.5441 	EXP 	text: autoDraw = False
81.5441 	EXP 	text: height = np.float64(0.05)
81.5441 	EXP 	text: height = np.float64(0.05)
81.5441 	EXP 	text: height = np.float64(0.05)
81.5441 	EXP 	text: text = 'GBP 40 today or GBP 55 after 62 days'
81.5441 	EXP 	fixation: autoDraw = True
81.7443 	EXP 	Device response: <KeyPress from None: t=81.52005659998395, value=t, duration=0.21062409994192421>
82.5293 	INFO 	Keyboard events cleared
82.5292 	EXP 	text: autoDraw = True
82.5456 	EXP 	fixation: autoDraw = False
86.1665 	EXP 	Device response: <KeyPress from None: t=86.16489179991186, value=t, duration=None>
86.1669 	EXP 	New trial (rep=3, index=1): <Trial 22 (1 in rep 3) data={'reward_today': np.int64(27), 'future_reward': np.int64(50), 'delay': np.int64(21), 'thisN': 22, 'thisTrialN': 1, 'thisRepN': 3}>
86.1723 	DATA 	Keypress: t
86.1830 	EXP 	fixation: autoDraw = False
86.1830 	EXP 	text: autoDraw = False
86.1830 	EXP 	text: height = np.float64(0.05)
86.1830 	EXP 	text: height = np.float64(0.05)
86.1830 	EXP 	text: height = np.float64(0.05)
86.1830 	EXP 	text: text = 'GBP 27 today or GBP 50 after 21 days'
86.1830 	EXP 	fixation: autoDraw = True
86.3507 	EXP 	Device response: <KeyPress from None: t=86.16489179991186, value=t, duration=0.17283249995671213>
87.1678 	INFO 	Keyboard events cleared
87.1677 	EXP 	text: autoDraw = True
87.1840 	EXP 	fixation: autoDraw = False
89.0879 	DATA 	Keypress: l
89.1032 	EXP 	Device response: <KeyPress from None: t=89.08687580004334, value=l, duration=None>
89.1036 	EXP 	New trial (rep=3, index=2): <Trial 23 (2 in rep 3) data={'reward_today': np.int64(49), 'future_reward': np.int64(60), 'delay': np.int64(89), 'thisN': 23, 'thisTrialN': 2, 'thisRepN': 3}>
89.1195 	EXP 	fixation: autoDraw = False
89.1195 	EXP 	text: autoDraw = False
89.1195 	EXP 	text: height = np.float64(0.05)
89.1195 	EXP 	text: height = np.float64(0.05)
89.1195 	EXP 	text: height = np.float64(0.05)
89.1195 	EXP 	text: text = 'GBP 49 today or GBP 60 after 89 days'
89.1195 	EXP 	fixation: autoDraw = True
89.1706 	EXP 	Device response: <KeyPress from None: t=89.08687580004334, value=l, duration=0.08157689985819161>
90.1044 	INFO 	Keyboard events cleared
90.1042 	EXP 	text: autoDraw = True
90.1211 	EXP 	fixation: autoDraw = False
93.0731 	EXP 	Device response: <KeyPress from None: t=93.07120259990916, value=t, duration=None>
93.0735 	EXP 	New trial (rep=3, index=3): <Trial 24 (3 in rep 3) data={'reward_today': np.int64(67), 'future_reward': np.int64(75), 'delay': np.int64(119), 'thisN': 24, 'thisTrialN': 3, 'thisRepN': 3}>
93.0787 	DATA 	Keypress: t
93.0907 	EXP 	fixation: autoDraw = False
93.0907 	EXP 	text: autoDraw = False
93.0907 	EXP 	text: height = np.float64(0.05)
93.0907 	EXP 	text: height = np.float64(0.05)
93.0907 	EXP 	text: height = np.float64(0.05)
93.0907 	EXP 	text: text = 'GBP 67 today or GBP 75 after 119 days'
93.0907 	EXP 	fixation: autoDraw = True
93.0915 	EXP 	Device response: <KeyPress from None: t=93.07120259990916, value=t, duration=0.01125150010921061>
94.0751 	INFO 	Keyboard events cleared
94.0750 	EXP 	text: autoDraw = True
94.0908 	EXP 	fixation: autoDraw = False
98.3470 	EXP 	Device response: <KeyPress from None: t=98.33581459987909, value=t, duration=None>
98.3473 	EXP 	New trial (rep=3, index=4): <Trial 25 (4 in rep 3) data={'reward_today': np.int64(78), 'future_reward': np.int64(80), 'delay': np.int64(162), 'thisN': 25, 'thisTrialN': 4, 'thisRepN': 3}>
98.3513 	DATA 	Keypress: t
98.3648 	EXP 	fixation: autoDraw = False
98.3648 	EXP 	text: autoDraw = False
98.3648 	EXP 	text: height = np.float64(0.05)
98.3648 	EXP 	text: height = np.float64(0.05)
98.3648 	EXP 	text: height = np.float64(0.05)
98.3648 	EXP 	text: text = 'GBP 78 today or GBP 80 after 162 days'
98.3648 	EXP 	fixation: autoDraw = True
98.3968 	EXP 	Device response: <KeyPress from None: t=98.33581459987909, value=t, duration=0.047836000099778175>
99.3477 	INFO 	Keyboard events cleared
99.3475 	EXP 	text: autoDraw = True
99.3640 	EXP 	fixation: autoDraw = False
101.3334 	EXP 	Device response: <KeyPress from None: t=101.32753699994646, value=t, duration=None>
101.3339 	EXP 	New trial (rep=3, index=5): <Trial 26 (5 in rep 3) data={'reward_today': np.int64(15), 'future_reward': np.int64(35), 'delay': np.int64(13), 'thisN': 26, 'thisTrialN': 5, 'thisRepN': 3}>
101.3384 	DATA 	Keypress: t
101.3494 	EXP 	fixation: autoDraw = False
101.3494 	EXP 	text: autoDraw = False
101.3494 	EXP 	text: height = np.float64(0.05)
101.3494 	EXP 	text: height = np.float64(0.05)
101.3494 	EXP 	text: height = np.float64(0.05)
101.3494 	EXP 	text: text = 'GBP 15 today or GBP 35 after 13 days'
101.3494 	EXP 	fixation: autoDraw = True
101.5498 	EXP 	Device response: <KeyPress from None: t=101.32753699994646, value=t, duration=0.21285269991494715>
102.3342 	INFO 	Keyboard events cleared
102.3340 	EXP 	text: autoDraw = True
102.3509 	EXP 	fixation: autoDraw = False
103.0191 	EXP 	Device response: <KeyPress from None: t=103.00607859995216, value=l, duration=None>
103.0195 	EXP 	New trial (rep=3, index=6): <Trial 27 (6 in rep 3) data={'reward_today': np.int64(11), 'future_reward': np.int64(30), 'delay': np.int64(7), 'thisN': 27, 'thisTrialN': 6, 'thisRepN': 3}>
103.0247 	DATA 	Keypress: l
103.0345 	EXP 	fixation: autoDraw = False
103.0345 	EXP 	text: autoDraw = False
103.0345 	EXP 	text: height = np.float64(0.05)
103.0345 	EXP 	text: height = np.float64(0.05)
103.0345 	EXP 	text: height = np.float64(0.05)
103.0345 	EXP 	text: text = 'GBP 11 today or GBP 30 after 7 days'
103.0345 	EXP 	fixation: autoDraw = True
103.1352 	EXP 	Device response: <KeyPress from None: t=103.00607859995216, value=l, duration=0.12672120006754994>
104.0200 	INFO 	Keyboard events cleared
104.0198 	EXP 	text: autoDraw = True
104.0365 	EXP 	fixation: autoDraw = False
104.5704 	EXP 	Device response: <KeyPress from None: t=104.56131499982439, value=l, duration=None>
104.5707 	EXP 	New trial (rep=4, index=0): <Trial 28 (0 in rep 4) data={'reward_today': np.int64(11), 'future_reward': np.int64(30), 'delay': np.int64(7), 'thisN': 28, 'thisTrialN': 0, 'thisRepN': 4}>
104.5717 	DATA 	Keypress: l
104.5857 	EXP 	fixation: autoDraw = False
104.5857 	EXP 	text: autoDraw = False
104.5857 	EXP 	text: text = 'GBP 11 today or GBP 30 after 7 days'
104.5857 	EXP 	fixation: autoDraw = True
104.7532 	EXP 	Device response: <KeyPress from None: t=104.56131499982439, value=l, duration=0.1908131001982838>
105.5718 	INFO 	Keyboard events cleared
105.5717 	EXP 	text: autoDraw = True
105.5884 	EXP 	fixation: autoDraw = False
106.2378 	EXP 	Device response: <KeyPress from None: t=106.22993439994752, value=l, duration=None>
106.2381 	EXP 	New trial (rep=4, index=1): <Trial 29 (1 in rep 4) data={'reward_today': np.int64(40), 'future_reward': np.int64(55), 'delay': np.int64(62), 'thisN': 29, 'thisTrialN': 1, 'thisRepN': 4}>
106.2428 	DATA 	Keypress: l
106.2541 	EXP 	fixation: autoDraw = False
106.2541 	EXP 	text: autoDraw = False
106.2541 	EXP 	text: height = np.float64(0.05)
106.2541 	EXP 	text: height = np.float64(0.05)
106.2541 	EXP 	text: height = np.float64(0.05)
106.2541 	EXP 	text: text = 'GBP 40 today or GBP 55 after 62 days'
106.2541 	EXP 	fixation: autoDraw = True
106.6055 	EXP 	Device response: <KeyPress from None: t=106.22993439994752, value=l, duration=0.3708850000984967>
107.2395 	INFO 	Keyboard events cleared
107.2393 	EXP 	text: autoDraw = True
107.2558 	EXP 	fixation: autoDraw = False
113.7633 	EXP 	Device response: <KeyPress from None: t=113.75518890004605, value=t, duration=None>
113.7637 	EXP 	New trial (rep=4, index=2): <Trial 30 (2 in rep 4) data={'reward_today': np.int64(15), 'future_reward': np.int64(35), 'delay': np.int64(13), 'thisN': 30, 'thisTrialN': 2, 'thisRepN': 4}>
113.7690 	DATA 	Keypress: t
113.7790 	EXP 	fixation: autoDraw = False
113.7790 	EXP 	text: autoDraw = False
113.7790 	EXP 	text: height = np.float64(0.05)
113.7790 	EXP 	text: height = np.float64(0.05)
113.7790 	EXP 	text: height = np.float64(0.05)
113.7790 	EXP 	text: text = 'GBP 15 today or GBP 35 after 13 days'
113.7790 	EXP 	fixation: autoDraw = True
113.9974 	EXP 	Device response: <KeyPress from None: t=113.75518890004605, value=t, duration=0.23946609999984503>
114.7649 	INFO 	Keyboard events cleared
114.7648 	EXP 	text: autoDraw = True
114.7809 	EXP 	fixation: autoDraw = False
115.4998 	EXP 	Device response: <KeyPress from None: t=115.496437799884, value=l, duration=None>
115.5002 	EXP 	New trial (rep=4, index=3): <Trial 31 (3 in rep 4) data={'reward_today': np.int64(27), 'future_reward': np.int64(50), 'delay': np.int64(21), 'thisN': 31, 'thisTrialN': 3, 'thisRepN': 4}>
115.5059 	DATA 	Keypress: l
115.5172 	EXP 	fixation: autoDraw = False
115.5172 	EXP 	text: autoDraw = False
115.5172 	EXP 	text: height = np.float64(0.05)
115.5172 	EXP 	text: height = np.float64(0.05)
115.5172 	EXP 	text: height = np.float64(0.05)
115.5172 	EXP 	text: text = 'GBP 27 today or GBP 50 after 21 days'
115.5172 	EXP 	fixation: autoDraw = True
115.6655 	EXP 	Device response: <KeyPress from None: t=115.496437799884, value=l, duration=0.16498990007676184>
116.4992 	INFO 	Keyboard events cleared
116.4991 	EXP 	text: autoDraw = True
116.5333 	EXP 	fixation: autoDraw = False
119.5873 	EXP 	Device response: <KeyPress from None: t=119.57424929994158, value=l, duration=None>
119.5876 	EXP 	New trial (rep=4, index=4): <Trial 32 (4 in rep 4) data={'reward_today': np.int64(78), 'future_reward': np.int64(80), 'delay': np.int64(162), 'thisN': 32, 'thisTrialN': 4, 'thisRepN': 4}>
119.5915 	DATA 	Keypress: l
119.6035 	EXP 	fixation: autoDraw = False
119.6035 	EXP 	text: autoDraw = False
119.6035 	EXP 	text: height = np.float64(0.05)
119.6035 	EXP 	text: height = np.float64(0.05)
119.6035 	EXP 	text: height = np.float64(0.05)
119.6035 	EXP 	text: text = 'GBP 78 today or GBP 80 after 162 days'
119.6035 	EXP 	fixation: autoDraw = True
119.7530 	EXP 	Device response: <KeyPress from None: t=119.57424929994158, value=l, duration=0.17475349991582334>
120.5875 	INFO 	Keyboard events cleared
120.5873 	EXP 	text: autoDraw = True
120.6032 	EXP 	fixation: autoDraw = False
122.3896 	EXP 	Device response: <KeyPress from None: t=122.37920679990202, value=t, duration=None>
122.3900 	EXP 	New trial (rep=4, index=5): <Trial 33 (5 in rep 4) data={'reward_today': np.int64(67), 'future_reward': np.int64(75), 'delay': np.int64(119), 'thisN': 33, 'thisTrialN': 5, 'thisRepN': 4}>
122.3954 	DATA 	Keypress: t
122.4051 	EXP 	fixation: autoDraw = False
122.4051 	EXP 	text: autoDraw = False
122.4051 	EXP 	text: height = np.float64(0.05)
122.4051 	EXP 	text: height = np.float64(0.05)
122.4051 	EXP 	text: height = np.float64(0.05)
122.4051 	EXP 	text: text = 'GBP 67 today or GBP 75 after 119 days'
122.4051 	EXP 	fixation: autoDraw = True
122.5892 	EXP 	Device response: <KeyPress from None: t=122.37920679990202, value=t, duration=0.1953694000840187>
123.3909 	INFO 	Keyboard events cleared
123.3907 	EXP 	text: autoDraw = True
123.4072 	EXP 	fixation: autoDraw = False
126.6446 	EXP 	Device response: <KeyPress from None: t=126.6367973999586, value=t, duration=None>
126.6450 	EXP 	New trial (rep=4, index=6): <Trial 34 (6 in rep 4) data={'reward_today': np.int64(49), 'future_reward': np.int64(60), 'delay': np.int64(89), 'thisN': 34, 'thisTrialN': 6, 'thisRepN': 4}>
126.6506 	DATA 	Keypress: t
126.6613 	EXP 	fixation: autoDraw = False
126.6613 	EXP 	text: autoDraw = False
126.6613 	EXP 	text: height = np.float64(0.05)
126.6613 	EXP 	text: height = np.float64(0.05)
126.6613 	EXP 	text: height = np.float64(0.05)
126.6613 	EXP 	text: text = 'GBP 49 today or GBP 60 after 89 days'
126.6613 	EXP 	fixation: autoDraw = True
126.8277 	EXP 	Device response: <KeyPress from None: t=126.6367973999586, value=t, duration=0.18838900001719594>
127.6451 	INFO 	Keyboard events cleared
127.6449 	EXP 	text: autoDraw = True
127.6617 	EXP 	fixation: autoDraw = False
128.9298 	EXP 	Device response: <KeyPress from None: t=128.92670559999533, value=l, duration=None>
128.9302 	EXP 	New trial (rep=5, index=0): <Trial 35 (0 in rep 5) data={'reward_today': np.int64(40), 'future_reward': np.int64(55), 'delay': np.int64(62), 'thisN': 35, 'thisTrialN': 0, 'thisRepN': 5}>
128.9354 	DATA 	Keypress: l
128.9465 	EXP 	fixation: autoDraw = False
128.9465 	EXP 	text: autoDraw = False
128.9465 	EXP 	text: height = np.float64(0.05)
128.9465 	EXP 	text: height = np.float64(0.05)
128.9465 	EXP 	text: height = np.float64(0.05)
128.9465 	EXP 	text: text = 'GBP 40 today or GBP 55 after 62 days'
128.9465 	EXP 	fixation: autoDraw = True
129.0467 	EXP 	Device response: <KeyPress from None: t=128.92670559999533, value=l, duration=0.1106326999142766>
129.9310 	INFO 	Keyboard events cleared
129.9307 	EXP 	text: autoDraw = True
129.9469 	EXP 	fixation: autoDraw = False
131.8160 	EXP 	Device response: <KeyPress from None: t=131.8126926999539, value=l, duration=None>
131.8164 	EXP 	New trial (rep=5, index=1): <Trial 36 (1 in rep 5) data={'reward_today': np.int64(27), 'future_reward': np.int64(50), 'delay': np.int64(21), 'thisN': 36, 'thisTrialN': 1, 'thisRepN': 5}>
131.8214 	DATA 	Keypress: l
131.8330 	EXP 	fixation: autoDraw = False
131.8330 	EXP 	text: autoDraw = False
131.8330 	EXP 	text: height = np.float64(0.05)
131.8330 	EXP 	text: height = np.float64(0.05)
131.8330 	EXP 	text: height = np.float64(0.05)
131.8330 	EXP 	text: text = 'GBP 27 today or GBP 50 after 21 days'
131.8330 	EXP 	fixation: autoDraw = True
132.0006 	EXP 	Device response: <KeyPress from None: t=131.8126926999539, value=l, duration=0.1801664000377059>
132.8171 	INFO 	Keyboard events cleared
132.8169 	EXP 	text: autoDraw = True
132.8347 	EXP 	fixation: autoDraw = False
135.3040 	EXP 	Device response: <KeyPress from None: t=135.29295079992153, value=l, duration=None>
135.3044 	EXP 	New trial (rep=5, index=2): <Trial 37 (2 in rep 5) data={'reward_today': np.int64(67), 'future_reward': np.int64(75), 'delay': np.int64(119), 'thisN': 37, 'thisTrialN': 2, 'thisRepN': 5}>
135.3093 	DATA 	Keypress: l
135.3203 	EXP 	fixation: autoDraw = False
135.3203 	EXP 	text: autoDraw = False
135.3203 	EXP 	text: height = np.float64(0.05)
135.3203 	EXP 	text: height = np.float64(0.05)
135.3203 	EXP 	text: height = np.float64(0.05)
135.3203 	EXP 	text: text = 'GBP 67 today or GBP 75 after 119 days'
135.3203 	EXP 	fixation: autoDraw = True
135.4542 	EXP 	Device response: <KeyPress from None: t=135.29295079992153, value=l, duration=0.14827800006605685>
136.3045 	INFO 	Keyboard events cleared
136.3043 	EXP 	text: autoDraw = True
136.3208 	EXP 	fixation: autoDraw = False
137.3728 	EXP 	Device response: <KeyPress from None: t=137.36890579992905, value=t, duration=None>
137.3732 	EXP 	New trial (rep=5, index=3): <Trial 38 (3 in rep 5) data={'reward_today': np.int64(49), 'future_reward': np.int64(60), 'delay': np.int64(89), 'thisN': 38, 'thisTrialN': 3, 'thisRepN': 5}>
137.3789 	DATA 	Keypress: t
137.3885 	EXP 	fixation: autoDraw = False
137.3885 	EXP 	text: autoDraw = False
137.3885 	EXP 	text: height = np.float64(0.05)
137.3885 	EXP 	text: height = np.float64(0.05)
137.3885 	EXP 	text: height = np.float64(0.05)
137.3885 	EXP 	text: text = 'GBP 49 today or GBP 60 after 89 days'
137.3885 	EXP 	fixation: autoDraw = True
137.4407 	EXP 	Device response: <KeyPress from None: t=137.36890579992905, value=t, duration=0.06091729993931949>
138.3740 	INFO 	Keyboard events cleared
138.3738 	EXP 	text: autoDraw = True
138.3907 	EXP 	fixation: autoDraw = False
140.3094 	EXP 	Device response: <KeyPress from None: t=140.30238549993373, value=l, duration=None>
140.3097 	EXP 	New trial (rep=5, index=4): <Trial 39 (4 in rep 5) data={'reward_today': np.int64(78), 'future_reward': np.int64(80), 'delay': np.int64(162), 'thisN': 39, 'thisTrialN': 4, 'thisRepN': 5}>
140.3154 	DATA 	Keypress: l
140.3250 	EXP 	fixation: autoDraw = False
140.3250 	EXP 	text: autoDraw = False
140.3250 	EXP 	text: height = np.float64(0.05)
140.3250 	EXP 	text: height = np.float64(0.05)
140.3250 	EXP 	text: height = np.float64(0.05)
140.3250 	EXP 	text: text = 'GBP 78 today or GBP 80 after 162 days'
140.3250 	EXP 	fixation: autoDraw = True
140.4761 	EXP 	Device response: <KeyPress from None: t=140.30238549993373, value=l, duration=0.16150219994597137>
141.3096 	INFO 	Keyboard events cleared
141.3095 	EXP 	text: autoDraw = True
141.3267 	EXP 	fixation: autoDraw = False
143.5803 	EXP 	Device response: <KeyPress from None: t=143.56735959998332, value=t, duration=None>
143.5806 	EXP 	New trial (rep=5, index=5): <Trial 40 (5 in rep 5) data={'reward_today': np.int64(15), 'future_reward': np.int64(35), 'delay': np.int64(13), 'thisN': 40, 'thisTrialN': 5, 'thisRepN': 5}>
143.5854 	DATA 	Keypress: t
143.5963 	EXP 	fixation: autoDraw = False
143.5963 	EXP 	text: autoDraw = False
143.5963 	EXP 	text: height = np.float64(0.05)
143.5963 	EXP 	text: height = np.float64(0.05)
143.5963 	EXP 	text: height = np.float64(0.05)
143.5963 	EXP 	text: text = 'GBP 15 today or GBP 35 after 13 days'
143.5963 	EXP 	fixation: autoDraw = True
143.7791 	EXP 	Device response: <KeyPress from None: t=143.56735959998332, value=t, duration=0.19538819999434054>
144.5805 	INFO 	Keyboard events cleared
144.5803 	EXP 	text: autoDraw = True
144.5970 	EXP 	fixation: autoDraw = False
145.0821 	EXP 	Device response: <KeyPress from None: t=145.07036759983748, value=l, duration=None>
145.0825 	EXP 	New trial (rep=5, index=6): <Trial 41 (6 in rep 5) data={'reward_today': np.int64(11), 'future_reward': np.int64(30), 'delay': np.int64(7), 'thisN': 41, 'thisTrialN': 6, 'thisRepN': 5}>
145.0877 	DATA 	Keypress: l
145.0973 	EXP 	fixation: autoDraw = False
145.0973 	EXP 	text: autoDraw = False
145.0973 	EXP 	text: height = np.float64(0.05)
145.0973 	EXP 	text: height = np.float64(0.05)
145.0973 	EXP 	text: height = np.float64(0.05)
145.0973 	EXP 	text: text = 'GBP 11 today or GBP 30 after 7 days'
145.0973 	EXP 	fixation: autoDraw = True
145.2150 	EXP 	Device response: <KeyPress from None: t=145.07036759983748, value=l, duration=0.1296343000140041>
146.0817 	INFO 	Keyboard events cleared
146.0816 	EXP 	text: autoDraw = True
146.0993 	EXP 	fixation: autoDraw = False
146.7164 	EXP 	Device response: <KeyPress from None: t=146.704769999953, value=l, duration=None>
146.7168 	EXP 	New trial (rep=6, index=0): <Trial 42 (0 in rep 6) data={'reward_today': np.int64(67), 'future_reward': np.int64(75), 'delay': np.int64(119), 'thisN': 42, 'thisTrialN': 0, 'thisRepN': 6}>
146.7224 	DATA 	Keypress: l
146.7318 	EXP 	fixation: autoDraw = False
146.7318 	EXP 	text: autoDraw = False
146.7318 	EXP 	text: height = np.float64(0.05)
146.7318 	EXP 	text: height = np.float64(0.05)
146.7318 	EXP 	text: height = np.float64(0.05)
146.7318 	EXP 	text: text = 'GBP 67 today or GBP 75 after 119 days'
146.7318 	EXP 	fixation: autoDraw = True
146.8671 	EXP 	Device response: <KeyPress from None: t=146.704769999953, value=l, duration=0.15582079999148846>
147.7176 	INFO 	Keyboard events cleared
147.7174 	EXP 	text: autoDraw = True
147.7339 	EXP 	fixation: autoDraw = False
148.5516 	EXP 	Device response: <KeyPress from None: t=148.53572169994004, value=t, duration=None>
148.5519 	EXP 	New trial (rep=6, index=1): <Trial 43 (1 in rep 6) data={'reward_today': np.int64(40), 'future_reward': np.int64(55), 'delay': np.int64(62), 'thisN': 43, 'thisTrialN': 1, 'thisRepN': 6}>
148.5569 	DATA 	Keypress: t
148.5684 	EXP 	fixation: autoDraw = False
148.5684 	EXP 	text: autoDraw = False
148.5684 	EXP 	text: height = np.float64(0.05)
148.5684 	EXP 	text: height = np.float64(0.05)
148.5684 	EXP 	text: height = np.float64(0.05)
148.5684 	EXP 	text: text = 'GBP 40 today or GBP 55 after 62 days'
148.5684 	EXP 	fixation: autoDraw = True
148.7181 	EXP 	Device response: <KeyPress from None: t=148.53572169994004, value=t, duration=0.16844050004146993>
149.5525 	INFO 	Keyboard events cleared
149.5524 	EXP 	text: autoDraw = True
149.5700 	EXP 	fixation: autoDraw = False
151.9391 	EXP 	Device response: <KeyPress from None: t=151.9315825998783, value=l, duration=None>
151.9395 	EXP 	New trial (rep=6, index=2): <Trial 44 (2 in rep 6) data={'reward_today': np.int64(11), 'future_reward': np.int64(30), 'delay': np.int64(7), 'thisN': 44, 'thisTrialN': 2, 'thisRepN': 6}>
151.9443 	DATA 	Keypress: l
151.9561 	EXP 	fixation: autoDraw = False
151.9561 	EXP 	text: autoDraw = False
151.9561 	EXP 	text: height = np.float64(0.05)
151.9561 	EXP 	text: height = np.float64(0.05)
151.9561 	EXP 	text: height = np.float64(0.05)
151.9561 	EXP 	text: text = 'GBP 11 today or GBP 30 after 7 days'
151.9561 	EXP 	fixation: autoDraw = True
152.1057 	EXP 	Device response: <KeyPress from None: t=151.9315825998783, value=l, duration=0.16711869998835027>
152.9390 	INFO 	Keyboard events cleared
152.9389 	EXP 	text: autoDraw = True
152.9566 	EXP 	fixation: autoDraw = False
153.7238 	EXP 	Device response: <KeyPress from None: t=153.72264679986984, value=l, duration=None>
153.7242 	EXP 	New trial (rep=6, index=3): <Trial 45 (3 in rep 6) data={'reward_today': np.int64(78), 'future_reward': np.int64(80), 'delay': np.int64(162), 'thisN': 45, 'thisTrialN': 3, 'thisRepN': 6}>
153.7297 	DATA 	Keypress: l
153.7398 	EXP 	fixation: autoDraw = False
153.7398 	EXP 	text: autoDraw = False
153.7398 	EXP 	text: height = np.float64(0.05)
153.7398 	EXP 	text: height = np.float64(0.05)
153.7398 	EXP 	text: height = np.float64(0.05)
153.7398 	EXP 	text: text = 'GBP 78 today or GBP 80 after 162 days'
153.7398 	EXP 	fixation: autoDraw = True
153.8754 	EXP 	Device response: <KeyPress from None: t=153.72264679986984, value=l, duration=0.14676050003618002>
154.7256 	INFO 	Keyboard events cleared
154.7254 	EXP 	text: autoDraw = True
154.7418 	EXP 	fixation: autoDraw = False
156.3097 	EXP 	Device response: <KeyPress from None: t=156.29559919983149, value=t, duration=None>
156.3100 	EXP 	New trial (rep=6, index=4): <Trial 46 (4 in rep 6) data={'reward_today': np.int64(15), 'future_reward': np.int64(35), 'delay': np.int64(13), 'thisN': 46, 'thisTrialN': 4, 'thisRepN': 6}>
156.3146 	DATA 	Keypress: t
156.3268 	EXP 	fixation: autoDraw = False
156.3268 	EXP 	text: autoDraw = False
156.3268 	EXP 	text: height = np.float64(0.05)
156.3268 	EXP 	text: height = np.float64(0.05)
156.3268 	EXP 	text: height = np.float64(0.05)
156.3268 	EXP 	text: text = 'GBP 15 today or GBP 35 after 13 days'
156.3268 	EXP 	fixation: autoDraw = True
156.5096 	EXP 	Device response: <KeyPress from None: t=156.29559919983149, value=t, duration=0.19965409999713302>
157.3113 	INFO 	Keyboard events cleared
157.3111 	EXP 	text: autoDraw = True
157.3278 	EXP 	fixation: autoDraw = False
157.9289 	EXP 	Device response: <KeyPress from None: t=157.91397150000557, value=l, duration=None>
157.9292 	EXP 	New trial (rep=6, index=5): <Trial 47 (5 in rep 6) data={'reward_today': np.int64(27), 'future_reward': np.int64(50), 'delay': np.int64(21), 'thisN': 47, 'thisTrialN': 5, 'thisRepN': 6}>
157.9338 	DATA 	Keypress: l
157.9443 	EXP 	fixation: autoDraw = False
157.9443 	EXP 	text: autoDraw = False
157.9443 	EXP 	text: height = np.float64(0.05)
157.9443 	EXP 	text: height = np.float64(0.05)
157.9443 	EXP 	text: height = np.float64(0.05)
157.9443 	EXP 	text: text = 'GBP 27 today or GBP 50 after 21 days'
157.9443 	EXP 	fixation: autoDraw = True
158.1293 	EXP 	Device response: <KeyPress from None: t=157.91397150000557, value=l, duration=0.19968810002319515>
158.9294 	INFO 	Keyboard events cleared
158.9292 	EXP 	text: autoDraw = True
158.9466 	EXP 	fixation: autoDraw = False
159.4965 	EXP 	Device response: <KeyPress from None: t=159.483487599995, value=l, duration=None>
159.4970 	EXP 	New trial (rep=6, index=6): <Trial 48 (6 in rep 6) data={'reward_today': np.int64(49), 'future_reward': np.int64(60), 'delay': np.int64(89), 'thisN': 48, 'thisTrialN': 6, 'thisRepN': 6}>
159.5033 	DATA 	Keypress: l
159.5129 	EXP 	fixation: autoDraw = False
159.5129 	EXP 	text: autoDraw = False
159.5129 	EXP 	text: height = np.float64(0.05)
159.5129 	EXP 	text: height = np.float64(0.05)
159.5129 	EXP 	text: height = np.float64(0.05)
159.5129 	EXP 	text: text = 'GBP 49 today or GBP 60 after 89 days'
159.5129 	EXP 	fixation: autoDraw = True
159.6482 	EXP 	Device response: <KeyPress from None: t=159.483487599995, value=l, duration=0.15128879994153976>
160.4975 	INFO 	Keyboard events cleared
160.4974 	EXP 	text: autoDraw = True
160.5149 	EXP 	fixation: autoDraw = False
162.0001 	EXP 	Device response: <KeyPress from None: t=161.98735979991034, value=l, duration=None>
162.0004 	EXP 	New trial (rep=7, index=0): <Trial 49 (0 in rep 7) data={'reward_today': np.int64(11), 'future_reward': np.int64(30), 'delay': np.int64(7), 'thisN': 49, 'thisTrialN': 0, 'thisRepN': 7}>
162.0062 	DATA 	Keypress: l
162.0153 	EXP 	fixation: autoDraw = False
162.0153 	EXP 	text: autoDraw = False
162.0153 	EXP 	text: height = np.float64(0.05)
162.0153 	EXP 	text: height = np.float64(0.05)
162.0153 	EXP 	text: height = np.float64(0.05)
162.0153 	EXP 	text: text = 'GBP 11 today or GBP 30 after 7 days'
162.0153 	EXP 	fixation: autoDraw = True
162.1998 	EXP 	Device response: <KeyPress from None: t=161.98735979991034, value=l, duration=0.19650800013914704>
163.0010 	INFO 	Keyboard events cleared
163.0008 	EXP 	text: autoDraw = True
163.0173 	EXP 	fixation: autoDraw = False
163.6673 	EXP 	Device response: <KeyPress from None: t=163.65984670002945, value=l, duration=None>
163.6677 	EXP 	New trial (rep=7, index=1): <Trial 50 (1 in rep 7) data={'reward_today': np.int64(78), 'future_reward': np.int64(80), 'delay': np.int64(162), 'thisN': 50, 'thisTrialN': 1, 'thisRepN': 7}>
163.6718 	DATA 	Keypress: l
163.6839 	EXP 	fixation: autoDraw = False
163.6839 	EXP 	text: autoDraw = False
163.6839 	EXP 	text: height = np.float64(0.05)
163.6839 	EXP 	text: height = np.float64(0.05)
163.6839 	EXP 	text: height = np.float64(0.05)
163.6839 	EXP 	text: text = 'GBP 78 today or GBP 80 after 162 days'
163.6839 	EXP 	fixation: autoDraw = True
163.8353 	EXP 	Device response: <KeyPress from None: t=163.65984670002945, value=l, duration=0.1662375999148935>
164.6691 	INFO 	Keyboard events cleared
164.6689 	EXP 	text: autoDraw = True
164.6858 	EXP 	fixation: autoDraw = False
165.6541 	EXP 	Device response: <KeyPress from None: t=165.6516137998551, value=t, duration=None>
165.6545 	EXP 	New trial (rep=7, index=2): <Trial 51 (2 in rep 7) data={'reward_today': np.int64(40), 'future_reward': np.int64(55), 'delay': np.int64(62), 'thisN': 51, 'thisTrialN': 2, 'thisRepN': 7}>
165.6598 	DATA 	Keypress: t
165.6696 	EXP 	fixation: autoDraw = False
165.6696 	EXP 	text: autoDraw = False
165.6696 	EXP 	text: height = np.float64(0.05)
165.6696 	EXP 	text: height = np.float64(0.05)
165.6696 	EXP 	text: height = np.float64(0.05)
165.6696 	EXP 	text: text = 'GBP 40 today or GBP 55 after 62 days'
165.6696 	EXP 	fixation: autoDraw = True
165.8868 	EXP 	Device response: <KeyPress from None: t=165.6516137998551, value=t, duration=0.22109020012430847>
166.6548 	INFO 	Keyboard events cleared
166.6546 	EXP 	text: autoDraw = True
166.6714 	EXP 	fixation: autoDraw = False
168.2914 	DATA 	Keypress: l
168.3064 	EXP 	Device response: <KeyPress from None: t=168.29047550004907, value=l, duration=None>
168.3067 	EXP 	New trial (rep=7, index=3): <Trial 52 (3 in rep 7) data={'reward_today': np.int64(15), 'future_reward': np.int64(35), 'delay': np.int64(13), 'thisN': 52, 'thisTrialN': 3, 'thisRepN': 7}>
168.3234 	EXP 	fixation: autoDraw = False
168.3234 	EXP 	text: autoDraw = False
168.3234 	EXP 	text: height = np.float64(0.05)
168.3234 	EXP 	text: height = np.float64(0.05)
168.3234 	EXP 	text: height = np.float64(0.05)
168.3234 	EXP 	text: text = 'GBP 15 today or GBP 35 after 13 days'
168.3234 	EXP 	fixation: autoDraw = True
168.4737 	EXP 	Device response: <KeyPress from None: t=168.29047550004907, value=l, duration=0.1757899997755885>
169.3126 	INFO 	Keyboard events cleared
169.3124 	EXP 	text: autoDraw = True
169.3232 	EXP 	fixation: autoDraw = False
169.9422 	EXP 	Device response: <KeyPress from None: t=169.9310532999225, value=t, duration=None>
169.9425 	EXP 	New trial (rep=7, index=4): <Trial 53 (4 in rep 7) data={'reward_today': np.int64(49), 'future_reward': np.int64(60), 'delay': np.int64(89), 'thisN': 53, 'thisTrialN': 4, 'thisRepN': 7}>
169.9480 	DATA 	Keypress: t
169.9578 	EXP 	fixation: autoDraw = False
169.9578 	EXP 	text: autoDraw = False
169.9578 	EXP 	text: height = np.float64(0.05)
169.9578 	EXP 	text: height = np.float64(0.05)
169.9578 	EXP 	text: height = np.float64(0.05)
169.9578 	EXP 	text: text = 'GBP 49 today or GBP 60 after 89 days'
169.9578 	EXP 	fixation: autoDraw = True
170.1919 	EXP 	Device response: <KeyPress from None: t=169.9310532999225, value=t, duration=0.2558728998992592>
170.9419 	INFO 	Keyboard events cleared
170.9418 	EXP 	text: autoDraw = True
170.9593 	EXP 	fixation: autoDraw = False
173.5961 	EXP 	Device response: <KeyPress from None: t=173.58047789987177, value=l, duration=None>
173.5965 	EXP 	New trial (rep=7, index=5): <Trial 54 (5 in rep 7) data={'reward_today': np.int64(27), 'future_reward': np.int64(50), 'delay': np.int64(21), 'thisN': 54, 'thisTrialN': 5, 'thisRepN': 7}>
173.6021 	DATA 	Keypress: l
173.6131 	EXP 	fixation: autoDraw = False
173.6131 	EXP 	text: autoDraw = False
173.6131 	EXP 	text: height = np.float64(0.05)
173.6131 	EXP 	text: height = np.float64(0.05)
173.6131 	EXP 	text: height = np.float64(0.05)
173.6131 	EXP 	text: text = 'GBP 27 today or GBP 50 after 21 days'
173.6131 	EXP 	fixation: autoDraw = True
173.7134 	EXP 	Device response: <KeyPress from None: t=173.58047789987177, value=l, duration=0.12527479999698699>
174.5971 	INFO 	Keyboard events cleared
174.5969 	EXP 	text: autoDraw = True
174.6134 	EXP 	fixation: autoDraw = False
175.3991 	EXP 	Device response: <KeyPress from None: t=175.39516259985976, value=l, duration=None>
175.3994 	EXP 	New trial (rep=7, index=6): <Trial 55 (6 in rep 7) data={'reward_today': np.int64(67), 'future_reward': np.int64(75), 'delay': np.int64(119), 'thisN': 55, 'thisTrialN': 6, 'thisRepN': 7}>
175.4049 	DATA 	Keypress: l
175.4147 	EXP 	fixation: autoDraw = False
175.4147 	EXP 	text: autoDraw = False
175.4147 	EXP 	text: height = np.float64(0.05)
175.4147 	EXP 	text: height = np.float64(0.05)
175.4147 	EXP 	text: height = np.float64(0.05)
175.4147 	EXP 	text: text = 'GBP 67 today or GBP 75 after 119 days'
175.4147 	EXP 	fixation: autoDraw = True
175.5819 	EXP 	Device response: <KeyPress from None: t=175.39516259985976, value=l, duration=0.17191900010220706>
176.3988 	INFO 	Keyboard events cleared
176.3986 	EXP 	text: autoDraw = True
176.4154 	EXP 	fixation: autoDraw = False
176.9999 	EXP 	Device response: <KeyPress from None: t=176.9986610999331, value=t, duration=None>
177.0002 	EXP 	New trial (rep=8, index=0): <Trial 56 (0 in rep 8) data={'reward_today': np.int64(67), 'future_reward': np.int64(75), 'delay': np.int64(119), 'thisN': 56, 'thisTrialN': 0, 'thisRepN': 8}>
177.0014 	DATA 	Keypress: t
177.0153 	EXP 	fixation: autoDraw = False
177.0153 	EXP 	text: autoDraw = False
177.0153 	EXP 	text: text = 'GBP 67 today or GBP 75 after 119 days'
177.0153 	EXP 	fixation: autoDraw = True
177.2003 	EXP 	Device response: <KeyPress from None: t=176.9986610999331, value=t, duration=0.18922669999301434>
178.0009 	INFO 	Keyboard events cleared
178.0008 	EXP 	text: autoDraw = True
178.0172 	EXP 	fixation: autoDraw = False
178.5846 	EXP 	Device response: <KeyPress from None: t=178.57188749988563, value=t, duration=None>
178.5850 	EXP 	New trial (rep=8, index=1): <Trial 57 (1 in rep 8) data={'reward_today': np.int64(11), 'future_reward': np.int64(30), 'delay': np.int64(7), 'thisN': 57, 'thisTrialN': 1, 'thisRepN': 8}>
178.5908 	DATA 	Keypress: t
178.6020 	EXP 	fixation: autoDraw = False
178.6020 	EXP 	text: autoDraw = False
178.6020 	EXP 	text: height = np.float64(0.05)
178.6020 	EXP 	text: height = np.float64(0.05)
178.6020 	EXP 	text: height = np.float64(0.05)
178.6020 	EXP 	text: text = 'GBP 11 today or GBP 30 after 7 days'
178.6020 	EXP 	fixation: autoDraw = True
178.7676 	EXP 	Device response: <KeyPress from None: t=178.57188749988563, value=t, duration=0.18635800015181303>
179.5859 	INFO 	Keyboard events cleared
179.5857 	EXP 	text: autoDraw = True
179.6022 	EXP 	fixation: autoDraw = False
180.2215 	EXP 	Device response: <KeyPress from None: t=180.21241010003723, value=l, duration=None>
180.2218 	EXP 	New trial (rep=8, index=2): <Trial 58 (2 in rep 8) data={'reward_today': np.int64(78), 'future_reward': np.int64(80), 'delay': np.int64(162), 'thisN': 58, 'thisTrialN': 2, 'thisRepN': 8}>
180.2268 	DATA 	Keypress: l
180.2350 	EXP 	fixation: autoDraw = False
180.2350 	EXP 	text: autoDraw = False
180.2350 	EXP 	text: height = np.float64(0.05)
180.2350 	EXP 	text: height = np.float64(0.05)
180.2350 	EXP 	text: height = np.float64(0.05)
180.2350 	EXP 	text: text = 'GBP 78 today or GBP 80 after 162 days'
180.2350 	EXP 	fixation: autoDraw = True
180.3698 	EXP 	Device response: <KeyPress from None: t=180.21241010003723, value=l, duration=0.150985199958086>
181.2375 	INFO 	Keyboard events cleared
181.2374 	EXP 	fixation: autoDraw = False
181.2374 	EXP 	text: autoDraw = True
182.3384 	EXP 	Device response: <KeyPress from None: t=182.33518880000338, value=t, duration=None>
182.3387 	EXP 	New trial (rep=8, index=3): <Trial 59 (3 in rep 8) data={'reward_today': np.int64(15), 'future_reward': np.int64(35), 'delay': np.int64(13), 'thisN': 59, 'thisTrialN': 3, 'thisRepN': 8}>
182.3440 	DATA 	Keypress: t
182.3544 	EXP 	fixation: autoDraw = False
182.3544 	EXP 	text: autoDraw = False
182.3544 	EXP 	text: height = np.float64(0.05)
182.3544 	EXP 	text: height = np.float64(0.05)
182.3544 	EXP 	text: height = np.float64(0.05)
182.3544 	EXP 	text: text = 'GBP 15 today or GBP 35 after 13 days'
182.3544 	EXP 	fixation: autoDraw = True
182.5392 	EXP 	Device response: <KeyPress from None: t=182.33518880000338, value=t, duration=0.20014810003340244>
183.3388 	INFO 	Keyboard events cleared
183.3387 	EXP 	text: autoDraw = True
183.3562 	EXP 	fixation: autoDraw = False
184.1245 	EXP 	Device response: <KeyPress from None: t=184.12381699983962, value=l, duration=None>
184.1249 	EXP 	New trial (rep=8, index=4): <Trial 60 (4 in rep 8) data={'reward_today': np.int64(27), 'future_reward': np.int64(50), 'delay': np.int64(21), 'thisN': 60, 'thisTrialN': 4, 'thisRepN': 8}>
184.1307 	DATA 	Keypress: l
184.1406 	EXP 	fixation: autoDraw = False
184.1406 	EXP 	text: autoDraw = False
184.1406 	EXP 	text: height = np.float64(0.05)
184.1406 	EXP 	text: height = np.float64(0.05)
184.1406 	EXP 	text: height = np.float64(0.05)
184.1406 	EXP 	text: text = 'GBP 27 today or GBP 50 after 21 days'
184.1406 	EXP 	fixation: autoDraw = True
184.2907 	EXP 	Device response: <KeyPress from None: t=184.12381699983962, value=l, duration=0.16101500019431114>
185.1250 	INFO 	Keyboard events cleared
185.1249 	EXP 	text: autoDraw = True
185.1420 	EXP 	fixation: autoDraw = False
185.6423 	EXP 	Device response: <KeyPress from None: t=185.6379648000002, value=l, duration=None>
185.6426 	EXP 	New trial (rep=8, index=5): <Trial 61 (5 in rep 8) data={'reward_today': np.int64(49), 'future_reward': np.int64(60), 'delay': np.int64(89), 'thisN': 61, 'thisTrialN': 5, 'thisRepN': 8}>
185.6480 	DATA 	Keypress: l
185.6584 	EXP 	fixation: autoDraw = False
185.6584 	EXP 	text: autoDraw = False
185.6584 	EXP 	text: height = np.float64(0.05)
185.6584 	EXP 	text: height = np.float64(0.05)
185.6584 	EXP 	text: height = np.float64(0.05)
185.6584 	EXP 	text: text = 'GBP 49 today or GBP 60 after 89 days'
185.6584 	EXP 	fixation: autoDraw = True
185.8256 	EXP 	Device response: <KeyPress from None: t=185.6379648000002, value=l, duration=0.18084869999438524>
186.6443 	INFO 	Keyboard events cleared
186.6441 	EXP 	text: autoDraw = True
186.6600 	EXP 	fixation: autoDraw = False
187.8448 	EXP 	Device response: <KeyPress from None: t=187.8294881999027, value=l, duration=None>
187.8451 	EXP 	New trial (rep=8, index=6): <Trial 62 (6 in rep 8) data={'reward_today': np.int64(40), 'future_reward': np.int64(55), 'delay': np.int64(62), 'thisN': 62, 'thisTrialN': 6, 'thisRepN': 8}>
187.8497 	DATA 	Keypress: l
187.8603 	EXP 	fixation: autoDraw = False
187.8603 	EXP 	text: autoDraw = False
187.8603 	EXP 	text: height = np.float64(0.05)
187.8603 	EXP 	text: height = np.float64(0.05)
187.8603 	EXP 	text: height = np.float64(0.05)
187.8603 	EXP 	text: text = 'GBP 40 today or GBP 55 after 62 days'
187.8603 	EXP 	fixation: autoDraw = True
187.9957 	EXP 	Device response: <KeyPress from None: t=187.8294881999027, value=l, duration=0.1552079999819398>
188.8456 	INFO 	Keyboard events cleared
188.8454 	EXP 	text: autoDraw = True
188.8626 	EXP 	fixation: autoDraw = False
189.8138 	EXP 	Device response: <KeyPress from None: t=189.80632349988446, value=l, duration=None>
189.8141 	EXP 	New trial (rep=9, index=0): <Trial 63 (0 in rep 9) data={'reward_today': np.int64(15), 'future_reward': np.int64(35), 'delay': np.int64(13), 'thisN': 63, 'thisTrialN': 0, 'thisRepN': 9}>
189.8182 	DATA 	Keypress: l
189.8298 	EXP 	fixation: autoDraw = False
189.8298 	EXP 	text: autoDraw = False
189.8298 	EXP 	text: height = np.float64(0.05)
189.8298 	EXP 	text: height = np.float64(0.05)
189.8298 	EXP 	text: height = np.float64(0.05)
189.8298 	EXP 	text: text = 'GBP 15 today or GBP 35 after 13 days'
189.8298 	EXP 	fixation: autoDraw = True
189.9966 	EXP 	Device response: <KeyPress from None: t=189.80632349988446, value=l, duration=0.17463150015100837>
190.8146 	INFO 	Keyboard events cleared
190.8145 	EXP 	text: autoDraw = True
190.8313 	EXP 	fixation: autoDraw = False
191.5492 	EXP 	Device response: <KeyPress from None: t=191.5371025998611, value=l, duration=None>
191.5496 	EXP 	New trial (rep=9, index=1): <Trial 64 (1 in rep 9) data={'reward_today': np.int64(67), 'future_reward': np.int64(75), 'delay': np.int64(119), 'thisN': 64, 'thisTrialN': 1, 'thisRepN': 9}>
191.5546 	DATA 	Keypress: l
191.5648 	EXP 	fixation: autoDraw = False
191.5648 	EXP 	text: autoDraw = False
191.5648 	EXP 	text: height = np.float64(0.05)
191.5648 	EXP 	text: height = np.float64(0.05)
191.5648 	EXP 	text: height = np.float64(0.05)
191.5648 	EXP 	text: text = 'GBP 67 today or GBP 75 after 119 days'
191.5648 	EXP 	fixation: autoDraw = True
191.6819 	EXP 	Device response: <KeyPress from None: t=191.5371025998611, value=l, duration=0.13464840012602508>
192.5494 	INFO 	Keyboard events cleared
192.5493 	EXP 	text: autoDraw = True
192.5670 	EXP 	fixation: autoDraw = False
193.4012 	EXP 	Device response: <KeyPress from None: t=193.39456499996595, value=t, duration=None>
193.4016 	EXP 	New trial (rep=9, index=2): <Trial 65 (2 in rep 9) data={'reward_today': np.int64(78), 'future_reward': np.int64(80), 'delay': np.int64(162), 'thisN': 65, 'thisTrialN': 2, 'thisRepN': 9}>
193.4065 	DATA 	Keypress: t
193.4165 	EXP 	fixation: autoDraw = False
193.4165 	EXP 	text: autoDraw = False
193.4165 	EXP 	text: height = np.float64(0.05)
193.4165 	EXP 	text: height = np.float64(0.05)
193.4165 	EXP 	text: height = np.float64(0.05)
193.4165 	EXP 	text: text = 'GBP 78 today or GBP 80 after 162 days'
193.4165 	EXP 	fixation: autoDraw = True
193.5514 	EXP 	Device response: <KeyPress from None: t=193.39456499996595, value=t, duration=0.14793689991347492>
194.4021 	INFO 	Keyboard events cleared
194.4019 	EXP 	text: autoDraw = True
194.4186 	EXP 	fixation: autoDraw = False
195.9031 	EXP 	Device response: <KeyPress from None: t=195.89653809997253, value=t, duration=None>
195.9034 	EXP 	New trial (rep=9, index=3): <Trial 66 (3 in rep 9) data={'reward_today': np.int64(49), 'future_reward': np.int64(60), 'delay': np.int64(89), 'thisN': 66, 'thisTrialN': 3, 'thisRepN': 9}>
195.9089 	DATA 	Keypress: t
195.9192 	EXP 	fixation: autoDraw = False
195.9192 	EXP 	text: autoDraw = False
195.9192 	EXP 	text: height = np.float64(0.05)
195.9192 	EXP 	text: height = np.float64(0.05)
195.9192 	EXP 	text: height = np.float64(0.05)
195.9192 	EXP 	text: text = 'GBP 49 today or GBP 60 after 89 days'
195.9192 	EXP 	fixation: autoDraw = True
196.1041 	EXP 	Device response: <KeyPress from None: t=195.89653809997253, value=t, duration=0.1933905000332743>
196.9044 	INFO 	Keyboard events cleared
196.9042 	EXP 	text: autoDraw = True
196.9205 	EXP 	fixation: autoDraw = False
197.6884 	EXP 	Device response: <KeyPress from None: t=197.68326069996692, value=l, duration=None>
197.6888 	EXP 	New trial (rep=9, index=4): <Trial 67 (4 in rep 9) data={'reward_today': np.int64(27), 'future_reward': np.int64(50), 'delay': np.int64(21), 'thisN': 67, 'thisTrialN': 4, 'thisRepN': 9}>
197.6930 	DATA 	Keypress: l
197.7049 	EXP 	fixation: autoDraw = False
197.7049 	EXP 	text: autoDraw = False
197.7049 	EXP 	text: height = np.float64(0.05)
197.7049 	EXP 	text: height = np.float64(0.05)
197.7049 	EXP 	text: height = np.float64(0.05)
197.7049 	EXP 	text: text = 'GBP 27 today or GBP 50 after 21 days'
197.7049 	EXP 	fixation: autoDraw = True
197.8891 	EXP 	Device response: <KeyPress from None: t=197.68326069996692, value=l, duration=0.1970251000020653>
198.6901 	INFO 	Keyboard events cleared
198.6900 	EXP 	text: autoDraw = True
198.7063 	EXP 	fixation: autoDraw = False
202.4949 	EXP 	Device response: <KeyPress from None: t=202.48615869996138, value=l, duration=None>
202.4953 	EXP 	New trial (rep=9, index=5): <Trial 68 (5 in rep 9) data={'reward_today': np.int64(40), 'future_reward': np.int64(55), 'delay': np.int64(62), 'thisN': 68, 'thisTrialN': 5, 'thisRepN': 9}>
202.5013 	DATA 	Keypress: l
202.5104 	EXP 	fixation: autoDraw = False
202.5104 	EXP 	text: autoDraw = False
202.5104 	EXP 	text: height = np.float64(0.05)
202.5104 	EXP 	text: height = np.float64(0.05)
202.5104 	EXP 	text: height = np.float64(0.05)
202.5104 	EXP 	text: text = 'GBP 40 today or GBP 55 after 62 days'
202.5104 	EXP 	fixation: autoDraw = True
202.6609 	EXP 	Device response: <KeyPress from None: t=202.48615869996138, value=l, duration=0.1697066999040544>
203.4956 	INFO 	Keyboard events cleared
203.4954 	EXP 	text: autoDraw = True
203.5118 	EXP 	fixation: autoDraw = False
204.2124 	EXP 	Device response: <KeyPress from None: t=204.2030986000318, value=l, duration=None>
204.2127 	EXP 	New trial (rep=9, index=6): <Trial 69 (6 in rep 9) data={'reward_today': np.int64(11), 'future_reward': np.int64(30), 'delay': np.int64(7), 'thisN': 69, 'thisTrialN': 6, 'thisRepN': 9}>
204.2165 	DATA 	Keypress: l
204.2290 	EXP 	fixation: autoDraw = False
204.2290 	EXP 	text: autoDraw = False
204.2290 	EXP 	text: height = np.float64(0.05)
204.2290 	EXP 	text: height = np.float64(0.05)
204.2290 	EXP 	text: height = np.float64(0.05)
204.2290 	EXP 	text: text = 'GBP 11 today or GBP 30 after 7 days'
204.2290 	EXP 	fixation: autoDraw = True
204.3795 	EXP 	Device response: <KeyPress from None: t=204.2030986000318, value=l, duration=0.1732761999592185>
205.2140 	INFO 	Keyboard events cleared
205.2138 	EXP 	text: autoDraw = True
205.2305 	EXP 	fixation: autoDraw = False
205.7982 	EXP 	Device response: <KeyPress from None: t=205.78538939985447, value=l, duration=None>
205.7986 	EXP 	New trial (rep=10, index=0): <Trial 70 (0 in rep 10) data={'reward_today': np.int64(67), 'future_reward': np.int64(75), 'delay': np.int64(119), 'thisN': 70, 'thisTrialN': 0, 'thisRepN': 10}>
205.8028 	DATA 	Keypress: l
205.8136 	EXP 	fixation: autoDraw = False
205.8136 	EXP 	text: autoDraw = False
205.8136 	EXP 	text: height = np.float64(0.05)
205.8136 	EXP 	text: height = np.float64(0.05)
205.8136 	EXP 	text: height = np.float64(0.05)
205.8136 	EXP 	text: text = 'GBP 67 today or GBP 75 after 119 days'
205.8136 	EXP 	fixation: autoDraw = True
205.9473 	EXP 	Device response: <KeyPress from None: t=205.78538939985447, value=l, duration=0.15338330017402768>
206.7994 	INFO 	Keyboard events cleared
206.7992 	EXP 	text: autoDraw = True
206.8161 	EXP 	fixation: autoDraw = False
207.3155 	EXP 	Device response: <KeyPress from None: t=207.30984759982675, value=t, duration=None>
207.3158 	EXP 	New trial (rep=10, index=1): <Trial 71 (1 in rep 10) data={'reward_today': np.int64(78), 'future_reward': np.int64(80), 'delay': np.int64(162), 'thisN': 71, 'thisTrialN': 1, 'thisRepN': 10}>
207.3207 	DATA 	Keypress: t
207.3337 	EXP 	fixation: autoDraw = False
207.3337 	EXP 	text: autoDraw = False
207.3337 	EXP 	text: height = np.float64(0.05)
207.3337 	EXP 	text: height = np.float64(0.05)
207.3337 	EXP 	text: height = np.float64(0.05)
207.3337 	EXP 	text: text = 'GBP 78 today or GBP 80 after 162 days'
207.3337 	EXP 	fixation: autoDraw = True
207.4830 	EXP 	Device response: <KeyPress from None: t=207.30984759982675, value=t, duration=0.16820850013755262>
208.3163 	INFO 	Keyboard events cleared
208.3162 	EXP 	text: autoDraw = True
208.3339 	EXP 	fixation: autoDraw = False
208.7836 	EXP 	Device response: <KeyPress from None: t=208.77893949998543, value=t, duration=None>
208.7839 	EXP 	New trial (rep=10, index=2): <Trial 72 (2 in rep 10) data={'reward_today': np.int64(40), 'future_reward': np.int64(55), 'delay': np.int64(62), 'thisN': 72, 'thisTrialN': 2, 'thisRepN': 10}>
208.7896 	DATA 	Keypress: t
208.7998 	EXP 	fixation: autoDraw = False
208.7998 	EXP 	text: autoDraw = False
208.7998 	EXP 	text: height = np.float64(0.05)
208.7998 	EXP 	text: height = np.float64(0.05)
208.7998 	EXP 	text: height = np.float64(0.05)
208.7998 	EXP 	text: text = 'GBP 40 today or GBP 55 after 62 days'
208.7998 	EXP 	fixation: autoDraw = True
208.9510 	EXP 	Device response: <KeyPress from None: t=208.77893949998543, value=t, duration=0.16800359985791147>
209.7854 	INFO 	Keyboard events cleared
209.7853 	EXP 	text: autoDraw = True
209.8018 	EXP 	fixation: autoDraw = False
211.0048 	EXP 	Device response: <KeyPress from None: t=210.99232729990035, value=l, duration=None>
211.0051 	EXP 	New trial (rep=10, index=3): <Trial 73 (3 in rep 10) data={'reward_today': np.int64(27), 'future_reward': np.int64(50), 'delay': np.int64(21), 'thisN': 73, 'thisTrialN': 3, 'thisRepN': 10}>
211.0101 	DATA 	Keypress: l
211.0202 	EXP 	fixation: autoDraw = False
211.0202 	EXP 	text: autoDraw = False
211.0202 	EXP 	text: height = np.float64(0.05)
211.0202 	EXP 	text: height = np.float64(0.05)
211.0202 	EXP 	text: height = np.float64(0.05)
211.0202 	EXP 	text: text = 'GBP 27 today or GBP 50 after 21 days'
211.0202 	EXP 	fixation: autoDraw = True
211.1872 	EXP 	Device response: <KeyPress from None: t=210.99232729990035, value=l, duration=0.18438360001891851>
212.0051 	INFO 	Keyboard events cleared
212.0049 	EXP 	text: autoDraw = True
212.0212 	EXP 	fixation: autoDraw = False
212.8385 	EXP 	Device response: <KeyPress from None: t=212.8290418998804, value=l, duration=None>
212.8388 	EXP 	New trial (rep=10, index=4): <Trial 74 (4 in rep 10) data={'reward_today': np.int64(49), 'future_reward': np.int64(60), 'delay': np.int64(89), 'thisN': 74, 'thisTrialN': 4, 'thisRepN': 10}>
212.8436 	DATA 	Keypress: l
212.8545 	EXP 	fixation: autoDraw = False
212.8545 	EXP 	text: autoDraw = False
212.8545 	EXP 	text: height = np.float64(0.05)
212.8545 	EXP 	text: height = np.float64(0.05)
212.8545 	EXP 	text: height = np.float64(0.05)
212.8545 	EXP 	text: text = 'GBP 49 today or GBP 60 after 89 days'
212.8545 	EXP 	fixation: autoDraw = True
213.0067 	EXP 	Device response: <KeyPress from None: t=212.8290418998804, value=l, duration=0.1690720000769943>
213.8392 	INFO 	Keyboard events cleared
213.8390 	EXP 	text: autoDraw = True
213.8562 	EXP 	fixation: autoDraw = False
214.7079 	EXP 	Device response: <KeyPress from None: t=214.7055921999272, value=l, duration=None>
214.7083 	EXP 	New trial (rep=10, index=5): <Trial 75 (5 in rep 10) data={'reward_today': np.int64(11), 'future_reward': np.int64(30), 'delay': np.int64(7), 'thisN': 75, 'thisTrialN': 5, 'thisRepN': 10}>
214.7134 	DATA 	Keypress: l
214.7236 	EXP 	fixation: autoDraw = False
214.7236 	EXP 	text: autoDraw = False
214.7236 	EXP 	text: height = np.float64(0.05)
214.7236 	EXP 	text: height = np.float64(0.05)
214.7236 	EXP 	text: height = np.float64(0.05)
214.7236 	EXP 	text: text = 'GBP 11 today or GBP 30 after 7 days'
214.7236 	EXP 	fixation: autoDraw = True
214.9078 	EXP 	Device response: <KeyPress from None: t=214.7055921999272, value=l, duration=0.19941959995776415>
215.7094 	INFO 	Keyboard events cleared
215.7092 	EXP 	text: autoDraw = True
215.7259 	EXP 	fixation: autoDraw = False
218.5453 	EXP 	Device response: <KeyPress from None: t=218.53234349982813, value=l, duration=None>
218.5456 	EXP 	New trial (rep=10, index=6): <Trial 76 (6 in rep 10) data={'reward_today': np.int64(15), 'future_reward': np.int64(35), 'delay': np.int64(13), 'thisN': 76, 'thisTrialN': 6, 'thisRepN': 10}>
218.5504 	DATA 	Keypress: l
218.5605 	EXP 	fixation: autoDraw = False
218.5605 	EXP 	text: autoDraw = False
218.5605 	EXP 	text: height = np.float64(0.05)
218.5605 	EXP 	text: height = np.float64(0.05)
218.5605 	EXP 	text: height = np.float64(0.05)
218.5605 	EXP 	text: text = 'GBP 15 today or GBP 35 after 13 days'
218.5605 	EXP 	fixation: autoDraw = True
218.7282 	EXP 	Device response: <KeyPress from None: t=218.53234349982813, value=l, duration=0.19466720009222627>
219.5467 	INFO 	Keyboard events cleared
219.5466 	EXP 	text: autoDraw = True
219.5627 	EXP 	fixation: autoDraw = False
220.0161 	DATA 	Keypress: l
220.0297 	EXP 	Device response: <KeyPress from None: t=220.0148302000016, value=l, duration=None>
220.0300 	EXP 	New trial (rep=11, index=0): <Trial 77 (0 in rep 11) data={'reward_today': np.int64(78), 'future_reward': np.int64(80), 'delay': np.int64(162), 'thisN': 77, 'thisTrialN': 0, 'thisRepN': 11}>
220.0458 	EXP 	fixation: autoDraw = False
220.0458 	EXP 	text: autoDraw = False
220.0458 	EXP 	text: height = np.float64(0.05)
220.0458 	EXP 	text: height = np.float64(0.05)
220.0458 	EXP 	text: height = np.float64(0.05)
220.0458 	EXP 	text: text = 'GBP 78 today or GBP 80 after 162 days'
220.0458 	EXP 	fixation: autoDraw = True
220.2138 	EXP 	Device response: <KeyPress from None: t=220.0148302000016, value=l, duration=0.1958570999559015>
221.0314 	INFO 	Keyboard events cleared
221.0312 	EXP 	text: autoDraw = True
221.0476 	EXP 	fixation: autoDraw = False
221.5479 	EXP 	Device response: <KeyPress from None: t=221.53334810002707, value=t, duration=None>
221.5483 	EXP 	New trial (rep=11, index=1): <Trial 78 (1 in rep 11) data={'reward_today': np.int64(40), 'future_reward': np.int64(55), 'delay': np.int64(62), 'thisN': 78, 'thisTrialN': 1, 'thisRepN': 11}>
221.5538 	DATA 	Keypress: t
221.5660 	EXP 	fixation: autoDraw = False
221.5660 	EXP 	text: autoDraw = False
221.5660 	EXP 	text: height = np.float64(0.05)
221.5660 	EXP 	text: height = np.float64(0.05)
221.5660 	EXP 	text: height = np.float64(0.05)
221.5660 	EXP 	text: text = 'GBP 40 today or GBP 55 after 62 days'
221.5660 	EXP 	fixation: autoDraw = True
221.7659 	EXP 	Device response: <KeyPress from None: t=221.53334810002707, value=t, duration=0.23030449985526502>
222.5501 	INFO 	Keyboard events cleared
222.5500 	EXP 	text: autoDraw = True
222.5663 	EXP 	fixation: autoDraw = False
223.2673 	EXP 	Device response: <KeyPress from None: t=223.2596519999206, value=l, duration=None>
223.2676 	EXP 	New trial (rep=11, index=2): <Trial 79 (2 in rep 11) data={'reward_today': np.int64(67), 'future_reward': np.int64(75), 'delay': np.int64(119), 'thisN': 79, 'thisTrialN': 2, 'thisRepN': 11}>
223.2726 	DATA 	Keypress: l
223.2827 	EXP 	fixation: autoDraw = False
223.2827 	EXP 	text: autoDraw = False
223.2827 	EXP 	text: height = np.float64(0.05)
223.2827 	EXP 	text: height = np.float64(0.05)
223.2827 	EXP 	text: height = np.float64(0.05)
223.2827 	EXP 	text: text = 'GBP 67 today or GBP 75 after 119 days'
223.2827 	EXP 	fixation: autoDraw = True
223.4343 	EXP 	Device response: <KeyPress from None: t=223.2596519999206, value=l, duration=0.17223170003853738>
224.2667 	INFO 	Keyboard events cleared
224.2666 	EXP 	text: autoDraw = True
224.2850 	EXP 	fixation: autoDraw = False
226.2694 	EXP 	Device response: <KeyPress from None: t=226.25841500004753, value=t, duration=None>
226.2698 	EXP 	New trial (rep=11, index=3): <Trial 80 (3 in rep 11) data={'reward_today': np.int64(27), 'future_reward': np.int64(50), 'delay': np.int64(21), 'thisN': 80, 'thisTrialN': 3, 'thisRepN': 11}>
226.2750 	DATA 	Keypress: t
226.2857 	EXP 	fixation: autoDraw = False
226.2857 	EXP 	text: autoDraw = False
226.2857 	EXP 	text: height = np.float64(0.05)
226.2857 	EXP 	text: height = np.float64(0.05)
226.2857 	EXP 	text: height = np.float64(0.05)
226.2857 	EXP 	text: text = 'GBP 27 today or GBP 50 after 21 days'
226.2857 	EXP 	fixation: autoDraw = True
226.5542 	EXP 	Device response: <KeyPress from None: t=226.25841500004753, value=t, duration=0.2877389998175204>
227.2749 	INFO 	Keyboard events cleared
227.2747 	EXP 	text: autoDraw = True
227.2871 	EXP 	fixation: autoDraw = False
227.7385 	EXP 	Device response: <KeyPress from None: t=227.72419660002925, value=l, duration=None>
227.7388 	EXP 	New trial (rep=11, index=4): <Trial 81 (4 in rep 11) data={'reward_today': np.int64(11), 'future_reward': np.int64(30), 'delay': np.int64(7), 'thisN': 81, 'thisTrialN': 4, 'thisRepN': 11}>
227.7435 	DATA 	Keypress: l
227.7550 	EXP 	fixation: autoDraw = False
227.7550 	EXP 	text: autoDraw = False
227.7550 	EXP 	text: height = np.float64(0.05)
227.7550 	EXP 	text: height = np.float64(0.05)
227.7550 	EXP 	text: height = np.float64(0.05)
227.7550 	EXP 	text: text = 'GBP 11 today or GBP 30 after 7 days'
227.7550 	EXP 	fixation: autoDraw = True
227.8888 	EXP 	Device response: <KeyPress from None: t=227.72419660002925, value=l, duration=0.16309819999150932>
228.7393 	INFO 	Keyboard events cleared
228.7392 	EXP 	text: autoDraw = True
228.7558 	EXP 	fixation: autoDraw = False
229.1575 	EXP 	Device response: <KeyPress from None: t=229.14292549993843, value=l, duration=None>
229.1578 	EXP 	New trial (rep=11, index=5): <Trial 82 (5 in rep 11) data={'reward_today': np.int64(15), 'future_reward': np.int64(35), 'delay': np.int64(13), 'thisN': 82, 'thisTrialN': 5, 'thisRepN': 11}>
229.1631 	DATA 	Keypress: l
229.1730 	EXP 	fixation: autoDraw = False
229.1730 	EXP 	text: autoDraw = False
229.1730 	EXP 	text: height = np.float64(0.05)
229.1730 	EXP 	text: height = np.float64(0.05)
229.1730 	EXP 	text: height = np.float64(0.05)
229.1730 	EXP 	text: text = 'GBP 15 today or GBP 35 after 13 days'
229.1730 	EXP 	fixation: autoDraw = True
229.3396 	EXP 	Device response: <KeyPress from None: t=229.14292549993843, value=l, duration=0.18143319990485907>
230.1576 	INFO 	Keyboard events cleared
230.1573 	EXP 	text: autoDraw = True
230.1741 	EXP 	fixation: autoDraw = False
230.6100 	DATA 	Keypress: l
230.6244 	EXP 	Device response: <KeyPress from None: t=230.60851639998145, value=l, duration=None>
230.6248 	EXP 	New trial (rep=11, index=6): <Trial 83 (6 in rep 11) data={'reward_today': np.int64(49), 'future_reward': np.int64(60), 'delay': np.int64(89), 'thisN': 83, 'thisTrialN': 6, 'thisRepN': 11}>
230.6418 	EXP 	fixation: autoDraw = False
230.6418 	EXP 	text: autoDraw = False
230.6418 	EXP 	text: height = np.float64(0.05)
230.6418 	EXP 	text: height = np.float64(0.05)
230.6418 	EXP 	text: height = np.float64(0.05)
230.6418 	EXP 	text: text = 'GBP 49 today or GBP 60 after 89 days'
230.6418 	EXP 	fixation: autoDraw = True
230.7754 	EXP 	Device response: <KeyPress from None: t=230.60851639998145, value=l, duration=0.15879469993524253>
231.6266 	INFO 	Keyboard events cleared
231.6264 	EXP 	text: autoDraw = True
231.6428 	EXP 	fixation: autoDraw = False
232.0597 	EXP 	Device response: <KeyPress from None: t=232.045120799914, value=l, duration=None>
232.0600 	EXP 	New trial (rep=12, index=0): <Trial 84 (0 in rep 12) data={'reward_today': np.int64(27), 'future_reward': np.int64(50), 'delay': np.int64(21), 'thisN': 84, 'thisTrialN': 0, 'thisRepN': 12}>
232.0655 	DATA 	Keypress: l
232.0762 	EXP 	fixation: autoDraw = False
232.0762 	EXP 	text: autoDraw = False
232.0762 	EXP 	text: height = np.float64(0.05)
232.0762 	EXP 	text: height = np.float64(0.05)
232.0762 	EXP 	text: height = np.float64(0.05)
232.0762 	EXP 	text: text = 'GBP 27 today or GBP 50 after 21 days'
232.0762 	EXP 	fixation: autoDraw = True
232.2104 	EXP 	Device response: <KeyPress from None: t=232.045120799914, value=l, duration=0.15902930009178817>
233.0605 	INFO 	Keyboard events cleared
233.0603 	EXP 	text: autoDraw = True
233.0791 	EXP 	fixation: autoDraw = False
233.6283 	EXP 	Device response: <KeyPress from None: t=233.61842720001005, value=l, duration=None>
233.6286 	EXP 	New trial (rep=12, index=1): <Trial 85 (1 in rep 12) data={'reward_today': np.int64(15), 'future_reward': np.int64(35), 'delay': np.int64(13), 'thisN': 85, 'thisTrialN': 1, 'thisRepN': 12}>
233.6337 	DATA 	Keypress: l
233.6450 	EXP 	fixation: autoDraw = False
233.6450 	EXP 	text: autoDraw = False
233.6450 	EXP 	text: height = np.float64(0.05)
233.6450 	EXP 	text: height = np.float64(0.05)
233.6450 	EXP 	text: height = np.float64(0.05)
233.6450 	EXP 	text: text = 'GBP 15 today or GBP 35 after 13 days'
233.6450 	EXP 	fixation: autoDraw = True
233.7944 	EXP 	Device response: <KeyPress from None: t=233.61842720001005, value=l, duration=0.1747027998790145>
234.6294 	INFO 	Keyboard events cleared
234.6292 	EXP 	text: autoDraw = True
234.6458 	EXP 	fixation: autoDraw = False
235.0467 	EXP 	Device response: <KeyPress from None: t=235.0412526000291, value=l, duration=None>
235.0470 	EXP 	New trial (rep=12, index=2): <Trial 86 (2 in rep 12) data={'reward_today': np.int64(11), 'future_reward': np.int64(30), 'delay': np.int64(7), 'thisN': 86, 'thisTrialN': 2, 'thisRepN': 12}>
235.0511 	DATA 	Keypress: l
235.0623 	EXP 	fixation: autoDraw = False
235.0623 	EXP 	text: autoDraw = False
235.0623 	EXP 	text: height = np.float64(0.05)
235.0623 	EXP 	text: height = np.float64(0.05)
235.0623 	EXP 	text: height = np.float64(0.05)
235.0623 	EXP 	text: text = 'GBP 11 today or GBP 30 after 7 days'
235.0623 	EXP 	fixation: autoDraw = True
235.2130 	EXP 	Device response: <KeyPress from None: t=235.0412526000291, value=l, duration=0.15628300001844764>
236.0470 	INFO 	Keyboard events cleared
236.0468 	EXP 	text: autoDraw = True
236.0638 	EXP 	fixation: autoDraw = False
236.4645 	EXP 	Device response: <KeyPress from None: t=236.46176579990424, value=l, duration=None>
236.4648 	EXP 	New trial (rep=12, index=3): <Trial 87 (3 in rep 12) data={'reward_today': np.int64(40), 'future_reward': np.int64(55), 'delay': np.int64(62), 'thisN': 87, 'thisTrialN': 3, 'thisRepN': 12}>
236.4697 	DATA 	Keypress: l
236.4805 	EXP 	fixation: autoDraw = False
236.4805 	EXP 	text: autoDraw = False
236.4805 	EXP 	text: height = np.float64(0.05)
236.4805 	EXP 	text: height = np.float64(0.05)
236.4805 	EXP 	text: height = np.float64(0.05)
236.4805 	EXP 	text: text = 'GBP 40 today or GBP 55 after 62 days'
236.4805 	EXP 	fixation: autoDraw = True
236.6482 	EXP 	Device response: <KeyPress from None: t=236.46176579990424, value=l, duration=0.17122710007242858>
237.4668 	INFO 	Keyboard events cleared
237.4667 	EXP 	text: autoDraw = True
237.4834 	EXP 	fixation: autoDraw = False
238.3837 	EXP 	Device response: <KeyPress from None: t=238.3815415999852, value=l, duration=None>
238.3840 	EXP 	New trial (rep=12, index=4): <Trial 88 (4 in rep 12) data={'reward_today': np.int64(78), 'future_reward': np.int64(80), 'delay': np.int64(162), 'thisN': 88, 'thisTrialN': 4, 'thisRepN': 12}>
238.3891 	DATA 	Keypress: l
238.3991 	EXP 	fixation: autoDraw = False
238.3991 	EXP 	text: autoDraw = False
238.3991 	EXP 	text: height = np.float64(0.05)
238.3991 	EXP 	text: height = np.float64(0.05)
238.3991 	EXP 	text: height = np.float64(0.05)
238.3991 	EXP 	text: text = 'GBP 78 today or GBP 80 after 162 days'
238.3991 	EXP 	fixation: autoDraw = True
238.6007 	EXP 	Device response: <KeyPress from None: t=238.3815415999852, value=l, duration=0.20262479991652071>
239.3847 	INFO 	Keyboard events cleared
239.3845 	EXP 	text: autoDraw = True
239.4009 	EXP 	fixation: autoDraw = False
239.9681 	EXP 	Device response: <KeyPress from None: t=239.96564249997027, value=t, duration=None>
239.9684 	EXP 	New trial (rep=12, index=5): <Trial 89 (5 in rep 12) data={'reward_today': np.int64(67), 'future_reward': np.int64(75), 'delay': np.int64(119), 'thisN': 89, 'thisTrialN': 5, 'thisRepN': 12}>
239.9735 	DATA 	Keypress: t
239.9842 	EXP 	fixation: autoDraw = False
239.9842 	EXP 	text: autoDraw = False
239.9842 	EXP 	text: height = np.float64(0.05)
239.9842 	EXP 	text: height = np.float64(0.05)
239.9842 	EXP 	text: height = np.float64(0.05)
239.9842 	EXP 	text: text = 'GBP 67 today or GBP 75 after 119 days'
239.9842 	EXP 	fixation: autoDraw = True
240.1190 	EXP 	Device response: <KeyPress from None: t=239.96564249997027, value=t, duration=0.14563070004805923>
240.9695 	INFO 	Keyboard events cleared
240.9693 	EXP 	text: autoDraw = True
240.9852 	EXP 	fixation: autoDraw = False
241.4203 	EXP 	Device response: <KeyPress from None: t=241.4121310999617, value=t, duration=None>
241.4207 	EXP 	New trial (rep=12, index=6): <Trial 90 (6 in rep 12) data={'reward_today': np.int64(49), 'future_reward': np.int64(60), 'delay': np.int64(89), 'thisN': 90, 'thisTrialN': 6, 'thisRepN': 12}>
241.4267 	DATA 	Keypress: t
241.4360 	EXP 	fixation: autoDraw = False
241.4360 	EXP 	text: autoDraw = False
241.4360 	EXP 	text: height = np.float64(0.05)
241.4360 	EXP 	text: height = np.float64(0.05)
241.4360 	EXP 	text: height = np.float64(0.05)
241.4360 	EXP 	text: text = 'GBP 49 today or GBP 60 after 89 days'
241.4360 	EXP 	fixation: autoDraw = True
241.6206 	EXP 	Device response: <KeyPress from None: t=241.4121310999617, value=t, duration=0.19262719992548227>
242.4219 	INFO 	Keyboard events cleared
242.4218 	EXP 	text: autoDraw = True
242.4375 	EXP 	fixation: autoDraw = False
243.6730 	EXP 	Device response: <KeyPress from None: t=243.65987839992158, value=l, duration=None>
243.6734 	EXP 	New trial (rep=13, index=0): <Trial 91 (0 in rep 13) data={'reward_today': np.int64(67), 'future_reward': np.int64(75), 'delay': np.int64(119), 'thisN': 91, 'thisTrialN': 0, 'thisRepN': 13}>
243.6774 	DATA 	Keypress: l
243.6892 	EXP 	fixation: autoDraw = False
243.6892 	EXP 	text: autoDraw = False
243.6892 	EXP 	text: height = np.float64(0.05)
243.6892 	EXP 	text: height = np.float64(0.05)
243.6892 	EXP 	text: height = np.float64(0.05)
243.6892 	EXP 	text: text = 'GBP 67 today or GBP 75 after 119 days'
243.6892 	EXP 	fixation: autoDraw = True
243.8057 	EXP 	Device response: <KeyPress from None: t=243.65987839992158, value=l, duration=0.13752690004184842>
244.6903 	INFO 	Keyboard events cleared
244.6902 	EXP 	fixation: autoDraw = False
244.6902 	EXP 	text: autoDraw = True
245.4396 	EXP 	Device response: <KeyPress from None: t=245.43841960001737, value=t, duration=None>
245.4399 	EXP 	New trial (rep=13, index=1): <Trial 92 (1 in rep 13) data={'reward_today': np.int64(11), 'future_reward': np.int64(30), 'delay': np.int64(7), 'thisN': 92, 'thisTrialN': 1, 'thisRepN': 13}>
245.4438 	DATA 	Keypress: t
245.4581 	EXP 	fixation: autoDraw = False
245.4581 	EXP 	text: autoDraw = False
245.4581 	EXP 	text: height = np.float64(0.05)
245.4581 	EXP 	text: height = np.float64(0.05)
245.4581 	EXP 	text: height = np.float64(0.05)
245.4581 	EXP 	text: text = 'GBP 11 today or GBP 30 after 7 days'
245.4581 	EXP 	fixation: autoDraw = True
245.6399 	EXP 	Device response: <KeyPress from None: t=245.43841960001737, value=t, duration=0.1915947999805212>
246.4419 	INFO 	Keyboard events cleared
246.4418 	EXP 	text: autoDraw = True
246.4570 	EXP 	fixation: autoDraw = False
247.2589 	EXP 	Device response: <KeyPress from None: t=247.2457283998374, value=l, duration=None>
247.2592 	EXP 	New trial (rep=13, index=2): <Trial 93 (2 in rep 13) data={'reward_today': np.int64(15), 'future_reward': np.int64(35), 'delay': np.int64(13), 'thisN': 93, 'thisTrialN': 2, 'thisRepN': 13}>
247.2637 	DATA 	Keypress: l
247.2750 	EXP 	fixation: autoDraw = False
247.2750 	EXP 	text: autoDraw = False
247.2750 	EXP 	text: height = np.float64(0.05)
247.2750 	EXP 	text: height = np.float64(0.05)
247.2750 	EXP 	text: height = np.float64(0.05)
247.2750 	EXP 	text: text = 'GBP 15 today or GBP 35 after 13 days'
247.2750 	EXP 	fixation: autoDraw = True
247.4256 	EXP 	Device response: <KeyPress from None: t=247.2457283998374, value=l, duration=0.16444430011324584>
248.2594 	INFO 	Keyboard events cleared
248.2593 	EXP 	text: autoDraw = True
248.2760 	EXP 	fixation: autoDraw = False
249.5119 	EXP 	Device response: <KeyPress from None: t=249.4961357000284, value=l, duration=None>
249.5123 	EXP 	New trial (rep=13, index=3): <Trial 94 (3 in rep 13) data={'reward_today': np.int64(27), 'future_reward': np.int64(50), 'delay': np.int64(21), 'thisN': 94, 'thisTrialN': 3, 'thisRepN': 13}>
249.5174 	DATA 	Keypress: l
249.5276 	EXP 	fixation: autoDraw = False
249.5276 	EXP 	text: autoDraw = False
249.5276 	EXP 	text: height = np.float64(0.05)
249.5276 	EXP 	text: height = np.float64(0.05)
249.5276 	EXP 	text: height = np.float64(0.05)
249.5276 	EXP 	text: text = 'GBP 27 today or GBP 50 after 21 days'
249.5276 	EXP 	fixation: autoDraw = True
249.6949 	EXP 	Device response: <KeyPress from None: t=249.4961357000284, value=l, duration=0.1853102999739349>
250.5136 	INFO 	Keyboard events cleared
250.5135 	EXP 	text: autoDraw = True
250.5298 	EXP 	fixation: autoDraw = False
251.0141 	EXP 	Device response: <KeyPress from None: t=251.00292479991913, value=l, duration=None>
251.0144 	EXP 	New trial (rep=13, index=4): <Trial 95 (4 in rep 13) data={'reward_today': np.int64(78), 'future_reward': np.int64(80), 'delay': np.int64(162), 'thisN': 95, 'thisTrialN': 4, 'thisRepN': 13}>
251.0194 	DATA 	Keypress: l
251.0295 	EXP 	fixation: autoDraw = False
251.0295 	EXP 	text: autoDraw = False
251.0295 	EXP 	text: height = np.float64(0.05)
251.0295 	EXP 	text: height = np.float64(0.05)
251.0295 	EXP 	text: height = np.float64(0.05)
251.0295 	EXP 	text: text = 'GBP 78 today or GBP 80 after 162 days'
251.0295 	EXP 	fixation: autoDraw = True
251.1644 	EXP 	Device response: <KeyPress from None: t=251.00292479991913, value=l, duration=0.1596969999372959>
252.0144 	INFO 	Keyboard events cleared
252.0143 	EXP 	text: autoDraw = True
252.0312 	EXP 	fixation: autoDraw = False
252.6326 	EXP 	Device response: <KeyPress from None: t=252.62434730003588, value=t, duration=None>
252.6329 	EXP 	New trial (rep=13, index=5): <Trial 96 (5 in rep 13) data={'reward_today': np.int64(49), 'future_reward': np.int64(60), 'delay': np.int64(89), 'thisN': 96, 'thisTrialN': 5, 'thisRepN': 13}>
252.6387 	DATA 	Keypress: t
252.6480 	EXP 	fixation: autoDraw = False
252.6480 	EXP 	text: autoDraw = False
252.6480 	EXP 	text: height = np.float64(0.05)
252.6480 	EXP 	text: height = np.float64(0.05)
252.6480 	EXP 	text: height = np.float64(0.05)
252.6480 	EXP 	text: text = 'GBP 49 today or GBP 60 after 89 days'
252.6480 	EXP 	fixation: autoDraw = True
252.8830 	EXP 	Device response: <KeyPress from None: t=252.62434730003588, value=t, duration=0.24190019979141653>
253.6337 	INFO 	Keyboard events cleared
253.6336 	EXP 	text: autoDraw = True
253.6502 	EXP 	fixation: autoDraw = False
254.3838 	EXP 	Device response: <KeyPress from None: t=254.36937199998647, value=l, duration=None>
254.3842 	EXP 	New trial (rep=13, index=6): <Trial 97 (6 in rep 13) data={'reward_today': np.int64(40), 'future_reward': np.int64(55), 'delay': np.int64(62), 'thisN': 97, 'thisTrialN': 6, 'thisRepN': 13}>
254.3889 	DATA 	Keypress: l
254.4000 	EXP 	fixation: autoDraw = False
254.4000 	EXP 	text: autoDraw = False
254.4000 	EXP 	text: height = np.float64(0.05)
254.4000 	EXP 	text: height = np.float64(0.05)
254.4000 	EXP 	text: height = np.float64(0.05)
254.4000 	EXP 	text: text = 'GBP 40 today or GBP 55 after 62 days'
254.4000 	EXP 	fixation: autoDraw = True
254.5674 	EXP 	Device response: <KeyPress from None: t=254.36937199998647, value=l, duration=0.1874800999648869>
255.3852 	INFO 	Keyboard events cleared
255.3850 	EXP 	text: autoDraw = True
255.4026 	EXP 	fixation: autoDraw = False
255.9020 	EXP 	Device response: <KeyPress from None: t=255.89006949984469, value=l, duration=None>
255.9023 	EXP 	New trial (rep=14, index=0): <Trial 98 (0 in rep 14) data={'reward_today': np.int64(15), 'future_reward': np.int64(35), 'delay': np.int64(13), 'thisN': 98, 'thisTrialN': 0, 'thisRepN': 14}>
255.9072 	DATA 	Keypress: l
255.9194 	EXP 	fixation: autoDraw = False
255.9194 	EXP 	text: autoDraw = False
255.9194 	EXP 	text: height = np.float64(0.05)
255.9194 	EXP 	text: height = np.float64(0.05)
255.9194 	EXP 	text: height = np.float64(0.05)
255.9194 	EXP 	text: text = 'GBP 15 today or GBP 35 after 13 days'
255.9194 	EXP 	fixation: autoDraw = True
256.1023 	EXP 	Device response: <KeyPress from None: t=255.89006949984469, value=l, duration=0.2019760999828577>
256.9036 	INFO 	Keyboard events cleared
256.9034 	EXP 	text: autoDraw = True
256.9201 	EXP 	fixation: autoDraw = False
257.2711 	EXP 	Device response: <KeyPress from None: t=257.2586985998787, value=l, duration=None>
257.2714 	EXP 	New trial (rep=14, index=1): <Trial 99 (1 in rep 14) data={'reward_today': np.int64(78), 'future_reward': np.int64(80), 'delay': np.int64(162), 'thisN': 99, 'thisTrialN': 1, 'thisRepN': 14}>
257.2755 	DATA 	Keypress: l
257.2875 	EXP 	fixation: autoDraw = False
257.2875 	EXP 	text: autoDraw = False
257.2875 	EXP 	text: height = np.float64(0.05)
257.2875 	EXP 	text: height = np.float64(0.05)
257.2875 	EXP 	text: height = np.float64(0.05)
257.2875 	EXP 	text: text = 'GBP 78 today or GBP 80 after 162 days'
257.2875 	EXP 	fixation: autoDraw = True
257.4381 	EXP 	Device response: <KeyPress from None: t=257.2586985998787, value=l, duration=0.17666410002857447>
258.2716 	INFO 	Keyboard events cleared
258.2714 	EXP 	text: autoDraw = True
258.2884 	EXP 	fixation: autoDraw = False
258.6065 	EXP 	Device response: <KeyPress from None: t=258.594381300034, value=l, duration=None>
258.6067 	EXP 	New trial (rep=14, index=2): <Trial 100 (2 in rep 14) data={'reward_today': np.int64(67), 'future_reward': np.int64(75), 'delay': np.int64(119), 'thisN': 100, 'thisTrialN': 2, 'thisRepN': 14}>
258.6112 	DATA 	Keypress: l
258.6216 	EXP 	fixation: autoDraw = False
258.6216 	EXP 	text: autoDraw = False
258.6216 	EXP 	text: height = np.float64(0.05)
258.6216 	EXP 	text: height = np.float64(0.05)
258.6216 	EXP 	text: height = np.float64(0.05)
258.6216 	EXP 	text: text = 'GBP 67 today or GBP 75 after 119 days'
258.6216 	EXP 	fixation: autoDraw = True
258.8056 	EXP 	Device response: <KeyPress from None: t=258.594381300034, value=l, duration=0.19951969990506768>
259.6066 	INFO 	Keyboard events cleared
259.6064 	EXP 	text: autoDraw = True
259.6233 	EXP 	fixation: autoDraw = False
260.2922 	DATA 	Keypress: t
260.3078 	EXP 	Device response: <KeyPress from None: t=260.29085480002686, value=t, duration=None>
260.3081 	EXP 	New trial (rep=14, index=3): <Trial 101 (3 in rep 14) data={'reward_today': np.int64(40), 'future_reward': np.int64(55), 'delay': np.int64(62), 'thisN': 101, 'thisTrialN': 3, 'thisRepN': 14}>
260.3232 	EXP 	fixation: autoDraw = False
260.3232 	EXP 	text: autoDraw = False
260.3232 	EXP 	text: height = np.float64(0.05)
260.3232 	EXP 	text: height = np.float64(0.05)
260.3232 	EXP 	text: height = np.float64(0.05)
260.3232 	EXP 	text: text = 'GBP 40 today or GBP 55 after 62 days'
260.3232 	EXP 	fixation: autoDraw = True
260.4914 	EXP 	Device response: <KeyPress from None: t=260.29085480002686, value=t, duration=0.18711249995976686>
261.3086 	INFO 	Keyboard events cleared
261.3085 	EXP 	text: autoDraw = True
261.3252 	EXP 	fixation: autoDraw = False
264.6448 	EXP 	Device response: <KeyPress from None: t=264.6317834998481, value=l, duration=None>
264.6452 	EXP 	New trial (rep=14, index=4): <Trial 102 (4 in rep 14) data={'reward_today': np.int64(49), 'future_reward': np.int64(60), 'delay': np.int64(89), 'thisN': 102, 'thisTrialN': 4, 'thisRepN': 14}>
264.6491 	DATA 	Keypress: l
264.6615 	EXP 	fixation: autoDraw = False
264.6615 	EXP 	text: autoDraw = False
264.6615 	EXP 	text: height = np.float64(0.05)
264.6615 	EXP 	text: height = np.float64(0.05)
264.6615 	EXP 	text: height = np.float64(0.05)
264.6615 	EXP 	text: text = 'GBP 49 today or GBP 60 after 89 days'
264.6615 	EXP 	fixation: autoDraw = True
264.8619 	EXP 	Device response: <KeyPress from None: t=264.6317834998481, value=l, duration=0.22391340020112693>
265.6480 	INFO 	Keyboard events cleared
265.6478 	EXP 	text: autoDraw = True
265.6648 	EXP 	fixation: autoDraw = False
266.6978 	EXP 	Device response: <KeyPress from None: t=266.69275099993683, value=l, duration=None>
266.6981 	EXP 	New trial (rep=14, index=5): <Trial 103 (5 in rep 14) data={'reward_today': np.int64(11), 'future_reward': np.int64(30), 'delay': np.int64(7), 'thisN': 103, 'thisTrialN': 5, 'thisRepN': 14}>
266.7020 	DATA 	Keypress: l
266.7144 	EXP 	fixation: autoDraw = False
266.7144 	EXP 	text: autoDraw = False
266.7144 	EXP 	text: height = np.float64(0.05)
266.7144 	EXP 	text: height = np.float64(0.05)
266.7144 	EXP 	text: height = np.float64(0.05)
266.7144 	EXP 	text: text = 'GBP 11 today or GBP 30 after 7 days'
266.7144 	EXP 	fixation: autoDraw = True
266.8982 	EXP 	Device response: <KeyPress from None: t=266.69275099993683, value=l, duration=0.1968626999296248>
267.6983 	INFO 	Keyboard events cleared
267.6981 	EXP 	text: autoDraw = True
267.7150 	EXP 	fixation: autoDraw = False
268.0995 	EXP 	Device response: <KeyPress from None: t=268.0925996999722, value=l, duration=None>
268.0998 	EXP 	New trial (rep=14, index=6): <Trial 104 (6 in rep 14) data={'reward_today': np.int64(27), 'future_reward': np.int64(50), 'delay': np.int64(21), 'thisN': 104, 'thisTrialN': 6, 'thisRepN': 14}>
268.1043 	DATA 	Keypress: l
268.1161 	EXP 	fixation: autoDraw = False
268.1161 	EXP 	text: autoDraw = False
268.1161 	EXP 	text: height = np.float64(0.05)
268.1161 	EXP 	text: height = np.float64(0.05)
268.1161 	EXP 	text: height = np.float64(0.05)
268.1161 	EXP 	text: text = 'GBP 27 today or GBP 50 after 21 days'
268.1161 	EXP 	fixation: autoDraw = True
268.3001 	EXP 	Device response: <KeyPress from None: t=268.0925996999722, value=l, duration=0.19220659998245537>
269.1010 	INFO 	Keyboard events cleared
269.1008 	EXP 	text: autoDraw = True
269.1175 	EXP 	fixation: autoDraw = False
269.7011 	EXP 	Device response: <KeyPress from None: t=269.6891611998435, value=l, duration=None>
269.7021 	DATA 	Keypress: l
269.7169 	EXP 	fixation: autoDraw = False
269.7169 	EXP 	text: autoDraw = False
269.7171 	EXP 	untitled: status = STOPPED
269.7629 	INFO 	saved data to 'C:\\Users\\nupur\\OneDrive\\Desktop\\LAB IN PSY\\PSY lab tutorial 6- Delayed discounting\\data\\Subject 02_untitled_2025-11-07_15h38.56.010.csv'
269.7657 	INFO 	saved data to C:\Users\nupur\OneDrive\Desktop\LAB IN PSY\PSY lab tutorial 6- Delayed discounting\data\Subject 02_untitled_2025-11-07_15h38.56.010.psydat
273.3621 	WARNING 	Stopping key buffers but this could be dangerous ifother keyboards rely on the same.
273.4164 	WARNING 	Stopping key buffers but this could be dangerous ifother keyboards rely on the same.
