15.0530 	INFO 	Loaded monitor calibration from ['2025_08_12 09:33']
15.0896 	WARNING 	User requested fullscreen with size [1024  768], but screen is actually [1920, 1200]. Using actual size
15.3790 	INFO 	Using renderer 'AMD Radeon(TM) Graphics' for graphics
15.3790 	INFO 	OpenGL version supported by driver is 4..
15.4302 	EXP 	Created window1 = Window(allowGUI=False, allowStencil=False, autoLog=True, backendConf=UNKNOWN, backgroundFit=<method-wrapper '__getattribute__' of attributeSetter object at 0x0000023B93876FE0>, backgroundImage=<method-wrapper '__getattribute__' of attributeSetter object at 0x0000023B93877040>, bitsMode=UNKNOWN, blendMode='avg', bpc=(8, 8, 8), color=array([0, 0, 0]), colorSpace='rgb', depthBits=8, fullscr=True, gamma=None, gammaErrorPolicy='raise', infoMsg=UNKNOWN, lms=UNKNOWN, monitor=<psychopy.monitors.calibTools.Monitor object at 0x0000023B93967070>, multiSample=False, name='window1', numSamples=2, pos=[np.float64(0.0), np.float64(0.0)], screen=0, size=array([1920, 1200]), stencilBits=0, stereo=False, title='PsychoPy', units='height', useFBO=True, useRetina=False, viewOri=0.0, viewPos=None, viewScale=None, waitBlanking=True, winType='pyglet')
15.4303 	EXP 	window1: backgroundImage = ''
15.4303 	EXP 	window1: backgroundFit = 'none'
16.0752 	EXP 	window1: Attempting to measure frame rate of screen (0) ...
16.0752 	EXP 	window1: recordFrameIntervals = False
16.3796 	EXP 	window1: recordFrameIntervals = True
16.5631 	EXP 	Screen (0) actual frame rate measured at 59.84Hz
16.5632 	EXP 	window1: recordFrameIntervals = False
16.6460 	INFO 	keyboard.Keyboard is using ptb backend.
16.6463 	INFO 	keyboard.Keyboard is using ptb backend.
16.6463 	EXP 	untitled: status = STARTED
16.6510 	EXP 	Created fixation = ShapeStim(__class__=<class 'psychopy.visual.shape.ShapeStim'>, anchor=('center', 'center'), autoDraw=False, autoLog=True, closeShape=True, color=method-wrapper(...), colorSpace='rgb', contrast=None, depth=0.0, draggable=False, fillColor=array([1, 1, 1]), fillColorSpace='rgb', fillRGB=array([1, 1, 1]), interpolate=True, lineColor=array([1., 1., 1.]), lineColorSpace='rgb', lineRGB=array([1, 1, 1]), lineWidth=1.0, name='fixation', opacity=1, ori=0.0, pos=array([0., 0.]), size=array([0.05, 0.05]), units='height', vertices=ndarray(...), win=Window(...), windingRule=None)
16.6990 	EXP 	Created text = TextStim(__class__=<class 'psychopy.visual.text.TextStim'>, alignHoriz=method-wrapper(...), alignText='center', alignVert=method-wrapper(...), anchorHoriz='center', anchorVert='center', antialias=True, autoDraw=False, autoLog=True, bold=False, color=array([1., 1., 1.]), colorSpace='rgb', contrast=1.0, depth=-1.0, draggable=False, flipHoriz=False, flipVert=False, font='Arial', fontFiles=[], height=0.05, italic=False, languageStyle='LTR', name='text', opacity=1, ori=0.0, pos=array([0., 0.]), rgb=UNKNOWN, text='', units='height', win=Window(...), wrapWidth=1)
0.0102 	EXP 	Imported discounting.csv as conditions, 7 conditions, 3 params
0.0117 	EXP 	New trial (rep=0, index=0): <Trial 0 (0 in rep 0) data={'reward_today': np.int64(15), 'future_reward': np.int64(35), 'delay': np.int64(13), 'thisN': 0, 'thisTrialN': 0, 'thisRepN': 0}>
0.0975 	EXP 	text: height = np.float64(0.05)
0.0975 	EXP 	text: height = np.float64(0.05)
0.0975 	EXP 	text: height = np.float64(0.05)
0.0975 	EXP 	text: text = 'GBP 15 today or GBP 35 after 13 days'
0.0975 	EXP 	fixation: autoDraw = True
1.0150 	INFO 	Keyboard events cleared
1.0149 	EXP 	text: autoDraw = True
1.0992 	EXP 	fixation: autoDraw = False
2.8232 	EXP 	Device response: <KeyPress from None: t=2.8113293999340385, value=l, duration=None>
2.8235 	EXP 	New trial (rep=0, index=1): <Trial 1 (1 in rep 0) data={'reward_today': np.int64(78), 'future_reward': np.int64(80), 'delay': np.int64(162), 'thisN': 1, 'thisTrialN': 1, 'thisRepN': 0}>
2.8326 	DATA 	Keypress: l
2.8361 	EXP 	fixation: autoDraw = False
2.8361 	EXP 	text: autoDraw = False
2.8361 	EXP 	text: height = np.float64(0.05)
2.8361 	EXP 	text: height = np.float64(0.05)
2.8361 	EXP 	text: height = np.float64(0.05)
2.8361 	EXP 	text: text = 'GBP 78 today or GBP 80 after 162 days'
2.8361 	EXP 	fixation: autoDraw = True
2.8682 	EXP 	Device response: <KeyPress from None: t=2.8113293999340385, value=l, duration=0.0530523001216352>
3.8368 	INFO 	Keyboard events cleared
3.8366 	EXP 	fixation: autoDraw = False
3.8366 	EXP 	text: autoDraw = True
5.3216 	EXP 	Device response: <KeyPress from None: t=5.316521900007501, value=t, duration=None>
5.3220 	EXP 	New trial (rep=0, index=2): <Trial 2 (2 in rep 0) data={'reward_today': np.int64(40), 'future_reward': np.int64(55), 'delay': np.int64(62), 'thisN': 2, 'thisTrialN': 2, 'thisRepN': 0}>
5.3288 	DATA 	Keypress: t
5.3362 	EXP 	fixation: autoDraw = False
5.3362 	EXP 	text: autoDraw = False
5.3362 	EXP 	text: height = np.float64(0.05)
5.3362 	EXP 	text: height = np.float64(0.05)
5.3362 	EXP 	text: height = np.float64(0.05)
5.3362 	EXP 	text: text = 'GBP 40 today or GBP 55 after 62 days'
5.3362 	EXP 	fixation: autoDraw = True
5.5045 	EXP 	Device response: <KeyPress from None: t=5.316521900007501, value=t, duration=0.1768217000644654>
6.3228 	INFO 	Keyboard events cleared
6.3226 	EXP 	text: autoDraw = True
6.3385 	EXP 	fixation: autoDraw = False
7.2895 	EXP 	Device response: <KeyPress from None: t=7.273545800009742, value=l, duration=None>
7.2898 	EXP 	New trial (rep=0, index=3): <Trial 3 (3 in rep 0) data={'reward_today': np.int64(27), 'future_reward': np.int64(50), 'delay': np.int64(21), 'thisN': 3, 'thisTrialN': 3, 'thisRepN': 0}>
7.2953 	DATA 	Keypress: l
7.3057 	EXP 	fixation: autoDraw = False
7.3057 	EXP 	text: autoDraw = False
7.3057 	EXP 	text: height = np.float64(0.05)
7.3057 	EXP 	text: height = np.float64(0.05)
7.3057 	EXP 	text: height = np.float64(0.05)
7.3057 	EXP 	text: text = 'GBP 27 today or GBP 50 after 21 days'
7.3057 	EXP 	fixation: autoDraw = True
7.4230 	EXP 	Device response: <KeyPress from None: t=7.273545800009742, value=l, duration=0.14140389999374747>
8.2920 	INFO 	Keyboard events cleared
8.2919 	EXP 	text: autoDraw = True
8.3086 	EXP 	fixation: autoDraw = False
10.2776 	EXP 	Device response: <KeyPress from None: t=10.273814599961042, value=l, duration=None>
10.2780 	EXP 	New trial (rep=0, index=4): <Trial 4 (4 in rep 0) data={'reward_today': np.int64(49), 'future_reward': np.int64(60), 'delay': np.int64(89), 'thisN': 4, 'thisTrialN': 4, 'thisRepN': 0}>
10.2857 	DATA 	Keypress: l
10.2913 	EXP 	fixation: autoDraw = False
10.2913 	EXP 	text: autoDraw = False
10.2913 	EXP 	text: height = np.float64(0.05)
10.2913 	EXP 	text: height = np.float64(0.05)
10.2913 	EXP 	text: height = np.float64(0.05)
10.2913 	EXP 	text: text = 'GBP 49 today or GBP 60 after 89 days'
10.2913 	EXP 	fixation: autoDraw = True
10.4277 	EXP 	Device response: <KeyPress from None: t=10.273814599961042, value=l, duration=0.15216409997083247>
11.2773 	INFO 	Keyboard events cleared
11.2771 	EXP 	text: autoDraw = True
11.2948 	EXP 	fixation: autoDraw = False
12.6456 	DATA 	Keypress: t
12.6620 	EXP 	Device response: <KeyPress from None: t=12.64484620001167, value=t, duration=None>
12.6623 	EXP 	New trial (rep=0, index=5): <Trial 5 (5 in rep 0) data={'reward_today': np.int64(67), 'future_reward': np.int64(75), 'delay': np.int64(119), 'thisN': 5, 'thisTrialN': 5, 'thisRepN': 0}>
12.6802 	EXP 	fixation: autoDraw = False
12.6802 	EXP 	text: autoDraw = False
12.6802 	EXP 	text: height = np.float64(0.05)
12.6802 	EXP 	text: height = np.float64(0.05)
12.6802 	EXP 	text: height = np.float64(0.05)
12.6802 	EXP 	text: text = 'GBP 67 today or GBP 75 after 119 days'
12.6802 	EXP 	fixation: autoDraw = True
12.7967 	EXP 	Device response: <KeyPress from None: t=12.64484620001167, value=t, duration=0.13706650002859533>
13.6640 	INFO 	Keyboard events cleared
13.6639 	EXP 	text: autoDraw = True
13.6810 	EXP 	fixation: autoDraw = False
14.6986 	EXP 	Device response: <KeyPress from None: t=14.683912300039083, value=t, duration=None>
14.6990 	EXP 	New trial (rep=0, index=6): <Trial 6 (6 in rep 0) data={'reward_today': np.int64(11), 'future_reward': np.int64(30), 'delay': np.int64(7), 'thisN': 6, 'thisTrialN': 6, 'thisRepN': 0}>
14.7042 	DATA 	Keypress: t
14.7144 	EXP 	fixation: autoDraw = False
14.7144 	EXP 	text: autoDraw = False
14.7144 	EXP 	text: height = np.float64(0.05)
14.7144 	EXP 	text: height = np.float64(0.05)
14.7144 	EXP 	text: height = np.float64(0.05)
14.7144 	EXP 	text: text = 'GBP 11 today or GBP 30 after 7 days'
14.7144 	EXP 	fixation: autoDraw = True
14.8643 	EXP 	Device response: <KeyPress from None: t=14.683912300039083, value=t, duration=0.17056340002454817>
15.7004 	INFO 	Keyboard events cleared
15.7002 	EXP 	text: autoDraw = True
15.7166 	EXP 	fixation: autoDraw = False
16.2171 	EXP 	Device response: <KeyPress from None: t=16.203505699988455, value=l, duration=None>
16.2175 	EXP 	New trial (rep=1, index=0): <Trial 7 (0 in rep 1) data={'reward_today': np.int64(27), 'future_reward': np.int64(50), 'delay': np.int64(21), 'thisN': 7, 'thisTrialN': 0, 'thisRepN': 1}>
16.2217 	DATA 	Keypress: l
16.2336 	EXP 	fixation: autoDraw = False
16.2336 	EXP 	text: autoDraw = False
16.2336 	EXP 	text: height = np.float64(0.05)
16.2336 	EXP 	text: height = np.float64(0.05)
16.2336 	EXP 	text: height = np.float64(0.05)
16.2336 	EXP 	text: text = 'GBP 27 today or GBP 50 after 21 days'
16.2336 	EXP 	fixation: autoDraw = True
16.3157 	EXP 	Device response: <KeyPress from None: t=16.203505699988455, value=l, duration=0.10982130002230406>
17.2178 	INFO 	Keyboard events cleared
17.2176 	EXP 	text: autoDraw = True
17.2345 	EXP 	fixation: autoDraw = False
17.9698 	EXP 	Device response: <KeyPress from None: t=17.9587532998994, value=l, duration=None>
17.9701 	EXP 	New trial (rep=1, index=1): <Trial 8 (1 in rep 1) data={'reward_today': np.int64(67), 'future_reward': np.int64(75), 'delay': np.int64(119), 'thisN': 8, 'thisTrialN': 1, 'thisRepN': 1}>
17.9747 	DATA 	Keypress: l
17.9833 	EXP 	fixation: autoDraw = False
17.9833 	EXP 	text: autoDraw = False
17.9833 	EXP 	text: height = np.float64(0.05)
17.9833 	EXP 	text: height = np.float64(0.05)
17.9833 	EXP 	text: height = np.float64(0.05)
17.9833 	EXP 	text: text = 'GBP 67 today or GBP 75 after 119 days'
17.9833 	EXP 	fixation: autoDraw = True
18.1013 	EXP 	Device response: <KeyPress from None: t=17.9587532998994, value=l, duration=0.1290870001539588>
18.9869 	INFO 	Keyboard events cleared
18.9867 	EXP 	fixation: autoDraw = False
18.9867 	EXP 	text: autoDraw = True
19.7710 	EXP 	Device response: <KeyPress from None: t=19.769889899995178, value=t, duration=None>
19.7714 	EXP 	New trial (rep=1, index=2): <Trial 9 (2 in rep 1) data={'reward_today': np.int64(11), 'future_reward': np.int64(30), 'delay': np.int64(7), 'thisN': 9, 'thisTrialN': 2, 'thisRepN': 1}>
19.7770 	DATA 	Keypress: t
19.7863 	EXP 	fixation: autoDraw = False
19.7863 	EXP 	text: autoDraw = False
19.7863 	EXP 	text: height = np.float64(0.05)
19.7863 	EXP 	text: height = np.float64(0.05)
19.7863 	EXP 	text: height = np.float64(0.05)
19.7863 	EXP 	text: text = 'GBP 11 today or GBP 30 after 7 days'
19.7863 	EXP 	fixation: autoDraw = True
19.9207 	EXP 	Device response: <KeyPress from None: t=19.769889899995178, value=t, duration=0.14448060002177954>
20.7717 	INFO 	Keyboard events cleared
20.7716 	EXP 	text: autoDraw = True
20.7880 	EXP 	fixation: autoDraw = False
22.3907 	EXP 	Device response: <KeyPress from None: t=22.388690300052986, value=l, duration=None>
22.3911 	EXP 	New trial (rep=1, index=3): <Trial 10 (3 in rep 1) data={'reward_today': np.int64(49), 'future_reward': np.int64(60), 'delay': np.int64(89), 'thisN': 10, 'thisTrialN': 3, 'thisRepN': 1}>
22.3971 	DATA 	Keypress: l
22.4069 	EXP 	fixation: autoDraw = False
22.4069 	EXP 	text: autoDraw = False
22.4069 	EXP 	text: height = np.float64(0.05)
22.4069 	EXP 	text: height = np.float64(0.05)
22.4069 	EXP 	text: height = np.float64(0.05)
22.4069 	EXP 	text: text = 'GBP 49 today or GBP 60 after 89 days'
22.4069 	EXP 	fixation: autoDraw = True
22.5232 	EXP 	Device response: <KeyPress from None: t=22.388690300052986, value=l, duration=0.128913699882105>
23.3914 	INFO 	Keyboard events cleared
23.3912 	EXP 	text: autoDraw = True
23.4077 	EXP 	fixation: autoDraw = False
25.9437 	EXP 	Device response: <KeyPress from None: t=25.93007760006003, value=t, duration=None>
25.9441 	EXP 	New trial (rep=1, index=4): <Trial 11 (4 in rep 1) data={'reward_today': np.int64(40), 'future_reward': np.int64(55), 'delay': np.int64(62), 'thisN': 11, 'thisTrialN': 4, 'thisRepN': 1}>
25.9492 	DATA 	Keypress: t
25.9608 	EXP 	fixation: autoDraw = False
25.9608 	EXP 	text: autoDraw = False
25.9608 	EXP 	text: height = np.float64(0.05)
25.9608 	EXP 	text: height = np.float64(0.05)
25.9608 	EXP 	text: height = np.float64(0.05)
25.9608 	EXP 	text: text = 'GBP 40 today or GBP 55 after 62 days'
25.9608 	EXP 	fixation: autoDraw = True
26.1603 	EXP 	Device response: <KeyPress from None: t=25.93007760006003, value=t, duration=0.22842049994505942>
26.9467 	INFO 	Keyboard events cleared
26.9465 	EXP 	text: autoDraw = True
26.9610 	EXP 	fixation: autoDraw = False
27.8638 	EXP 	Device response: <KeyPress from None: t=27.85144370002672, value=l, duration=None>
27.8642 	EXP 	New trial (rep=1, index=5): <Trial 12 (5 in rep 1) data={'reward_today': np.int64(15), 'future_reward': np.int64(35), 'delay': np.int64(13), 'thisN': 12, 'thisTrialN': 5, 'thisRepN': 1}>
27.8693 	DATA 	Keypress: l
27.8783 	EXP 	fixation: autoDraw = False
27.8783 	EXP 	text: autoDraw = False
27.8783 	EXP 	text: height = np.float64(0.05)
27.8783 	EXP 	text: height = np.float64(0.05)
27.8783 	EXP 	text: height = np.float64(0.05)
27.8783 	EXP 	text: text = 'GBP 15 today or GBP 35 after 13 days'
27.8783 	EXP 	fixation: autoDraw = True
28.0135 	EXP 	Device response: <KeyPress from None: t=27.85144370002672, value=l, duration=0.1591395998839289>
28.8807 	INFO 	Keyboard events cleared
28.8805 	EXP 	fixation: autoDraw = False
28.8805 	EXP 	text: autoDraw = True
29.6643 	EXP 	Device response: <KeyPress from None: t=29.65602170000784, value=l, duration=None>
29.6646 	EXP 	New trial (rep=1, index=6): <Trial 13 (6 in rep 1) data={'reward_today': np.int64(78), 'future_reward': np.int64(80), 'delay': np.int64(162), 'thisN': 13, 'thisTrialN': 6, 'thisRepN': 1}>
29.6689 	DATA 	Keypress: l
29.6799 	EXP 	fixation: autoDraw = False
29.6799 	EXP 	text: autoDraw = False
29.6799 	EXP 	text: height = np.float64(0.05)
29.6799 	EXP 	text: height = np.float64(0.05)
29.6799 	EXP 	text: height = np.float64(0.05)
29.6799 	EXP 	text: text = 'GBP 78 today or GBP 80 after 162 days'
29.6799 	EXP 	fixation: autoDraw = True
29.8146 	EXP 	Device response: <KeyPress from None: t=29.65602170000784, value=l, duration=0.14391979994252324>
30.6675 	INFO 	Keyboard events cleared
30.6673 	EXP 	text: autoDraw = True
30.6820 	EXP 	fixation: autoDraw = False
31.5986 	EXP 	Device response: <KeyPress from None: t=31.586388899944723, value=t, duration=None>
31.5989 	EXP 	New trial (rep=2, index=0): <Trial 14 (0 in rep 2) data={'reward_today': np.int64(49), 'future_reward': np.int64(60), 'delay': np.int64(89), 'thisN': 14, 'thisTrialN': 0, 'thisRepN': 2}>
31.6058 	DATA 	Keypress: t
31.6177 	EXP 	fixation: autoDraw = False
31.6177 	EXP 	text: autoDraw = False
31.6177 	EXP 	text: height = np.float64(0.05)
31.6177 	EXP 	text: height = np.float64(0.05)
31.6177 	EXP 	text: height = np.float64(0.05)
31.6177 	EXP 	text: text = 'GBP 49 today or GBP 60 after 89 days'
31.6177 	EXP 	fixation: autoDraw = True
31.7507 	EXP 	Device response: <KeyPress from None: t=31.586388899944723, value=t, duration=0.15402869996614754>
32.6021 	INFO 	Keyboard events cleared
32.6020 	EXP 	text: autoDraw = True
32.6190 	EXP 	fixation: autoDraw = False
34.5025 	EXP 	Device response: <KeyPress from None: t=34.49895039992407, value=t, duration=None>
34.5029 	EXP 	New trial (rep=2, index=1): <Trial 15 (1 in rep 2) data={'reward_today': np.int64(27), 'future_reward': np.int64(50), 'delay': np.int64(21), 'thisN': 15, 'thisTrialN': 1, 'thisRepN': 2}>
34.5072 	DATA 	Keypress: t
34.5185 	EXP 	fixation: autoDraw = False
34.5185 	EXP 	text: autoDraw = False
34.5185 	EXP 	text: height = np.float64(0.05)
34.5185 	EXP 	text: height = np.float64(0.05)
34.5185 	EXP 	text: height = np.float64(0.05)
34.5185 	EXP 	text: text = 'GBP 27 today or GBP 50 after 21 days'
34.5185 	EXP 	fixation: autoDraw = True
34.8721 	EXP 	Device response: <KeyPress from None: t=34.49895039992407, value=t, duration=0.3569120999891311>
35.5038 	INFO 	Keyboard events cleared
35.5037 	EXP 	text: autoDraw = True
35.5196 	EXP 	fixation: autoDraw = False
36.1233 	EXP 	Device response: <KeyPress from None: t=36.11088480008766, value=l, duration=None>
36.1237 	EXP 	New trial (rep=2, index=2): <Trial 16 (2 in rep 2) data={'reward_today': np.int64(15), 'future_reward': np.int64(35), 'delay': np.int64(13), 'thisN': 16, 'thisTrialN': 2, 'thisRepN': 2}>
36.1297 	DATA 	Keypress: l
36.1364 	EXP 	fixation: autoDraw = False
36.1364 	EXP 	text: autoDraw = False
36.1364 	EXP 	text: height = np.float64(0.05)
36.1364 	EXP 	text: height = np.float64(0.05)
36.1364 	EXP 	text: height = np.float64(0.05)
36.1364 	EXP 	text: text = 'GBP 15 today or GBP 35 after 13 days'
36.1364 	EXP 	fixation: autoDraw = True
36.3061 	EXP 	Device response: <KeyPress from None: t=36.11088480008766, value=l, duration=0.1820698999799788>
37.1250 	INFO 	Keyboard events cleared
37.1248 	EXP 	text: autoDraw = True
37.1390 	EXP 	fixation: autoDraw = False
37.6066 	EXP 	Device response: <KeyPress from None: t=37.604093299945816, value=l, duration=None>
37.6069 	EXP 	New trial (rep=2, index=3): <Trial 17 (3 in rep 2) data={'reward_today': np.int64(67), 'future_reward': np.int64(75), 'delay': np.int64(119), 'thisN': 17, 'thisTrialN': 3, 'thisRepN': 2}>
37.6114 	DATA 	Keypress: l
37.6235 	EXP 	fixation: autoDraw = False
37.6235 	EXP 	text: autoDraw = False
37.6235 	EXP 	text: height = np.float64(0.05)
37.6235 	EXP 	text: height = np.float64(0.05)
37.6235 	EXP 	text: height = np.float64(0.05)
37.6235 	EXP 	text: text = 'GBP 67 today or GBP 75 after 119 days'
37.6235 	EXP 	fixation: autoDraw = True
37.7751 	EXP 	Device response: <KeyPress from None: t=37.604093299945816, value=l, duration=0.17071820003911853>
38.6078 	INFO 	Keyboard events cleared
38.6076 	EXP 	text: autoDraw = True
38.6245 	EXP 	fixation: autoDraw = False
39.8774 	EXP 	Device response: <KeyPress from None: t=39.863714599981904, value=t, duration=None>
39.8777 	EXP 	New trial (rep=2, index=4): <Trial 18 (4 in rep 2) data={'reward_today': np.int64(40), 'future_reward': np.int64(55), 'delay': np.int64(62), 'thisN': 18, 'thisTrialN': 4, 'thisRepN': 2}>
39.8821 	DATA 	Keypress: t
39.8921 	EXP 	fixation: autoDraw = False
39.8921 	EXP 	text: autoDraw = False
39.8921 	EXP 	text: height = np.float64(0.05)
39.8921 	EXP 	text: height = np.float64(0.05)
39.8921 	EXP 	text: height = np.float64(0.05)
39.8921 	EXP 	text: text = 'GBP 40 today or GBP 55 after 62 days'
39.8921 	EXP 	fixation: autoDraw = True
40.2601 	EXP 	Device response: <KeyPress from None: t=39.863714599981904, value=t, duration=0.3940294999629259>
40.8775 	INFO 	Keyboard events cleared
40.8773 	EXP 	text: autoDraw = True
40.8944 	EXP 	fixation: autoDraw = False
42.1620 	EXP 	Device response: <KeyPress from None: t=42.14648359990679, value=l, duration=None>
42.1623 	EXP 	New trial (rep=2, index=5): <Trial 19 (5 in rep 2) data={'reward_today': np.int64(11), 'future_reward': np.int64(30), 'delay': np.int64(7), 'thisN': 19, 'thisTrialN': 5, 'thisRepN': 2}>
42.1677 	DATA 	Keypress: l
42.1776 	EXP 	fixation: autoDraw = False
42.1776 	EXP 	text: autoDraw = False
42.1776 	EXP 	text: height = np.float64(0.05)
42.1776 	EXP 	text: height = np.float64(0.05)
42.1776 	EXP 	text: height = np.float64(0.05)
42.1776 	EXP 	text: text = 'GBP 11 today or GBP 30 after 7 days'
42.1776 	EXP 	fixation: autoDraw = True
42.3127 	EXP 	Device response: <KeyPress from None: t=42.14648359990679, value=l, duration=0.1528837000951171>
43.1624 	INFO 	Keyboard events cleared
43.1622 	EXP 	text: autoDraw = True
43.1798 	EXP 	fixation: autoDraw = False
43.7473 	EXP 	Device response: <KeyPress from None: t=43.73450469993986, value=l, duration=None>
43.7477 	EXP 	New trial (rep=2, index=6): <Trial 20 (6 in rep 2) data={'reward_today': np.int64(78), 'future_reward': np.int64(80), 'delay': np.int64(162), 'thisN': 20, 'thisTrialN': 6, 'thisRepN': 2}>
43.7539 	DATA 	Keypress: l
43.7629 	EXP 	fixation: autoDraw = False
43.7629 	EXP 	text: autoDraw = False
43.7629 	EXP 	text: height = np.float64(0.05)
43.7629 	EXP 	text: height = np.float64(0.05)
43.7629 	EXP 	text: height = np.float64(0.05)
43.7629 	EXP 	text: text = 'GBP 78 today or GBP 80 after 162 days'
43.7629 	EXP 	fixation: autoDraw = True
43.9137 	EXP 	Device response: <KeyPress from None: t=43.73450469993986, value=l, duration=0.17766669997945428>
44.7484 	INFO 	Keyboard events cleared
44.7482 	EXP 	text: autoDraw = True
44.7654 	EXP 	fixation: autoDraw = False
45.2833 	EXP 	Device response: <KeyPress from None: t=45.28239979990758, value=t, duration=None>
45.2836 	EXP 	New trial (rep=3, index=0): <Trial 21 (0 in rep 3) data={'reward_today': np.int64(49), 'future_reward': np.int64(60), 'delay': np.int64(89), 'thisN': 21, 'thisTrialN': 0, 'thisRepN': 3}>
45.2891 	DATA 	Keypress: t
45.2992 	EXP 	fixation: autoDraw = False
45.2992 	EXP 	text: autoDraw = False
45.2992 	EXP 	text: height = np.float64(0.05)
45.2992 	EXP 	text: height = np.float64(0.05)
45.2992 	EXP 	text: height = np.float64(0.05)
45.2992 	EXP 	text: text = 'GBP 49 today or GBP 60 after 89 days'
45.2992 	EXP 	fixation: autoDraw = True
45.4827 	EXP 	Device response: <KeyPress from None: t=45.28239979990758, value=t, duration=0.1991552000399679>
46.2826 	INFO 	Keyboard events cleared
46.2825 	EXP 	text: autoDraw = True
46.2998 	EXP 	fixation: autoDraw = False
51.1544 	EXP 	Device response: <KeyPress from None: t=51.15007960004732, value=t, duration=None>
51.1549 	EXP 	New trial (rep=3, index=1): <Trial 22 (1 in rep 3) data={'reward_today': np.int64(11), 'future_reward': np.int64(30), 'delay': np.int64(7), 'thisN': 22, 'thisTrialN': 1, 'thisRepN': 3}>
51.1606 	DATA 	Keypress: t
51.1719 	EXP 	fixation: autoDraw = False
51.1719 	EXP 	text: autoDraw = False
51.1719 	EXP 	text: height = np.float64(0.05)
51.1719 	EXP 	text: height = np.float64(0.05)
51.1719 	EXP 	text: height = np.float64(0.05)
51.1719 	EXP 	text: text = 'GBP 11 today or GBP 30 after 7 days'
51.1719 	EXP 	fixation: autoDraw = True
51.2531 	EXP 	Device response: <KeyPress from None: t=51.15007960004732, value=t, duration=0.09560919995419681>
52.1562 	INFO 	Keyboard events cleared
52.1560 	EXP 	text: autoDraw = True
52.1734 	EXP 	fixation: autoDraw = False
52.9572 	EXP 	Device response: <KeyPress from None: t=52.95440550008789, value=l, duration=None>
52.9575 	EXP 	New trial (rep=3, index=2): <Trial 23 (2 in rep 3) data={'reward_today': np.int64(15), 'future_reward': np.int64(35), 'delay': np.int64(13), 'thisN': 23, 'thisTrialN': 2, 'thisRepN': 3}>
52.9615 	DATA 	Keypress: l
52.9742 	EXP 	fixation: autoDraw = False
52.9742 	EXP 	text: autoDraw = False
52.9742 	EXP 	text: height = np.float64(0.05)
52.9742 	EXP 	text: height = np.float64(0.05)
52.9742 	EXP 	text: height = np.float64(0.05)
52.9742 	EXP 	text: text = 'GBP 15 today or GBP 35 after 13 days'
52.9742 	EXP 	fixation: autoDraw = True
53.1736 	EXP 	Device response: <KeyPress from None: t=52.95440550008789, value=l, duration=0.20978109980933368>
53.9588 	INFO 	Keyboard events cleared
53.9586 	EXP 	text: autoDraw = True
53.9755 	EXP 	fixation: autoDraw = False
55.0917 	EXP 	Device response: <KeyPress from None: t=55.07805470004678, value=l, duration=None>
55.0920 	EXP 	New trial (rep=3, index=3): <Trial 24 (3 in rep 3) data={'reward_today': np.int64(27), 'future_reward': np.int64(50), 'delay': np.int64(21), 'thisN': 24, 'thisTrialN': 3, 'thisRepN': 3}>
55.0977 	DATA 	Keypress: l
55.1095 	EXP 	fixation: autoDraw = False
55.1095 	EXP 	text: autoDraw = False
55.1095 	EXP 	text: height = np.float64(0.05)
55.1095 	EXP 	text: height = np.float64(0.05)
55.1095 	EXP 	text: height = np.float64(0.05)
55.1095 	EXP 	text: text = 'GBP 27 today or GBP 50 after 21 days'
55.1095 	EXP 	fixation: autoDraw = True
55.2598 	EXP 	Device response: <KeyPress from None: t=55.07805470004678, value=l, duration=0.17400479991920292>
56.0947 	INFO 	Keyboard events cleared
56.0945 	EXP 	text: autoDraw = True
56.1091 	EXP 	fixation: autoDraw = False
56.6114 	EXP 	Device response: <KeyPress from None: t=56.606190300080925, value=l, duration=None>
56.6117 	EXP 	New trial (rep=3, index=4): <Trial 25 (4 in rep 3) data={'reward_today': np.int64(40), 'future_reward': np.int64(55), 'delay': np.int64(62), 'thisN': 25, 'thisTrialN': 4, 'thisRepN': 3}>
56.6169 	DATA 	Keypress: l
56.6270 	EXP 	fixation: autoDraw = False
56.6270 	EXP 	text: autoDraw = False
56.6270 	EXP 	text: height = np.float64(0.05)
56.6270 	EXP 	text: height = np.float64(0.05)
56.6270 	EXP 	text: height = np.float64(0.05)
56.6270 	EXP 	text: text = 'GBP 40 today or GBP 55 after 62 days'
56.6270 	EXP 	fixation: autoDraw = True
56.7793 	EXP 	Device response: <KeyPress from None: t=56.606190300080925, value=l, duration=0.17168219992890954>
57.6128 	INFO 	Keyboard events cleared
57.6126 	EXP 	text: autoDraw = True
57.6271 	EXP 	fixation: autoDraw = False
58.4785 	EXP 	Device response: <KeyPress from None: t=58.463880399940535, value=l, duration=None>
58.4788 	EXP 	New trial (rep=3, index=5): <Trial 26 (5 in rep 3) data={'reward_today': np.int64(78), 'future_reward': np.int64(80), 'delay': np.int64(162), 'thisN': 26, 'thisTrialN': 5, 'thisRepN': 3}>
58.4843 	DATA 	Keypress: l
58.4950 	EXP 	fixation: autoDraw = False
58.4950 	EXP 	text: autoDraw = False
58.4950 	EXP 	text: height = np.float64(0.05)
58.4950 	EXP 	text: height = np.float64(0.05)
58.4950 	EXP 	text: height = np.float64(0.05)
58.4950 	EXP 	text: text = 'GBP 78 today or GBP 80 after 162 days'
58.4950 	EXP 	fixation: autoDraw = True
58.7288 	EXP 	Device response: <KeyPress from None: t=58.463880399940535, value=l, duration=0.26172480010427535>
59.4805 	INFO 	Keyboard events cleared
59.4804 	EXP 	text: autoDraw = True
59.4974 	EXP 	fixation: autoDraw = False
61.1479 	EXP 	Device response: <KeyPress from None: t=61.14212780003436, value=t, duration=None>
61.1482 	EXP 	New trial (rep=3, index=6): <Trial 27 (6 in rep 3) data={'reward_today': np.int64(67), 'future_reward': np.int64(75), 'delay': np.int64(119), 'thisN': 27, 'thisTrialN': 6, 'thisRepN': 3}>
61.1534 	DATA 	Keypress: t
61.1654 	EXP 	fixation: autoDraw = False
61.1654 	EXP 	text: autoDraw = False
61.1654 	EXP 	text: height = np.float64(0.05)
61.1654 	EXP 	text: height = np.float64(0.05)
61.1654 	EXP 	text: height = np.float64(0.05)
61.1654 	EXP 	text: text = 'GBP 67 today or GBP 75 after 119 days'
61.1654 	EXP 	fixation: autoDraw = True
61.3495 	EXP 	Device response: <KeyPress from None: t=61.14212780003436, value=t, duration=0.2012658000458032>
62.1503 	INFO 	Keyboard events cleared
62.1502 	EXP 	text: autoDraw = True
62.1671 	EXP 	fixation: autoDraw = False
62.7004 	EXP 	Device response: <KeyPress from None: t=62.69524780008942, value=t, duration=None>
62.7008 	EXP 	New trial (rep=4, index=0): <Trial 28 (0 in rep 4) data={'reward_today': np.int64(49), 'future_reward': np.int64(60), 'delay': np.int64(89), 'thisN': 28, 'thisTrialN': 0, 'thisRepN': 4}>
62.7073 	DATA 	Keypress: t
62.7158 	EXP 	fixation: autoDraw = False
62.7158 	EXP 	text: autoDraw = False
62.7158 	EXP 	text: height = np.float64(0.05)
62.7158 	EXP 	text: height = np.float64(0.05)
62.7158 	EXP 	text: height = np.float64(0.05)
62.7158 	EXP 	text: text = 'GBP 49 today or GBP 60 after 89 days'
62.7158 	EXP 	fixation: autoDraw = True
62.8683 	EXP 	Device response: <KeyPress from None: t=62.69524780008942, value=t, duration=0.1631532998289913>
63.7015 	INFO 	Keyboard events cleared
63.7014 	EXP 	text: autoDraw = True
63.7185 	EXP 	fixation: autoDraw = False
64.5190 	EXP 	Device response: <KeyPress from None: t=64.51386189996265, value=t, duration=None>
64.5194 	EXP 	New trial (rep=4, index=1): <Trial 29 (1 in rep 4) data={'reward_today': np.int64(78), 'future_reward': np.int64(80), 'delay': np.int64(162), 'thisN': 29, 'thisTrialN': 1, 'thisRepN': 4}>
64.5236 	DATA 	Keypress: t
64.5347 	EXP 	fixation: autoDraw = False
64.5347 	EXP 	text: autoDraw = False
64.5347 	EXP 	text: height = np.float64(0.05)
64.5347 	EXP 	text: height = np.float64(0.05)
64.5347 	EXP 	text: height = np.float64(0.05)
64.5347 	EXP 	text: text = 'GBP 78 today or GBP 80 after 162 days'
64.5347 	EXP 	fixation: autoDraw = True
64.7025 	EXP 	Device response: <KeyPress from None: t=64.51386189996265, value=t, duration=0.18619449995458126>
65.5190 	INFO 	Keyboard events cleared
65.5189 	EXP 	text: autoDraw = True
65.5365 	EXP 	fixation: autoDraw = False
66.0381 	EXP 	Device response: <KeyPress from None: t=66.03642600006424, value=t, duration=None>
66.0384 	EXP 	New trial (rep=4, index=2): <Trial 30 (2 in rep 4) data={'reward_today': np.int64(67), 'future_reward': np.int64(75), 'delay': np.int64(119), 'thisN': 30, 'thisTrialN': 2, 'thisRepN': 4}>
66.0439 	DATA 	Keypress: t
66.0538 	EXP 	fixation: autoDraw = False
66.0538 	EXP 	text: autoDraw = False
66.0538 	EXP 	text: height = np.float64(0.05)
66.0538 	EXP 	text: height = np.float64(0.05)
66.0538 	EXP 	text: height = np.float64(0.05)
66.0538 	EXP 	text: text = 'GBP 67 today or GBP 75 after 119 days'
66.0538 	EXP 	fixation: autoDraw = True
66.2549 	EXP 	Device response: <KeyPress from None: t=66.03642600006424, value=t, duration=0.214446899946779>
67.0402 	INFO 	Keyboard events cleared
67.0400 	EXP 	text: autoDraw = True
67.0570 	EXP 	fixation: autoDraw = False
67.4560 	EXP 	Device response: <KeyPress from None: t=67.44676290010102, value=t, duration=None>
67.4563 	EXP 	New trial (rep=4, index=3): <Trial 31 (3 in rep 4) data={'reward_today': np.int64(15), 'future_reward': np.int64(35), 'delay': np.int64(13), 'thisN': 31, 'thisTrialN': 3, 'thisRepN': 4}>
67.4614 	DATA 	Keypress: t
67.4719 	EXP 	fixation: autoDraw = False
67.4719 	EXP 	text: autoDraw = False
67.4719 	EXP 	text: height = np.float64(0.05)
67.4719 	EXP 	text: height = np.float64(0.05)
67.4719 	EXP 	text: height = np.float64(0.05)
67.4719 	EXP 	text: text = 'GBP 15 today or GBP 35 after 13 days'
67.4719 	EXP 	fixation: autoDraw = True
67.6574 	EXP 	Device response: <KeyPress from None: t=67.44676290010102, value=t, duration=0.19380159978754818>
68.4577 	INFO 	Keyboard events cleared
68.4575 	EXP 	text: autoDraw = True
68.4743 	EXP 	fixation: autoDraw = False
68.9579 	EXP 	Device response: <KeyPress from None: t=68.94535019993782, value=l, duration=None>
68.9582 	EXP 	New trial (rep=4, index=4): <Trial 32 (4 in rep 4) data={'reward_today': np.int64(11), 'future_reward': np.int64(30), 'delay': np.int64(7), 'thisN': 32, 'thisTrialN': 4, 'thisRepN': 4}>
68.9633 	DATA 	Keypress: l
68.9747 	EXP 	fixation: autoDraw = False
68.9747 	EXP 	text: autoDraw = False
68.9747 	EXP 	text: height = np.float64(0.05)
68.9747 	EXP 	text: height = np.float64(0.05)
68.9747 	EXP 	text: height = np.float64(0.05)
68.9747 	EXP 	text: text = 'GBP 11 today or GBP 30 after 7 days'
68.9747 	EXP 	fixation: autoDraw = True
69.1250 	EXP 	Device response: <KeyPress from None: t=68.94535019993782, value=l, duration=0.16588680003769696>
69.9577 	INFO 	Keyboard events cleared
69.9577 	EXP 	text: autoDraw = True
69.9763 	EXP 	fixation: autoDraw = False
70.4256 	EXP 	Device response: <KeyPress from None: t=70.41198750003241, value=l, duration=None>
70.4259 	EXP 	New trial (rep=4, index=5): <Trial 33 (5 in rep 4) data={'reward_today': np.int64(40), 'future_reward': np.int64(55), 'delay': np.int64(62), 'thisN': 33, 'thisTrialN': 5, 'thisRepN': 4}>
70.4300 	DATA 	Keypress: l
70.4429 	EXP 	fixation: autoDraw = False
70.4429 	EXP 	text: autoDraw = False
70.4429 	EXP 	text: height = np.float64(0.05)
70.4429 	EXP 	text: height = np.float64(0.05)
70.4429 	EXP 	text: height = np.float64(0.05)
70.4429 	EXP 	text: text = 'GBP 40 today or GBP 55 after 62 days'
70.4429 	EXP 	fixation: autoDraw = True
70.5777 	EXP 	Device response: <KeyPress from None: t=70.41198750003241, value=l, duration=0.1528670999687165>
71.4274 	INFO 	Keyboard events cleared
71.4272 	EXP 	text: autoDraw = True
71.4444 	EXP 	fixation: autoDraw = False
72.1445 	EXP 	Device response: <KeyPress from None: t=72.1308784999419, value=l, duration=None>
72.1449 	EXP 	New trial (rep=4, index=6): <Trial 34 (6 in rep 4) data={'reward_today': np.int64(27), 'future_reward': np.int64(50), 'delay': np.int64(21), 'thisN': 34, 'thisTrialN': 6, 'thisRepN': 4}>
72.1497 	DATA 	Keypress: l
72.1614 	EXP 	fixation: autoDraw = False
72.1614 	EXP 	text: autoDraw = False
72.1614 	EXP 	text: height = np.float64(0.05)
72.1614 	EXP 	text: height = np.float64(0.05)
72.1614 	EXP 	text: height = np.float64(0.05)
72.1614 	EXP 	text: text = 'GBP 27 today or GBP 50 after 21 days'
72.1614 	EXP 	fixation: autoDraw = True
72.3287 	EXP 	Device response: <KeyPress from None: t=72.1308784999419, value=l, duration=0.1865346000995487>
73.1447 	INFO 	Keyboard events cleared
73.1446 	EXP 	text: autoDraw = True
73.1621 	EXP 	fixation: autoDraw = False
73.5631 	EXP 	Device response: <KeyPress from None: t=73.55696310009807, value=l, duration=None>
73.5634 	EXP 	New trial (rep=5, index=0): <Trial 35 (0 in rep 5) data={'reward_today': np.int64(78), 'future_reward': np.int64(80), 'delay': np.int64(162), 'thisN': 35, 'thisTrialN': 0, 'thisRepN': 5}>
73.5676 	DATA 	Keypress: l
73.5793 	EXP 	fixation: autoDraw = False
73.5793 	EXP 	text: autoDraw = False
73.5793 	EXP 	text: height = np.float64(0.05)
73.5793 	EXP 	text: height = np.float64(0.05)
73.5793 	EXP 	text: height = np.float64(0.05)
73.5793 	EXP 	text: text = 'GBP 78 today or GBP 80 after 162 days'
73.5793 	EXP 	fixation: autoDraw = True
73.7305 	EXP 	Device response: <KeyPress from None: t=73.55696310009807, value=l, duration=0.16689659981057048>
74.5655 	INFO 	Keyboard events cleared
74.5654 	EXP 	text: autoDraw = True
74.5807 	EXP 	fixation: autoDraw = False
75.1316 	EXP 	Device response: <KeyPress from None: t=75.12043739994988, value=t, duration=None>
75.1320 	EXP 	New trial (rep=5, index=1): <Trial 36 (1 in rep 5) data={'reward_today': np.int64(67), 'future_reward': np.int64(75), 'delay': np.int64(119), 'thisN': 36, 'thisTrialN': 1, 'thisRepN': 5}>
75.1377 	DATA 	Keypress: t
75.1485 	EXP 	fixation: autoDraw = False
75.1485 	EXP 	text: autoDraw = False
75.1485 	EXP 	text: height = np.float64(0.05)
75.1485 	EXP 	text: height = np.float64(0.05)
75.1485 	EXP 	text: height = np.float64(0.05)
75.1485 	EXP 	text: text = 'GBP 67 today or GBP 75 after 119 days'
75.1485 	EXP 	fixation: autoDraw = True
75.3802 	EXP 	Device response: <KeyPress from None: t=75.12043739994988, value=t, duration=0.24691889993846416>
76.1315 	INFO 	Keyboard events cleared
76.1313 	EXP 	text: autoDraw = True
76.1493 	EXP 	fixation: autoDraw = False
76.5494 	EXP 	Device response: <KeyPress from None: t=76.54717890010215, value=t, duration=None>
76.5497 	EXP 	New trial (rep=5, index=2): <Trial 37 (2 in rep 5) data={'reward_today': np.int64(27), 'future_reward': np.int64(50), 'delay': np.int64(21), 'thisN': 37, 'thisTrialN': 2, 'thisRepN': 5}>
76.5548 	DATA 	Keypress: t
76.5666 	EXP 	fixation: autoDraw = False
76.5666 	EXP 	text: autoDraw = False
76.5666 	EXP 	text: height = np.float64(0.05)
76.5666 	EXP 	text: height = np.float64(0.05)
76.5666 	EXP 	text: height = np.float64(0.05)
76.5666 	EXP 	text: text = 'GBP 27 today or GBP 50 after 21 days'
76.5666 	EXP 	fixation: autoDraw = True
76.8003 	EXP 	Device response: <KeyPress from None: t=76.54717890010215, value=t, duration=0.2378660999238491>
77.5510 	INFO 	Keyboard events cleared
77.5508 	EXP 	text: autoDraw = True
77.5679 	EXP 	fixation: autoDraw = False
78.2667 	EXP 	Device response: <KeyPress from None: t=78.26154599990696, value=l, duration=None>
78.2671 	EXP 	New trial (rep=5, index=3): <Trial 38 (3 in rep 5) data={'reward_today': np.int64(15), 'future_reward': np.int64(35), 'delay': np.int64(13), 'thisN': 38, 'thisTrialN': 3, 'thisRepN': 5}>
78.2727 	DATA 	Keypress: l
78.2836 	EXP 	fixation: autoDraw = False
78.2836 	EXP 	text: autoDraw = False
78.2836 	EXP 	text: height = np.float64(0.05)
78.2836 	EXP 	text: height = np.float64(0.05)
78.2836 	EXP 	text: height = np.float64(0.05)
78.2836 	EXP 	text: text = 'GBP 15 today or GBP 35 after 13 days'
78.2836 	EXP 	fixation: autoDraw = True
78.4517 	EXP 	Device response: <KeyPress from None: t=78.26154599990696, value=l, duration=0.17938670003786683>
79.2693 	INFO 	Keyboard events cleared
79.2691 	EXP 	text: autoDraw = True
79.2856 	EXP 	fixation: autoDraw = False
79.9040 	EXP 	Device response: <KeyPress from None: t=79.88971460005268, value=l, duration=None>
79.9044 	EXP 	New trial (rep=5, index=4): <Trial 39 (4 in rep 5) data={'reward_today': np.int64(49), 'future_reward': np.int64(60), 'delay': np.int64(89), 'thisN': 39, 'thisTrialN': 4, 'thisRepN': 5}>
79.9107 	DATA 	Keypress: l
79.9194 	EXP 	fixation: autoDraw = False
79.9194 	EXP 	text: autoDraw = False
79.9194 	EXP 	text: height = np.float64(0.05)
79.9194 	EXP 	text: height = np.float64(0.05)
79.9194 	EXP 	text: height = np.float64(0.05)
79.9194 	EXP 	text: text = 'GBP 49 today or GBP 60 after 89 days'
79.9194 	EXP 	fixation: autoDraw = True
80.0712 	EXP 	Device response: <KeyPress from None: t=79.88971460005268, value=l, duration=0.16946489992551506>
80.9050 	INFO 	Keyboard events cleared
80.9048 	EXP 	text: autoDraw = True
80.9223 	EXP 	fixation: autoDraw = False
83.1241 	EXP 	Device response: <KeyPress from None: t=83.11075700004585, value=t, duration=None>
83.1245 	EXP 	New trial (rep=5, index=5): <Trial 40 (5 in rep 5) data={'reward_today': np.int64(11), 'future_reward': np.int64(30), 'delay': np.int64(7), 'thisN': 40, 'thisTrialN': 5, 'thisRepN': 5}>
83.1306 	DATA 	Keypress: t
83.1395 	EXP 	fixation: autoDraw = False
83.1395 	EXP 	text: autoDraw = False
83.1395 	EXP 	text: height = np.float64(0.05)
83.1395 	EXP 	text: height = np.float64(0.05)
83.1395 	EXP 	text: height = np.float64(0.05)
83.1395 	EXP 	text: text = 'GBP 11 today or GBP 30 after 7 days'
83.1395 	EXP 	fixation: autoDraw = True
83.3748 	EXP 	Device response: <KeyPress from None: t=83.11075700004585, value=t, duration=0.25604250002652407>
84.1407 	INFO 	Keyboard events cleared
84.1406 	EXP 	fixation: autoDraw = False
84.1406 	EXP 	text: autoDraw = True
84.9408 	EXP 	Device response: <KeyPress from None: t=84.9378955999855, value=l, duration=None>
84.9412 	EXP 	New trial (rep=5, index=6): <Trial 41 (6 in rep 5) data={'reward_today': np.int64(40), 'future_reward': np.int64(55), 'delay': np.int64(62), 'thisN': 41, 'thisTrialN': 6, 'thisRepN': 5}>
84.9465 	DATA 	Keypress: l
84.9577 	EXP 	fixation: autoDraw = False
84.9577 	EXP 	text: autoDraw = False
84.9577 	EXP 	text: height = np.float64(0.05)
84.9577 	EXP 	text: height = np.float64(0.05)
84.9577 	EXP 	text: height = np.float64(0.05)
84.9577 	EXP 	text: text = 'GBP 40 today or GBP 55 after 62 days'
84.9577 	EXP 	fixation: autoDraw = True
85.1253 	EXP 	Device response: <KeyPress from None: t=84.9378955999855, value=l, duration=0.1816253000870347>
85.9448 	INFO 	Keyboard events cleared
85.9446 	EXP 	text: autoDraw = True
85.9591 	EXP 	fixation: autoDraw = False
86.5080 	EXP 	Device response: <KeyPress from None: t=86.49537650006823, value=l, duration=None>
86.5083 	EXP 	New trial (rep=6, index=0): <Trial 42 (0 in rep 6) data={'reward_today': np.int64(15), 'future_reward': np.int64(35), 'delay': np.int64(13), 'thisN': 42, 'thisTrialN': 0, 'thisRepN': 6}>
86.5142 	DATA 	Keypress: l
86.5261 	EXP 	fixation: autoDraw = False
86.5261 	EXP 	text: autoDraw = False
86.5261 	EXP 	text: height = np.float64(0.05)
86.5261 	EXP 	text: height = np.float64(0.05)
86.5261 	EXP 	text: height = np.float64(0.05)
86.5261 	EXP 	text: text = 'GBP 15 today or GBP 35 after 13 days'
86.5261 	EXP 	fixation: autoDraw = True
86.6625 	EXP 	Device response: <KeyPress from None: t=86.49537650006823, value=l, duration=0.16065860004164279>
87.5116 	INFO 	Keyboard events cleared
87.5114 	EXP 	text: autoDraw = True
87.5282 	EXP 	fixation: autoDraw = False
88.0123 	EXP 	Device response: <KeyPress from None: t=88.00005459995009, value=l, duration=None>
88.0127 	EXP 	New trial (rep=6, index=1): <Trial 43 (1 in rep 6) data={'reward_today': np.int64(49), 'future_reward': np.int64(60), 'delay': np.int64(89), 'thisN': 43, 'thisTrialN': 1, 'thisRepN': 6}>
88.0184 	DATA 	Keypress: l
88.0290 	EXP 	fixation: autoDraw = False
88.0290 	EXP 	text: autoDraw = False
88.0290 	EXP 	text: height = np.float64(0.05)
88.0290 	EXP 	text: height = np.float64(0.05)
88.0290 	EXP 	text: height = np.float64(0.05)
88.0290 	EXP 	text: text = 'GBP 49 today or GBP 60 after 89 days'
88.0290 	EXP 	fixation: autoDraw = True
88.2296 	EXP 	Device response: <KeyPress from None: t=88.00005459995009, value=l, duration=0.21638839994557202>
89.0131 	INFO 	Keyboard events cleared
89.0129 	EXP 	text: autoDraw = True
89.0295 	EXP 	fixation: autoDraw = False
90.1479 	EXP 	Device response: <KeyPress from None: t=90.14000899996608, value=t, duration=None>
90.1482 	EXP 	New trial (rep=6, index=2): <Trial 44 (2 in rep 6) data={'reward_today': np.int64(11), 'future_reward': np.int64(30), 'delay': np.int64(7), 'thisN': 44, 'thisTrialN': 2, 'thisRepN': 6}>
90.1534 	DATA 	Keypress: t
90.1629 	EXP 	fixation: autoDraw = False
90.1629 	EXP 	text: autoDraw = False
90.1629 	EXP 	text: height = np.float64(0.05)
90.1629 	EXP 	text: height = np.float64(0.05)
90.1629 	EXP 	text: height = np.float64(0.05)
90.1629 	EXP 	text: text = 'GBP 11 today or GBP 30 after 7 days'
90.1629 	EXP 	fixation: autoDraw = True
90.3471 	EXP 	Device response: <KeyPress from None: t=90.14000899996608, value=t, duration=0.19549040007404983>
91.1495 	INFO 	Keyboard events cleared
91.1494 	EXP 	text: autoDraw = True
91.1660 	EXP 	fixation: autoDraw = False
91.7167 	EXP 	Device response: <KeyPress from None: t=91.71458990010433, value=l, duration=None>
91.7170 	EXP 	New trial (rep=6, index=3): <Trial 45 (3 in rep 6) data={'reward_today': np.int64(40), 'future_reward': np.int64(55), 'delay': np.int64(62), 'thisN': 45, 'thisTrialN': 3, 'thisRepN': 6}>
91.7211 	DATA 	Keypress: l
91.7334 	EXP 	fixation: autoDraw = False
91.7334 	EXP 	text: autoDraw = False
91.7334 	EXP 	text: height = np.float64(0.05)
91.7334 	EXP 	text: height = np.float64(0.05)
91.7334 	EXP 	text: height = np.float64(0.05)
91.7334 	EXP 	text: text = 'GBP 40 today or GBP 55 after 62 days'
91.7334 	EXP 	fixation: autoDraw = True
91.8988 	EXP 	Device response: <KeyPress from None: t=91.71458990010433, value=l, duration=0.17046589986421168>
92.7171 	INFO 	Keyboard events cleared
92.7169 	EXP 	text: autoDraw = True
92.7339 	EXP 	fixation: autoDraw = False
93.9188 	EXP 	Device response: <KeyPress from None: t=93.90526379994117, value=l, duration=None>
93.9191 	EXP 	New trial (rep=6, index=4): <Trial 46 (4 in rep 6) data={'reward_today': np.int64(27), 'future_reward': np.int64(50), 'delay': np.int64(21), 'thisN': 46, 'thisTrialN': 4, 'thisRepN': 6}>
93.9237 	DATA 	Keypress: l
93.9345 	EXP 	fixation: autoDraw = False
93.9345 	EXP 	text: autoDraw = False
93.9345 	EXP 	text: height = np.float64(0.05)
93.9345 	EXP 	text: height = np.float64(0.05)
93.9345 	EXP 	text: height = np.float64(0.05)
93.9345 	EXP 	text: text = 'GBP 27 today or GBP 50 after 21 days'
93.9345 	EXP 	fixation: autoDraw = True
94.0862 	EXP 	Device response: <KeyPress from None: t=93.90526379994117, value=l, duration=0.16942319995723665>
94.9200 	INFO 	Keyboard events cleared
94.9198 	EXP 	text: autoDraw = True
94.9365 	EXP 	fixation: autoDraw = False
95.5367 	EXP 	Device response: <KeyPress from None: t=95.52090499992482, value=l, duration=None>
95.5370 	EXP 	New trial (rep=6, index=5): <Trial 47 (5 in rep 6) data={'reward_today': np.int64(67), 'future_reward': np.int64(75), 'delay': np.int64(119), 'thisN': 47, 'thisTrialN': 5, 'thisRepN': 6}>
95.5410 	DATA 	Keypress: l
95.5528 	EXP 	fixation: autoDraw = False
95.5528 	EXP 	text: autoDraw = False
95.5528 	EXP 	text: height = np.float64(0.05)
95.5528 	EXP 	text: height = np.float64(0.05)
95.5528 	EXP 	text: height = np.float64(0.05)
95.5528 	EXP 	text: text = 'GBP 67 today or GBP 75 after 119 days'
95.5528 	EXP 	fixation: autoDraw = True
95.6691 	EXP 	Device response: <KeyPress from None: t=95.52090499992482, value=l, duration=0.13778600003570318>
96.5414 	INFO 	Keyboard events cleared
96.5413 	EXP 	text: autoDraw = True
96.5535 	EXP 	fixation: autoDraw = False
100.7754 	EXP 	Device response: <KeyPress from None: t=100.77344519994222, value=t, duration=None>
100.7756 	EXP 	New trial (rep=6, index=6): <Trial 48 (6 in rep 6) data={'reward_today': np.int64(78), 'future_reward': np.int64(80), 'delay': np.int64(162), 'thisN': 48, 'thisTrialN': 6, 'thisRepN': 6}>
100.7809 	DATA 	Keypress: t
100.7918 	EXP 	fixation: autoDraw = False
100.7918 	EXP 	text: autoDraw = False
100.7918 	EXP 	text: height = np.float64(0.05)
100.7918 	EXP 	text: height = np.float64(0.05)
100.7918 	EXP 	text: height = np.float64(0.05)
100.7918 	EXP 	text: text = 'GBP 78 today or GBP 80 after 162 days'
100.7918 	EXP 	fixation: autoDraw = True
100.9081 	EXP 	Device response: <KeyPress from None: t=100.77344519994222, value=t, duration=0.1265215000603348>
101.7773 	INFO 	Keyboard events cleared
101.7772 	EXP 	text: autoDraw = True
101.7934 	EXP 	fixation: autoDraw = False
104.0128 	EXP 	Device response: <KeyPress from None: t=104.0009119999595, value=t, duration=None>
104.0131 	EXP 	New trial (rep=7, index=0): <Trial 49 (0 in rep 7) data={'reward_today': np.int64(40), 'future_reward': np.int64(55), 'delay': np.int64(62), 'thisN': 49, 'thisTrialN': 0, 'thisRepN': 7}>
104.0172 	DATA 	Keypress: t
104.0287 	EXP 	fixation: autoDraw = False
104.0287 	EXP 	text: autoDraw = False
104.0287 	EXP 	text: height = np.float64(0.05)
104.0287 	EXP 	text: height = np.float64(0.05)
104.0287 	EXP 	text: height = np.float64(0.05)
104.0287 	EXP 	text: text = 'GBP 40 today or GBP 55 after 62 days'
104.0287 	EXP 	fixation: autoDraw = True
104.1615 	EXP 	Device response: <KeyPress from None: t=104.0009119999595, value=t, duration=0.1478546999860555>
105.0163 	INFO 	Keyboard events cleared
105.0161 	EXP 	text: autoDraw = True
105.0304 	EXP 	fixation: autoDraw = False
105.6301 	EXP 	Device response: <KeyPress from None: t=105.61716910009272, value=l, duration=None>
105.6304 	EXP 	New trial (rep=7, index=1): <Trial 50 (1 in rep 7) data={'reward_today': np.int64(11), 'future_reward': np.int64(30), 'delay': np.int64(7), 'thisN': 50, 'thisTrialN': 1, 'thisRepN': 7}>
105.6358 	DATA 	Keypress: l
105.6487 	EXP 	fixation: autoDraw = False
105.6487 	EXP 	text: autoDraw = False
105.6487 	EXP 	text: height = np.float64(0.05)
105.6487 	EXP 	text: height = np.float64(0.05)
105.6487 	EXP 	text: height = np.float64(0.05)
105.6487 	EXP 	text: text = 'GBP 11 today or GBP 30 after 7 days'
105.6487 	EXP 	fixation: autoDraw = True
105.8630 	EXP 	Device response: <KeyPress from None: t=105.61716910009272, value=l, duration=0.23169499984942377>
106.6331 	INFO 	Keyboard events cleared
106.6329 	EXP 	text: autoDraw = True
106.6497 	EXP 	fixation: autoDraw = False
107.1183 	EXP 	Device response: <KeyPress from None: t=107.1059369998984, value=l, duration=None>
107.1186 	EXP 	New trial (rep=7, index=2): <Trial 51 (2 in rep 7) data={'reward_today': np.int64(67), 'future_reward': np.int64(75), 'delay': np.int64(119), 'thisN': 51, 'thisTrialN': 2, 'thisRepN': 7}>
107.1232 	DATA 	Keypress: l
107.1315 	EXP 	fixation: autoDraw = False
107.1315 	EXP 	text: autoDraw = False
107.1315 	EXP 	text: height = np.float64(0.05)
107.1315 	EXP 	text: height = np.float64(0.05)
107.1315 	EXP 	text: height = np.float64(0.05)
107.1315 	EXP 	text: text = 'GBP 67 today or GBP 75 after 119 days'
107.1315 	EXP 	fixation: autoDraw = True
107.2670 	EXP 	Device response: <KeyPress from None: t=107.1059369998984, value=l, duration=0.1601683001499623>
108.1357 	INFO 	Keyboard events cleared
108.1355 	EXP 	fixation: autoDraw = False
108.1355 	EXP 	text: autoDraw = True
108.8842 	EXP 	Device response: <KeyPress from None: t=108.87911180010997, value=t, duration=None>
108.8845 	EXP 	New trial (rep=7, index=3): <Trial 52 (3 in rep 7) data={'reward_today': np.int64(15), 'future_reward': np.int64(35), 'delay': np.int64(13), 'thisN': 52, 'thisTrialN': 3, 'thisRepN': 7}>
108.8901 	DATA 	Keypress: t
108.9000 	EXP 	fixation: autoDraw = False
108.9000 	EXP 	text: autoDraw = False
108.9000 	EXP 	text: height = np.float64(0.05)
108.9000 	EXP 	text: height = np.float64(0.05)
108.9000 	EXP 	text: height = np.float64(0.05)
108.9000 	EXP 	text: text = 'GBP 15 today or GBP 35 after 13 days'
108.9000 	EXP 	fixation: autoDraw = True
109.0175 	EXP 	Device response: <KeyPress from None: t=108.87911180010997, value=t, duration=0.12638159980997443>
109.8842 	INFO 	Keyboard events cleared
109.8841 	EXP 	text: autoDraw = True
109.9008 	EXP 	fixation: autoDraw = False
110.7876 	EXP 	Device response: <KeyPress from None: t=110.78596540004946, value=l, duration=None>
110.7879 	EXP 	New trial (rep=7, index=4): <Trial 53 (4 in rep 7) data={'reward_today': np.int64(78), 'future_reward': np.int64(80), 'delay': np.int64(162), 'thisN': 53, 'thisTrialN': 4, 'thisRepN': 7}>
110.7929 	DATA 	Keypress: l
110.8040 	EXP 	fixation: autoDraw = False
110.8040 	EXP 	text: autoDraw = False
110.8040 	EXP 	text: height = np.float64(0.05)
110.8040 	EXP 	text: height = np.float64(0.05)
110.8040 	EXP 	text: height = np.float64(0.05)
110.8040 	EXP 	text: text = 'GBP 78 today or GBP 80 after 162 days'
110.8040 	EXP 	fixation: autoDraw = True
110.9539 	EXP 	Device response: <KeyPress from None: t=110.78596540004946, value=l, duration=0.16478309989906847>
111.7890 	INFO 	Keyboard events cleared
111.7888 	EXP 	text: autoDraw = True
111.8054 	EXP 	fixation: autoDraw = False
112.6739 	EXP 	Device response: <KeyPress from None: t=112.66917599993758, value=t, duration=None>
112.6743 	EXP 	New trial (rep=7, index=5): <Trial 54 (5 in rep 7) data={'reward_today': np.int64(49), 'future_reward': np.int64(60), 'delay': np.int64(89), 'thisN': 54, 'thisTrialN': 5, 'thisRepN': 7}>
112.6802 	DATA 	Keypress: t
112.6873 	EXP 	fixation: autoDraw = False
112.6873 	EXP 	text: autoDraw = False
112.6873 	EXP 	text: height = np.float64(0.05)
112.6873 	EXP 	text: height = np.float64(0.05)
112.6873 	EXP 	text: height = np.float64(0.05)
112.6873 	EXP 	text: text = 'GBP 49 today or GBP 60 after 89 days'
112.6873 	EXP 	fixation: autoDraw = True
112.8897 	EXP 	Device response: <KeyPress from None: t=112.66917599993758, value=t, duration=0.2190670999698341>
113.6891 	INFO 	Keyboard events cleared
113.6889 	EXP 	fixation: autoDraw = False
113.6889 	EXP 	text: autoDraw = True
114.8757 	EXP 	Device response: <KeyPress from None: t=114.86140820011497, value=t, duration=None>
114.8760 	EXP 	New trial (rep=7, index=6): <Trial 55 (6 in rep 7) data={'reward_today': np.int64(27), 'future_reward': np.int64(50), 'delay': np.int64(21), 'thisN': 55, 'thisTrialN': 6, 'thisRepN': 7}>
114.8806 	DATA 	Keypress: t
114.8912 	EXP 	fixation: autoDraw = False
114.8912 	EXP 	text: autoDraw = False
114.8912 	EXP 	text: height = np.float64(0.05)
114.8912 	EXP 	text: height = np.float64(0.05)
114.8912 	EXP 	text: height = np.float64(0.05)
114.8912 	EXP 	text: text = 'GBP 27 today or GBP 50 after 21 days'
114.8912 	EXP 	fixation: autoDraw = True
115.0589 	EXP 	Device response: <KeyPress from None: t=114.86140820011497, value=t, duration=0.1869190998841077>
115.8763 	INFO 	Keyboard events cleared
115.8761 	EXP 	text: autoDraw = True
115.8927 	EXP 	fixation: autoDraw = False
116.6097 	EXP 	Device response: <KeyPress from None: t=116.59801240009256, value=l, duration=None>
116.6100 	EXP 	New trial (rep=8, index=0): <Trial 56 (0 in rep 8) data={'reward_today': np.int64(40), 'future_reward': np.int64(55), 'delay': np.int64(62), 'thisN': 56, 'thisTrialN': 0, 'thisRepN': 8}>
116.6155 	DATA 	Keypress: l
116.6253 	EXP 	fixation: autoDraw = False
116.6253 	EXP 	text: autoDraw = False
116.6253 	EXP 	text: height = np.float64(0.05)
116.6253 	EXP 	text: height = np.float64(0.05)
116.6253 	EXP 	text: height = np.float64(0.05)
116.6253 	EXP 	text: text = 'GBP 40 today or GBP 55 after 62 days'
116.6253 	EXP 	fixation: autoDraw = True
116.7949 	EXP 	Device response: <KeyPress from None: t=116.59801240009256, value=l, duration=0.18582979985512793>
117.6118 	INFO 	Keyboard events cleared
117.6116 	EXP 	text: autoDraw = True
117.6295 	EXP 	fixation: autoDraw = False
118.1282 	EXP 	Device response: <KeyPress from None: t=118.11617829999886, value=l, duration=None>
118.1285 	EXP 	New trial (rep=8, index=1): <Trial 57 (1 in rep 8) data={'reward_today': np.int64(67), 'future_reward': np.int64(75), 'delay': np.int64(119), 'thisN': 57, 'thisTrialN': 1, 'thisRepN': 8}>
118.1327 	DATA 	Keypress: l
118.1438 	EXP 	fixation: autoDraw = False
118.1438 	EXP 	text: autoDraw = False
118.1438 	EXP 	text: height = np.float64(0.05)
118.1438 	EXP 	text: height = np.float64(0.05)
118.1438 	EXP 	text: height = np.float64(0.05)
118.1438 	EXP 	text: text = 'GBP 67 today or GBP 75 after 119 days'
118.1438 	EXP 	fixation: autoDraw = True
118.2614 	EXP 	Device response: <KeyPress from None: t=118.11617829999886, value=l, duration=0.13541089999489486>
119.1444 	INFO 	Keyboard events cleared
119.1442 	EXP 	fixation: autoDraw = False
119.1442 	EXP 	text: autoDraw = True
119.7155 	EXP 	Device response: <KeyPress from None: t=119.70912460004911, value=t, duration=None>
119.7159 	EXP 	New trial (rep=8, index=2): <Trial 58 (2 in rep 8) data={'reward_today': np.int64(49), 'future_reward': np.int64(60), 'delay': np.int64(89), 'thisN': 58, 'thisTrialN': 2, 'thisRepN': 8}>
119.7226 	DATA 	Keypress: t
119.7280 	EXP 	fixation: autoDraw = False
119.7280 	EXP 	text: autoDraw = False
119.7280 	EXP 	text: height = np.float64(0.05)
119.7280 	EXP 	text: height = np.float64(0.05)
119.7280 	EXP 	text: height = np.float64(0.05)
119.7280 	EXP 	text: text = 'GBP 49 today or GBP 60 after 89 days'
119.7280 	EXP 	fixation: autoDraw = True
119.8980 	EXP 	Device response: <KeyPress from None: t=119.70912460004911, value=t, duration=0.17408729996532202>
120.7164 	INFO 	Keyboard events cleared
120.7162 	EXP 	text: autoDraw = True
120.7307 	EXP 	fixation: autoDraw = False
121.3149 	EXP 	Device response: <KeyPress from None: t=121.30285730003379, value=t, duration=None>
121.3152 	EXP 	New trial (rep=8, index=3): <Trial 59 (3 in rep 8) data={'reward_today': np.int64(78), 'future_reward': np.int64(80), 'delay': np.int64(162), 'thisN': 59, 'thisTrialN': 3, 'thisRepN': 8}>
121.3200 	DATA 	Keypress: t
121.3317 	EXP 	fixation: autoDraw = False
121.3317 	EXP 	text: autoDraw = False
121.3317 	EXP 	text: height = np.float64(0.05)
121.3317 	EXP 	text: height = np.float64(0.05)
121.3317 	EXP 	text: height = np.float64(0.05)
121.3317 	EXP 	text: text = 'GBP 78 today or GBP 80 after 162 days'
121.3317 	EXP 	fixation: autoDraw = True
121.5655 	EXP 	Device response: <KeyPress from None: t=121.30285730003379, value=t, duration=0.24731860007159412>
122.3167 	INFO 	Keyboard events cleared
122.3165 	EXP 	text: autoDraw = True
122.3334 	EXP 	fixation: autoDraw = False
123.1514 	EXP 	Device response: <KeyPress from None: t=123.14028690010309, value=t, duration=None>
123.1517 	EXP 	New trial (rep=8, index=4): <Trial 60 (4 in rep 8) data={'reward_today': np.int64(11), 'future_reward': np.int64(30), 'delay': np.int64(7), 'thisN': 60, 'thisTrialN': 4, 'thisRepN': 8}>
123.1564 	DATA 	Keypress: t
123.1667 	EXP 	fixation: autoDraw = False
123.1667 	EXP 	text: autoDraw = False
123.1667 	EXP 	text: height = np.float64(0.05)
123.1667 	EXP 	text: height = np.float64(0.05)
123.1667 	EXP 	text: height = np.float64(0.05)
123.1667 	EXP 	text: text = 'GBP 11 today or GBP 30 after 7 days'
123.1667 	EXP 	fixation: autoDraw = True
123.3690 	EXP 	Device response: <KeyPress from None: t=123.14028690010309, value=t, duration=0.21983789978548884>
124.1512 	INFO 	Keyboard events cleared
124.1511 	EXP 	text: autoDraw = True
124.1682 	EXP 	fixation: autoDraw = False
124.5861 	EXP 	Device response: <KeyPress from None: t=124.57764800009318, value=l, duration=None>
124.5864 	EXP 	New trial (rep=8, index=5): <Trial 61 (5 in rep 8) data={'reward_today': np.int64(15), 'future_reward': np.int64(35), 'delay': np.int64(13), 'thisN': 61, 'thisTrialN': 5, 'thisRepN': 8}>
124.5920 	DATA 	Keypress: l
124.6018 	EXP 	fixation: autoDraw = False
124.6018 	EXP 	text: autoDraw = False
124.6018 	EXP 	text: height = np.float64(0.05)
124.6018 	EXP 	text: height = np.float64(0.05)
124.6018 	EXP 	text: height = np.float64(0.05)
124.6018 	EXP 	text: text = 'GBP 15 today or GBP 35 after 13 days'
124.6018 	EXP 	fixation: autoDraw = True
124.7355 	EXP 	Device response: <KeyPress from None: t=124.57764800009318, value=l, duration=0.15252469992265105>
125.5850 	INFO 	Keyboard events cleared
125.5849 	EXP 	text: autoDraw = True
125.6024 	EXP 	fixation: autoDraw = False
126.3534 	EXP 	Device response: <KeyPress from None: t=126.34330950002186, value=l, duration=None>
126.3538 	EXP 	New trial (rep=8, index=6): <Trial 62 (6 in rep 8) data={'reward_today': np.int64(27), 'future_reward': np.int64(50), 'delay': np.int64(21), 'thisN': 62, 'thisTrialN': 6, 'thisRepN': 8}>
126.3602 	DATA 	Keypress: l
126.3698 	EXP 	fixation: autoDraw = False
126.3698 	EXP 	text: autoDraw = False
126.3698 	EXP 	text: height = np.float64(0.05)
126.3698 	EXP 	text: height = np.float64(0.05)
126.3698 	EXP 	text: height = np.float64(0.05)
126.3698 	EXP 	text: text = 'GBP 27 today or GBP 50 after 21 days'
126.3698 	EXP 	fixation: autoDraw = True
126.4871 	EXP 	Device response: <KeyPress from None: t=126.34330950002186, value=l, duration=0.13858939986675978>
127.3551 	INFO 	Keyboard events cleared
127.3549 	EXP 	text: autoDraw = True
127.3713 	EXP 	fixation: autoDraw = False
128.4568 	EXP 	Device response: <KeyPress from None: t=128.44974020007066, value=l, duration=None>
128.4572 	EXP 	New trial (rep=9, index=0): <Trial 63 (0 in rep 9) data={'reward_today': np.int64(11), 'future_reward': np.int64(30), 'delay': np.int64(7), 'thisN': 63, 'thisTrialN': 0, 'thisRepN': 9}>
128.4614 	DATA 	Keypress: l
128.4724 	EXP 	fixation: autoDraw = False
128.4724 	EXP 	text: autoDraw = False
128.4724 	EXP 	text: height = np.float64(0.05)
128.4724 	EXP 	text: height = np.float64(0.05)
128.4724 	EXP 	text: height = np.float64(0.05)
128.4724 	EXP 	text: text = 'GBP 11 today or GBP 30 after 7 days'
128.4724 	EXP 	fixation: autoDraw = True
128.6391 	EXP 	Device response: <KeyPress from None: t=128.44974020007066, value=l, duration=0.18684370000846684>
129.4583 	INFO 	Keyboard events cleared
129.4582 	EXP 	text: autoDraw = True
129.4738 	EXP 	fixation: autoDraw = False
130.0277 	DATA 	Keypress: l
130.0411 	EXP 	Device response: <KeyPress from None: t=130.02730900002643, value=l, duration=None>
130.0414 	EXP 	New trial (rep=9, index=1): <Trial 64 (1 in rep 9) data={'reward_today': np.int64(49), 'future_reward': np.int64(60), 'delay': np.int64(89), 'thisN': 64, 'thisTrialN': 1, 'thisRepN': 9}>
130.0567 	EXP 	fixation: autoDraw = False
130.0567 	EXP 	text: autoDraw = False
130.0567 	EXP 	text: height = np.float64(0.05)
130.0567 	EXP 	text: height = np.float64(0.05)
130.0567 	EXP 	text: height = np.float64(0.05)
130.0567 	EXP 	text: text = 'GBP 49 today or GBP 60 after 89 days'
130.0567 	EXP 	fixation: autoDraw = True
130.2736 	EXP 	Device response: <KeyPress from None: t=130.02730900002643, value=l, duration=0.23221060005016625>
131.0416 	INFO 	Keyboard events cleared
131.0415 	EXP 	text: autoDraw = True
131.0592 	EXP 	fixation: autoDraw = False
132.3434 	EXP 	Device response: <KeyPress from None: t=132.33397409995086, value=t, duration=None>
132.3437 	EXP 	New trial (rep=9, index=2): <Trial 65 (2 in rep 9) data={'reward_today': np.int64(15), 'future_reward': np.int64(35), 'delay': np.int64(13), 'thisN': 65, 'thisTrialN': 2, 'thisRepN': 9}>
132.3478 	DATA 	Keypress: t
132.3592 	EXP 	fixation: autoDraw = False
132.3592 	EXP 	text: autoDraw = False
132.3592 	EXP 	text: height = np.float64(0.05)
132.3592 	EXP 	text: height = np.float64(0.05)
132.3592 	EXP 	text: height = np.float64(0.05)
132.3592 	EXP 	text: text = 'GBP 15 today or GBP 35 after 13 days'
132.3592 	EXP 	fixation: autoDraw = True
132.5608 	EXP 	Device response: <KeyPress from None: t=132.33397409995086, value=t, duration=0.22370510012842715>
133.3436 	INFO 	Keyboard events cleared
133.3435 	EXP 	text: autoDraw = True
133.3602 	EXP 	fixation: autoDraw = False
133.8440 	EXP 	Device response: <KeyPress from None: t=133.8375192999374, value=l, duration=None>
133.8442 	EXP 	New trial (rep=9, index=3): <Trial 66 (3 in rep 9) data={'reward_today': np.int64(67), 'future_reward': np.int64(75), 'delay': np.int64(119), 'thisN': 66, 'thisTrialN': 3, 'thisRepN': 9}>
133.8485 	DATA 	Keypress: l
133.8602 	EXP 	fixation: autoDraw = False
133.8602 	EXP 	text: autoDraw = False
133.8602 	EXP 	text: height = np.float64(0.05)
133.8602 	EXP 	text: height = np.float64(0.05)
133.8602 	EXP 	text: height = np.float64(0.05)
133.8602 	EXP 	text: text = 'GBP 67 today or GBP 75 after 119 days'
133.8602 	EXP 	fixation: autoDraw = True
134.0125 	EXP 	Device response: <KeyPress from None: t=133.8375192999374, value=l, duration=0.16737859998829663>
134.8466 	INFO 	Keyboard events cleared
134.8465 	EXP 	text: autoDraw = True
134.8640 	EXP 	fixation: autoDraw = False
135.4802 	EXP 	Device response: <KeyPress from None: t=135.47800599993207, value=t, duration=None>
135.4805 	EXP 	New trial (rep=9, index=4): <Trial 67 (4 in rep 9) data={'reward_today': np.int64(27), 'future_reward': np.int64(50), 'delay': np.int64(21), 'thisN': 67, 'thisTrialN': 4, 'thisRepN': 9}>
135.4859 	DATA 	Keypress: t
135.4977 	EXP 	fixation: autoDraw = False
135.4977 	EXP 	text: autoDraw = False
135.4977 	EXP 	text: height = np.float64(0.05)
135.4977 	EXP 	text: height = np.float64(0.05)
135.4977 	EXP 	text: height = np.float64(0.05)
135.4977 	EXP 	text: text = 'GBP 27 today or GBP 50 after 21 days'
135.4977 	EXP 	fixation: autoDraw = True
135.7805 	EXP 	Device response: <KeyPress from None: t=135.47800599993207, value=t, duration=0.2884737001731992>
136.4832 	INFO 	Keyboard events cleared
136.4830 	EXP 	text: autoDraw = True
136.4979 	EXP 	fixation: autoDraw = False
137.5518 	DATA 	Keypress: l
137.5679 	EXP 	Device response: <KeyPress from None: t=137.55093190004118, value=l, duration=None>
137.5683 	EXP 	New trial (rep=9, index=5): <Trial 68 (5 in rep 9) data={'reward_today': np.int64(78), 'future_reward': np.int64(80), 'delay': np.int64(162), 'thisN': 68, 'thisTrialN': 5, 'thisRepN': 9}>
137.5831 	EXP 	fixation: autoDraw = False
137.5831 	EXP 	text: autoDraw = False
137.5831 	EXP 	text: height = np.float64(0.05)
137.5831 	EXP 	text: height = np.float64(0.05)
137.5831 	EXP 	text: height = np.float64(0.05)
137.5831 	EXP 	text: text = 'GBP 78 today or GBP 80 after 162 days'
137.5831 	EXP 	fixation: autoDraw = True
137.7169 	EXP 	Device response: <KeyPress from None: t=137.55093190004118, value=l, duration=0.1655276999808848>
138.5679 	INFO 	Keyboard events cleared
138.5677 	EXP 	text: autoDraw = True
138.5845 	EXP 	fixation: autoDraw = False
139.1857 	EXP 	Device response: <KeyPress from None: t=139.17041080002673, value=t, duration=None>
139.1861 	EXP 	New trial (rep=9, index=6): <Trial 69 (6 in rep 9) data={'reward_today': np.int64(40), 'future_reward': np.int64(55), 'delay': np.int64(62), 'thisN': 69, 'thisTrialN': 6, 'thisRepN': 9}>
139.1914 	DATA 	Keypress: t
139.1994 	EXP 	fixation: autoDraw = False
139.1994 	EXP 	text: autoDraw = False
139.1994 	EXP 	text: height = np.float64(0.05)
139.1994 	EXP 	text: height = np.float64(0.05)
139.1994 	EXP 	text: height = np.float64(0.05)
139.1994 	EXP 	text: text = 'GBP 40 today or GBP 55 after 62 days'
139.1994 	EXP 	fixation: autoDraw = True
139.4360 	EXP 	Device response: <KeyPress from None: t=139.17041080002673, value=t, duration=0.24966209987178445>
140.1864 	INFO 	Keyboard events cleared
140.1863 	EXP 	text: autoDraw = True
140.2032 	EXP 	fixation: autoDraw = False
142.1897 	EXP 	Device response: <KeyPress from None: t=142.18028600001708, value=l, duration=None>
142.1901 	EXP 	New trial (rep=10, index=0): <Trial 70 (0 in rep 10) data={'reward_today': np.int64(15), 'future_reward': np.int64(35), 'delay': np.int64(13), 'thisN': 70, 'thisTrialN': 0, 'thisRepN': 10}>
142.1961 	DATA 	Keypress: l
142.2026 	EXP 	fixation: autoDraw = False
142.2026 	EXP 	text: autoDraw = False
142.2026 	EXP 	text: height = np.float64(0.05)
142.2026 	EXP 	text: height = np.float64(0.05)
142.2026 	EXP 	text: height = np.float64(0.05)
142.2026 	EXP 	text: text = 'GBP 15 today or GBP 35 after 13 days'
142.2026 	EXP 	fixation: autoDraw = True
142.3720 	EXP 	Device response: <KeyPress from None: t=142.18028600001708, value=l, duration=0.18819850008003414>
143.1897 	INFO 	Keyboard events cleared
143.1895 	EXP 	text: autoDraw = True
143.2055 	EXP 	fixation: autoDraw = False
143.9410 	EXP 	Device response: <KeyPress from None: t=143.93335280008614, value=l, duration=None>
143.9414 	EXP 	New trial (rep=10, index=1): <Trial 71 (1 in rep 10) data={'reward_today': np.int64(67), 'future_reward': np.int64(75), 'delay': np.int64(119), 'thisN': 71, 'thisTrialN': 1, 'thisRepN': 10}>
143.9465 	DATA 	Keypress: l
143.9572 	EXP 	fixation: autoDraw = False
143.9572 	EXP 	text: autoDraw = False
143.9572 	EXP 	text: height = np.float64(0.05)
143.9572 	EXP 	text: height = np.float64(0.05)
143.9572 	EXP 	text: height = np.float64(0.05)
143.9572 	EXP 	text: text = 'GBP 67 today or GBP 75 after 119 days'
143.9572 	EXP 	fixation: autoDraw = True
144.1073 	EXP 	Device response: <KeyPress from None: t=143.93335280008614, value=l, duration=0.1725100998301059>
144.9412 	INFO 	Keyboard events cleared
144.9410 	EXP 	text: autoDraw = True
144.9579 	EXP 	fixation: autoDraw = False
145.5101 	DATA 	Keypress: t
145.5266 	EXP 	Device response: <KeyPress from None: t=145.50965770008042, value=t, duration=None>
145.5270 	EXP 	New trial (rep=10, index=2): <Trial 72 (2 in rep 10) data={'reward_today': np.int64(11), 'future_reward': np.int64(30), 'delay': np.int64(7), 'thisN': 72, 'thisTrialN': 2, 'thisRepN': 10}>
145.5399 	EXP 	fixation: autoDraw = False
145.5399 	EXP 	text: autoDraw = False
145.5399 	EXP 	text: height = np.float64(0.05)
145.5399 	EXP 	text: height = np.float64(0.05)
145.5399 	EXP 	text: height = np.float64(0.05)
145.5399 	EXP 	text: text = 'GBP 11 today or GBP 30 after 7 days'
145.5399 	EXP 	fixation: autoDraw = True
145.7403 	EXP 	Device response: <KeyPress from None: t=145.50965770008042, value=t, duration=0.22768909996375442>
146.5269 	INFO 	Keyboard events cleared
146.5268 	EXP 	text: autoDraw = True
146.5434 	EXP 	fixation: autoDraw = False
146.9781 	EXP 	Device response: <KeyPress from None: t=146.97781830001622, value=l, duration=None>
146.9792 	DATA 	Keypress: l
146.9954 	EXP 	New trial (rep=10, index=3): <Trial 73 (3 in rep 10) data={'reward_today': np.int64(27), 'future_reward': np.int64(50), 'delay': np.int64(21), 'thisN': 73, 'thisTrialN': 3, 'thisRepN': 10}>
147.0093 	EXP 	fixation: autoDraw = False
147.0093 	EXP 	text: autoDraw = False
147.0093 	EXP 	text: height = np.float64(0.05)
147.0093 	EXP 	text: height = np.float64(0.05)
147.0093 	EXP 	text: height = np.float64(0.05)
147.0093 	EXP 	text: text = 'GBP 27 today or GBP 50 after 21 days'
147.0093 	EXP 	fixation: autoDraw = True
147.1789 	EXP 	Device response: <KeyPress from None: t=146.97781830001622, value=l, duration=0.18330450006760657>
147.9931 	INFO 	Keyboard events cleared
147.9929 	EXP 	text: autoDraw = True
148.0100 	EXP 	fixation: autoDraw = False
148.6777 	EXP 	Device response: <KeyPress from None: t=148.67376159993, value=l, duration=None>
148.6781 	EXP 	New trial (rep=10, index=4): <Trial 74 (4 in rep 10) data={'reward_today': np.int64(49), 'future_reward': np.int64(60), 'delay': np.int64(89), 'thisN': 74, 'thisTrialN': 4, 'thisRepN': 10}>
148.6839 	DATA 	Keypress: l
148.6935 	EXP 	fixation: autoDraw = False
148.6935 	EXP 	text: autoDraw = False
148.6935 	EXP 	text: height = np.float64(0.05)
148.6935 	EXP 	text: height = np.float64(0.05)
148.6935 	EXP 	text: height = np.float64(0.05)
148.6935 	EXP 	text: text = 'GBP 49 today or GBP 60 after 89 days'
148.6935 	EXP 	fixation: autoDraw = True
148.8283 	EXP 	Device response: <KeyPress from None: t=148.67376159993, value=l, duration=0.13963840017095208>
149.6809 	INFO 	Keyboard events cleared
149.6807 	EXP 	text: autoDraw = True
149.6953 	EXP 	fixation: autoDraw = False
150.6305 	EXP 	Device response: <KeyPress from None: t=150.61876380001195, value=t, duration=None>
150.6309 	EXP 	New trial (rep=10, index=5): <Trial 75 (5 in rep 10) data={'reward_today': np.int64(40), 'future_reward': np.int64(55), 'delay': np.int64(62), 'thisN': 75, 'thisTrialN': 5, 'thisRepN': 10}>
150.6353 	DATA 	Keypress: t
150.6477 	EXP 	fixation: autoDraw = False
150.6477 	EXP 	text: autoDraw = False
150.6477 	EXP 	text: height = np.float64(0.05)
150.6477 	EXP 	text: height = np.float64(0.05)
150.6477 	EXP 	text: height = np.float64(0.05)
150.6477 	EXP 	text: text = 'GBP 40 today or GBP 55 after 62 days'
150.6477 	EXP 	fixation: autoDraw = True
150.8650 	EXP 	Device response: <KeyPress from None: t=150.61876380001195, value=t, duration=0.2451158999465406>
151.6333 	INFO 	Keyboard events cleared
151.6331 	EXP 	text: autoDraw = True
151.6485 	EXP 	fixation: autoDraw = False
152.0174 	EXP 	Device response: <KeyPress from None: t=152.01311310008168, value=l, duration=None>
152.0178 	EXP 	New trial (rep=10, index=6): <Trial 76 (6 in rep 10) data={'reward_today': np.int64(78), 'future_reward': np.int64(80), 'delay': np.int64(162), 'thisN': 76, 'thisTrialN': 6, 'thisRepN': 10}>
152.0227 	DATA 	Keypress: l
152.0302 	EXP 	fixation: autoDraw = False
152.0302 	EXP 	text: autoDraw = False
152.0302 	EXP 	text: height = np.float64(0.05)
152.0302 	EXP 	text: height = np.float64(0.05)
152.0302 	EXP 	text: height = np.float64(0.05)
152.0302 	EXP 	text: text = 'GBP 78 today or GBP 80 after 162 days'
152.0302 	EXP 	fixation: autoDraw = True
152.2000 	EXP 	Device response: <KeyPress from None: t=152.01311310008168, value=l, duration=0.18641199986450374>
153.0338 	INFO 	Keyboard events cleared
153.0336 	EXP 	fixation: autoDraw = False
153.0336 	EXP 	text: autoDraw = True
154.5202 	DATA 	Keypress: t
154.5353 	EXP 	Device response: <KeyPress from None: t=154.5192646998912, value=t, duration=None>
154.5357 	EXP 	New trial (rep=11, index=0): <Trial 77 (0 in rep 11) data={'reward_today': np.int64(78), 'future_reward': np.int64(80), 'delay': np.int64(162), 'thisN': 77, 'thisTrialN': 0, 'thisRepN': 11}>
154.5515 	EXP 	fixation: autoDraw = False
154.5515 	EXP 	text: autoDraw = False
154.5515 	EXP 	text: text = 'GBP 78 today or GBP 80 after 162 days'
154.5515 	EXP 	fixation: autoDraw = True
154.7689 	EXP 	Device response: <KeyPress from None: t=154.5192646998912, value=t, duration=0.2344034002162516>
155.5370 	INFO 	Keyboard events cleared
155.5369 	EXP 	text: autoDraw = True
155.5540 	EXP 	fixation: autoDraw = False
156.0201 	EXP 	Device response: <KeyPress from None: t=156.01290119998157, value=t, duration=None>
156.0205 	EXP 	New trial (rep=11, index=1): <Trial 78 (1 in rep 11) data={'reward_today': np.int64(49), 'future_reward': np.int64(60), 'delay': np.int64(89), 'thisN': 78, 'thisTrialN': 1, 'thisRepN': 11}>
156.0270 	DATA 	Keypress: t
156.0362 	EXP 	fixation: autoDraw = False
156.0362 	EXP 	text: autoDraw = False
156.0362 	EXP 	text: height = np.float64(0.05)
156.0362 	EXP 	text: height = np.float64(0.05)
156.0362 	EXP 	text: height = np.float64(0.05)
156.0362 	EXP 	text: text = 'GBP 49 today or GBP 60 after 89 days'
156.0362 	EXP 	fixation: autoDraw = True
156.2373 	EXP 	Device response: <KeyPress from None: t=156.01290119998157, value=t, duration=0.21771729993633926>
157.0212 	INFO 	Keyboard events cleared
157.0210 	EXP 	text: autoDraw = True
157.0374 	EXP 	fixation: autoDraw = False
159.9081 	EXP 	Device response: <KeyPress from None: t=159.89434819994494, value=t, duration=None>
159.9085 	EXP 	New trial (rep=11, index=2): <Trial 79 (2 in rep 11) data={'reward_today': np.int64(67), 'future_reward': np.int64(75), 'delay': np.int64(119), 'thisN': 79, 'thisTrialN': 2, 'thisRepN': 11}>
159.9140 	DATA 	Keypress: t
159.9249 	EXP 	fixation: autoDraw = False
159.9249 	EXP 	text: autoDraw = False
159.9249 	EXP 	text: height = np.float64(0.05)
159.9249 	EXP 	text: height = np.float64(0.05)
159.9249 	EXP 	text: height = np.float64(0.05)
159.9249 	EXP 	text: text = 'GBP 67 today or GBP 75 after 119 days'
159.9249 	EXP 	fixation: autoDraw = True
160.1408 	EXP 	Device response: <KeyPress from None: t=159.89434819994494, value=t, duration=0.23961660009808838>
160.9090 	INFO 	Keyboard events cleared
160.9088 	EXP 	text: autoDraw = True
160.9261 	EXP 	fixation: autoDraw = False
161.5268 	EXP 	Device response: <KeyPress from None: t=161.51548569998704, value=t, duration=None>
161.5271 	EXP 	New trial (rep=11, index=3): <Trial 80 (3 in rep 11) data={'reward_today': np.int64(27), 'future_reward': np.int64(50), 'delay': np.int64(21), 'thisN': 80, 'thisTrialN': 3, 'thisRepN': 11}>
161.5319 	DATA 	Keypress: t
161.5442 	EXP 	fixation: autoDraw = False
161.5442 	EXP 	text: autoDraw = False
161.5442 	EXP 	text: height = np.float64(0.05)
161.5442 	EXP 	text: height = np.float64(0.05)
161.5442 	EXP 	text: height = np.float64(0.05)
161.5442 	EXP 	text: text = 'GBP 27 today or GBP 50 after 21 days'
161.5442 	EXP 	fixation: autoDraw = True
161.9603 	EXP 	Device response: <KeyPress from None: t=161.51548569998704, value=t, duration=0.4438763000071049>
162.5291 	INFO 	Keyboard events cleared
162.5290 	EXP 	text: autoDraw = True
162.5436 	EXP 	fixation: autoDraw = False
163.5274 	EXP 	Device response: <KeyPress from None: t=163.51348210009746, value=l, duration=None>
163.5277 	EXP 	New trial (rep=11, index=4): <Trial 81 (4 in rep 11) data={'reward_today': np.int64(15), 'future_reward': np.int64(35), 'delay': np.int64(13), 'thisN': 81, 'thisTrialN': 4, 'thisRepN': 11}>
163.5318 	DATA 	Keypress: l
163.5444 	EXP 	fixation: autoDraw = False
163.5444 	EXP 	text: autoDraw = False
163.5444 	EXP 	text: height = np.float64(0.05)
163.5444 	EXP 	text: height = np.float64(0.05)
163.5444 	EXP 	text: height = np.float64(0.05)
163.5444 	EXP 	text: text = 'GBP 15 today or GBP 35 after 13 days'
163.5444 	EXP 	fixation: autoDraw = True
163.7286 	EXP 	Device response: <KeyPress from None: t=163.51348210009746, value=l, duration=0.205236200010404>
164.5305 	INFO 	Keyboard events cleared
164.5303 	EXP 	text: autoDraw = True
164.5453 	EXP 	fixation: autoDraw = False
165.1137 	EXP 	Device response: <KeyPress from None: t=165.11326309992, value=l, duration=None>
165.1141 	EXP 	New trial (rep=11, index=5): <Trial 82 (5 in rep 11) data={'reward_today': np.int64(40), 'future_reward': np.int64(55), 'delay': np.int64(62), 'thisN': 82, 'thisTrialN': 5, 'thisRepN': 11}>
165.1191 	DATA 	Keypress: l
165.1293 	EXP 	fixation: autoDraw = False
165.1293 	EXP 	text: autoDraw = False
165.1293 	EXP 	text: height = np.float64(0.05)
165.1293 	EXP 	text: height = np.float64(0.05)
165.1293 	EXP 	text: height = np.float64(0.05)
165.1293 	EXP 	text: text = 'GBP 40 today or GBP 55 after 62 days'
165.1293 	EXP 	fixation: autoDraw = True
165.2808 	EXP 	Device response: <KeyPress from None: t=165.11326309992, value=l, duration=0.16266610007733107>
166.1150 	INFO 	Keyboard events cleared
166.1148 	EXP 	text: autoDraw = True
166.1313 	EXP 	fixation: autoDraw = False
168.2334 	EXP 	Device response: <KeyPress from None: t=168.22200209996663, value=l, duration=None>
168.2337 	EXP 	New trial (rep=11, index=6): <Trial 83 (6 in rep 11) data={'reward_today': np.int64(11), 'future_reward': np.int64(30), 'delay': np.int64(7), 'thisN': 83, 'thisTrialN': 6, 'thisRepN': 11}>
168.2379 	DATA 	Keypress: l
168.2501 	EXP 	fixation: autoDraw = False
168.2501 	EXP 	text: autoDraw = False
168.2501 	EXP 	text: height = np.float64(0.05)
168.2501 	EXP 	text: height = np.float64(0.05)
168.2501 	EXP 	text: height = np.float64(0.05)
168.2501 	EXP 	text: text = 'GBP 11 today or GBP 30 after 7 days'
168.2501 	EXP 	fixation: autoDraw = True
168.4511 	EXP 	Device response: <KeyPress from None: t=168.22200209996663, value=l, duration=0.21256830007769167>
169.2348 	INFO 	Keyboard events cleared
169.2346 	EXP 	text: autoDraw = True
169.2517 	EXP 	fixation: autoDraw = False
169.8703 	EXP 	Device response: <KeyPress from None: t=169.85897650010884, value=l, duration=None>
169.8706 	EXP 	New trial (rep=12, index=0): <Trial 84 (0 in rep 12) data={'reward_today': np.int64(49), 'future_reward': np.int64(60), 'delay': np.int64(89), 'thisN': 84, 'thisTrialN': 0, 'thisRepN': 12}>
169.8771 	DATA 	Keypress: l
169.8832 	EXP 	fixation: autoDraw = False
169.8832 	EXP 	text: autoDraw = False
169.8832 	EXP 	text: height = np.float64(0.05)
169.8832 	EXP 	text: height = np.float64(0.05)
169.8832 	EXP 	text: height = np.float64(0.05)
169.8832 	EXP 	text: text = 'GBP 49 today or GBP 60 after 89 days'
169.8832 	EXP 	fixation: autoDraw = True
170.0180 	EXP 	Device response: <KeyPress from None: t=169.85897650010884, value=l, duration=0.15434689982794225>
170.8707 	INFO 	Keyboard events cleared
170.8705 	EXP 	text: autoDraw = True
170.8861 	EXP 	fixation: autoDraw = False
173.0390 	EXP 	Device response: <KeyPress from None: t=173.02993680001236, value=t, duration=None>
173.0393 	EXP 	New trial (rep=12, index=1): <Trial 85 (1 in rep 12) data={'reward_today': np.int64(67), 'future_reward': np.int64(75), 'delay': np.int64(119), 'thisN': 85, 'thisTrialN': 1, 'thisRepN': 12}>
173.0445 	DATA 	Keypress: t
173.0541 	EXP 	fixation: autoDraw = False
173.0541 	EXP 	text: autoDraw = False
173.0541 	EXP 	text: height = np.float64(0.05)
173.0541 	EXP 	text: height = np.float64(0.05)
173.0541 	EXP 	text: height = np.float64(0.05)
173.0541 	EXP 	text: text = 'GBP 67 today or GBP 75 after 119 days'
173.0541 	EXP 	fixation: autoDraw = True
173.2741 	EXP 	Device response: <KeyPress from None: t=173.02993680001236, value=t, duration=0.24009309988468885>
174.0403 	INFO 	Keyboard events cleared
174.0402 	EXP 	text: autoDraw = True
174.0544 	EXP 	fixation: autoDraw = False
174.9922 	DATA 	Keypress: t
175.0071 	EXP 	Device response: <KeyPress from None: t=174.9910635999404, value=t, duration=None>
175.0074 	EXP 	New trial (rep=12, index=2): <Trial 86 (2 in rep 12) data={'reward_today': np.int64(11), 'future_reward': np.int64(30), 'delay': np.int64(7), 'thisN': 86, 'thisTrialN': 2, 'thisRepN': 12}>
175.0236 	EXP 	fixation: autoDraw = False
175.0236 	EXP 	text: autoDraw = False
175.0236 	EXP 	text: height = np.float64(0.05)
175.0236 	EXP 	text: height = np.float64(0.05)
175.0236 	EXP 	text: height = np.float64(0.05)
175.0236 	EXP 	text: text = 'GBP 11 today or GBP 30 after 7 days'
175.0236 	EXP 	fixation: autoDraw = True
175.2584 	EXP 	Device response: <KeyPress from None: t=174.9910635999404, value=t, duration=0.2546501001343131>
176.0083 	INFO 	Keyboard events cleared
176.0080 	EXP 	text: autoDraw = True
176.0247 	EXP 	fixation: autoDraw = False
176.5930 	EXP 	Device response: <KeyPress from None: t=176.58080530003645, value=l, duration=None>
176.5933 	EXP 	New trial (rep=12, index=3): <Trial 87 (3 in rep 12) data={'reward_today': np.int64(15), 'future_reward': np.int64(35), 'delay': np.int64(13), 'thisN': 87, 'thisTrialN': 3, 'thisRepN': 12}>
176.5975 	DATA 	Keypress: l
176.6098 	EXP 	fixation: autoDraw = False
176.6098 	EXP 	text: autoDraw = False
176.6098 	EXP 	text: height = np.float64(0.05)
176.6098 	EXP 	text: height = np.float64(0.05)
176.6098 	EXP 	text: height = np.float64(0.05)
176.6098 	EXP 	text: text = 'GBP 15 today or GBP 35 after 13 days'
176.6098 	EXP 	fixation: autoDraw = True
176.7446 	EXP 	Device response: <KeyPress from None: t=176.58080530003645, value=l, duration=0.1524034000467509>
177.5936 	INFO 	Keyboard events cleared
177.5934 	EXP 	text: autoDraw = True
177.6104 	EXP 	fixation: autoDraw = False
178.0275 	EXP 	Device response: <KeyPress from None: t=178.0251331999898, value=l, duration=None>
178.0279 	EXP 	New trial (rep=12, index=4): <Trial 88 (4 in rep 12) data={'reward_today': np.int64(40), 'future_reward': np.int64(55), 'delay': np.int64(62), 'thisN': 88, 'thisTrialN': 4, 'thisRepN': 12}>
178.0340 	DATA 	Keypress: l
178.0421 	EXP 	fixation: autoDraw = False
178.0421 	EXP 	text: autoDraw = False
178.0421 	EXP 	text: height = np.float64(0.05)
178.0421 	EXP 	text: height = np.float64(0.05)
178.0421 	EXP 	text: height = np.float64(0.05)
178.0421 	EXP 	text: text = 'GBP 40 today or GBP 55 after 62 days'
178.0421 	EXP 	fixation: autoDraw = True
178.2110 	EXP 	Device response: <KeyPress from None: t=178.0251331999898, value=l, duration=0.17950959992595017>
179.0266 	INFO 	Keyboard events cleared
179.0266 	EXP 	text: autoDraw = True
179.0435 	EXP 	fixation: autoDraw = False
179.8472 	EXP 	Device response: <KeyPress from None: t=179.84227559994906, value=l, duration=None>
179.8476 	EXP 	New trial (rep=12, index=5): <Trial 89 (5 in rep 12) data={'reward_today': np.int64(27), 'future_reward': np.int64(50), 'delay': np.int64(21), 'thisN': 89, 'thisTrialN': 5, 'thisRepN': 12}>
179.8528 	DATA 	Keypress: l
179.8606 	EXP 	fixation: autoDraw = False
179.8606 	EXP 	text: autoDraw = False
179.8606 	EXP 	text: height = np.float64(0.05)
179.8606 	EXP 	text: height = np.float64(0.05)
179.8606 	EXP 	text: height = np.float64(0.05)
179.8606 	EXP 	text: text = 'GBP 27 today or GBP 50 after 21 days'
179.8606 	EXP 	fixation: autoDraw = True
180.0457 	EXP 	Device response: <KeyPress from None: t=179.84227559994906, value=l, duration=0.19579500006511807>
180.8485 	INFO 	Keyboard events cleared
180.8484 	EXP 	text: autoDraw = True
180.8638 	EXP 	fixation: autoDraw = False
181.6150 	EXP 	Device response: <KeyPress from None: t=181.61430780007504, value=l, duration=None>
181.6153 	EXP 	New trial (rep=12, index=6): <Trial 90 (6 in rep 12) data={'reward_today': np.int64(78), 'future_reward': np.int64(80), 'delay': np.int64(162), 'thisN': 90, 'thisTrialN': 6, 'thisRepN': 12}>
181.6209 	DATA 	Keypress: l
181.6307 	EXP 	fixation: autoDraw = False
181.6307 	EXP 	text: autoDraw = False
181.6307 	EXP 	text: height = np.float64(0.05)
181.6307 	EXP 	text: height = np.float64(0.05)
181.6307 	EXP 	text: height = np.float64(0.05)
181.6307 	EXP 	text: text = 'GBP 78 today or GBP 80 after 162 days'
181.6307 	EXP 	fixation: autoDraw = True
181.8156 	EXP 	Device response: <KeyPress from None: t=181.61430780007504, value=l, duration=0.19359879987314343>
182.6158 	INFO 	Keyboard events cleared
182.6156 	EXP 	text: autoDraw = True
182.6317 	EXP 	fixation: autoDraw = False
183.1506 	EXP 	Device response: <KeyPress from None: t=183.14966270001605, value=t, duration=None>
183.1510 	EXP 	New trial (rep=13, index=0): <Trial 91 (0 in rep 13) data={'reward_today': np.int64(15), 'future_reward': np.int64(35), 'delay': np.int64(13), 'thisN': 91, 'thisTrialN': 0, 'thisRepN': 13}>
183.1552 	DATA 	Keypress: t
183.1671 	EXP 	fixation: autoDraw = False
183.1671 	EXP 	text: autoDraw = False
183.1671 	EXP 	text: height = np.float64(0.05)
183.1671 	EXP 	text: height = np.float64(0.05)
183.1671 	EXP 	text: height = np.float64(0.05)
183.1671 	EXP 	text: text = 'GBP 15 today or GBP 35 after 13 days'
183.1671 	EXP 	fixation: autoDraw = True
183.3984 	EXP 	Device response: <KeyPress from None: t=183.14966270001605, value=t, duration=0.23462680005468428>
184.1691 	INFO 	Keyboard events cleared
184.1689 	EXP 	fixation: autoDraw = False
184.1689 	EXP 	text: autoDraw = True
184.8502 	EXP 	Device response: <KeyPress from None: t=184.84692990011536, value=l, duration=None>
184.8505 	EXP 	New trial (rep=13, index=1): <Trial 92 (1 in rep 13) data={'reward_today': np.int64(78), 'future_reward': np.int64(80), 'delay': np.int64(162), 'thisN': 92, 'thisTrialN': 1, 'thisRepN': 13}>
184.8561 	DATA 	Keypress: l
184.8663 	EXP 	fixation: autoDraw = False
184.8663 	EXP 	text: autoDraw = False
184.8663 	EXP 	text: height = np.float64(0.05)
184.8663 	EXP 	text: height = np.float64(0.05)
184.8663 	EXP 	text: height = np.float64(0.05)
184.8663 	EXP 	text: text = 'GBP 78 today or GBP 80 after 162 days'
184.8663 	EXP 	fixation: autoDraw = True
185.0686 	EXP 	Device response: <KeyPress from None: t=184.84692990011536, value=l, duration=0.2087075999006629>
185.8539 	INFO 	Keyboard events cleared
185.8537 	EXP 	text: autoDraw = True
185.8693 	EXP 	fixation: autoDraw = False
186.5182 	EXP 	Device response: <KeyPress from None: t=186.5094039000105, value=t, duration=None>
186.5185 	EXP 	New trial (rep=13, index=2): <Trial 93 (2 in rep 13) data={'reward_today': np.int64(40), 'future_reward': np.int64(55), 'delay': np.int64(62), 'thisN': 93, 'thisTrialN': 2, 'thisRepN': 13}>
186.5235 	DATA 	Keypress: t
186.5353 	EXP 	fixation: autoDraw = False
186.5353 	EXP 	text: autoDraw = False
186.5353 	EXP 	text: height = np.float64(0.05)
186.5353 	EXP 	text: height = np.float64(0.05)
186.5353 	EXP 	text: height = np.float64(0.05)
186.5353 	EXP 	text: text = 'GBP 40 today or GBP 55 after 62 days'
186.5353 	EXP 	fixation: autoDraw = True
186.7681 	EXP 	Device response: <KeyPress from None: t=186.5094039000105, value=t, duration=0.24924999987706542>
187.5212 	INFO 	Keyboard events cleared
187.5211 	EXP 	text: autoDraw = True
187.5380 	EXP 	fixation: autoDraw = False
188.6223 	EXP 	Device response: <KeyPress from None: t=188.6072011999786, value=t, duration=None>
188.6226 	EXP 	New trial (rep=13, index=3): <Trial 94 (3 in rep 13) data={'reward_today': np.int64(67), 'future_reward': np.int64(75), 'delay': np.int64(119), 'thisN': 94, 'thisTrialN': 3, 'thisRepN': 13}>
188.6289 	DATA 	Keypress: t
188.6377 	EXP 	fixation: autoDraw = False
188.6377 	EXP 	text: autoDraw = False
188.6377 	EXP 	text: height = np.float64(0.05)
188.6377 	EXP 	text: height = np.float64(0.05)
188.6377 	EXP 	text: height = np.float64(0.05)
188.6377 	EXP 	text: text = 'GBP 67 today or GBP 75 after 119 days'
188.6377 	EXP 	fixation: autoDraw = True
188.8559 	EXP 	Device response: <KeyPress from None: t=188.6072011999786, value=t, duration=0.23672779998742044>
189.6240 	INFO 	Keyboard events cleared
189.6238 	EXP 	text: autoDraw = True
189.6399 	EXP 	fixation: autoDraw = False
190.9239 	EXP 	Device response: <KeyPress from None: t=190.91620550001971, value=t, duration=None>
190.9242 	EXP 	New trial (rep=13, index=4): <Trial 95 (4 in rep 13) data={'reward_today': np.int64(27), 'future_reward': np.int64(50), 'delay': np.int64(21), 'thisN': 95, 'thisTrialN': 4, 'thisRepN': 13}>
190.9282 	DATA 	Keypress: t
190.9404 	EXP 	fixation: autoDraw = False
190.9404 	EXP 	text: autoDraw = False
190.9404 	EXP 	text: height = np.float64(0.05)
190.9404 	EXP 	text: height = np.float64(0.05)
190.9404 	EXP 	text: height = np.float64(0.05)
190.9404 	EXP 	text: text = 'GBP 27 today or GBP 50 after 21 days'
190.9404 	EXP 	fixation: autoDraw = True
191.1754 	EXP 	Device response: <KeyPress from None: t=190.91620550001971, value=t, duration=0.258800599956885>
191.9263 	INFO 	Keyboard events cleared
191.9262 	EXP 	text: autoDraw = True
191.9432 	EXP 	fixation: autoDraw = False
192.6605 	EXP 	Device response: <KeyPress from None: t=192.65520310006104, value=l, duration=None>
192.6609 	EXP 	New trial (rep=13, index=5): <Trial 96 (5 in rep 13) data={'reward_today': np.int64(11), 'future_reward': np.int64(30), 'delay': np.int64(7), 'thisN': 96, 'thisTrialN': 5, 'thisRepN': 13}>
192.6657 	DATA 	Keypress: l
192.6771 	EXP 	fixation: autoDraw = False
192.6771 	EXP 	text: autoDraw = False
192.6771 	EXP 	text: height = np.float64(0.05)
192.6771 	EXP 	text: height = np.float64(0.05)
192.6771 	EXP 	text: height = np.float64(0.05)
192.6771 	EXP 	text: text = 'GBP 11 today or GBP 30 after 7 days'
192.6771 	EXP 	fixation: autoDraw = True
192.8267 	EXP 	Device response: <KeyPress from None: t=192.65520310006104, value=l, duration=0.1626436000224203>
193.6600 	INFO 	Keyboard events cleared
193.6598 	EXP 	text: autoDraw = True
193.6763 	EXP 	fixation: autoDraw = False
196.5997 	EXP 	Device response: <KeyPress from None: t=196.59245099988766, value=l, duration=None>
196.6000 	EXP 	New trial (rep=13, index=6): <Trial 97 (6 in rep 13) data={'reward_today': np.int64(49), 'future_reward': np.int64(60), 'delay': np.int64(89), 'thisN': 97, 'thisTrialN': 6, 'thisRepN': 13}>
196.6047 	DATA 	Keypress: l
196.6130 	EXP 	fixation: autoDraw = False
196.6130 	EXP 	text: autoDraw = False
196.6130 	EXP 	text: height = np.float64(0.05)
196.6130 	EXP 	text: height = np.float64(0.05)
196.6130 	EXP 	text: height = np.float64(0.05)
196.6130 	EXP 	text: text = 'GBP 49 today or GBP 60 after 89 days'
196.6130 	EXP 	fixation: autoDraw = True
196.8143 	EXP 	Device response: <KeyPress from None: t=196.59245099988766, value=l, duration=0.2083388001192361>
197.6171 	INFO 	Keyboard events cleared
197.6169 	EXP 	fixation: autoDraw = False
197.6169 	EXP 	text: autoDraw = True
198.6828 	EXP 	Device response: <KeyPress from None: t=198.6785869000014, value=t, duration=None>
198.6832 	EXP 	New trial (rep=14, index=0): <Trial 98 (0 in rep 14) data={'reward_today': np.int64(67), 'future_reward': np.int64(75), 'delay': np.int64(119), 'thisN': 98, 'thisTrialN': 0, 'thisRepN': 14}>
198.6881 	DATA 	Keypress: t
198.6984 	EXP 	fixation: autoDraw = False
198.6984 	EXP 	text: autoDraw = False
198.6984 	EXP 	text: height = np.float64(0.05)
198.6984 	EXP 	text: height = np.float64(0.05)
198.6984 	EXP 	text: height = np.float64(0.05)
198.6984 	EXP 	text: text = 'GBP 67 today or GBP 75 after 119 days'
198.6984 	EXP 	fixation: autoDraw = True
199.0323 	EXP 	Device response: <KeyPress from None: t=198.6785869000014, value=t, duration=0.3532521999441087>
199.6852 	INFO 	Keyboard events cleared
199.6850 	EXP 	text: autoDraw = True
199.7012 	EXP 	fixation: autoDraw = False
201.0703 	EXP 	Device response: <KeyPress from None: t=201.0609077999834, value=t, duration=None>
201.0707 	EXP 	New trial (rep=14, index=1): <Trial 99 (1 in rep 14) data={'reward_today': np.int64(27), 'future_reward': np.int64(50), 'delay': np.int64(21), 'thisN': 99, 'thisTrialN': 1, 'thisRepN': 14}>
201.0754 	DATA 	Keypress: t
201.0840 	EXP 	fixation: autoDraw = False
201.0840 	EXP 	text: autoDraw = False
201.0840 	EXP 	text: height = np.float64(0.05)
201.0840 	EXP 	text: height = np.float64(0.05)
201.0840 	EXP 	text: height = np.float64(0.05)
201.0840 	EXP 	text: text = 'GBP 27 today or GBP 50 after 21 days'
201.0840 	EXP 	fixation: autoDraw = True
201.2864 	EXP 	Device response: <KeyPress from None: t=201.0609077999834, value=t, duration=0.2239040001295507>
202.0713 	INFO 	Keyboard events cleared
202.0711 	EXP 	text: autoDraw = True
202.0881 	EXP 	fixation: autoDraw = False
204.9895 	EXP 	Device response: <KeyPress from None: t=204.97696079988964, value=l, duration=None>
204.9898 	EXP 	New trial (rep=14, index=2): <Trial 100 (2 in rep 14) data={'reward_today': np.int64(15), 'future_reward': np.int64(35), 'delay': np.int64(13), 'thisN': 100, 'thisTrialN': 2, 'thisRepN': 14}>
204.9954 	DATA 	Keypress: l
205.0052 	EXP 	fixation: autoDraw = False
205.0052 	EXP 	text: autoDraw = False
205.0052 	EXP 	text: height = np.float64(0.05)
205.0052 	EXP 	text: height = np.float64(0.05)
205.0052 	EXP 	text: height = np.float64(0.05)
205.0052 	EXP 	text: text = 'GBP 15 today or GBP 35 after 13 days'
205.0052 	EXP 	fixation: autoDraw = True
205.1727 	EXP 	Device response: <KeyPress from None: t=204.97696079988964, value=l, duration=0.18515940010547638>
205.9900 	INFO 	Keyboard events cleared
205.9899 	EXP 	text: autoDraw = True
206.0065 	EXP 	fixation: autoDraw = False
206.7580 	EXP 	Device response: <KeyPress from None: t=206.75185670005158, value=l, duration=None>
206.7583 	EXP 	New trial (rep=14, index=3): <Trial 101 (3 in rep 14) data={'reward_today': np.int64(40), 'future_reward': np.int64(55), 'delay': np.int64(62), 'thisN': 101, 'thisTrialN': 3, 'thisRepN': 14}>
206.7624 	DATA 	Keypress: l
206.7744 	EXP 	fixation: autoDraw = False
206.7744 	EXP 	text: autoDraw = False
206.7744 	EXP 	text: height = np.float64(0.05)
206.7744 	EXP 	text: height = np.float64(0.05)
206.7744 	EXP 	text: height = np.float64(0.05)
206.7744 	EXP 	text: text = 'GBP 40 today or GBP 55 after 62 days'
206.7744 	EXP 	fixation: autoDraw = True
206.9409 	EXP 	Device response: <KeyPress from None: t=206.75185670005158, value=l, duration=0.17692280001938343>
207.7587 	INFO 	Keyboard events cleared
207.7586 	EXP 	text: autoDraw = True
207.7767 	EXP 	fixation: autoDraw = False
208.6597 	EXP 	Device response: <KeyPress from None: t=208.65731239994057, value=l, duration=None>
208.6600 	EXP 	New trial (rep=14, index=4): <Trial 102 (4 in rep 14) data={'reward_today': np.int64(78), 'future_reward': np.int64(80), 'delay': np.int64(162), 'thisN': 102, 'thisTrialN': 4, 'thisRepN': 14}>
208.6643 	DATA 	Keypress: l
208.6761 	EXP 	fixation: autoDraw = False
208.6761 	EXP 	text: autoDraw = False
208.6761 	EXP 	text: height = np.float64(0.05)
208.6761 	EXP 	text: height = np.float64(0.05)
208.6761 	EXP 	text: height = np.float64(0.05)
208.6761 	EXP 	text: text = 'GBP 78 today or GBP 80 after 162 days'
208.6761 	EXP 	fixation: autoDraw = True
208.8460 	EXP 	Device response: <KeyPress from None: t=208.65731239994057, value=l, duration=0.1881628001574427>
209.6628 	INFO 	Keyboard events cleared
209.6626 	EXP 	text: autoDraw = True
209.6797 	EXP 	fixation: autoDraw = False
210.3784 	EXP 	Device response: <KeyPress from None: t=210.37717389990576, value=t, duration=None>
210.3788 	EXP 	New trial (rep=14, index=5): <Trial 103 (5 in rep 14) data={'reward_today': np.int64(49), 'future_reward': np.int64(60), 'delay': np.int64(89), 'thisN': 103, 'thisTrialN': 5, 'thisRepN': 14}>
210.3851 	DATA 	Keypress: t
210.3952 	EXP 	fixation: autoDraw = False
210.3952 	EXP 	text: autoDraw = False
210.3952 	EXP 	text: height = np.float64(0.05)
210.3952 	EXP 	text: height = np.float64(0.05)
210.3952 	EXP 	text: height = np.float64(0.05)
210.3952 	EXP 	text: text = 'GBP 49 today or GBP 60 after 89 days'
210.3952 	EXP 	fixation: autoDraw = True
210.6290 	EXP 	Device response: <KeyPress from None: t=210.37717389990576, value=t, duration=0.2357296000700444>
211.3808 	INFO 	Keyboard events cleared
211.3807 	EXP 	text: autoDraw = True
211.3974 	EXP 	fixation: autoDraw = False
211.9812 	EXP 	Device response: <KeyPress from None: t=211.97763379989192, value=t, duration=None>
211.9815 	EXP 	New trial (rep=14, index=6): <Trial 104 (6 in rep 14) data={'reward_today': np.int64(11), 'future_reward': np.int64(30), 'delay': np.int64(7), 'thisN': 104, 'thisTrialN': 6, 'thisRepN': 14}>
211.9864 	DATA 	Keypress: t
211.9963 	EXP 	fixation: autoDraw = False
211.9963 	EXP 	text: autoDraw = False
211.9963 	EXP 	text: height = np.float64(0.05)
211.9963 	EXP 	text: height = np.float64(0.05)
211.9963 	EXP 	text: height = np.float64(0.05)
211.9963 	EXP 	text: text = 'GBP 11 today or GBP 30 after 7 days'
211.9963 	EXP 	fixation: autoDraw = True
212.1998 	EXP 	Device response: <KeyPress from None: t=211.97763379989192, value=t, duration=0.2046707000117749>
212.9816 	INFO 	Keyboard events cleared
212.9814 	EXP 	text: autoDraw = True
212.9997 	EXP 	fixation: autoDraw = False
213.5487 	EXP 	Device response: <KeyPress from None: t=213.5411422001198, value=l, duration=None>
213.5498 	DATA 	Keypress: l
213.5647 	EXP 	fixation: autoDraw = False
213.5647 	EXP 	text: autoDraw = False
213.5648 	EXP 	untitled: status = STOPPED
213.5990 	INFO 	saved data to 'C:\\Users\\nupur\\OneDrive\\Desktop\\LAB IN PSY\\PSY lab tutorial 6- Delayed discounting\\data\\Subject 03_untitled_2025-11-07_15h47.04.041.csv'
213.6037 	INFO 	saved data to C:\Users\nupur\OneDrive\Desktop\LAB IN PSY\PSY lab tutorial 6- Delayed discounting\data\Subject 03_untitled_2025-11-07_15h47.04.041.psydat
214.2701 	WARNING 	Stopping key buffers but this could be dangerous ifother keyboards rely on the same.
214.2747 	WARNING 	Stopping key buffers but this could be dangerous ifother keyboards rely on the same.
